01:11:05	Arty	xD
01:11:27	Arty	the special bar is a bit off &gt;.&lt; i fixed that
01:13:31	Gedo!	i hate it already
01:13:32	Gedo!	o.o
01:13:35	Gedo!	omfg u have this as
01:13:37	Gedo!	salavtion
01:13:41	Gedo!	tht shit od gay
01:13:44	Arty	have wat?
01:13:51	Gedo!	the skill bar
01:13:56	Gedo!	they have same shit it soo gay
01:14:02	Arty	not really
01:14:14	Arty	it fits perfectly with screen and its usful
01:14:21	Gedo!	soo wht purpose ber in her?
01:14:25	Gedo!	i dnt see anything new o.o
01:14:28	Arty	rofl
01:14:29	Gedo!	just u moving stuff around o.o
01:14:32	Arty	new interface
01:14:35	Arty	13 macros
01:14:49	Gedo!	noo new clans no new jutsus no new nothingg
01:14:52	Gedo!	u liee to meee
01:14:55	Arty	i have new jutsu
01:14:58	Gedo!	wheree o.o
01:15:01	Arty	coded in all elements
01:15:05	Arty	and space time
01:15:09	Arty	i add them to tree last
01:15:17	Gedo!	where i dnt see it
01:15:18	Arty	no point in adding them first
01:15:26	Arty	i said i add them to skill tree last
01:15:29	Gedo!	ohh
01:15:32	Gedo!	o.o
01:15:40	Gedo!	soo wht r u doing now withi t
01:15:42	Arty	i also have skill description like originals
01:15:52	Arty	only coded in for elements
01:16:17	Gedo!	eww we all know wtf jutsu does those
01:16:28	Arty	ehh? O.o
01:16:39	Gedo!	we all know wtf thre jutsu does
01:16:41	Gedo!	lol
01:16:43	Gedo!	:D
01:16:49	Arty	damage?
01:16:51	Arty	new jutsu
01:16:55	Arty	cd
01:16:58	Arty	its diff on ever game
01:17:09	Gedo!	o.o kk
01:17:11	Gedo!	sooooooooooooo
01:17:16	Gedo!	i gotta peeeeeeeeeeeeeeeeeeeeeeeeeeeeeeeeeeeeeeeeeeeeeeeeeeeeeeeeeeeeee
01:17:17	Gedo!	o.o
01:17:18	Gedo!	lol
01:17:19	Gedo!	:D
01:17:20	Arty	kk
01:17:23	Gedo!	soo wht r u adding now
01:17:27	Arty	i also have a totally new map
01:17:40	Arty	im adding a new fershly coded danzo clan
01:17:43	Gedo!	eww
01:17:48	Gedo!	new map
01:17:49	Gedo!	o.o
01:17:51	Arty	mhm
01:17:52	Gedo!	sound cool
01:17:54	Gedo!	danzo ewwww
01:18:06	Arty	danzo is good
01:18:17	Arty	u can be an eye collector or a proper uchiha
01:18:28	Gedo!	kk
01:18:29	Gedo!	me leaving
01:18:31	Gedo!	byeeeeeeeeeeeeeeee
01:18:33	Gedo!	o.o
01:18:39	Gedo!	wait
01:18:44	Gedo!	r u doing this all by your self
01:19:10	Arty	ye
01:19:13	Gedo!	pss
01:19:15	Gedo!	u didnt put
01:19:18	Gedo!	a despricton
01:19:20	Gedo!	thigny on rb
01:19:24	Arty	i know
01:19:26	Gedo!	or poison
01:19:27	Gedo!	lo k
01:19:29	Arty	i only coded for elements
01:19:35	Arty	shit takes long to code
01:19:37	Gedo!	medic count!
01:19:49	Arty	generally i do the easy shit last
01:20:02	Gedo!	does clones do jutsu!
01:20:23	Gedo!	wtf
01:20:25	Gedo!	r u doing
01:20:26	Gedo!	lol
01:20:31	Gedo!	o.o
01:20:39	Gedo!	1
01:20:41	Gedo!	ight tht rlly op
01:20:44	Arty	lol ima die soon
01:20:46	Gedo!	i like how it was before lol
01:20:50	Gedo!	tht rllllllllllly op
01:20:53	Arty	not really im alsmot dead O.o
01:20:55	Gedo!	ight im out
01:20:57	Gedo!	byeeeeeeeeeeeeeeeee
01:20:58	Gedo!	so am i
01:20:59	Gedo!	LOL
01:21:00	Gedo!	:D
01:22:43	Arty	!
01:24:17	Arty	u here O.o
17:06:34	Arty	O.o
17:08:08	Uchiha Sunaki	the fuck
17:08:15	Arty	lol
17:08:19	Uchiha Sunaki	OP
17:08:20	Arty	u like it? O.o
17:08:25	Uchiha Sunaki	FUCK YES
17:08:30	Arty	thx ^.^
17:08:42	Arty	i have auto tourny mode added as well 
17:08:42	Uchiha Sunaki	WAIT
17:08:49	Uchiha Sunaki	what is special?
17:08:55	Uchiha Sunaki	detail stats
17:08:59	Uchiha Sunaki	i see 0/100
17:09:22	Uchiha Krypt	We can give positive critiscism? ;o?
17:09:34	Arty	kk
17:09:37	Arty	ye
17:09:40	Uchiha Sunaki	lolzz
17:09:44	Arty	special bar is the new balance system
17:09:51	Arty	every jutsu has a special cost
17:09:57	Arty	more op = more special
17:10:03	Uchiha Sunaki	special cost O.o
17:10:07	Uchiha Sunaki	wait what am confused XD
17:10:08	Arty	u gotta charge it by pressing G or the tab
17:10:17	Uchiha Krypt	Fucking nice.
17:10:24	Arty	thx xD
17:10:29	Uchiha Sunaki	rhew fuck
17:10:31	Arty	prevent people from spamming op jutsu
17:10:33	Uchiha Sunaki	what it do
17:10:39	Arty	u need it to use jutsu
17:10:58	Uchiha Sunaki	then what?
17:10:59	Arty	wanna see some new jutsu
17:11:01	Arty	well
17:11:05	Uchiha Krypt	Yosh
17:11:10	Arty	everytime u use jutsu some of that is used up
17:11:26	Arty	if u dont have enough of it u cant use that jutus
17:11:36	Arty	and u gotta charge it again = leaving u wide open for attack
17:12:07	Arty	seen my new map? :P
17:12:23	Uchiha Krypt	yep, I like it ;3
17:12:30	Arty	thnx xD
17:12:35	Uchiha Krypt	Fresh
17:12:36	Uchiha Sunaki	love it &gt;=o
17:12:40	Arty	thx xD
17:12:42	Arty	o ye
17:12:47	Arty	u know goa has skill descriptions
17:12:51	Arty	i fixed it for my game
17:12:54	Uchiha Sunaki	IK
17:12:57	Uchiha Sunaki	op XD
17:13:06	Arty	i only coded it for elements so far xD
17:13:09	Uchiha Krypt	Thank god Q_Q that shit was getting annoying, never knew what i was getting.
17:13:17	Uchiha Sunaki	ikr
17:13:23	Arty	rofl
17:13:24	Arty	xD
17:13:31	Arty	wanna see the new elemtn jutsu?
17:13:40	Uchiha Krypt	ofc
17:13:43	Arty	i have coded in new element jutsu
17:13:43	Uchiha Sunaki	yess
17:13:49	Arty	but i aint added to tree yet
17:13:51	Arty	o ye
17:13:55	Uchiha Sunaki	waitt
17:13:57	Arty	space time clan as well ^.^
17:14:18	Arty	wanna see new gates? and gate icons O.O
17:14:30	Uchiha Sunaki	i wanna see everything XD
17:14:34	Arty	kk
17:14:35	Uchiha Krypt	^
17:14:45	Uchiha Krypt	o.o
17:14:53	Uchiha Sunaki	waitt
17:14:55	Arty	new genjutsu - illusion
17:14:56	Uchiha Sunaki	dont use any other
17:15:03	Arty	kk
17:15:10	Uchiha Sunaki	am still stuck in it QQ
17:15:14	Arty	rofl
17:15:16	Arty	i know xD
17:15:23	Uchiha Krypt	What it look like o.o
17:15:24	Arty	i need to reduce stun time
17:15:36	Uchiha Sunaki	One of your targets has escaped your genjutsu
17:15:41	Uchiha Sunaki	QQ
17:15:42	Arty	lol
17:16:12	Uchiha Sunaki	use another QQ
17:16:44	Arty	kk
17:16:50	Arty	comere then xD
17:17:33	Uchiha Krypt	XD!
17:17:48	Uchiha Sunaki	XD
17:18:01	Arty	gates is op
17:18:06	Arty	but u lose it quickly
17:18:14	Arty	and u generally die afterwards
17:18:37	Uchiha Krypt	Tryna get used to skill list on the left &gt;_&gt;
17:18:59	Arty	lol XD its better
17:19:09	Arty	dont have to click on the skill tab o.o
17:19:35	Uchiha Krypt	harder to mix in combos Q_Q
17:20:03	Arty	not really O.o
17:20:11	Arty	its rgiht next to ur screen
17:20:42	Uchiha Krypt	Lol I&#39;ll get used to it anyway ;o
17:20:48	Arty	lol kk xD
17:20:51	Uchiha Krypt	Like the new hair icons :O
17:21:03	Arty	thx im getting more :P
17:23:00	Arty	one of the space time jutsu
17:23:08	Arty	hit me
17:23:26	Arty	u!
17:23:38	Uchiha Sunaki	the fuck
17:23:39	Arty	new space time jutsu ^.6
17:23:45	Uchiha Sunaki	use again O.o
17:23:47	Uchiha Krypt	I mised it &gt;_&gt; do again :O
17:23:49	Arty	only activates once for 30 secs
17:24:15	Arty	wat u think? O.o
17:24:21	Uchiha Sunaki	man ull need an op host doh QQ
17:24:26	Arty	why O.o
17:24:29	Uchiha Krypt	Use on me plox :O?
17:24:35	Uchiha Sunaki	cuz all this stuff mite lag QQ
17:24:36	Arty	my rsc is like 9mb
17:24:39	Arty	lol
17:24:41	Arty	9mb
17:24:42	Uchiha Sunaki	QQ
17:24:46	Arty	= smallest rsc
17:24:50	Arty	smaller than goa
17:24:54	Uchiha Krypt	OMG
17:24:56	Arty	i know wat im doing ^.^
17:25:17	Uchiha Krypt	I like that alot arty @__@
17:25:28	Arty	like wat? O.o
17:25:39	Arty	i improved npcs as well xD
17:25:45	Arty	like ma new kawa? xD
17:25:48	Uchiha Krypt	That electric line reacts with lightning jutsu
17:25:59	Arty	thx ^.^
17:26:32	Arty	i always tell people to not judge me before seeing my game O.O
17:26:39	Arty	xD
17:26:49	Arty	guys leave ur vills
17:26:59	Arty	i wanna see if capping war system is working
17:27:18	Uchiha Krypt	sure
17:27:21	Uchiha Sunaki	am dead -.-
17:27:24	Arty	lol
17:27:28	Uchiha Sunaki	send invi
17:27:29	Arty	krypt leave ur vill
17:27:32	Uchiha Krypt	&gt;_&gt;
17:27:43	Uchiha Sunaki	HEAL ME ATYY
17:28:08	Uchiha Krypt	Oh wow, i Just looked at the map..
17:28:14	Arty	u like it?
17:28:21	Uchiha Krypt	Love it
17:28:39	Arty	thx ^.^ i made it smaller and more compact so more action happens and i made it more detailed
17:28:58	Uchiha Krypt	Lol
17:29:01	Arty	xD
17:29:07	Uchiha Krypt	awesome 
17:29:12	Arty	follow me
17:29:24	Arty	i need to test capping
17:29:28	Arty	sunaki! :P
17:29:40	Uchiha Sunaki	&gt;=O
17:29:53	Arty	krypt
17:29:54	Uchiha Sunaki	was lookin at the updates
17:30:06	Arty	kk xD u do know theres much more stuff to come
17:30:17	Uchiha Sunaki	no more shushin jutsu
17:30:22	Arty	yep ^.^
17:30:27	Arty	try shunshin jutsuing
17:30:30	Arty	it wont work xD
17:30:38	Uchiha Sunaki	tried already
17:30:41	Arty	xD
17:30:43	Uchiha Sunaki	cud only shusin wepon
17:30:49	Arty	i made it like that
17:30:56	Arty	i made rasnegans so u can run with them
17:31:03	Uchiha Krypt	So bout that &gt;_&gt;
17:31:54	Arty	ima get my alt on
17:31:59	Uchiha Krypt	Not even with ctr?
17:32:00	Arty	see if i need 4 people to start a cap
17:32:09	Arty	wat u mean? O.o
17:32:16	Uchiha Krypt	Shusin with ctr
17:32:32	Arty	were did he go O.O
17:32:40	Uchiha Krypt	D/ced prob o.o?
17:33:33	Uchiha Krypt	When&#39;s this comin out?
17:33:40	Arty	next week
17:33:53	Arty	i gotta add all the clans still and do some background work
17:34:01	Arty	then it should be fine
17:34:02	Uchiha Krypt	U added new clans :O?
17:34:05	Arty	ye
17:34:11	Arty	space time clan already in
17:34:18	Arty	got two new jutsu
17:34:27	Uchiha Krypt	Nice..... Btw, the uchiha thing u was talking about earler
17:34:29	Arty	sages will be a clan and not a non clan
17:34:31	Uchiha Krypt	earlier*
17:34:32	Arty	ye
17:34:41	Uchiha Krypt	what do you mean by collectors?
17:35:15	Arty	u know danzou
17:35:21	Arty	how he collects eyes
17:35:28	Uchiha Krypt	mhm
17:35:29	Arty	if u kill an uchiha
17:35:34	Arty	u get auto +1 eye
17:35:39	Arty	max = 10
17:35:44	Arty	and u use them for izanagi
17:36:02	Uchiha Krypt	Niiice
17:36:06	Arty	ima make max 5
17:37:53	Uchiha Krypt	Should I join o.o?
17:37:56	Arty	ye
17:38:35	Arty	join it
17:40:21	Uchiha Krypt	? o.o
17:40:26	Arty	lol xd
17:40:31	Arty	gotta w8 :3
17:40:36	Uchiha Krypt	Lol k
17:40:37	Arty	this is the auto tourny O.O
17:41:00	Uchiha Krypt	:o
17:41:11	Uchiha Krypt	He&#39;s afk &gt;_&gt;
17:41:22	Arty	whi O.
17:41:25	Arty	thats my alt rofl
17:41:30	Bob	see
17:41:32	Uchiha Krypt	Oh lol
17:41:33	Bob	xD
17:42:17	Uchiha Krypt	That explosion is awesome
17:44:51	Uchiha Krypt	O.o
17:46:38	Uchiha Krypt	XD
17:46:48	Uchiha Krypt	Keep going on fire with that jutsu
17:47:58	Uchiha Krypt	;p
17:48:30	Uchiha Krypt	Can u make hasirama fight?
17:48:38	Uchiha Krypt	and use jutsu?
17:48:44	Arty	ye he wouldve if he didnt spawn in a motherfuking dense area
17:48:50	Uchiha Krypt	XD
17:49:46	Uchiha Krypt	p/p
17:49:53	Arty	rofl raped O.O
17:49:57	Uchiha Krypt	XD
17:50:35	Uchiha Krypt	lol who else can u summon o.o
17:50:53	Arty	nigga wont fight O.O
17:51:10	Uchiha Krypt	O.o
17:51:32	Uchiha Krypt	Broken jutsu D:
17:52:39	Arty	it used to work O.O
17:52:53	Uchiha Krypt	Does it use jutsus?
17:53:07	Uchiha Krypt	and also what clan/non clan will it be for?
17:54:01	Arty	this is my edo tensai im not bringing in edo tensai, its too op O.O
17:54:22	Uchiha Krypt	D: Q_Q, make it like the hidden scroll in the maze?
17:54:55	Uchiha Krypt	It&#39;ll be fun 
17:55:25	Arty	lol its too op
17:55:27	Arty	O.o
17:55:42	Arty	i only added them cos i had them coded in ages ago
17:56:02	Uchiha Krypt	Make a nerfed version ;o Partial edo tensei Lol
17:56:19	Arty	rofl
17:56:25	Arty	ye it will still be op xD
17:56:38	Uchiha Krypt	Q_Q hooow 
17:57:10	Arty	cos u wont be fighting the person u will be fighting some npc O.o
17:57:44	Uchiha Krypt	Lol these are broken &gt;_&gt; just stand there like vegetables..
17:57:54	Arty	rofl i know i think i fixed them O.O
17:58:35	Uchiha Krypt	Lol aight, I gotta go, game look pretty good over all
17:58:43	Arty	kk thnx ^.^ 
17:58:46	Uchiha Krypt	cant wait to play it
17:58:50	Uchiha Krypt	cya 
17:58:52	Arty	kk xD bye :P
18:18:20	Arty	:P
18:18:23	Uchiha Sunaki	XXD
18:18:25	Arty	im just doing the izanagi
18:18:37	Uchiha Sunaki	KK
18:18:40	Arty	ima code in izanagi and test it out O.
18:19:57	Uchiha Sunaki	OH U changed map
18:20:00	Uchiha Sunaki	uhmm
18:20:13	Uchiha Sunaki	wat the other factions
18:30:18	Arty	O.o
18:30:25	Arty	its 3 vills and 3 factions
18:40:58	Sunaki	O.o
18:42:15	M4CHiiN3	oo
18:42:17	Sunaki	these niggaz taking long to get here -.-
18:42:19	M4CHiiN3	intresting 
18:42:21	Sunaki	m4 &lt;3
18:42:27	M4CHiiN3	holy shit 
18:42:28	M4CHiiN3	:P
18:42:31	M4CHiiN3	Sexy fucking shit 
18:42:31	Sunaki	lol
18:42:33	Sunaki	ikr
18:42:36	Sunaki	u aint see shit yet
18:42:43	M4CHiiN3	lol
18:42:46	M4CHiiN3	Icon like a pro 
18:42:46	Sunaki	btw press g
18:42:48	M4CHiiN3	Map like a pro
18:42:55	M4CHiiN3	G :/
18:43:06	Sunaki	go commands
18:43:08	Sunaki	and read
18:43:12	Sunaki	the special thing
18:43:29	Sunaki	that important here
18:43:40	Sunaki	where u at
18:43:48	Sunaki	eww
18:43:52	M4CHiiN3	what lol ?
18:43:54	Sunaki	why are u red
18:44:00	M4CHiiN3	im not :/
18:44:04	Sunaki	i mean nt black -.-
18:44:15	M4CHiiN3	sharigan 
18:44:16	M4CHiiN3	OO
18:44:20	Sunaki	am uhchia
18:44:22	Sunaki	lol
18:44:42	M4CHiiN3	shift G is nothing lol
18:44:45	Sunaki	there no shushin jutsu doh
18:44:46	M4CHiiN3	Level Grade: 101
Kills/Deaths: 4 / 0
18:44:48	M4CHiiN3	woops
18:44:51	Sunaki	dont press shift g
18:44:56	M4CHiiN3	lol
18:44:59	M4CHiiN3	what then :?
18:45:00	Sunaki	just press g
18:45:01	Sunaki	lol
18:45:04	M4CHiiN3	ah i see
18:45:05	M4CHiiN3	level 100 ?
18:45:09	Sunaki	no QQ
18:45:12	Sunaki	u need it
18:45:15	Sunaki	to do moves
18:45:18	M4CHiiN3	why . . . 
18:45:24	M4CHiiN3	wth . . .
18:45:27	Sunaki	but nvm u got no moves anyway
18:45:45	Sunaki	come lets go cha QQ
18:45:50	M4CHiiN3	i dont understand . . . .
18:46:07	M4CHiiN3	wait wait 
18:46:12	M4CHiiN3	this original
18:46:15	M4CHiiN3	like auto shushin
18:46:15	Sunaki	?
18:46:17	M4CHiiN3	and jutsu ?
18:46:21	Sunaki	nope cant
18:46:24	M4CHiiN3	wow
18:46:26	Sunaki	cant shushin jutsu
18:46:32	M4CHiiN3	thats gay . . .
18:46:40	Sunaki	but its sort of better doh
18:46:42	Bloodtaster	tf is this game?
18:46:44	Bloodtaster	LOLOLOLOL
18:46:44	Sunaki	more skill QQ
18:46:48	Bloodtaster	REDEMPTION SOURCE
18:46:51	M4CHiiN3	nah
18:46:57	Bloodtaster	where&#39;s owner?
18:47:00	Sunaki	arty...
18:47:04	Bloodtaster	?
18:47:07	Sunaki	he coding some shit
18:47:15	Bloodtaster	arty is owner?
18:47:19	Sunaki	mhmm
18:47:23	Bloodtaster	arty..
18:47:25	Sunaki	cant u read -.-
18:47:27	Bloodtaster	word of advice
18:47:32	Bloodtaster	Stick with coding
18:47:36	Sunaki	i find leaf looks op QQ
18:47:36	Bloodtaster	don&#39;t ever icon again.
18:47:40	Bloodtaster	sunaki hush hoe
18:47:47	Bloodtaster	thought was someone using arty&#39;s source
18:48:00	Bloodtaster	oh lalala
18:48:03	Bloodtaster	leaf looking smexy
18:48:04	Sunaki	lol
18:48:04	M4CHiiN3	i dont like games like this 
18:48:08	M4CHiiN3	Arty went a bit OTT
18:48:13	Sunaki	OTT?
18:48:17	M4CHiiN3	Over the top
18:48:20	Sunaki	lol
18:48:25	Sunaki	u should see cha
18:48:27	Bloodtaster	ott= i like penis in all my holes
18:48:45	Bloodtaster	O_O
18:48:48	Bloodtaster	map is nice
18:48:54	M4CHiiN3	my god 
18:48:56	M4CHiiN3	wires
18:48:57	M4CHiiN3	lmao
18:49:01	Bloodtaster	yup xD
18:49:09	Bloodtaster	kage house is UGLY AS FUCK
18:49:11	Bloodtaster	FUGLY!
18:49:11	M4CHiiN3	ah shit i reemember this 
18:49:12	M4CHiiN3	source .. . 
18:49:20	Bloodtaster	wires from masd&#39;s game right?
18:49:29	M4CHiiN3	yh
18:49:37	Bloodtaster	i like the tree&#39;s tho
18:49:40	Bloodtaster	and buildings
18:49:45	Bloodtaster	btw
18:49:48	Bloodtaster	anyone answer
18:49:50	M4CHiiN3	?
18:49:54	Bloodtaster	I picked last clan on clan page
18:49:54	Sunaki	answer what
18:49:59	Bloodtaster	in leaf clan page
18:50:03	Bloodtaster	i couldn&#39;t see full name
18:50:05	Sunaki	what clan was that O.o
18:50:07	Bloodtaster	anyone knows what it is?
18:50:13	Bloodtaster	idk it has a tobirama icon
18:50:18	Bloodtaster	hokage clan? ;D
18:50:26	Sunaki	*shurgs*
18:50:30	Sunaki	shrugs*
18:50:37	M4CHiiN3	im out this to confusing 
18:50:43	Sunaki	loool
18:50:45	Bloodtaster	shrug till your penis drops
18:51:08	Sunaki	-.-
18:51:26	M4CHiiN3	blood on crack :/
18:51:36	Sunaki	eww this is the raito grade thingy
18:51:39	Sunaki	hate that
18:51:46	Sunaki	arty needa change that hoe
18:52:14	Bloodtaster	raito grady?
18:52:20	Sunaki	yh i hatw that hoe
18:52:21	Arty	lol xD
18:52:25	Bloodtaster	arty
18:52:30	Bloodtaster	can i have this source? ;D
18:52:33	Sunaki	arty amma remake
18:52:33	Bloodtaster	i like it ^_^
18:52:36	Arty	fuk no
18:52:43	Bloodtaster	ok..
18:52:46	Arty	u know how long i spent on this?
18:52:53	Bloodtaster	BITCH GO SHRUG TILL YOUR PENIS DROP
18:52:59	Bloodtaster	10 minutes?
18:53:22	Bloodtaster	i think something between nothing and 0 seconds o_o
18:53:29	Bloodtaster	Anyway help me out
18:53:35	Bloodtaster	i picked a leaf clan
18:53:43	Bloodtaster	and i couldn&#39;t see what it is was named
18:53:54	Arty	machine doesnt like it cos hes jelous he cant do this shit
18:53:55	Bloodtaster	it has tobirame character before its picture
18:54:00	Arty	ye
18:54:04	Arty	its space time
18:54:10	Arty	i havent added anything to tree yet
18:54:18	Arty	i do that last , before game comes out
18:54:19	Bloodtaster	biatch o_o
18:54:24	Bloodtaster	this is beta ;d
18:54:25	Bloodtaster	kewl
18:54:28	Arty	mhm rofl
18:54:33	Arty	this shit is far from finished
18:54:34	Bloodtaster	don&#39;t forget to code me in as inforcer O_O
18:54:39	Sunaki	QQ
18:54:42	Sunaki	fuck no
18:54:42	Arty	lol
18:54:48	Bloodtaster	and don&#39;t forget to ip-ban sunaki
18:54:54	Bloodtaster	amg
18:54:56	Arty	why O.o
18:54:57	Sunaki	that hoe cant ban me -.-
18:55:01	Arty	btw wat did machine say lol
18:55:06	Bloodtaster	naruto ninja generation storm demo=OPED!
18:55:14	Arty	mhm
18:55:14	Sunaki	look at the occ
18:55:17	Bloodtaster	{Wtf O_O}(Bloodtaster){Genin} kage house is UGLY AS FUCK

18:55:17	Arty	i have
18:55:19	Bloodtaster	he said this
18:55:22	Bloodtaster	{Wtf O_O}(Bloodtaster){Genin} kage house is UGLY AS FUCK

18:55:23	Sunaki	he find its confusing,,,,
18:55:28	Sunaki	and it is actually
18:55:30	Arty	that nigga is jealous
18:55:38	Arty	not really O.O
18:55:41	Sunaki	the special thingy is confusing for real
18:55:43	Sunaki	-.-
18:55:46	Bloodtaster	nah
18:55:47	Arty	im adding a little tab people can read
18:55:49	Arty	^
18:55:54	Arty	i do that last as well
18:55:59	Bloodtaster	yall baby eyes can&#39;t handle arty&#39;s fugly iconning ;D
18:56:00	Arty	i know its new
18:56:07	Arty	i didnt icon it
18:56:15	Bloodtaster	who did
18:56:20	Arty	i got it of someone
18:56:30	Sunaki	lol
18:56:30	Bloodtaster	send this source to me? O_O
18:56:34	Arty	no &gt;.&gt;
18:56:42	Bloodtaster	Q_Q
18:56:43	Sunaki	arty gimme lvl 100
18:56:45	Sunaki	btw
18:56:50	Bloodtaster	it&#39;s prattyyy ;D
18:56:52	Sunaki	what is this last clan arty
18:56:57	Sunaki	for leaf
18:56:58	Arty	space time
18:56:59	Bloodtaster	it&#39;s space time
18:57:00	Sunaki	QQ
18:57:06	Arty	i havent added jutsu on tree yet
18:57:15	Arty	picking new clans is pointless atm x
18:57:16	Sunaki	why there the 2nd hokage image for
18:57:16	Arty	xD
18:57:28	Bloodtaster	but no jutsu&#39;s yet cus arty is lazy and he&#39;s lazy cus he busy trying to make me put my ding dong in every hole in his body
18:57:29	Sunaki	gimme the jutsus for it
18:57:29	Arty	cos 2nd hokage was skilled in space time
18:57:40	Bloodtaster	2nd hokage was the creator of space time movement
18:57:40	Arty	lol 
18:57:50	Arty	true ^.^
18:57:54	Bloodtaster	nah
18:57:58	Bloodtaster	sage of six paths was :P
18:58:02	Arty	&gt;.&gt;
18:58:08	Arty	that nigga is god O.O
18:58:08	Sunaki	if anyone needs me amma be chillin in the shade
18:58:23	Arty	rofl kk xD
18:58:30	Bloodtaster	shade..
18:58:34	Bloodtaster	nice iconning
18:58:38	Sunaki	lol
18:58:41	Sunaki	where u at blood
18:58:45	Arty	thnx lol
18:58:45	Bloodtaster	leaf hosp
18:58:53	Bloodtaster	chilling under a tree
18:59:05	Bloodtaster	it&#39;s hot today :)
18:59:07	Sunaki	ikr
18:59:22	Bloodtaster	arty white ass is getting brown from the sun O_O
18:59:22	Uchiha Bjisboss	shit looks like salvation
18:59:31	Bloodtaster	shit looks like masd&#39;s game
18:59:38	Uchiha Bjisboss	that to o.o
18:59:46	Bloodtaster	LOL
18:59:48	Arty	looks nothing like it
18:59:55	Bloodtaster	i thought sunaki said that
19:00:00	Bloodtaster	i look again and it&#39;s bj
19:00:05	Bloodtaster	bj
19:00:06	Sunaki	lmao
19:00:08	Uchiha Bjisboss	tress look like rips from spirit
19:00:08	Arty	masd doesnt have these icons
19:00:10	Bloodtaster	give me a bj cus your name is bj :D
19:00:18	Sunaki	-.-
19:00:35	Arty	u gonna come on and tell me about games wen u know shit about it?
19:00:47	Uchiha Bjisboss	lol unlimited dmg system shit in dis
19:00:52	Arty	FUK NO
19:00:53	Uchiha Bjisboss	jus sayin
19:00:58	Arty	its nothing like unlimited
19:01:01	Uchiha Bjisboss	yes when u punch dmg pops up
19:01:04	Arty	ill copy and paste coding shit for it
19:01:10	Arty	ye nothing like unlimited
19:01:14	Arty	coding nothing like it
19:01:24	Uchiha Bjisboss	unlimited wa the 1st i saw do  that o.o
19:01:26	Arty	nigga gtfo if ur calling me copy and paste
19:01:40	Arty	i never played unlimited
19:01:41	Uchiha Bjisboss	nah yours in coded better
19:01:43	Arty	i wouldnt know
19:01:49	Arty	xD
19:02:00	Uchiha Bjisboss	his pops up cricked kinda
19:02:11	Bloodtaster	come and get me hoe
19:02:13	Arty	i know , its kinder crappy O.O
19:02:31	Bloodtaster	starting to like this game
19:02:35	Arty	xD
19:02:37	Bloodtaster	arty
19:02:37	Arty	lol
19:02:39	Arty	mhm
19:02:39	Bloodtaster	heal me O_O
19:02:44	Sunaki	no!
19:02:49	Bloodtaster	tf is that O_O
19:02:52	Bloodtaster	ssj 3 hair?
19:02:59	Arty	i have 42 element jutsu in total O.o
19:03:08	Arty	i have officials skill description 
19:03:09	Sunaki	give me some
19:03:13	Bloodtaster	NICE
19:03:14	Arty	only coded in for elements atm
19:03:15	Bloodtaster	LOL
19:03:21	Arty	xd
19:03:25	Bloodtaster	first rip i see with skill description
19:03:32	Arty	mhm xD
19:03:43	Arty	&lt;&lt; unlike rip owners i know how to code O.O
19:04:03	Uchiha Bjisboss	hmm i shall play dis ;o!
19:04:03	Bloodtaster	btw arty
19:04:08	Bloodtaster	if ya want too
19:04:09	Arty	kk kl! xD
19:04:14	Uchiha Bjisboss	shunshin has delay &gt;_&lt;?
19:04:16	Arty	everyone fan the hub xD
19:04:17	Arty	no
19:04:22	Arty	get shunshin passives
19:04:40	Sunaki	shushin has delay
19:04:42	Arty	click on update button
19:04:47	Sunaki	cant shushin jutsu
19:04:52	Arty	na
19:04:54	Arty	no delay
19:04:58	Arty	i recoded shunshin
19:05:01	Arty	so u cant use jutsu
19:05:03	Sunaki	oh
19:05:06	Arty	but no delay with 5 passives
19:05:13	Bloodtaster	where&#39;s update button?
19:05:22	Sunaki	i had 5 passives but there was still delay
19:05:40	Bloodtaster	Unrecognized or inaccessible verb: Special

19:05:47	Arty	rofl
19:05:59	Arty	rofl wat did u press?
19:06:05	Bloodtaster	shift+g
19:06:12	Arty	o
19:06:16	Bloodtaster	-Activate the special bar by either pressing SHIFT+G or by pressing the button on the interface
19:06:17	Arty	ye i removed that shit
19:06:18	Sunaki	only press 1 hoe
19:06:26	Arty	i removed it cos i dont need it
19:06:28	Bloodtaster	1?
19:06:36	Arty	na
19:06:41	Sunaki	press g or shift
19:06:42	Arty	i gotta update that special info 
19:06:49	Arty	only press g or the green button
19:06:55	Bloodtaster	nothing changed
19:07:07	Bloodtaster	wtf?
19:07:15	Bloodtaster	wtf
19:07:16	Arty	u got full special?
19:07:21	Bloodtaster	who&#39;s moving me
19:07:28	Bloodtaster	heared this weird sound
19:07:28	Arty	no one 
19:07:30	Bloodtaster	tf?
19:07:36	Arty	ur comp xD
19:07:38	Bloodtaster	see
19:07:50	Arty	verb aint gonna do anything wen u have full special lol
19:07:58	Bloodtaster	im confused O_O
19:08:09	Bloodtaster	btw sunaki
19:08:13	Arty	think about it lol its not gonna go above the max is it xD
19:08:19	Arty	press the hub button!
19:08:19	Bloodtaster	imma spam kill u when game gets unleashed O_O
19:08:26	Arty	and fan it :3
19:08:36	Bloodtaster	im already registering on forums
19:08:40	Arty	kk xD
19:08:46	Bloodtaster	so arty don&#39;t forget this O_O
19:08:52	Arty	forget wat O.O
19:09:03	Bloodtaster	most owners forget there first players who helped them in beta and stuff ;D
19:09:05	Uchiha Bjisboss	laggin o.o
19:09:11	Arty	ye 
19:09:17	Arty	ima get a new host for release
19:09:22	Arty	im hosting as a test O.O
19:09:27	Arty	and my connection sucks 
19:09:44	Uchiha Bjisboss	lol i  can see da
19:10:01	Uchiha Bjisboss	usually when i host it laggs @ 19+ ppl
19:10:04	Uchiha Bjisboss	&gt;_&lt;
19:10:10	Arty	rofl
19:10:16	Arty	well my connection aint good
19:10:21	Arty	i need to find a good host
19:10:31	Arty	but my rsc is smaller than original goa O.O
19:10:32	Bloodtaster	brb
19:11:08	Arty	ima get bak to coding danzou
19:12:15	Sunaki	artyyy
19:12:19	Sunaki	u there
19:13:27	Haruki	yo
19:13:37	Genious	yo
19:13:43	Arty	mhm O.o
19:14:28	Haruki	sexy
19:15:01	Haruki	but would be better with good looking font
19:15:08	Arty	wat u mean?
19:15:10	Nara Sunaki	wow
19:15:16	Nara Sunaki	heavy lag
19:15:22	Haruki	the window
19:15:24	Arty	rofl a test server with like 7 people O.O
19:15:36	Arty	o ok
19:15:37	Genious	too much gray! lol
19:15:47	Haruki	yh
19:15:49	Arty	i can change that O.O
19:15:58	Arty	wat colour is better
19:15:59	Nara Sunaki	lol like everything is in slow motion QQ
19:16:07	Haruki	lol yh
19:16:12	Arty	sorry lol
19:16:25	Arty	my connection is shit and this is supposed to be just a test server
19:16:34	Arty	im not actually hosting wen this releases
19:16:37	Nara Sunaki	lol am actually seeing my dude take each step lolzzzz
19:16:49	Arty	rofl
19:16:59	Arty	ima go bak to coding danzou O.O
19:17:06	Nara Sunaki	did u put it in slow mostion QQ
19:17:13	Nara Sunaki	motion
19:17:17	Nara Sunaki	gimmme lvl 100
19:17:42	Genious	black?
19:17:44	Arty	no
19:17:48	Arty	its lag rofl
19:17:52	Haruki	this village and sht is so fucking good coded !!
19:17:59	Genious	o.o
19:18:00	Arty	thnx ^.^
19:18:13	Genious	u like the map alot
19:18:16	Nara Sunaki	lmnaoooo
19:18:19	Uchiha Bjisboss	im lagg free now o..o
19:18:23	Arty	rofl
19:18:23	Nara Sunaki	am nt
19:18:30	Arty	its my connection &gt;.&lt;
19:18:39	Genious	hmm
19:18:45	Nara Sunaki	i saw bj fly on my screen then i saw blood then i saw bj disapprea QQ
19:18:45	Uchiha Bjisboss	woo lagg free ;o
19:18:52	Uchiha Bjisboss	XD
19:18:55	Uchiha Bjisboss	im flash
19:19:06	Arty	join!
19:19:08	Nara Sunaki	arty why u wanna cause more lag -.-
19:19:12	Arty	rofl
19:19:15	Arty	just join
19:19:15	Genious	^
19:19:20	Arty	need it testing :3
19:19:20	Uchiha Bjisboss	join ;o
19:19:28	Haruki	DAMN
19:19:32	Haruki	i like this alot
19:19:33	Nara Sunaki	Round trip ping-pong took 1 seconds.
19:19:33	Genious	im runnin aaround the map  D;&lt;
19:19:37	Arty	thnx XD
19:19:41	Haruki	me to
19:19:44	Haruki	too sexy map
19:20:01	Haruki	man better fix conection and good looking window :O
19:20:02	Uchiha Bjisboss	Analyzed Hashirama Senju: 20000/20000 Stamina -- 5000/5000 Chakra -- 0 Wounds -- 0/100 Special
You are somewhat less experienced than Hashirama Senju.\
19:20:19	Genious	Black?
19:20:20	Genious	lol
19:20:23	Haruki	original color
19:20:27	Haruki	like officials
19:20:28	Potassium	Potassium says: Where is the Jikakan clan skills.

19:20:35	Haruki	brown
19:20:45	Genious	thats gay
19:20:46	Genious	lol
19:20:51	Haruki	its good
19:20:52	Arty	space time clan skills aint been added yet
19:20:54	Uchiha Bjisboss	arty join tourny =/
19:21:03	Haruki	fix the jutsu bar too pls
19:21:07	Geno	Whats this special charge?
19:21:11	Haruki	like in the real one
19:21:15	Genious	o.o
19:21:23	Arty	rofl i need to fix dat :3
19:21:30	Nara Sunaki	wooot no more lag
19:21:43	Haruki	i like the shadow system
19:21:49	Uchiha Bjisboss	now when does tourny start?
19:21:59	Genious	need to fix suna map
19:22:00	Haruki	the one to left
19:22:04	Genious	o.o im stuck lol
19:22:21	Haruki	well am off for now 
19:22:23	Genious	lol
19:22:25	Haruki	brb like 2 hour
19:22:36	Arty	how did u get there?
19:22:41	Genious	new tunnel shit
19:22:46	Genious	the new ways thing
19:22:48	Genious	idk
19:22:49	Arty	rofl ill fix it ^.^
19:22:52	Genious	loll
19:23:03	Arty	this is why i run test servers
19:23:45	Uchiha Bjisboss	Wind: Blade of Wind can not be used currently: Insufficient Special Points (0/5)
19:23:48	Uchiha Bjisboss	wdh o.o
19:23:54	Arty	charge
19:23:57	Arty	again
19:24:10	Uchiha Bjisboss	wow lol
19:24:11	Arty	prevents spam and using op jutsu after op jutsu
19:24:20	Uchiha Bjisboss	unlimited has da same shit no lie
19:24:27	Arty	na
19:24:29	Genious	hmm
19:24:47	Arty	unlimited has special bar but coded in so its used for special jutsu like morning peacock
19:25:02	Uchiha Bjisboss	o.o im in cha now lol
19:25:15	Arty	LOL
19:25:31	Arty	its why i run test servers xD
19:25:53	Uchiha Bjisboss	arty wa i need for rasenshurikien?
19:26:45	Nara Sunaki	EWWW
19:26:50	Nara Sunaki	arttyyy
19:27:25	Arty	mhm O.o
19:27:32	Arty	rasenshuriken u need 60
19:27:40	Arty	it tells u in skill description
19:27:53	Uchiha Bjisboss	You are missing the prerequisites to learn this skill!
19:27:57	Arty	o
19:27:59	Uchiha Bjisboss	i mean to get it
19:28:01	Arty	wind and rasengans
19:28:04	Uchiha Bjisboss	nope
19:28:08	Genious	whats the special charge for?
19:28:12	Arty	both rasengans
19:28:14	Uchiha Bjisboss	dont have it still lol
19:28:23	Uchiha Bjisboss	cant buy it still
19:28:24	Arty	it prevents spam of jutsu and spam of op jutsu
19:28:50	Arty	got pressure damage?
19:29:01	Uchiha Bjisboss	no
19:29:08	Arty	get that and breakthrough
19:29:42	Uchiha Bjisboss	lol now i cant buy it &gt;_&lt;
19:29:48	Uchiha Bjisboss	anywho
19:31:03	Arty	rofl
19:31:18	Arty	wat else was bugged apart from auto tourny? O.o
19:31:25	Nara Sunaki	idk
19:31:38	Nara Sunaki	try capture the flag QQ
19:31:39	Arty	i fixed map bit
19:32:03	Hyuuga Genious	no boost.?
19:32:14	Arty	wat boost O.O
19:32:22	Hyuuga Genious	byakugan boost
19:32:42	Arty	nope
19:32:45	Arty	hasnt been added
19:32:48	Arty	i can add it
19:32:53	Hyuuga Genious	alright
19:34:10	Arty	i added the boost
19:34:13	Arty	ehh O.O
19:34:18	Nara Sunaki	what the boost?&gt;
19:34:28	Arty	33 percent on rfx and con
19:34:45	Nara Sunaki	am stuck in tounry -.-
19:34:46	Arty	everyone leave ur vill
19:34:58	Nara Sunaki	summon meh
19:35:00	Nara Sunaki	nvm
19:35:23	Arty	i need one more O.O
19:35:25	Nara Sunaki	if u wanna cap we needa do it outside gates 1st
19:35:29	Arty	kk
19:35:40	Arty	w8 go north of cha O.O
19:35:40	Hyuuga Genious	lol not lvl 15 yet xD
19:36:18	Hyuuga Genious	O.O
19:41:30	Nara Sunaki	cant
19:41:36	Nara Sunaki	needa cap gates 1st
19:41:43	Arty	why? O.o
19:42:01	Nara Sunaki	needa cap around ur teritorty 1st
19:42:33	Arty	ok go east of cha then
19:42:40	Nara Sunaki	summon 
19:42:51	Nara Sunaki	go gates
19:43:06	Arty	i am O.O
19:43:49	Nara Sunaki	need more
19:43:57	Nara Sunaki	anyway pl;ayin battelfield nw
19:44:01	Nara Sunaki	afk
19:44:44	Arty	lol ll
19:46:35	Arty	cap system is working!
19:46:41	Arty	wahoo O.O
19:55:05	Bob	Cap system works xD
19:55:05	Nara Sunaki	i gtg
19:55:08	Nara Sunaki	BYEEEE
19:55:11	Bob	bye
19:55:15	Bob	cap system works :3
19:59:07	Arty	O.O
19:59:11	Arty	who are u lol xD
20:03:42	Arty	mate ima shut server down i need to test stuff out ^.^
21:24:52	Uchiha Goob	&gt;______&gt;
21:25:12	Uchiha Goob	HEY!
21:27:20	Uchiha Arty	ye
21:27:22	Uchiha Arty	O.O
21:27:29	Uchiha Arty	i was sorting stuff out O.O
21:27:52	Uchiha Goob	soo
21:28:03	Uchiha Goob	whats difference between collector and pure bred
21:28:08	Uchiha Goob	pure blood*
21:28:17	Uchiha Arty	the new map O.O
21:28:37	Uchiha Goob	i saw the new map yesterday
21:28:46	Uchiha Goob	whats difference between collector and pure blood???
21:29:23	Uchiha Arty	collector is danzo
21:29:31	Uchiha Arty	u get shisui and his arm O.O
21:29:38	Uchiha Goob	&gt;.&gt; what can da arm do
21:29:48	Uchiha Arty	it allows u to use izanagi?
21:29:55	Uchiha Goob	how many times
21:30:07	Uchiha Arty	as many times as u want
21:30:11	Uchiha Arty	as long as u got eyes
21:30:13	Uchiha Arty	lol
21:30:20	Uchiha Arty	gotta kill uchiha for eyes
21:30:26	Uchiha Goob	what jutsu and stuff can he use besides izanagi
21:30:34	Uchiha Arty	shisui eye
21:30:38	Uchiha Arty	activates for 90 seconds
21:30:42	Uchiha Arty	cd is 180
21:30:47	Uchiha Goob	what does shisui eye do?
21:30:48	Uchiha Arty	kotoamatsukami
21:30:53	Uchiha Arty	1500 cd
21:31:08	Uchiha Arty	shisui eye gives u a boost and allows u to use kotoamatsukami
21:31:29	Uchiha Goob	ok and pure blood uchiha is just everyone else?
21:32:07	Uchiha Goob	brb gonna do this chuunin on revenge of the fallen
21:32:07	Uchiha Arty	ye
21:32:12	Uchiha Arty	itachi and sasuke
21:34:08	Uchiha Goob	when you gonna update the skill trees and all that
21:34:25	Uchiha Arty	i might do it wen i have done all konoha clans
21:34:57	Uchiha Goob	cool
21:34:58	Uchiha Arty	O.O
21:35:03	Uchiha Arty	some guy joined xD
21:35:13	Uchiha Goob	.. some random person?
21:35:35	Uchiha Arty	i think so O.O
21:35:40	Uchiha Goob	how???
21:36:19	Uchiha Goob	&gt;.&gt;
21:36:25	Uchiha lol	yo
21:36:35	Uchiha lol	its slayer
21:36:43	Uchiha Goob	O.o how u get here
21:36:54	Uchiha lol	am ..
21:37:02	Uchiha lol	like everyone else
21:39:19	Uchiha Goob	...
21:40:17	Uchiha Arty	how are people joining!
21:40:26	Uchiha lol	lol
21:40:33	Uchiha lol	i sent em link
21:40:38	Uchiha Goob	....
21:40:45	Uchiha Arty	this is ment to be test server -_-
21:40:48	Uchiha Arty	not a game O.O
21:40:50	Uchiha Goob	kick them?
21:41:00	Uchiha Arty	ima rehost
21:41:06	Uchiha Goob	kk 
21:41:07	Uchiha Arty	need fixing collector
21:41:10	Uchiha Goob	ight
21:49:23	Uchiha Goob	yo
21:49:31	Uchiha Nigga	ye
21:49:35	Uchiha Nigga	brb
21:49:37	Uchiha Nigga	:3
21:49:39	Uchiha Goob	k
21:49:42	Uchiha Nigga	gotta do chores
21:51:17	Uchiha Goob	ight
22:29:30	Uchiha Nigga	bak O.O
23:02:19	Uchiha Goob	yo this hair is turning out nice
23:03:19	Uchiha Goob	YO!
23:03:32	Uchiha Nigga	yo
23:03:44	Uchiha Goob	you need all movements for the hair right
23:03:49	Uchiha Nigga	ye
23:03:55	Uchiha Nigga	perfectly aline O.O
23:04:01	Uchiha Goob	ofcourse
23:04:01	Uchiha Nigga	aligned*
23:05:01	Uchiha Goob	LOLOLOLOL FAIL
23:05:10	Uchiha Arty	&gt;.&lt; im really good at this
23:05:26	Uchiha Goob	did you code the power lines to do that urself???
23:05:38	Uchiha Arty	its not that hard O.O
23:05:46	Uchiha Goob	its pretty epic
23:05:49	Uchiha Arty	but no, my m8 gave me his codes and the icons
23:05:54	Uchiha Goob	shows you put alot of detail into this
23:06:03	Uchiha Goob	._-
23:06:08	Uchiha Arty	mhm xD im hoping this rip is popular O.O
23:06:24	Uchiha Goob	you fail
23:06:37	Uchiha Arty	it wont tele!
23:07:25	Uchiha Goob	LOLOLOLOL POWER LINES
23:07:26	Uchiha Arty	that time it worked!
23:07:47	Uchiha Arty	rofl it worked xD
23:07:55	Uchiha Arty	fixed collector
23:08:13	Uchiha Goob	ok use izanagi
23:08:42	Uchiha Arty	kk
23:08:46	Uchiha Arty	but u gotta ko me
23:08:47	Uchiha Arty	O.O
23:08:50	Uchiha Arty	get my health to
23:08:52	Uchiha Arty	1000
23:08:56	Uchiha Arty	lemme use it
23:08:58	Uchiha Goob	one sec 
23:08:59	Uchiha Arty	then kill me
23:10:10	Uchiha Goob	...
23:10:10	Uchiha Arty	fuk yes
23:10:16	Uchiha Goob	thats izanagi?
23:10:19	Uchiha Arty	mhm O.O
23:10:22	Uchiha Arty	u get koed
23:10:28	Uchiha Goob	i like it better the way it is here then other games
23:10:36	Uchiha Arty	thnx ^.^
23:10:45	Uchiha Arty	basically
23:10:49	Uchiha Arty	u gotta time it right
23:10:52	Uchiha Arty	cos
23:10:55	Uchiha Arty	wen u get koed
23:11:02	Uchiha Arty	if u target someone
23:11:08	Uchiha Arty	u appear behind them
23:11:10	Uchiha Arty	like tobi did
23:11:14	Uchiha Arty	or if u have no target
23:11:20	Uchiha Arty	u just appear at a random spot near u
23:11:27	Uchiha Goob	cool
23:11:33	Uchiha Goob	give me some jutsu
23:11:34	Uchiha Arty	zanagi is active for 7.84 amount of seconds
23:11:39	Uchiha Goob	&gt;:O i want some epic jutsu to use
23:11:41	Uchiha Arty	^ how long i had at 100
23:11:46	Uchiha Arty	u gotta time it perfectly rofl
23:11:53	Uchiha Arty	u reckon thats good?
23:11:58	Uchiha Arty	or make it a little higher
23:12:13	Uchiha Goob	perfect
23:12:25	Uchiha Arty	kk XD i higher the level higher the seconds u have
23:12:29	Uchiha Goob	&gt;:O give me a new jutsu i wanna use something cool
23:12:35	Uchiha Arty	which one?
23:12:42	Uchiha Goob	idc something epic
23:12:46	Uchiha Arty	kk
23:12:50	Uchiha Arty	danzo clan finished
23:12:58	Uchiha Arty	kotoamatsukami is done xD and shisui
23:13:04	Uchiha Goob	&gt;.&lt;
23:13:25	Uchiha Arty	lol
23:13:34	Uchiha Arty	ima test out koto
23:13:34	Uchiha Goob	O.o whats this
23:13:48	Uchiha Goob	@.@ that is epic
23:13:57	Uchiha Arty	thnx vacuum wave
23:14:02	Uchiha Arty	danzo used it
23:14:06	Uchiha Arty	i tried to make it similar
23:14:19	Uchiha Arty	were he fires blades of wind at diff angles
23:14:30	Uchiha Goob	you need to make a way to balance collector trait
23:14:41	Uchiha Goob	like if u run out of eyes you cant use izanagi anymore
23:14:49	Uchiha Arty	i know
23:14:51	Uchiha Arty	i did xD
23:14:52	Uchiha Arty	rofl
23:14:52	Uchiha Goob	like you have to always have atleast 1 sharingan to use it or sum
23:15:00	Uchiha Arty	i have i thought of everything
23:15:03	Uchiha Goob	if you run out and hit 0 u cant collect eyes anymore
23:15:04	Uchiha Arty	max is 5 sharingans
23:15:19	Uchiha Arty	no u can O.O itherwise clan is pointless then xd
23:17:03	Uchiha Goob	AI system seems alot smoother
23:17:09	Uchiha Nigga	thnx xD
23:17:16	Uchiha Arty	i made ai better
23:17:19	Uchiha Goob	and it seems like im fighting something smarter XD
23:17:21	Uchiha Arty	so there not noobs
23:17:28	Uchiha Arty	ye i improved them ^.^
23:17:28	Uchiha Goob	cause other games those npc&#39;s are fucking stupid
23:17:35	Uchiha Arty	cos owners cant code lol
23:17:37	Uchiha Arty	^
23:17:49	Uchiha Arty	only owner that could actually code really was feral
23:18:02	Uchiha Goob	yo in this source i have Jon is coded in XD
23:18:09	Uchiha Arty	ROFL
23:18:18	Uchiha Goob	i saw it and first think i thought of
23:18:21	Uchiha Goob	HULK SMASH!!
23:18:25	Uchiha Goob	HULK SMASH!
23:18:27	Uchiha Goob	XD
23:18:32	Uchiha Arty	lol ^.^
23:18:40	Uchiha Goob	you know who jon is right
23:18:51	Uchiha Arty	who
23:19:03	Uchiha Goob	the guy who was going around shutting peoples games down
23:19:10	Uchiha Goob	cause he basically founded goa rips
23:19:18	Uchiha Goob	soo hes coded into every source somewhere
23:19:27	Uchiha Arty	lol
23:19:31	Uchiha Arty	he aint in mine
23:19:32	Uchiha Goob	he took down gedo&#39;s game, larry&#39;s game, douta&#39;s game
23:19:39	Uchiha Arty	he aint in mine
23:19:41	Uchiha Arty	reason
23:19:47	Uchiha Arty	cos i made it from a clean goa source
23:19:57	Uchiha Arty	only person coded in was dipic and masterdan
23:21:25	Uchiha Goob	Q.Q
23:21:37	Uchiha Arty	rofl
23:21:56	Uchiha Goob	summon me back
23:22:03	Uchiha Arty	niggas koto is bugged
23:22:26	Uchiha Arty	i copied and pasted mavs koto , nigga bugged the shit outta it which means i gotta code one in -_______-
23:22:47	Uchiha Goob	what?
23:23:05	Uchiha Arty	kotoamatsukami
23:23:09	Uchiha Arty	shisui genjutsu
23:23:16	Uchiha Arty	i gotta code one in O.O
23:23:21	Uchiha Goob	summon me &gt;:O
23:23:23	Uchiha Arty	cos mav cant code for shit
23:23:46	Uchiha Goob	why can i walk through the KH
23:24:22	Uchiha Goob	brb
23:24:47	Uchiha Arty	cos i forgot to put dense turfs on it O.O
23:24:49	Uchiha Arty	i fixed i
23:24:51	Uchiha Arty	it
23:29:20	Uchiha Goob	back
23:29:46	Uchiha Goob	make me higher level then lets fight
23:33:21	Uchiha Goob	oops
23:33:36	Uchiha Arty	this any good
23:33:39	Uchiha Arty	kotoamatsukami
23:33:45	Uchiha Goob	what?
23:33:47	Uchiha Arty	ur movements are fuked up
23:33:57	Uchiha Goob	thats same as ibpd
23:33:57	Uchiha Arty	and it blinks black sight every second
23:34:10	Uchiha Goob	oh i found a missing path
23:34:15	Uchiha Arty	its supposed to be a confusing jutsu and u dont know wat ur doing
23:34:28	Uchiha Arty	rofl kk xD
23:34:40	Uchiha Arty	how should kotoamatsukami be?
23:34:40	Uchiha Goob	yea that sounds cool
23:34:45	Uchiha Arty	like that
23:34:58	Uchiha Goob	umm i killed you and it says i still have 0 eyes
23:37:06	Uchiha Arty	rofl ye
23:37:10	Uchiha Arty	i buged that a bit
23:37:13	Uchiha Arty	its fixed
23:37:18	Uchiha Arty	but look in ur stats
23:37:24	Uchiha Arty	O.O
23:37:29	Uchiha Arty	w8
23:37:31	Uchiha Arty	ye
23:37:35	Uchiha Arty	u wont gain any
23:37:38	Uchiha Arty	i aint uchiha clan
23:37:45	Uchiha Arty	im a collector O.O
23:37:54	Uchiha Arty	there two seperate clans basically
23:38:12	Uchiha Goob	im collector too
23:38:15	Uchiha Goob	...
23:41:12	Uchiha Arty	ok O.O i redone koto to my liking
23:41:17	Uchiha Arty	i know
23:41:37	Uchiha Goob	kk well do what ur doin i gotta focus on this hair
23:42:19	Uchiha Arty	kk
23:42:24	Uchiha Arty	rehosting
23:52:23	Uchiha Goob	new anime out
23:52:32	Uchiha Arty	naruto? O.O
23:52:36	Uchiha Arty	cos i seen it already xD
23:52:44	Uchiha Arty	tell me wats happening
23:52:50	Uchiha Arty	wen i actiagte shisui
23:52:56	Uchiha Goob	wait
23:53:00	Uchiha Goob	im watching it now
23:53:20	Uchiha Arty	move around O.O
23:53:48	Uchiha Arty	-_- i bit late
23:53:57	Uchiha Goob	IM WATCHIN NEW ANIME FOOL!
23:54:00	Uchiha Goob	sshhh
23:58:00	Uchiha Arty	brb O.O
