17:33:18	Arty	hi
18:14:10	Arty	hello
19:37:06	Arty	hello
19:39:32	Arty	hello
20:40:45	Aburame Arty	hello
20:40:53	Aburame Arty	jkjkjk
20:40:59	Aburame Arty	hjhk
20:42:38	Aburame Arty	****
20:42:42	Aburame Arty	kl;kjh
20:42:46	Aburame Arty	a
20:42:48	Aburame Arty	a
20:42:50	Aburame Arty	a
20:42:51	Aburame Arty	#
20:42:53	Aburame Arty	a
20:42:54	Aburame Arty	a
20:42:55	Aburame Arty	a
20:42:57	Aburame Arty	a
20:43:05	Aburame Arty	a
20:43:06	Aburame Arty	a
20:43:07	Aburame Arty	a
20:43:08	Aburame Arty	a
20:43:11	Aburame Arty	a
20:43:12	Aburame Arty	a
20:43:14	Aburame Arty	a
20:43:19	Aburame Arty	a
20:43:20	Aburame Arty	a
20:45:13	Aburame Arty	asd
20:45:15	Aburame Arty	sad
20:47:18	Aburame Arty	asda
