23:59:49	Arty	to op -_-
23:59:51	Hakemaru	im thinking of making an original naruto game base off Dungeons and Dragons Damage rules
23:59:57	Arty	lo
00:00:03	Hakemaru	so its random say
00:00:05	Arty	after i released this
00:00:09	Arty	i quit making naruto
00:00:11	Arty	to many
00:00:13	Arty	plus
00:00:28	Arty	i need to start making more chemical structure programs in c++
00:00:37	Hakemaru	base damage + 2d6(basically random 2 - 12) + character lvl * bonus damage
00:00:49	Hakemaru	C++ can be translated to and from Damon easy
00:00:55	Hakemaru	i meant DM
00:01:00	Arty	not really
00:01:03	Hakemaru	-_-
00:01:07	Arty	c++ = way more variety
00:01:07	Hakemaru	ive done it XD
00:01:14	Arty	dm is so basic -_-
00:01:25	Hakemaru	when u make it on C++ you can copy it to DM and it works 100% after the recent byond update
00:01:35	Hakemaru	DM is compatible with javascript to
00:01:49	Hakemaru	thats how Bleach Los Noches was made
00:01:50	Arty	dm is aint that hard to learn and how can u?
00:01:59	Arty	wen c++ has so many diff variables
00:02:04	Arty	not just a var
00:02:05	Hakemaru	i know
00:02:06	Arty	word
00:02:19	Hakemaru	Javascript is best to code with 
00:02:26	Hakemaru	just there is no help from it XD
00:02:30	Hakemaru	like at all
00:02:37	Hakemaru	mob
00:02:40	Hakemaru	doesnt exist
00:02:43	Arty	i prefer c++, but i cant host it from there :3
00:02:58	Arty	for example
00:03:00	Hakemaru	you have to go into Directories and change what Var means, Mob means
00:03:05	Hakemaru	its annoying but good
00:03:10	Arty	i know :£
00:03:16	Arty	i mean
00:03:22	Arty	c++ u can have 3d models
00:03:25	Arty	dm u cant
00:03:30	Arty	u can only make it look 3d
00:03:40	Hakemaru	DM you can xD
00:03:45	Arty	u cant
00:03:52	Hakemaru	you just have to learn how to use isometrics really well
00:03:54	Arty	isometric,flat,sidescroll
00:04:00	Arty	that aint 3d -_-
00:04:01	Hakemaru	there is a 3d chess game being made
00:04:04	Hakemaru	on byond
00:04:13	Hakemaru	using non byond related icons
00:04:13	Arty	rofl why????
00:04:24	Hakemaru	u dntn eed to use byond icons to make images
00:04:28	Arty	just make it on c++ -_- and iw ould charge money
00:04:29	Hakemaru	DM allows any image file
00:04:38	Arty	not really
00:04:43	Arty	u know UDK?
00:04:43	Hakemaru	yes really ^_^
00:04:47	Hakemaru	for example
00:04:54	Arty	u cant use animation made fromt here
00:04:59	Hakemaru	u can use a GIF file instead of a DM icon file
00:05:00	Arty	i tried &gt;.&gt;
00:05:05	Hakemaru	or
00:05:09	Arty	i know
00:05:13	Arty	but i cant use any file
00:05:16	Arty	UDK
00:05:17	Hakemaru	u get Unity game creation for 300 dollars
00:05:27	Hakemaru	and u can use there icon files with any coding 
00:05:29	Arty	wat abotu utorrent?
00:05:33	Hakemaru	and they are 3d
00:05:35	Arty	rofl = free
00:05:40	Arty	UDK = better
00:05:46	Arty	^used by proffesionals
00:05:48	Hakemaru	Unity u actually ahve to make the central focus and shit
00:05:59	Hakemaru	Unity is used to make most of the P2P mmos 
00:06:02	Arty	gears of war been madde with udk, parts of call of duty
00:06:27	Arty	if u dont know wat UDK is u cant call urself a programmer O.O
00:06:39	Hakemaru	i dont liek shooting games XD
00:06:51	Arty	its not only for shooting -_-
00:06:51	Hakemaru	did u see the bleach game?
00:06:56	Arty	ehh?
00:07:00	Hakemaru	most RPG games are made with Unity xD
00:07:01	Hakemaru	v
00:07:12	Arty	most ps3 and 360 games with UDK
00:07:18	Arty	ooooooo
00:07:26	Arty	pwned rofl
00:07:48	Hakemaru	i dont really play console games ---_---
00:07:48	Arty	why would u pay 300 dollars wen u can get software for free thats much better
00:07:55	Hakemaru	because 
00:07:56	Hakemaru	Un
00:08:12	Hakemaru	you get paid 10 dollars a month for using Unity to make games
00:08:26	Arty	why would they pay u? O.O im confused
00:08:31	Hakemaru	and 50 dollars a month to test other peoples games well 50 dollars per game
00:08:41	Arty	link me
00:08:43	Hakemaru	its 300 dollars for the software
00:08:48	Hakemaru	and idk if its online xD
00:08:48	Arty	im see if i can download it for free O.O
00:08:55	Hakemaru	i bought a disc 
00:09:04	Hakemaru	it had like 20 different CD keys for it -_-
00:09:07	Arty	and i bought UTORRENT rofl
00:09:10	Hakemaru	12*
00:09:14	Arty	O.o
00:09:24	Hakemaru	Utorrent actually is a Pay for thing
00:09:31	Hakemaru	unless u get the free download
00:09:37	Hakemaru	which isnt as good but still works
00:09:46	Arty	it is O.o
00:10:09	Arty	ehh rofl
00:10:52	Hakemaru	Utorrent is also an illegal prgram xD
00:11:01	Hakemaru	http:///OverlordKilla/BleachOpeningGates
00:11:05	Arty	i know :£
00:11:05	Hakemaru	thats the bleach game
00:11:07	Arty	idc ^.^
00:11:14	Arty	i get everything illegally
00:11:19	Hakemaru	dont
00:11:21	Hakemaru	I*
00:11:30	Arty	waste of money tbh
00:12:13	Arty	its my mates game :3
00:12:20	Arty	the game looks good
00:12:41	Arty	i just think he thinks everything is really good O.o
00:15:09	Hakemaru	whos ur mate?
00:15:15	Hakemaru	Towa?
00:15:24	Arty	serenity
00:15:27	Arty	and towa
00:15:35	Arty	:3
00:15:37	Hakemaru	lol ya bleach opening gates is just me and Towa right now
00:15:45	Arty	how come?
00:16:10	Hakemaru	wait nvm he kicked me out &gt;.&gt;
00:16:14	Hakemaru	what a douche
00:16:18	Arty	lol
00:16:30	Hakemaru	its totally not like i did the coding he has so far or anything -_-
00:16:37	Arty	well my poke game gonna take awhile to code 
00:16:47	Hakemaru	lol
00:16:51	Hakemaru	im bored
00:16:55	Arty	lol mhm
00:16:57	Hakemaru	could I help you with this?
00:17:00	Hakemaru	o_0
00:17:01	Arty	sure ^.^
00:17:08	Hakemaru	i decided helping kats is now LAME!
00:17:14	Hakemaru	he went mav on me -_-
00:17:17	Arty	rofl
00:17:26	Arty	true xD
00:17:43	Hakemaru	so you wanna send me source or use drop box ? or what?
00:17:51	Hakemaru	dont worry BTW i wont release or steal it 
00:18:14	Hakemaru	plus the fact i cant host and i dont know iconners makes me being the owner of a game by myself bad
00:18:26	Arty	i dont really wanna send this source to anyone -_-
00:18:46	Hakemaru	i seriously hate this killer B thing though &gt;.&gt;
00:18:53	Arty	i like cloud :3
00:18:55	Hakemaru	its too blue XD
00:18:59	Arty	so i though wat the hay ^.^
00:19:06	Hakemaru	plus cloud is yellow
00:19:13	Arty	blue in my case! 
00:19:28	Arty	anyway O.o
00:19:39	Arty	i need a new inuzuka clan :3
00:19:54	Hakemaru	i refuse to code Inuzuka BTW
00:20:00	Arty	why -_-
00:20:03	Hakemaru	that whole pet stuff
00:20:10	Hakemaru	not good with pet stuff
00:20:10	Arty	lol
00:20:16	Arty	wat about boil?
00:20:21	Arty	i need new boil jutsu
00:20:27	Arty	not the one kats done
00:21:03	Hakemaru	kats did boil?
00:21:06	Hakemaru	OH YA!
00:21:10	Hakemaru	it was in his source
00:21:12	Arty	its bugged though
00:21:23	Hakemaru	and how the fuck am i gonna code it with no source XD
00:21:34	Hakemaru	i guess ill try and get ahole of Yokatsu
00:21:37	Arty	put it in another source :£ then send me codes
00:21:45	Hakemaru	new comp -_-
00:21:47	Hakemaru	no source
00:21:54	Hakemaru	ill check my sky drive
00:21:57	Arty	lol, get hold of yokatsu then ^.^
00:22:06	Hakemaru	*stabs arty* &gt;.&gt;
00:22:16	Arty	lol
00:22:26	Hakemaru	if you sent me the non updated GOA that only had aburame added then we wouldnt need to wait that much
00:22:37	Arty	i would o.o
00:22:48	Hakemaru	you would what o_0
00:22:50	Arty	too much hassle atm, im going to bed like now O.o
00:22:55	Hakemaru	lol
00:23:05	Hakemaru	it takes like a 5 second download from sendspace 
00:23:06	Arty	wat time u on tomoz?
00:23:12	Hakemaru	im Pacific US
00:23:20	Hakemaru	its 5:30 here
00:23:20	Arty	na upload speed sucks
00:23:29	Arty	so wat time tomoz xD in ur time
00:23:42	Hakemaru	idk i get out of school at 3 -_-
00:23:44	Hakemaru	so idk
00:23:48	Hakemaru	around then i guess
00:23:54	Arty	thats around 9:30 my time
00:24:09	Hakemaru	damn xD
00:24:11	Arty	10 oclock then :3
00:24:20	Arty	10-11 only time i will be free
00:24:31	Hakemaru	add my MSN
00:24:34	Arty	kk
00:24:35	Hakemaru	firewinn@live.com
00:24:37	Hakemaru	lol
00:25:09	Arty	added :3
00:26:14	Hakemaru	-_- i want those damage pop ups
00:26:20	Arty	lol
00:26:21	Arty	:3
00:26:29	Arty	shit took 5 files of coding
00:26:34	Arty	using #define
00:26:46	Arty	u cant use one file, it bugs otherwise O.o
00:27:16	Hakemaru	star wars the old republic 7 days free 
00:27:18	Hakemaru	hmmmm
00:27:30	Arty	rofl
00:27:37	Arty	kk im going to sleep :3
00:27:41	Hakemaru	ima try it !
00:27:41	Arty	laterz ^.^
00:27:44	Hakemaru	dude
00:27:49	Hakemaru	GET NEW BASE ICONS !
00:27:57	Arty	wat new base?
00:27:59	Hakemaru	like original ones XD
00:28:04	Hakemaru	and new grass
00:28:10	Hakemaru	then this game will look original
00:28:12	Arty	u know how long that will take -_-
00:28:22	Hakemaru	not long --_--
00:28:29	Hakemaru	just find an iconner
00:28:33	Arty	not the base, the actual reiconning al clothes
00:28:50	Hakemaru	who needs clothes ?
00:28:53	Arty	rofl
00:29:16	Arty	i copied mikes side combat bar as well
00:29:28	Arty	^.^
00:29:30	Hakemaru	no shit --_--
00:29:38	Arty	mine is better done though!
00:29:51	Hakemaru	nope
00:29:55	Arty	ye!
00:29:57	Hakemaru	you have mikes source ?
00:30:00	Arty	nope
00:30:06	Arty	i did it myself
00:30:39	Arty	i have a very old source of his, its why i got his pavement turf
