15:18:58	Uchiha Igneel	weird seeing this back up 
20:10:17	Naruto	hello
21:42:04	Hyuuga Blue	guys does this game have a future
21:42:18	Yotsuki Verto	*Shrugs* Prob not. Unless Arty finds a host.
21:42:30	Hyuuga Blue	my friendd host
21:42:35	Hyuuga Blue	friend
21:42:44	Hyuuga Blue	buy wow
21:42:56	Hyuuga Blue	so i&#39;ma play revised cay
21:43:11	Azin	anyone there?
21:43:38	Yotsuki Verto	Somewhat
21:44:16	Azin	wheres arty?-.-
21:44:23	Yotsuki Verto	Not on atm?
21:44:37	Yotsuki Verto	He&#39;s on pager. But idk if he&#39;s there.
21:45:03	Azin	-.-
21:53:42	Azin	verto?
21:53:46	Azin	where are u?
21:53:51	Yotsuki Verto	Cha Dojo
21:54:01	Azin	ok
21:54:03	Azin	coming
21:58:19	Azin	lol?
22:13:39	Religion	hi all
22:13:54	Religion	this game looks awesome i will give credit for it
