19:36:28	Uchiha Raiden	huh
19:36:32	Uchiha Raiden	whats this
19:36:32	Arty	o.o
19:36:38	Yamanaka Shin	o.o
19:36:38	Uchiha Raiden	thats new
19:36:40	Arty	what what? O.o
19:36:49	Uchiha Raiden	chiha Raiden is using the same IP Address as Cyph_no_Ippo
\
19:37:00	Arty	i told you i finished the source 
19:37:03	Arty	o.o
19:37:17	Arty	mapping needs to be fixed a little but thats it
19:37:21	Uchiha Raiden	lol sorry just that ive been gone for a whiilee cause i thought this game was 
19:37:32	Uchiha Raiden	over witth and you quited
19:38:08	Arty	mhm i know ;3
19:38:19	Uchiha Raiden	lol you should give this a 2nd chance
19:38:28	Uchiha Raiden	revise is gone
19:38:31	Uchiha Raiden	gates leaked
19:38:39	Arty	yep revise is gone :O
19:38:46	Uchiha Raiden	lol thats good though
19:38:50	Uchiha Raiden	about time
19:39:00	Arty	douta is just scared of the competition and losing
19:39:04	Medz	.
19:39:08	Arty	whats up xD
19:39:14	Uchiha Raiden	Can i reiceve the rank?&gt;
19:39:23	Arty	what rank o.o
19:39:29	Uchiha Raiden	Under dev
19:41:33	Uchiha Raiden	you there?
19:42:08	Arty	ye
19:42:45	Uchiha Raiden	can i &gt;
19:43:32	Arty	nope o.o
19:43:39	Arty	its not coming up for long :O
19:44:00	Uchiha Raiden	if one day you decide to go Legit again IM here! :D
19:45:11	Arty	ok ! xD
19:45:24	Uchiha Raiden	shit sunaki?&gt;
19:45:28	Sunaki	&gt;.&gt;
19:45:31	Uchiha Raiden	long time ive seen that name
19:45:36	Sunaki	o_o
19:45:39	Sunaki	who u
19:45:51	Uchiha Raiden	admin of this back then
19:46:07	Uchiha Raiden	you were here like the first 3 days
19:46:12	Uchiha Raiden	beta testing
19:46:30	Sunaki	O_O
19:48:20	Sunaki	LOL
19:48:23	Sunaki	nw thats op
19:48:27	Sunaki	LOLOL
19:48:46	Sunaki	my water clone uses water flone
19:48:48	Sunaki	clone
19:50:33	Sunaki	qq
19:50:52	Arty	-_-
19:50:55	Sunaki	&gt;=o
19:50:59	Sunaki	my clones to op
