00:08:23	Arty	!
00:08:41	Arty	sd
00:09:19	Goob	ROAR
00:09:21	Goob	ARTYYY
00:09:50	Arty	asa
00:09:53	Arty	roar
00:09:55	Arty	roar
00:10:04	Goob	ok come to me and gimme up some jutsu
00:10:12	Goob	:3 and levels
00:10:15	Arty	wat u think? O.o
00:10:22	Haku	EPIC
00:10:22	Goob	i like it
00:10:28	Goob	whats level cap?
00:10:39	Goob	levels?
00:11:08	Arty	accept!
00:11:10	Goob	accepted it
00:11:14	Arty	kk &gt;.&lt;
00:11:16	Arty	hold on
00:11:41	Haku	Arty your only challenge is Gates :P 
00:11:53	Haku	besides that your good
00:11:54	Goob	-_- gates aint shit
00:11:54	Arty	gates aint really a challenge compared to this ^.^
00:12:09	Arty	u got to admit
00:12:10	Haku	Gates got players do, and tis popular, last time it got 136 players
00:12:14	Goob	gates has so many bugs and problems it aint funny
00:12:16	Haku	yea it isnt but ppl still like it
00:12:35	Arty	ye i but they will prefer this
00:12:44	Arty	im making this game auto run itself as well
00:12:50	Arty	chuunin auto hosted
00:12:50	Haku	nice
00:12:52	Arty	etc
00:13:00	Arty	only thing i pick is leaders ^.^
00:13:14	Arty	sorry just testing mute verb out
00:13:19	Arty	vote mute*
00:13:24	Arty	o ye
00:13:26	Arty	haku
00:13:30	Arty	press g
00:13:34	Arty	or special charge O.o
00:13:42	Arty	its my balancing system ^.^
00:13:45	Haku	sweet
00:13:55	Arty	thnx every jutsu has a special cost :3
00:14:20	Haku	well goodluck, I cantwait ^__^
00:17:37	Arty	:3
00:17:44	Arty	goober
00:17:45	Arty	!
00:17:49	Arty	leave sqaud
00:18:00	Goob	BACK
00:18:06	Arty	wb! leave squad :3
00:18:13	Goob	kk
00:18:49	Goob	i accepted
00:18:57	Arty	rofl u werent supposed to get invite xD
00:19:02	Arty	need to fix des :3
00:21:00	Arty	ima try to fix the squad stuff :3
00:21:50	Goob	kk
00:25:31	Arty	ima rehost see if squad war is fixed :3
00:25:37	Goob	kk
00:25:44	Goob	HEY
00:25:48	Goob	WHERE U GO
02:25:42	Arty	asd
