15:10:31	Uchiha Rexen	hey
15:10:40	Uchiha Rexen	this is pretty laggy for me
15:10:54	Arty	i know im crap at hosting
15:11:01	Arty	i ned a host D:
15:11:08	Arty	need*
15:11:22	Uchiha Rexen	well i havent hosted in awhile but i can probably do it for you
15:11:30	Uchiha Rexen	just need to fix my port forwardings
15:11:49	Arty	Are u no laggy then? :3
15:11:55	Arty	none*#
15:12:21	Uchiha Rexen	im not laggy
15:12:35	Uchiha Rexen	i hosted one of those naruto evolution servers around 5 days in a row
15:12:40	Uchiha Rexen	no lag
15:12:55	Arty	kk o.o tell me wen u get it sorted out then xD
15:13:02	Uchiha Rexen	i already fixed my ports
15:13:23	Arty	kk ill send u hostfiles
15:13:32	Uchiha Rexen	alright
15:13:42	Uchiha Rexen	also i dont want any gm or mod thing for doing this lol i like staying normal
15:14:42	Arty	kk :3
15:15:36	Arty	uploading it now
15:15:43	Uchiha Rexen	alright
15:19:24	Sunaki	uhh
15:19:33	Arty	hi ^_^
15:19:33	Sunaki	why so laggy =/=
15:19:38	Arty	cos im hosting o.o
15:19:41	Arty	changing host in min
15:19:44	Arty	:3
15:19:48	Azin	xD
15:20:11	Arty	need to rebuild &gt;;O
15:24:06	Uchiha Shinn	may i be summoned?*-*
15:24:21	Arty	yep ^_^
15:25:33	Sunaki	leggo summon
15:26:16	Sunaki	looooooool
15:26:17	Arty	rofl hold on xD
15:26:31	Sunaki	eww this is gay
15:26:35	Arty	send it to me on pager xD
15:26:39	Sunaki	shark skin doesnt boost
15:26:45	Arty	it shouldnt boost
15:26:46	Uchiha Shinn	lol
15:26:47	Arty	o.o
15:26:49	Uchiha Shinn	it dont boost
15:26:52	Sunaki	&gt;.&gt;
15:26:54	Arty	it reduces chance of getting wounds
15:26:55	Uchiha Shinn	it reduces wounds drastically
15:27:02	Arty	^
15:27:13	Sunaki	i mean the shark thingy move
15:27:21	Sunaki	You turn into a shark like figure

15:27:22	Arty	run on water
15:27:24	Arty	:3
15:27:34	Uchiha Rexen	alright arty tell me when you get the page
15:27:35	Arty	everything happens on water
15:27:38	Arty	kk
15:27:42	Uchiha Rexen	that should work
15:27:46	Uchiha Shinn	hmm
15:27:51	Arty	it wat makes that move balanced :)
15:30:37	Arty	its lagging a bit o.o hold on
15:30:44	Arty	kk
15:30:51	Kitashi	woah
15:30:57	Kitashi	Namikaze clan looks good :P
15:31:02	Sunaki	OP
15:31:09	Sunaki	shark to op QQ
15:31:12	Uchiha Shinn	oped only cause of tobi moves
15:31:40	Uchiha Shinn	its the sad true
15:31:43	Uchiha Shinn	-.-
15:32:09	Arty	lol
15:32:17	Arty	is it? o.o
15:32:31	Uchiha Shinn	it should be a uchiha move
15:32:32	Uchiha Shinn	&gt;.&lt;
15:32:46	Kitashi	not rlly .-.
15:32:51	Kitashi	cuz uchihas dont control time
15:32:51	Uchiha Shinn	sure it do
15:32:55	Uchiha Shinn	omfg...
15:32:59	Uchiha Shinn	its just a name
15:33:05	Uchiha Shinn	tobi call time space jutsu
15:33:11	Uchiha Shinn	kakashi call it kamui
15:33:17	Uchiha Shinn	but ITS THE SAME FUCKING SHIT
15:33:19	Uchiha Shinn	-.-
15:33:23	Kitashi	nop
15:33:30	Uchiha Shinn	so whats the difference?
15:33:33	Kitashi	Namikaze is Hiraishin
15:33:37	Uchiha Shinn	..
15:33:38	Kitashi	it makes u teleport
15:33:39	Uchiha Shinn	but 
15:33:40	Uchiha Shinn	here
15:33:43	Kitashi	Tobis
15:33:44	Uchiha Shinn	namikaze get tobi jutsus
15:33:48	Uchiha Shinn	its wrong
15:33:49	Kitashi	he can telpoert without Kunai
15:33:57	Uchiha Shinn	......
15:33:58	Uchiha Shinn	lol
15:33:59	Kitashi	its not laggy .-.
15:33:59	Uchiha Shinn	srsly
15:34:07	Kitashi	idk but they are different
15:34:09	Kitashi	somhow
15:34:28	Kitashi	im not lagging
15:35:26	Arty	kitashi join new server ^_^
15:35:37	Kitashi	but im not lagging .-.
15:43:48	Monoxide	arty this the new server
15:43:53	Sunaki	no
15:43:58	Sunaki	the other one
15:44:02	Monoxide	links
15:54:21	Sunaki	byond://98.196.22.39:57997 
19:17:43	Arty	aa
