01:07:55	Ayumi	O.o
01:08:11	Katsuya	the bars are like Unlimited reborn
01:08:12	Arty	what u think about the special bar?
01:08:20	Arty	cos i stol there icon
01:08:22	Arty	:£
01:08:27	Ayumi	What is that?
01:08:28	Arty	i can always change it :3
01:08:43	Arty	special bars are for jutsu
01:08:55	Katsuya	ohh
01:08:55	Ayumi	What do you mean?
01:09:35	Ayumi	Meh..
01:09:58	Ayumi	Seems too complicated.
01:10:34	Katsuya	it does tak the use out of the chakra bar
01:10:48	Ayumi	^
01:11:03	Katsuya	U should use the special bar as a chakra bar
01:11:13	Katsuya	and implement that idea
01:11:46	Katsuya	u can also
01:11:48	Katsuya	use
01:11:54	Katsuya	charge
01:11:57	Katsuya	mide jutsu
01:12:08	Arty	mide jutsu?
01:12:14	Katsuya	Like she could use odama
01:12:19	Katsuya	and hit g at the same time
01:12:28	Katsuya	so the bar
01:12:31	Arty	someone thought of that idea
01:12:33	Katsuya	still needs work
01:12:36	Katsuya	that takes away
01:12:40	Katsuya	from the spamm less thing
01:12:46	Katsuya	if u can charge it while using jutsu
01:12:46	Arty	wat bar? O.o
01:12:51	Katsuya	special bar
01:12:59	Arty	ye u can charge it to use jutsu
01:13:03	Katsuya	NO
01:13:05	Arty	its the same as generations
01:13:06	Katsuya	Im saying u 
01:13:10	Arty	mhm?
01:13:18	Katsuya	made it so u can charge it while
01:13:31	Katsuya	u use jutsu
01:13:36	Katsuya	wich makes the bar pointless
01:13:48	Arty	im confused
01:14:23	Arty	wouldnt that just be pointless then O.o
01:15:54	Katsuya	Arty its dumb
01:16:09	Katsuya	because u can charge the special bar
01:16:12	Katsuya	While usingjutsu
01:16:30	Katsuya	Do that and remove my damn katon burns
01:17:44	Katsuya	-_-
01:32:48	Goov	wooow
01:32:53	Goov	change my name to goob*
01:32:58	Arty	u like it? O&gt;o
01:33:05	Goov	this is epic
01:33:11	Arty	thx ^&gt;^
01:33:23	Arty	turn special on
01:33:27	Arty	press shift+g
01:33:31	Arty	or the button
01:33:36	Arty	then charge it
01:33:39	Arty	by pressing g
01:33:42	Arty	or the button
01:33:50	Arty	ok
01:33:51	Goov	ohhhh i see
01:33:55	Goov	too charge chakra
01:34:01	Arty	nope
01:34:04	Arty	its a bar system
01:34:07	Arty	to prevent spamming
01:34:11	Arty	so for example
01:34:16	Arty	were in a heated up fight
01:34:20	Goov	isnt this old unlimited map?
01:34:23	Arty	and ur bar is low
01:34:31	Arty	nope its a little bit of salvaiton
01:34:39	Arty	ok
01:34:47	Goov	this is nice
01:34:51	Arty	if u charge ur bar
01:34:53	Arty	thx xD
01:34:59	Arty	ur stunned and ur vulnerable
01:35:11	Arty	u can stop charging buy pressing macro again
01:35:16	Arty	or the button
01:35:17	Arty	ok
01:35:25	Arty	ye, without this bar
01:35:26	Goov	ur pretty much making youths unbeatable now XD
01:35:34	Arty	rofl
01:35:50	Arty	it sorter makes youths usable
01:35:52	Arty	but no
01:35:54	Goov	gimme a tailed beast =.=
01:35:59	Arty	this bar will be for everything
01:36:04	Arty	u have to use it for gates
01:36:19	Arty	i havent coded it for everything its only coded for element
01:36:21	Arty	so ye
01:36:24	Arty	wat u think?
01:36:33	Goov	have u changed the icons on jutsus yet?
01:36:41	Arty	wat u mean&gt;
01:37:02	Goov	are the icons on the jutsu same as all the other games or are u recreating them
01:37:07	Goov	to be original
01:37:18	Arty	ehh the goa ones are the same :3
01:37:36	Arty	cos im not an iconner, its hard finding a good iconner
01:37:42	Goov	i like the lil icons in the clan menu
01:37:58	Arty	thx xD
01:38:13	Arty	ok to the bar thing, i wanna know if its stupid, good or wat? xD
01:38:39	Arty	i made it so people wont spam jutsu and op jutsu will be harder to use
01:38:46	Goov	yea i like it
01:38:58	Arty	kk ima give u levels
01:39:01	Arty	and fight me with it
01:39:05	Arty	i wanna see it :£
01:39:17	Arty	btw there are new jutsu
01:39:25	Arty	there just not on clan tree yet
01:39:31	Arty	i add them lsat
01:39:36	Goov	give me like 2 of the new jutsu
01:39:43	Arty	which element?
01:39:54	Goov	uhh 
01:40:02	Goov	one from doton and one from lightning
01:40:07	Arty	kk xD
01:40:56	Goov	o.O those look weird
01:41:05	Arty	lol test them on test fuy
01:41:09	Arty	guy*
01:41:15	Goov	one sec after i do my build
01:41:32	Arty	btw u can change macro for special bar as well :3
01:41:41	Arty	the default macro is G though
01:41:56	Arty	read the special system info about this system i included
01:42:19	Goov	kk
01:42:46	Arty	so do u think its good atm?
01:42:52	Goov	yes
01:42:57	Arty	kk :)
01:43:03	Goov	no one can complain about the game not being balanced now
01:43:11	Arty	i know rofl
01:43:36	Arty	original goa is balanced cos the jutsu are not extreme power 
01:44:07	Goov	ikr
01:44:13	Arty	but people want the new jutsu in the anime and manga so i introduced this system to allow a balanced fighting system with the new moves xD
01:45:13	Goov	XD im gonna rape you this character is boss
01:45:19	Arty	rofl xD
01:45:21	Arty	kk :3
01:55:47	Goov	i gotta re buy the jutsu XD
01:55:56	Arty	lol i gotta regive jutsu xD
01:56:00	Goov	no
01:56:03	Goov	i still got those
01:56:08	Arty	o ok xD
01:58:34	Goov	ur a capacity?
01:58:42	Arty	mhm :3
01:58:49	Goov	=.=
01:58:55	Goov	&lt;-- battle
01:58:55	Arty	rofl
01:59:18	Arty	&lt;-- capactiy
01:59:49	Arty	no rebirth
01:59:50	Goov	ight im ready i think
01:59:59	Arty	hold on lemme get diff hair xD
02:00:52	Goov	arena
02:01:03	Goov	O.o
02:01:03	Arty	LOL
02:01:12	Arty	we both challenged at the same time
02:02:00	Arty	recharge bar rofl
02:02:12	Arty	did u read the hing O.o
02:02:12	Goov	it not wroking
02:02:21	Arty	cos u gotta turn the special mode on
02:02:24	Goov	im charging it and its on but cant use jutsu
02:02:37	Arty	press the special button
02:02:45	Arty	then press special charge :3
02:02:48	Goov	there we go
02:03:34	Goov	...
02:04:25	Arty	wind style shuriken :3
02:04:27	Arty	wat u think?
02:05:33	Goov	this shit is hard
02:05:34	Arty	only partially &gt;.&lt;
02:05:38	Arty	wat u mean?
02:05:42	Goov	but gf 
02:05:45	Goov	i g2g
02:05:51	Arty	kk bye wat u mean by hard?
02:06:01	Goov	cause u dont knkow how much special u need for each attack
02:06:11	Arty	it will tell u in combat
02:06:13	Arty	:3
02:06:16	Arty	dw
02:06:18	Arty	i will make
02:06:22	Arty	skill description
02:06:24	Arty	like goa
02:06:33	Goov	kk cool but i g2g now ill see you tomarrow
02:06:33	Arty	to inform people of that and the chakra cost damage etc
02:06:40	Arty	kk bye ^.^
02:06:43	Goov	cya
02:06:47	Arty	:P
03:38:10	Aburame Rance	:o
03:38:16	Arty	so wat u think?
03:38:17	Aburame Rance	the start screen was beast
03:38:21	Arty	thx ^.^
03:38:25	Arty	btw
03:38:28	Arty	i i have
03:38:37	Aburame Rance	i liked how u had icons next to the clans
03:38:48	Arty	thx :)
03:39:56	Aburame Rance	ahhh
03:40:24	Aburame Rance	sounds like its gunna be awesome..but 1 thing i would recommend is that u make these jutsu costly
03:41:00	Aburame Rance	the higher ranking elemental jutsu
03:41:08	Arty	i will
03:41:16	Arty	but wat do u think about this
03:41:20	Arty	no other goa has it O.o
03:41:24	Arty	i added a special bar
03:41:25	Aburame Rance	u seen what happened to those games where all the elemental jutsu are hella easy to come by
03:41:32	Arty	i know :P
03:41:37	Aburame Rance	everyone just develops the same lame as build
03:41:48	Arty	this game is balanced though xD
03:41:51	Arty	well trying
03:42:00	Arty	i added a new special bar
03:42:09	Arty	u use it for every jutsu
03:42:22	Arty	higher and better  the jutsu more special points u will use up
03:42:33	Aburame Rance	ya i like how its right out there
03:42:37	Arty	u can recharge it but ur vulnreable to attack while ur charginig
03:42:50	Arty	thx ^.^
03:43:08	Aburame Rance	:oo
03:43:12	Aburame Rance	ii like that
03:43:13	Arty	i made the bar to introduce more skill to a goa and people stop spamming shunshin and jutsus constantly
03:43:19	Arty	thnx Xd
03:43:26	Aburame Rance	so people cant just run around and use all the high ranking jutsu like those nubs do
03:43:31	Arty	yep :)
03:43:47	Arty	also i removed shunshin+jutsu so noobs cant shunshin jutsu
03:44:13	Arty	oo and NO other goa rip has done this
03:44:16	Arty	ok go to
03:44:20	Arty	non clan tree
03:44:20	Aburame Rance	oh and another thing u might run into are the :ooo
03:44:30	Arty	the wat? O.o
03:44:34	Aburame Rance	i likes how u removed shushin+ jutsu
03:44:41	Arty	thx :)
03:44:43	Aburame Rance	this game will deff make it to the top
03:44:50	Arty	thx ^.^
03:44:59	Aburame Rance	with good advertisement
03:45:14	Arty	i know ima recruit noobs to advertise for me xd
03:45:22	Arty	tell people about this game O.o
03:45:30	Aburame Rance	i was about to say before u mentioned the whole shushin thing
03:45:36	Arty	kk
03:45:39	Aburame Rance	that people will bitch about runners
03:46:02	Arty	its why u have arenas and ima make sure to block hospitals
03:46:08	Arty	wen ur in combat
03:46:30	Arty	cos i hate those people as well i thought about that xD
03:46:41	Arty	also my game has tai lock which means taijutsu slows u down
03:46:48	Aburame Rance	ya thats what i was getting to if there are would be a ay to prevent people from just running into a safe zone or hospital while in combat
03:47:00	Arty	exactly :P
03:47:25	Arty	ok wat i will like to proudly introduce to this game that only officals have is skill information
03:47:27	Arty	^
03:47:38	Arty	i ahve only coded it in for lightning element atm
03:47:43	Arty	so go to non clan
03:47:49	Arty	then click on a lightning jutsu
03:47:57	Aburame Rance	ahhh
03:48:02	Aburame Rance	ohh epic
03:48:05	Arty	and the title of the jutsu i forgot to remove a word so the title looks fuked up
03:48:08	Arty	thnx xD
03:48:38	Arty	im out doing all other goas :P
03:49:12	Aburame Rance	indeed....the feature i especially liked was the jutsu balancing system
03:49:24	Aburame Rance	that though will bring on more tai users than ever
03:49:32	Arty	i know :P
03:49:39	Aburame Rance	people will flock to tai cause they may find it easier
03:49:42	Arty	it will make youths useful like in officials
03:49:53	Arty	yep ^.^
03:50:11	Aburame Rance	id watch out for that cause it may backfire..:D
03:50:38	Gai	arty :D
03:50:41	Arty	ye?
03:50:52	Gai	nigga happy to see u
03:50:53	Arty	lol i will nerf youths xd
03:50:56	Arty	hey xD
03:51:07	Gai	i see the charge is in
03:51:17	Gai	sure
03:51:18	Aburame Rance	ya Gai the charge looks epic man
03:51:20	Arty	i changed it to unlimited
03:51:40	Gai	lol  and imma be staff  &lt;3.&lt;3 epiccccc
03:51:56	Gai	u pixled this?
03:51:59	Aburame Rance	but Gai what i told him was that all the people with str/con builds will dominate the server  since charge willl limit jutsu use
03:53:11	Gai	hmm
03:53:33	Aburame Rance	true true
03:54:08	Gai	ooo
03:54:31	Gai	surew
03:54:49	Aburame Rance	yup
03:54:52	Gai	has rance contributed?
03:55:14	Gai	lol
03:55:26	Aburame Rance	yay..:D i can contribute..:D cash moneh
03:55:37	Arty	ye ima add donation points :P
03:55:49	Aburame Rance	:o
03:55:50	Arty	thats one of the new ones
03:55:57	Arty	but it wasnt wat i wanted to show rofl
03:56:17	Gai	&lt;.&lt; me staff right arty
03:56:27	Arty	ye lol u helped me out a lot
03:56:31	Aburame Rance	:oooo
03:56:41	Gai	how does that work
03:56:46	Gai	the donation points thing
03:56:48	Arty	o ye the electric wire turns on after u use every lightning jutsu
03:56:50	Aburame Rance	plp can use things around the village to aid jutsu..:O
03:57:12	Gai	lol this is  crazy
03:57:16	Aburame Rance	ikr
03:57:32	Arty	i know :) best game ima make ^.^
03:58:01	Gai	i know how to
03:58:09	Gai	dodge  a rock tech :)
03:58:19	Gai	rance doesnt know :p
03:58:36	Gai	arty
03:58:40	Aburame Rance	plz..&gt;.&gt;...earth jutsu easy 2 dodge
03:58:42	Gai	make an opening screen
03:58:49	Gai	explaining the game
03:58:52	Arty	now to show the best earth move
03:58:55	Gai	or a taff almanac
03:59:01	Arty	wat u mean explaining?
03:59:02	Gai	staff*
03:59:20	Gai	like for staff make a thing listing how things work
03:59:30	Gai	cause this game is growing w. surprises O.o
03:59:44	Arty	rofl kk will do :P
03:59:52	Arty	ill make a little verb of the new stuff and how they work
04:00:13	Arty	u like it? O.o
04:00:17	Gai	how does the points work
04:00:28	Gai	u gonna make an integrated
04:00:31	Gai	paypal
04:00:34	Aburame Rance	XD
04:00:39	Gai	system
04:00:59	Gai	like
04:01:01	Arty	move is the new earth style move that reborns the ded but much weaker
04:01:03	Gai	even if your not on
04:01:23	Gai	when they pay ,they auto get that bundle of points
04:01:26	Arty	ima try but i highly doubt it O.o
04:01:31	Gai	they pruchased
04:01:41	Arty	cos i cant link the paypal internet system to detect wen they paid 
04:01:51	Gai	oh ok
04:02:06	Gai	you adding the mangekyos from reborn?
04:02:10	Arty	i can make it so wen they click it but wen they click the button they wont instantly pay and people will abuse
04:02:24	Arty	i have added itachi,sasuke and tobi
04:02:30	Arty	tobi doesnt have mangekyou
04:02:33	Arty	he has 4 moves
04:02:44	Gai	hmm yeah imma join 7sm
04:02:47	Arty	btw my tobi moves arent like mavs op shit
04:02:52	Gai	when official game
04:02:54	Gai	is up
04:02:57	Arty	kl :P
04:03:05	Aburame Rance	:D
04:03:08	Gai	your giving staff &gt; faction changer verb?
04:03:14	Arty	nope
04:03:15	Gai	you need to make a head staff
04:03:18	Arty	only me
04:03:25	Arty	na just a gm O.o
04:03:34	Gai	caUSE ppl arguinh about
04:03:36	Arty	gm will get admin verbs but classed as gm
04:03:39	Gai	Oh i want kage and shity
04:03:46	Gai	oh i see
04:03:51	Gai	fair to me
04:03:57	Arty	i will set time and dates and wen im hosting the leader events :P
04:04:04	Aburame Rance	summon..XD
04:04:38	Gai	lol,working w. arty
04:04:39	Arty	the earth reborn move is 100 special points as well xD
04:04:45	Gai	best decision
04:04:54	Arty	xD
04:04:57	Gai	ever madee after all the Bsed]
04:05:06	Arty	:P
04:05:08	Gai	ppl have done to me in byond
04:05:13	Aburame Rance	plp will stick more to their clan jutsus now with this system
04:05:20	Arty	^
04:05:21	Arty	true
04:05:32	Arty	oo
04:05:34	Arty	gai
04:05:41	Arty	u know officials has skill description
04:05:47	Gai	yesh
04:05:52	Arty	i have it for mine :)
04:05:53	Aburame Rance	cause on those games like gates and revised we got Hyuugas only whoring wind swordchidori and shit hardly ever touching their clan jutsu
04:05:56	Gai	put that in unlimited does
04:06:03	Arty	na
04:06:09	Arty	unlimited only describes the jutsu
04:06:16	Gai	it&#39;ll add to the game friendly
04:06:20	Arty	i have mine as proper officials but editted to make it look fancy
04:06:30	Gai	oh
04:06:33	Arty	rance i know xD
04:06:37	Aburame Rance	the trees here look so detailed
04:06:39	Gai	officials should die outt
04:06:46	Arty	thx everyone comments ont he trees xD
04:06:54	Gai	i love the pixelling
04:06:55	Arty	gai go to lightning
04:07:00	Arty	and click on a jutsu
04:07:03	Arty	ull see it
04:07:10	Arty	the title is fuked up but i fixed it
04:07:23	Arty	but everything else is good i only coded the thing for lightning atm
04:07:35	Arty	coding skill descrip takes a long time
04:08:05	Gai	yeah but
04:08:09	Gai	hard labor
04:08:15	Gai	pays off
04:08:19	Arty	true :P
04:08:25	Arty	did u look at it yet? xD
04:08:25	Gai	i found the key
04:08:30	Gai	to why rips die
04:08:36	Arty	how come? o.o
04:08:38	Gai	and soon will be 
04:08:42	Gai	gates demise
04:08:53	Gai	going over board w. copy and pasting
04:09:01	Arty	true xD
04:09:16	Arty	did u invite him  O.o
04:09:24	Aburame Rance	its not just that dude...i mean if u look at the whole gaming experience as a whole youll see why those Rips died..
04:09:35	Aburame Rance	first of all u get to lvl 70 in like an hour
04:09:37	Arty	cos it was boring?
04:09:40	Aburame Rance	without Gm edits
04:09:50	Aburame Rance	all the jutsu are 2 easy to get your hands on
04:10:00	Aburame Rance	when u get them its like no sense of accomplishment
04:10:07	Arty	^ i know right
04:10:17	Arty	u think 100 rate is good?
04:10:40	Arty	1000*
04:10:44	Aburame Rance	and there isnt a variety in skill either because of all the jutsu being so easy to get people use the same top of the line jutsu over and over and over
04:11:00	Arty	^ its why i made my system xD
04:11:08	Aburame Rance	and its gets to the point where u just know what to expect from fighting this this person cause everyone is using the same combos
04:11:10	Arty	ehh i need to test out ctf :3
04:11:20	Arty	thats true :P
04:11:25	Gai	fixed arena?
04:11:30	Arty	ye try it
04:11:33	Arty	challenge me
04:11:52	Arty	&gt;.&lt;
04:12:04	Arty	did u both send invites? O.o
04:12:25	Gai	nope ur hosting public
04:12:37	Gai	but hes cool
04:12:40	Arty	i mean
04:12:42	Gai	hes one of the people
04:12:43	Arty	for the arena
04:12:47	Aburame Rance	lol
04:12:52	Gai	i arranged to come along w. ayumi before
04:12:54	Arty	did u both send player challenges
04:13:01	Gai	no i sent
04:13:09	Gai	he just somehow accepted
04:13:10	Aburame Rance	na i recieved 2 challenges
04:13:48	Arty	lol &gt;.&lt; im really confused why it sends two &gt;.&lt;
04:13:59	Gai	naaa i sent more than one
04:14:43	Arty	&gt;.&gt;
04:14:45	Arty	rofl
04:15:11	Arty	wen most things are done ima try to readd more than one arena &gt;.&lt;
04:15:11	Aburame Rance	:D
04:15:20	Arty	cos i need that :3
04:16:18	Gai	arty
04:16:25	Gai	imma remake into an uchiha
04:16:48	Arty	kk :3
04:16:56	Aburame Rance	i like how u actually die in arena..:D
04:16:58	Arty	but uchiha dont have there new jutsu ib yet
04:16:58	Gai	and my friend garu
04:17:05	Gai	whisped me his ooc dont work
04:17:11	Arty	ur supposed to spawn wen u die rofl xd
04:17:22	Aburame Rance	na id keep it this way
04:17:29	Arty	tell him to press ooc button
04:17:35	Aburame Rance	:D gives more meaning to arena fights
04:17:40	Gai	it&#39;s his resolution
04:17:55	Arty	wat u mean? O.o
04:18:02	Arty	wats up with his reso O.o
04:18:18	Gai	idk
04:18:25	Gai	i used to have that problem
04:18:28	Arty	wats wrong with him exaclty? O.o
04:18:53	Gai	he cant adjust his res
04:19:01	Gai	hes screen is too zoomed in
04:19:11	Arty	wat system is he on?
04:19:14	Gai	hold on arena bugged i think
04:19:18	Gai	i killed him
04:19:26	Gai	aint i suppose to get out
04:19:30	Gai	and its not the game
04:19:34	Gai	its him
04:19:39	Arty	kk :3
04:19:45	Aburame Rance	XD
04:19:48	Gai	his windows
04:20:01	Gai	summon him ,hes asking me for lvls to test
04:20:23	Gai	make rance fight his own revived corpse
04:20:31	Gai	rock tech gogogog
04:21:10	Arty	np
04:21:16	Arty	lol kk :3
04:21:56	Aburame Rance	lol
04:22:03	Arty	wow i killed him with two swipes O.o
04:22:05	Uchiha Raiden	summon me
04:22:09	Arty	i think i should make it more op
04:23:00	Aburame Rance	ya the revived do need more power
04:23:09	Uchiha Raiden	here u need
04:23:21	Uchiha Raiden	3 tomoe?
04:23:28	Uchiha Raiden	for ms
04:24:40	Arty	O.o
04:24:43	Arty	nope
04:24:58	Arty	i will make ms buyable just u need 10 kills before u can obtain it ^.^
04:25:19	Arty	make uchihas work for there motherfuking jutsu
04:25:32	Uchiha Raiden	ah i&#39;d prefer getting it randomize
04:25:48	Aburame Rance	ya uchiha should need hella kills for their ms
04:25:58	Uchiha Raiden	get 10 kills
04:26:03	Uchiha Raiden	and get it
04:26:06	Aburame Rance	2 easy....
04:26:06	Uchiha Raiden	randomize
04:29:43	Arty	O.o
04:29:59	Arty	randomize, people will get pissed off cos they didnt get the thing thye wanted
04:30:08	Uchiha Raiden	true
04:30:18	Arty	i like to give a player freedom to choose his own build,character etc
04:30:36	Arty	i dont like to make it on chance or i choose it for them
04:31:11	Uchiha Raiden	arty
04:31:15	Arty	mhm? O.o
04:31:16	Uchiha Raiden	I got the skinning fized
04:31:21	Aburame Rance	tbh taijutsu is a dangerous thing now than jutsus are limited
04:31:21	Uchiha Raiden	fixed on my unlimited
04:31:28	Arty	nice xD :3
04:31:32	Uchiha Raiden	til the game is finished imma sand boz play on it
04:31:39	Arty	true rance xD
04:31:43	Uchiha Raiden	code u in co-owner since
04:31:52	Uchiha Raiden	u already all there is
04:31:54	Uchiha Raiden	to it
04:32:01	Arty	kk :P
04:32:05	Uchiha Raiden	to it theres a steal icon vrb
04:32:12	Uchiha Raiden	icon verb*
04:32:14	Arty	O.o rofl
04:32:21	Uchiha Raiden	see how sneaky mav was
04:32:22	Arty	why would i steal and icon xD :3
04:32:30	Uchiha Raiden	thats what i mean
04:32:38	Uchiha Raiden	lol making u co owner verbs
04:32:45	Arty	kk ^.^
04:32:51	Aburame Rance	might wanna put a damper on tai damage since alll it takes to beat more of the nin build characters will be good kawa sets and shushin spam with the abutton
04:33:14	Arty	shunshin spam is removed due to that bar as well xD
04:33:17	Aburame Rance	the A button
04:33:23	Uchiha Raiden	make
04:33:26	Uchiha Raiden	needles
04:33:32	Uchiha Raiden	not come out when u stand
04:33:44	Arty	reduce tai a bit? O&gt;o
04:33:47	Aburame Rance	oh ya needles  need 2 be deatht with..XD
04:33:58	Uchiha Raiden	Like how can i say 
04:34:07	Aburame Rance	see how its basically a staple jjtsu in those other games
04:34:10	Uchiha Raiden	not like  make them come out just when u stand
04:34:15	Aburame Rance	even the tai users use needles
04:34:19	Arty	death with? O.o
04:34:26	Uchiha Raiden	death with lololol
04:34:29	Aburame Rance	ya lets do something avout that..XD
04:34:43	Arty	about wat! rofl im confused
04:34:47	Uchiha Raiden	rance u know what i mean right?
04:34:51	Aburame Rance	needle spam..:D
04:35:01	Uchiha Raiden	when u shushin
04:35:04	Arty	needle spam &gt;.&lt;
04:35:06	Uchiha Raiden	u use needle
04:35:21	Arty	prevent shunshin needling? O.o
04:35:33	Uchiha Raiden	ahh idc,this game either way gonna kick ass
04:35:38	Arty	w8!
04:35:43	Uchiha Raiden	i see arty&#39;s point of  view
04:35:46	Arty	i need to prevent noobing :3
04:35:53	Uchiha Raiden	lllol
04:36:02	Arty	so shunshin needling? O.o
04:36:15	Aburame Rance	ya needle spam is a Staple in Revised and Gates
04:36:25	Arty	kk
04:36:26	Uchiha Raiden	i mean how needle normaly is
04:36:40	Arty	both of u are saying diff things lol
04:36:51	Uchiha Raiden	lol idk realy up to you
04:36:59	Arty	i can add a little sleep before u can use the stuff again
04:37:13	Uchiha Raiden	hold on this game has the witcher&#39;s hair?
04:37:38	Aburame Rance	Meh its like U actually expect everyone u fight to use Needles......lets try to get rid of that by idk..making it a more expensive jutsu? or we could up the cooldown
04:37:55	Uchiha Raiden	eww
04:37:58	Uchiha Raiden	ppl will btich
04:38:05	Uchiha Raiden	leave it how it is
04:38:06	Aburame Rance	those plp are newbs
04:38:13	Uchiha Raiden	rance ppl
04:38:20	Uchiha Raiden	have diff point of views
04:38:29	Aburame Rance	hes trying to balance the game
04:38:41	Uchiha Raiden	just leave needles how it is
04:39:09	Arty	O.o kk
04:39:10	Aburame Rance	stun spam is a major issue on revised and Gates
04:39:23	Arty	ye im trying to prevent that :£
04:39:23	Uchiha Raiden	agreed
04:39:27	Arty	jutsu that stuns are
04:39:28	Aburame Rance	u get needled kawa then earth prisoned
04:39:39	Uchiha Raiden	that 20 shuriken chasing tech on 
04:39:40	Aburame Rance	its everywhere
04:39:44	Uchiha Raiden	gates annoyinh
04:39:48	Arty	temple nirvana
04:39:49	Uchiha Raiden	and unbalanced
04:40:05	Uchiha Raiden	hate to say it but revised is more balanced than Gates
04:40:13	Arty	O.o remember about my balance system
04:40:16	Uchiha Raiden	though i hate revvise
04:40:23	Arty	stun moves will use up high  special
04:40:34	Uchiha Raiden	lol
04:40:37	Arty	can prevent kawa catching
04:40:38	Aburame Rance	i dont care about which of those games is more balanced cause in the end when u look at it everyone is spemming the same jutsu
04:40:46	Aburame Rance	combos
04:41:04	Aburame Rance	on revised everyone has shushin + wind tunnel macroed
04:41:07	Aburame Rance	+ needles
04:41:28	Uchiha Raiden	eww take this tobi mask u got from gekido
04:41:32	Uchiha Raiden	out of shop
04:41:38	Uchiha Raiden	replace it w, the one i gave u
04:41:38	Arty	on my game i cant shunshin jutsu xD and needles i added a higher supply cost cos people gonna bitch with the delay if i add it
04:41:49	Arty	raiden i know xD
04:41:51	Arty	lol
04:42:04	Uchiha Raiden	make uchihas get the uchiha shirt auto lol
04:42:06	Arty	and that madara mask came from souls revo game
04:42:12	Arty	i will ^.^
04:42:17	Uchiha Raiden	they suck at making masks
04:42:26	Uchiha Raiden	if the mask is realy blue
04:42:30	Uchiha Raiden	purpleish
04:42:36	Uchiha Raiden	recolor
04:42:41	Aburame Rance	hmm thats good..i hops its a decent supply cost cause needles may just end up being a staple jutsu here and the first thing everyone will try to do in fights is shushin + needles..
04:43:04	Aburame Rance	hence the stun spam
04:45:07	Arty	supply cost is 3
04:45:12	Arty	shall i raise it?
04:45:30	Aburame Rance	3%?
04:45:31	Arty	5? O.o
04:45:34	Arty	ye
04:45:40	Arty	3%
04:46:01	Aburame Rance	meh.....it all depends on how easy in game money to come by will be
04:46:12	Arty	lol do a mish
04:46:18	Arty	quickly and tell me wat u get
04:46:40	Arty	go to the test guy :3
04:46:43	Arty	to get mish
04:47:09	Arty	my new akatsuki symbol :P
04:47:18	Arty	^ wat a boss of an icon
04:47:50	Aburame Rance	:D
04:47:56	Aburame Rance	escort
04:48:20	Aburame Rance	the NPOCs arent in yet though its cool
04:48:24	Aburame Rance	NPC&#39;s
04:48:43	Aburame Rance	but idk lets say 10%
04:48:52	Aburame Rance	it seem pretty damned decent
04:49:06	Aburame Rance	it will make plp thing twice about needle whoreing
04:49:24	Arty	escort npcs arent in? O&gt;o
04:49:25	Aburame Rance	with only 10 uses
04:49:37	Aburame Rance	na they arent
04:49:49	Arty	i just got an escort mish :3
04:49:58	Aburame Rance	ya but i mean the NPC
04:49:58	Arty	go to rank C
04:50:06	Arty	wat u mean lol ?
04:50:06	Aburame Rance	its not in
04:50:10	Aburame Rance	check map
04:50:18	Aburame Rance	look 4 z red dot
04:50:32	Arty	ye lol i can see mine :)
04:50:42	Arty	follow me
04:50:44	Aburame Rance	aww mine must be bugged
04:51:12	Arty	found him xD
04:51:24	Aburame Rance	make a squad
04:51:29	Arty	kk
04:51:58	Uchiha Raiden	imma reconnecto n desktop
04:52:14	Arty	did u get my invite? O.o
04:52:19	Aburame Rance	nope
04:52:22	Arty	&gt;.&lt;
04:52:23	Aburame Rance	leave yours
04:52:38	Arty	invite me then
04:52:56	Aburame Rance	hmm
04:53:01	Aburame Rance	no invite?
04:53:05	Arty	nope o.o
04:53:26	Arty	wait rofl were not even in the same vill :3
04:53:42	Arty	join!
04:53:43	Aburame Rance	thats what i realized..XD
04:53:53	Arty	join!
04:54:10	Aburame Rance	nothing is popping up
04:54:17	Arty	man &gt;.&lt;
04:54:40	Arty	get it now? O.o
04:54:45	Aburame Rance	nope
04:55:12	Aburame Rance	hmm maybe relogging?
04:55:21	Aburame Rance	ill relog
04:56:00	Aburame Rance	k
04:56:31	Uchiha Raiden	lvl 100
04:56:35	Uchiha Raiden	pleasse
04:57:40	Arty	are u a clan? O.o
04:57:45	Uchiha Raiden	uchiha
04:59:11	Aburame Rance	so ya i recommend 10%
04:59:19	Aburame Rance	with needles
04:59:48	Aburame Rance	only cause it will actually make plp not spam it in things like turnies when they know they got so many uses
05:00:11	Uchiha Raiden	O.o gates numbers
05:00:15	Uchiha Raiden	depleting
05:01:45	Aburame Rance	:o
05:02:24	Arty	ima check the money
05:02:29	Arty	i fixed invite :£
05:02:29	Aburame Rance	kk
05:03:21	Arty	shall i make passives for the special bar? O.o
05:03:55	Aburame Rance	hmm it may just bring rise to justu spamming..
05:04:06	Arty	kk ill leave it :3
05:04:46	Aburame Rance	hmm...tbh i just tested it and it does drain a considerable amount of special 
05:05:00	Arty	wat does? O.o
05:05:03	Arty	o ok
05:05:11	Arty	so u think add passives? O.o
05:05:24	Aburame Rance	ya a passive for the special bar in the con section would be good
05:05:41	Aburame Rance	for those who just wanna be pure jutsu users
05:05:41	Arty	quicker regen and a bigger max?
05:06:10	Aburame Rance	hmmm hard to say
05:06:33	Arty	i gained 185 money :3
05:06:38	Arty	shall i raise it? O.o
05:07:00	Aburame Rance	leme go to weaps sales 1 sec
05:07:23	Arty	kk O.o
05:08:17	Aburame Rance	leave it as is for now that seeems fair
05:09:09	Arty	i raised it by 3 times
05:09:27	Arty	185 x 3 = 555
05:09:34	Arty	thats decent :3
05:10:10	Aburame Rance	meh..we want it to be hard to get ninja weapons and u gotta make these guys actually gotta wanna do missions
05:10:38	Arty	i know 555
05:10:45	Aburame Rance	cause on gates and revised when u do a couple missions and buy your sword and special clothing and crap you end up with a fat bank account
05:10:48	Arty	is worth it since clothes arent cheap :3
05:11:44	Aburame Rance	its the accomplishment that we want the players to feel
05:11:58	Aburame Rance	if they get what they want in 2-3 missions that would be way 2 easy
05:13:34	Aburame Rance	meh clothes and armors your only looking at yourself spending about 10 missions worth of money in the end
05:13:53	Aburame Rance	with with tit set that low plp are gunna be doing a buncha missions to buy ther stuff
05:14:59	Arty	ill raise it by two then xD
05:16:05	Aburame Rance	so te current clans will be all there is or will there be more?
05:16:14	Aburame Rance	i already know your adding jutsu for uchiha
05:18:45	Arty	im planning to fill all the boxs
05:18:50	Arty	apart from non clan of course
05:18:54	Arty	for all 3 vills
05:19:02	Arty	and im adding new jutsu to every clan
05:19:52	Aburame Rance	ah kk cool
05:20:20	Arty	all the lightning techs have been skill descrip coded :3
05:20:45	Uchiha Raiden	can i get  lvls and money for cigarrettes
05:21:41	Aburame Rance	yup..dont forget to maoe jutsu more expensive..:D
05:21:51	Arty	i will make it balanced 
05:21:57	Arty	like kirin costs 3500
05:22:03	Arty	raikiri costs 3500
05:22:11	Uchiha Raiden	release date?
05:22:15	Aburame Rance	we dont want niggas runnin around with alotta jutsu 
05:22:21	Arty	within two weeks hopefully :3
05:22:23	Arty	lets say
05:22:25	Arty	saturday
05:22:29	Arty	not this week
05:22:31	Aburame Rance	only int builds and Genjus clans should have that luxery
05:22:32	Arty	next week :)
05:22:34	Uchiha Raiden	oh lol
05:22:44	Uchiha Raiden	whos staff along side me?
05:22:49	Arty	ehh no one else
05:22:50	Uchiha Raiden	was that dee ayumi?
05:22:56	Arty	i will pick the other one wen the game is up
05:23:10	Arty	raiden u will be level 2 admin
05:23:17	Arty	the other one will be level 1 O.o
05:23:22	Aburame Rance	Yay raiden..u better not abose
05:23:25	Uchiha Raiden	we get  promotions?
05:23:25	Aburame Rance	&gt;.&gt;
05:23:32	Arty	hell na rofl
05:23:41	Uchiha Raiden	lol 3 should be the max
05:23:50	Arty	u stay that way ! ur level two cos u were a big help :3
05:23:57	Arty	ye im 3 xD
05:24:03	Uchiha Raiden	lol
05:24:08	Uchiha Raiden	Oh 3 is co here
05:24:14	Uchiha Raiden	ahh i thought the max
05:24:15	Arty	im not having co :3
05:24:21	Uchiha Raiden	was lvl 5
05:24:26	Uchiha Raiden	from a bleach game
05:24:32	Arty	na its diff for each game
05:24:48	Uchiha Raiden	people will be mind fucked by the tress
05:24:57	Uchiha Raiden	trees
05:24:57	Arty	im basing mine from pokemob race against time cos it was a good admin system 1,2,3 and temp
05:24:59	Aburame Rance	fireball damages user..:D
05:25:03	Aburame Rance	cool
05:25:08	Arty	i know xD kats is asking for my trees lol 
05:25:16	Arty	lol xD
05:25:33	Uchiha Raiden	lol
05:25:39	Uchiha Raiden	as much i love kats
05:25:41	Uchiha Raiden	i wouldnt
05:25:44	Aburame Rance	these trees are pro
05:25:53	Uchiha Raiden	it&#39;ll  be gay 
05:25:58	Uchiha Raiden	other games having it
05:26:03	Aburame Rance	true
05:26:11	Uchiha Raiden	then Here comes LAo
05:26:17	Uchiha Raiden	Lol
05:26:32	Uchiha Raiden	I bet my life that nigga gonna come
05:26:38	Arty	rofl
05:26:42	Uchiha Raiden	Asking for whos owner and shit
05:26:48	Uchiha Raiden	Gedo too
05:26:53	Uchiha Raiden	Revenge of fallen etc..
05:26:53	Arty	im not sending this source to anyone
05:26:55	Arty	:3
05:27:07	Uchiha Raiden	i dont start games
05:27:07	Arty	ima badlock this motherfukign source lol xD
05:27:18	Uchiha Raiden	i like being part of games
05:27:28	Arty	xD i like running games :3
05:27:40	Aburame Rance	i like analyzing games..:D
05:27:55	Uchiha Raiden	naa but look at the shadowing under the trees rance
05:28:07	Aburame Rance	:D
05:28:17	Aburame Rance	pro
05:28:26	Uchiha Raiden	this 3DS graphics
05:28:41	Aburame Rance	oh yes highly noticable when u get close
05:29:17	Uchiha Raiden	i imagine
05:29:22	Uchiha Raiden	crystal comes back
05:30:03	Aburame Rance	meh clothes arent that expensive though
05:30:04	Arty	no crystal is gone for good lol
05:30:10	Uchiha Raiden	what happened
05:30:18	Arty	she doesnt play anymore :£
05:30:21	Uchiha Raiden	Naaa but like not as PArt of the game like a random
05:30:28	Uchiha Raiden	Player
05:30:29	Aburame Rance	what kind of money do d rank missions give lik 90 yen?
05:31:04	Uchiha Raiden	I smoke all day errrday
05:31:13	Uchiha Raiden	in a  daily goa life
05:31:23	Arty	lol
05:31:29	Arty	d ranks give ye
05:31:45	Uchiha Raiden	you adding the bijuus
05:31:51	Uchiha Raiden	? from unlimited
05:33:27	Arty	im making my own system for bijuu
05:33:37	Aburame Rance	yay i hope its pro 
05:33:57	Uchiha Raiden	wow i wish could make the bijuus spread as npcs
05:34:05	Uchiha Raiden	in the map
05:34:11	Uchiha Raiden	make villages fetch them
05:34:16	Aburame Rance	meh idea was that only 1 copy of each biju can be in the possession of a jinchuriki
05:34:16	Uchiha Raiden	fight them
05:34:58	Aburame Rance	we should get biju steal tech,..:D
05:39:55	Uchiha Raiden	ARTY
05:40:02	Uchiha Raiden	oh sorry for caps
05:40:05	Uchiha Raiden	imma invite
05:40:08	Uchiha Raiden	remember
05:40:13	Uchiha Raiden	Mr.Hannabi
05:42:14	Uchiha Raiden	dam forgot
05:42:19	Uchiha Raiden	special
05:50:09	Arty	O.o
05:50:24	Arty	lag much rofl xD
05:52:14	Arty	ima go to sleep laterz , also invite people :)
05:52:29	Uchiha Raiden	this staying up?
05:53:40	Aburame Rance	oh ya man g night
05:54:08	Aburame Rance	ill send out invitations when u update..:D
