01:10:47	Danzou	Danzou	kk
01:19:34	Danzou	Danzou	lmao
01:19:39	Danzou	Danzou	straw hat
01:19:48	Danzou	Danzou	i used to get san gour
01:19:52	Hyuuga Arty	Hyuuga Arty	kk hi ^_^
01:20:00	Danzou	Danzou	Bill this is the owner
01:20:08	Hyuuga Arty	Hyuuga Arty	did cyph tell u everything? :P
01:20:16	Uchiha Itachi	Uchiha Itachi	yes
01:20:32	Uchiha Itachi	Uchiha Itachi	you need money for a shell right ?
01:20:40	Hyuuga Arty	Hyuuga Arty	kk how much would u donate :£ ill give u the points as soon as the game is up and yes it is
01:20:56	Hyuuga Arty	Hyuuga Arty	preferable im wanting a two core which is 45 :3 of nfo shells
01:21:20	Danzou	Danzou	2 core basically computer rise it can process more things
01:21:24	Danzou	Danzou	w. out
01:21:31	Danzou	Danzou	slowing down usage
01:21:36	Uchiha Itachi	Uchiha Itachi	oh
01:21:38	Danzou	Danzou	on 1 core processor
01:21:50	Danzou	Danzou	w. a 2 core i would estimate 
01:22:00	Danzou	Danzou	70 or 80 players
01:22:43	Danzou	Danzou	cause it&#39;ll be 1 server and it&#39;ll have a back up core to take up if things get laggy on 1
01:23:05	Danzou	Danzou	but 2 core is avarage compare to 8 core
01:25:51	Hyuuga Arty	Hyuuga Arty	ur there? :3
01:26:12	Uchiha Itachi	Uchiha Itachi	yes
01:26:42	Hyuuga Arty	Hyuuga Arty	how much would you donate? :3
01:26:51	Uchiha Itachi	Uchiha Itachi	but i am going to donate tommorow cuz if donate they will call to my home
01:27:08	Hyuuga Arty	Hyuuga Arty	kk np ^_^
01:27:08	Uchiha Itachi	Uchiha Itachi	its 3:30 pm the morning
01:27:15	Hyuuga Arty	Hyuuga Arty	np
01:27:52	Hyuuga Arty	Hyuuga Arty	im take the server down cos i need to go to sleep, as soon as u donate ill buy the shell host and give you the points , that alright? :3
01:30:31	Uchiha Itachi	Uchiha Itachi	k
01:30:50	Hyuuga Arty	Hyuuga Arty	kk ^_^ i added u on pager
01:30:58	Hyuuga Arty	Hyuuga Arty	fan the game as well
01:31:10	Hyuuga Arty	Hyuuga Arty	ima take the server down, bye and thank you ^_^
18:11:29	Uchiha Sunaki	Uchiha Sunaki	O.o
18:17:57	Hyuuga Arty	Hyuuga Arty	lol hi ^_^
18:18:13	Hyuuga Arty	Hyuuga Arty	so how much do you want to donate :)
18:18:22	Uchiha Itachi	Uchiha Itachi	15 i guess
18:18:44	Hyuuga Arty	Hyuuga Arty	kk :£ i need 30 though for a server
18:19:53	Hyuuga Arty	Hyuuga Arty	ehh btw O.o
18:19:58	Hyuuga Arty	Hyuuga Arty	what currecny ur in?
18:19:59	Hyuuga Arty	Hyuuga Arty	:£
18:20:29	Uchiha Itachi	Uchiha Itachi	k
18:20:35	Hyuuga Arty	Hyuuga Arty	^_6
18:20:36	Uchiha Itachi	Uchiha Itachi	done
18:20:39	Hyuuga Arty	Hyuuga Arty	kk kl
18:21:40	Hyuuga Arty	Hyuuga Arty	lemme just converter the money to usd :£
18:22:56	Hyuuga Arty	Hyuuga Arty	ehh
18:23:07	Hyuuga Arty	Hyuuga Arty	is it alright if i can get 15 more :£ ill give u the points for it
18:23:12	Hyuuga Arty	Hyuuga Arty	im on 21 usd :3
18:23:17	Hyuuga Arty	Hyuuga Arty	i need 30 
18:24:38	Uchiha Itachi	Uchiha Itachi	you need some1 to donate 9 usd ?
18:25:24	Hyuuga Arty	Hyuuga Arty	ye
18:25:27	Hyuuga Arty	Hyuuga Arty	or
18:25:36	Hyuuga Arty	Hyuuga Arty	the equivalent currenct
18:25:38	Hyuuga Arty	Hyuuga Arty	:3
18:25:41	Hyuuga Arty	Hyuuga Arty	u can donate
18:25:46	Hyuuga Arty	Hyuuga Arty	15
18:25:50	Hyuuga Arty	Hyuuga Arty	i will converter
18:25:53	Hyuuga Arty	Hyuuga Arty	on paypal
18:25:54	Hyuuga Arty	Hyuuga Arty	:3
18:26:11	Hyuuga Arty	Hyuuga Arty	but i need 9 usd or equivalent plz ^_^
18:28:39	Hyuuga Arty	Hyuuga Arty	i think 7 pounds would cover 9 usd in conversion :3
18:29:15	Yuki Verto	Yuki Verto	Amat does shit load of wounds god
18:29:36	Uchiha Itachi	Uchiha Itachi	so how much is 9 usd in euro &gt;?
18:29:48	Uchiha Kairu	Uchiha Kairu	lol
18:30:16	Hyuuga Arty	Hyuuga Arty	do you reckon you can donate 7 more or not?
18:30:46	Uchiha Kairu	Uchiha Kairu	Hmmm
18:30:58	Uchiha Kairu	Uchiha Kairu	I think i will remake and try sharingan collector
18:31:25	Uchiha Kairu	Uchiha Kairu	or ill redo mah sasuke build
18:32:10	Uchiha Kairu	Uchiha Kairu	Zet
18:32:19	Uchiha Kairu	Uchiha Kairu	Help me test something
18:32:40	Uchiha Kairu	Uchiha Kairu	Cmon
18:32:43	Uchiha Kairu	Uchiha Kairu	Pleash
18:32:50	Uchiha Kairu	Uchiha Kairu	xD
18:33:10	Uchiha Kairu	Uchiha Kairu	Dude
18:33:14	Uchiha Kairu	Uchiha Kairu	cmon
18:33:18	Uchiha Kairu	Uchiha Kairu	wanted to test xD
18:33:22	Yuki Verto	Yuki Verto	Trolololol
18:33:29	Uchiha Kairu	Uchiha Kairu	I see i cant ask I gotta use
18:33:59	Yuki Verto	Yuki Verto	Holy sht
18:34:00	Yuki Verto	Yuki Verto	10k dmg
18:34:04	Uchiha Kairu	Uchiha Kairu	O.o
18:34:06	Uchiha Kairu	Uchiha Kairu	xD
18:34:13	Uchiha Kairu	Uchiha Kairu	thank u mah build
18:34:52	Uchiha Kairu	Uchiha Kairu	Oops
18:34:54	Uchiha Kairu	Uchiha Kairu	xD
18:34:55	Yuki Verto	Yuki Verto	Oh sht
18:35:05	Uchiha Itachi	Uchiha Itachi	k
18:35:08	Uchiha Kairu	Uchiha Kairu	Uchiha Kairu has got 25700 Susanoo defence!
18:35:15	Hyuuga Arty	Hyuuga Arty	thnx ^_^
18:35:48	Uchiha Itachi	Uchiha Itachi	but i want a honor for what i am going to do
18:35:49	Uchiha Kairu	Uchiha Kairu	couldnt do shit in that damn mist
18:35:57	Uchiha Kairu	Uchiha Kairu	Lol now let me test
18:35:59	Uchiha Kairu	Uchiha Kairu	Damnit
18:36:01	Uchiha Itachi	Uchiha Itachi	like an akastsuki cloack ?
18:36:06	Hyuuga Arty	Hyuuga Arty	kk np
18:36:07	Hyuuga Arty	Hyuuga Arty	:3
18:36:18	Hyuuga Arty	Hyuuga Arty	u get
18:36:21	Hyuuga Arty	Hyuuga Arty	points for donating
18:36:27	Hyuuga Arty	Hyuuga Arty	when the game is hosted on the shell
18:36:29	Hyuuga Arty	Hyuuga Arty	:3
18:36:30	Hyuuga Arty	Hyuuga Arty	^_^
18:36:35	Uchiha Kairu	Uchiha Kairu	Holy shit xD
18:36:37	Uchiha Kairu	Uchiha Kairu	Zet
18:36:40	Hyuuga Arty	Hyuuga Arty	havent you seen the stuff on the donation area? :P
18:36:41	Uchiha Kairu	Uchiha Kairu	my chidori
18:36:47	Uchiha Kairu	Uchiha Kairu	Would rape you o.o
18:37:05	Uchiha Itachi	Uchiha Itachi	k take them
18:37:23	Hyuuga Arty	Hyuuga Arty	kk cool :P
18:38:21	Yuki Verto	Yuki Verto	I win
18:38:29	Uchiha Kairu	Uchiha Kairu	Water dragon does 15k
18:40:14	Uchiha Kairu	Uchiha Kairu	HOW DARE YOU TALK ABOUT ITACH
18:40:59	Uchiha Kairu	Uchiha Kairu	HOW DARE YOU TALK ABOUT ITACHI
18:41:11	Uchiha Kairu	Uchiha Kairu	Hey
18:41:15	Uchiha Kairu	Uchiha Kairu	lets try this arena
18:41:24	Uchiha Kairu	Uchiha Kairu	Destroyed konoha outlands
18:41:37	Uchiha Kairu	Uchiha Kairu	You get it?
18:42:36	Uchiha Itachi	Uchiha Itachi	so
18:43:28	Uchiha Itachi	Uchiha Itachi	so i will get 70 points 
18:43:32	Uchiha Itachi	Uchiha Itachi	^_^
19:29:57	Angel	Angel	Hmm
19:43:36	Uchiha Hendoo	Uchiha Hendoo	ty
19:43:53	Uchiha Kazeku	Uchiha Kazeku	gave u lvl 150
19:44:03	Uchiha Kazeku	Uchiha Kazeku	O.o
20:01:35	Uchiha Hendoo	Uchiha Hendoo	give me lvl 150
20:01:45	Uchiha Hendoo	Uchiha Hendoo	plz
20:01:49	Uchiha Kazeku	Uchiha Kazeku	Save plz
20:02:22	Uchiha Hendoo	Uchiha Hendoo	ty
20:10:32	Uchiha Angel	Uchiha Angel	Lez go
20:10:38	Uchiha Kazeku	Uchiha Kazeku	k
20:10:39	Uchiha Angel	Uchiha Angel	so many Uchiha
20:10:41	Uchiha Angel	Uchiha Angel	So many eyes
20:12:02	Uchiha Kazeku	Uchiha Kazeku	ow
20:12:29	Uchiha Kazeku	Uchiha Kazeku	lol
20:12:34	Uchiha Kazeku	Uchiha Kazeku	Fire bhurns user
20:13:10	Uchiha Kazeku	Uchiha Kazeku	o.o
20:14:11	Uchiha Kazeku	Uchiha Kazeku	Shit
20:14:16	Uchiha Kazeku	Uchiha Kazeku	You have my eye now
20:14:33	Uchiha Kazeku	Uchiha Kazeku	Lol
20:24:56	Nara Shikamaru	Nara Shikamaru	1x1
20:25:01	Nara Shikamaru	Nara Shikamaru	lest go
20:25:25	Nara Shikamaru	Nara Shikamaru	hi
20:25:27	Nara Shikamaru	Nara Shikamaru	?
20:25:34	Nara Shikamaru	Nara Shikamaru	someone
20:25:36	Nara Shikamaru	Nara Shikamaru	?
20:26:58	Nara Shikamaru	Nara Shikamaru	hi
20:27:39	Nara Shikamaru	Nara Shikamaru	hi
20:34:35	Uchiha Kazeku	Uchiha Kazeku	O.o
20:34:39	Uchiha Kazeku	Uchiha Kazeku	Thats a keeper
20:34:41	Uchiha Kazeku	Uchiha Kazeku	xD
20:36:44	Uchiha Kazeku	Uchiha Kazeku	there you go shika
20:36:50	Uchiha Kazeku	Uchiha Kazeku	level cap
20:37:00	Uchiha Kazeku	Uchiha Kazeku	we in beta thats why everyone has it
20:38:27	Rock Verto	Rock Verto	Ow
20:38:38	Uchiha Kazeku	Uchiha Kazeku	:P
20:38:46	Uchiha Kazeku	Uchiha Kazeku	That has became my fav jutsu
20:40:03	Uchiha Kazeku	Uchiha Kazeku	Yay
20:40:16	Danzou	Danzou	yes
20:45:19	Flint	Flint	art
20:45:25	Flint	Flint	u just 
20:45:25	Hyuuga Arty	Hyuuga Arty	ye
20:45:28	Flint	Flint	wiped?
20:45:35	Hyuuga Arty	Hyuuga Arty	nope this was a beta
20:45:40	Flint	Flint	hmm
20:45:42	Flint	Flint	o
20:45:43	Hyuuga Arty	Hyuuga Arty	no one started
20:45:49	Hyuuga Arty	Hyuuga Arty	the game is officially releasing today
20:45:50	Flint	Flint	whats new?-.-
20:45:54	Flint	Flint	YEY
20:45:57	Hyuuga Arty	Hyuuga Arty	map
20:46:00	Hyuuga Arty	Hyuuga Arty	interface
20:46:03	Hyuuga Arty	Hyuuga Arty	hud
20:46:05	Hyuuga Arty	Hyuuga Arty	clothes
20:46:08	Hyuuga Arty	Hyuuga Arty	jutsu
20:46:09	Hyuuga Arty	Hyuuga Arty	etc
20:46:10	Flint	Flint	:O
20:46:11	Hyuuga Arty	Hyuuga Arty	features
20:46:13	Flint	Flint	wait a min
20:46:13	Hyuuga Arty	Hyuuga Arty	combat
20:46:15	Hyuuga Arty	Hyuuga Arty	AI
20:46:18	Hyuuga Arty	Hyuuga Arty	?
20:46:20	Flint	Flint	let me see the new jutsus
20:46:21	Hyuuga Arty	Hyuuga Arty	and more
20:46:24	Flint	Flint	dont put it down yet
20:46:26	Flint	Flint	plz xD
20:46:29	Hyuuga Arty	Hyuuga Arty	i cant
20:46:32	Hyuuga Arty	Hyuuga Arty	sorry :(
20:46:35	Hyuuga Arty	Hyuuga Arty	click the hub
20:46:37	Flint	Flint	ok
20:46:37	Hyuuga Arty	Hyuuga Arty	button
20:46:40	Hyuuga Arty	Hyuuga Arty	and fan the game
20:46:41	Hyuuga Arty	Hyuuga Arty	:3
20:46:45	Flint	Flint	i already fanned
20:46:48	Flint	Flint	im guaxinim
20:46:48	Hyuuga Arty	Hyuuga Arty	kk kl
20:46:49	Flint	Flint	xD
20:46:52	Hyuuga Arty	Hyuuga Arty	kk lol
20:46:56	Hyuuga Arty	Hyuuga Arty	kk taking it down O.o
20:46:59	Flint	Flint	ok
