20:06:37	Arty	:3
20:07:28	Mystix	&lt;3 already
20:07:35	Arty	thnx xD
20:07:46	Mystix	it looks way too pro for a goa game
20:07:49	Arty	you will see all the new jutsu wen its beta released
20:07:53	Arty	thx :P
20:08:11	Arty	i fixed the skill description as well O.O
20:08:19	Arty	looky :3
20:08:42	Arty	yamanaka moves :3
20:09:14	Mystix	sorry
20:09:19	Arty	!!
20:09:25	Arty	watch my boil release move :3
20:09:27	Mystix	was making that fail oro guy feel bad lol
20:09:30	Arty	the clan only has one move
20:09:33	Arty	rofl
20:09:47	Arty	different ph&#39;s :3
20:09:50	Mystix	Lol
20:09:57	Arty	i mde it so u only get damaged in the mist
20:10:02	Arty	and u can adjust ph
20:10:23	Arty	boil only has one move though since boil has only been seen in one move
20:10:28	Mystix	Oruchimaru has logged out.
ZXC has logged out Mission accomplished
20:10:33	Arty	rofl
20:10:34	Mystix	ah i see
20:10:36	Arty	true
20:10:42	Arty	wanna see yamanaka
20:10:46	Mystix	mhm
20:10:55	Mystix	HOLY SHIT
20:10:58	Mystix	thats op
20:10:59	Arty	flower bomb :3
20:11:07	Mystix	it shows dmg
20:11:08	Arty	u played nuns2?
20:11:20	Arty	yep ^.^ best damage overlay around
20:11:42	Mystix	lol kats im soo sorry but ima have to play this for now on lol
20:11:50	Arty	rofl
20:11:51	Mystix	and yeah
20:11:57	Arty	everyone likes this game xD
20:12:01	Arty	i prevented shunshin jutsu
20:12:11	Arty	and most of the moves have been nerfed by a lot
20:12:19	Arty	uchiha = sucks a bit now
20:12:52	Mystix	ah i see
20:13:09	Mystix	does arena looks different?
20:13:13	Arty	mhm
20:13:19	Mystix	let me see
20:13:37	Mystix	you lie!
20:14:06	Mystix	nerfed alot of things=Fun!
20:14:10	Mystix	lmao
20:14:14	Arty	rofl i need to reduce that lol
20:14:17	Arty	it killed me :3
20:14:30	Arty	ill make it fire one or two
20:14:36	Arty	and a bigger range O.o
20:14:48	Mystix	thats soo cool!
20:14:55	Arty	thnx now watch this
20:15:13	Mystix	whoa!
20:15:22	Arty	trololol
20:15:29	Arty	btw the edo tensai is only for me
20:15:37	Arty	the water bunshin is just retarded :3
20:15:37	Mystix	have any new weapons icon?
20:15:41	Mystix	ah lol
20:15:42	Arty	ye
20:15:45	Arty	jidanada
20:15:51	Arty	and expolosive trap
20:15:56	Arty	btw
20:16:01	Arty	water bunshin = 30 cd
20:16:02	Mystix	make water bunshin like clones but when it die make it turns into water
20:16:05	Arty	but one hit kill
20:16:08	Mystix	l
20:16:12	Mystix	ol*
20:16:56	Mystix	lol damn i &lt;3 kats but right now this shows me U&gt;Him
20:17:03	Arty	lol
20:17:08	Arty	it always been like that :P
20:17:13	Mystix	xD
20:17:14	Arty	u aint seen half of it O.O
20:17:19	Arty	click map
20:17:21	Mystix	49%?
20:17:28	Mystix	Naruto is a troll
20:17:31	Arty	rofl
20:17:34	Arty	true dat
20:17:41	Mystix	Map only works outside =P
20:17:59	Mystix	HOLY WTF
20:18:00	Arty	now do it :3
20:18:09	Mystix	lets go to kiri!
20:18:09	Arty	wat u think? O.O
20:18:13	Arty	kk
20:18:14	Mystix	Epic bro!
20:18:19	Arty	thx ^.^
20:18:30	Mystix	im sorry this is my chill spot
20:18:35	Arty	i still need to redo movement macros
20:18:38	Arty	rofl
20:18:43	Mystix	thoes buildings with shadows my chill spot
20:19:10	Arty	i aint shown u c4 O&gt;O
20:19:32	Mystix	when u said revamped map im like oh new turfs and probably added in rock village noo this guy went all shadows and a bunch of epic shit
20:19:43	Mystix	c4?
20:19:49	Arty	rofl, i know ^.^ i try to impress :P
20:19:50	Arty	ye
20:20:00	Mystix	also the shadows should boost the nara&#39;s shadow 
20:20:10	Mystix	as in it could go on for maps
20:20:21	Mystix	not maps but tiles lol
20:20:23	Arty	shadows dont have a limit in nara jutsu
20:20:34	Arty	i want to add destruction 
20:20:45	Arty	make surroundings being able to get destroyed
20:20:46	Arty	but
20:20:52	Arty	i need a lot of new icons
20:20:54	Arty	etc
20:21:57	Arty	chakra blades rofl
20:22:04	Mystix	lol!
20:22:04	Arty	available in members shop xD
20:22:27	Mystix	WTF
20:22:33	Arty	hidden mist jutsu
20:22:41	Arty	u gotta get away from my range of sight :3
20:23:19	Mystix	how!?
20:23:25	Arty	run away from me?
20:23:27	Arty	rofl
20:23:31	Mystix	lmao
20:23:39	Arty	still there?
20:23:41	Mystix	im thinking im lagging lol
20:23:43	Mystix	nah
20:23:49	Arty	ye my hosting sucks
20:23:51	Arty	badly
20:23:54	Mystix	but i was typing perfectly
20:23:58	Arty	i do it for testing
20:23:59	Mystix	lol
20:24:08	Arty	its why im getting a host
20:24:09	Arty	then
20:24:12	Arty	i want people to donate
20:24:18	Arty	so i can get a nice lag free shell
20:24:25	Mystix	ah i see
20:24:29	Mystix	Suna time!
20:24:32	Arty	lol
20:24:35	Mystix	lol
20:24:36	Arty	watch
20:24:49	Mystix	Lol
20:24:49	Arty	if ur in range
20:24:54	Arty	u get stuff put on u O.o
20:25:00	Arty	then u press spce
20:25:08	Arty	to activate the bomb at any time of the match
20:25:13	Mystix	lmao thats pro!
20:25:13	Arty	its pretty kl i think ^.^
20:25:18	Arty	thnx xD
20:25:22	Arty	deidara has 9 jutsu
20:25:23	Arty	^
20:25:24	Arty	lol
20:25:42	Arty	i is dead -_-
20:25:54	Mystix	lmao
20:26:14	Arty	im supposed to die :3 c0 kills u no matter wat u do
20:26:21	Arty	u hve
20:26:31	Arty	hiding likr a mole tech like officials
20:26:53	Mystix	whao lol
20:27:00	Mystix	sick
20:27:06	Arty	thnx :0
20:27:54	Mystix	lol
20:28:29	Mystix	i wanna see the cha weapones
20:28:32	Mystix	weapons*
20:28:41	Arty	kk
20:28:56	Arty	its all about the samurai sword :3
20:29:18	Arty	im adding more stuff dw
20:29:24	Mystix	ah i see
20:29:46	Arty	a lot of new things xD
20:29:57	Mystix	gibe mon plos
20:30:22	Mystix	lmao u understand!?
20:30:28	Arty	mhm rofl
20:30:32	Arty	just barely :3
20:30:34	Mystix	whoa nice icon
20:30:39	Arty	thx xD
20:30:50	Mystix	*throws away icon of Decap*
20:30:56	Arty	lol
20:31:04	Mystix	i was gonna change kats own and it looked similar to this 
20:31:14	Mystix	so i dont wanna make it seems like we copying it
20:31:16	Arty	o ok :3
20:31:26	Arty	u working for kats?
20:31:32	Mystix	yes and no
20:31:38	Arty	lol wat u mean :3
20:31:43	Mystix	i icon for friends
20:31:46	Arty	i want kats 7sm cloak
20:32:01	Mystix	Lol you know Apollo stole it from Icon Share right?
20:32:03	Arty	i need iconners :3, i need icons for iron sand jutsu
20:32:11	Arty	did he? O.O
20:32:15	Arty	send me it :3
20:32:17	Mystix	ohh cant help you there
20:32:19	Mystix	kk
20:32:31	Arty	icon me iron sand nigga!
20:32:43	Arty	me trees &gt; all byond goa trees xD rofl
20:32:57	Mystix	Lol i dont icon moves i leave that to kats lol
20:33:08	Mystix	he does that better then me
20:33:15	Arty	wat do u do? O.O
20:33:53	Mystix	i icon random things like swords, turfs, and etc
20:34:15	Mystix	fix running state also
20:34:22	Mystix	for the decap
20:34:26	Arty	wats wrong with it?
20:34:35	Mystix	come
20:34:43	Mystix	i mean running to the side
20:35:03	Mystix	tele to me plox
20:35:36	Arty	kk
20:35:55	Arty	fix it for me :3
20:35:59	Mystix	sure
20:35:59	Arty	i h8 iconnin rofl
20:36:03	Mystix	lol
20:36:06	Arty	u got msn? O.O
20:36:09	Mystix	mhm
20:36:19	Mystix	CourtJester227@Hotmail.com
20:36:58	Arty	added u xD
20:37:31	Arty	u think that op? O.O
20:38:04	Mystix	Fuck yeah
20:38:19	Mystix	i like how it only shows wounds
20:38:19	Arty	bone field takes awhile to pull off
20:38:24	Mystix	ah then its balance
20:38:28	Arty	thnx :3
20:38:33	Arty	it does 6000 roughyl
20:38:38	Arty	so its good
20:38:42	Arty	i have 400 con
20:38:46	Mystix	lol
20:38:47	Arty	with full p passives
20:38:51	Mystix	lmao its good
20:38:54	Arty	only think is tessenka
20:39:14	Arty	the bone does shatter though
20:39:25	Arty	u think damage should be lowered or wat O.O
20:39:53	Mystix	lol nah its good
20:40:04	Arty	lol
20:40:07	Mystix	rofl oh sheet
20:40:12	Arty	the npc&#39;s are super op on this game :3
20:40:21	Arty	i coded some new stuff in ai
20:40:25	Mystix	they walked away like they boss 
20:40:34	Arty	i know lol
20:40:38	Arty	LOL
20:40:40	Arty	look
20:40:43	Mystix	lmao!
20:40:51	Arty	i control them!
20:41:08	Arty	mystx meet mystx :3
20:41:16	Mystix	Lol he looks handsom
20:41:19	Arty	lol
20:41:26	Arty	thats a new earth move :3
20:41:30	Arty	soil resurrection
20:41:37	Mystix	lol i dead again
20:41:56	Arty	TROLOLOOL
20:41:56	Mystix	Nah!
20:41:59	Mystix	they trolling!
20:42:02	Mystix	wtf!
20:42:05	Arty	u SEEN the damage that nigga did?
20:42:08	Mystix	yes!
20:42:10	Mystix	lmao
20:42:20	Arty	lo
20:42:22	Arty	hit an run
20:42:38	Mystix	they almost caught me lmao
20:43:05	Mystix	lmao!
20:43:22	Mystix	they fighting
20:43:25	Arty	i think i might make this a challenge
20:43:30	Mystix	yes do so
20:43:32	Arty	beat my edo tensai summons
20:43:40	Arty	:0
20:43:51	Arty	im orochimaru :3
20:43:55	Mystix	lol
20:44:02	Arty	boom
20:44:34	Mystix	lol
20:44:36	Arty	water shark! xD
20:44:52	Arty	i need to fix prison
20:44:53	Mystix	nice prison lol
20:44:55	Arty	shit is bugged
20:44:58	Arty	thnx xD
20:46:31	Mystix	change the sand turfs it doesnt match the buildings
20:46:43	Arty	i need someone to make them for me xD
20:46:53	Mystix	LOl
20:46:59	Mystix	your soo needy
20:47:04	Arty	i know ^.^
20:47:46	Mystix	lmao
20:48:06	Arty	u aint running away fool!
20:48:27	Mystix	lol
20:48:35	Arty	die die die
20:48:57	Arty	u can tele in ur bone field u know that? xD
20:49:03	Mystix	yeah lol
20:49:10	Arty	-__________-
20:49:14	Arty	i only just found out
20:49:26	Mystix	lmao i found out like 2-3 days ago
20:49:30	Arty	rofl
20:49:41	Arty	i found out wen i tried it wen making the game xD
20:49:52	Mystix	lol
20:49:56	Arty	dust!
20:50:14	Arty	relog :£
20:50:19	Arty	to remove that bugged icon
20:51:21	Arty	!
20:51:42	Mystix	summon me plox
20:52:44	Arty	u my test dummy!
20:53:35	Mystix	lol
20:53:49	Arty	u fanned the hub yet? O.O
20:53:58	Mystix	oh yeah lemme do that
20:54:04	Arty	!
20:54:30	Mystix	im a fan now =)
20:54:34	Arty	kl xD
20:54:43	Arty	i have new guis :3 xD
20:54:54	Arty	ligtning bunshin gates, etc...
20:55:22	Mystix	lol
20:56:55	Mystix	hmm
20:57:00	Mystix	whao!
20:57:55	Arty	!
20:58:15	Mystix	lmao
20:58:58	Mystix	lmao they op
20:59:03	Arty	i know ^.^
20:59:10	Arty	npcs arent crap on my game :3
20:59:14	Mystix	lol
20:59:31	Arty	i also have tailock xD
20:59:31	Mystix	ooh fight
20:59:34	Arty	good for youths
20:59:40	Mystix	yeah but rape for others lol
20:59:48	Arty	youths dont have jutsu :£
20:59:49	Mystix	they was evenly matched
20:59:53	Mystix	lol
21:00:06	Arty	tailock compensates for it but i dunno
21:00:14	Arty	people might qq or w.e.
21:00:18	Mystix	yeah lol
21:00:29	Arty	then ima say, tough shit!
21:00:41	Mystix	LOL i would do the same
21:01:17	Arty	:3
21:01:57	Mystix	the dmg of samehada going to your chakra
21:02:04	Arty	try it
21:02:14	Arty	ye it does
21:02:16	Mystix	should be like x amount of dmg divded by 2 = your gain in chakra
21:02:18	Mystix	k
21:02:20	Mystix	ik*
21:02:26	Arty	see
21:02:34	Mystix	stop killing me QQ
21:02:36	Arty	four swipes almost 600
21:02:40	Arty	seems fair enough tbh
21:02:47	Arty	it has low stam damage but high wound cap
21:02:59	Mystix	lol yeah but i mean say like i hit for 1k dmg i should get like 500 chakra
21:03:53	Arty	that too op
21:03:58	Arty	:3
21:04:13	Mystix	lol
21:04:16	Mystix	true
21:04:17	Arty	im making samehada stronger wen it has absorbed like 200 chakra
21:04:23	Arty	it turns into big ass motherfuker
21:04:25	Arty	remeber xD
21:04:26	Mystix	lmao
21:04:28	Arty	it grows :3
21:04:32	Mystix	yeah it does
21:04:38	Arty	i have the icons and shit for it
21:04:44	Arty	just need to implement it
21:05:18	Mystix	ah lol
21:06:00	Mystix	lol having fun?
21:06:04	Arty	yep xD
21:06:06	Arty	rofl
21:06:13	Arty	meet new ishi!
21:06:55	Mystix	lol new ishi?
21:07:00	Mystix	summon me for that lol
21:08:08	Mystix	this is ishi? lol
21:08:15	Mystix	that small town grew!?
21:08:32	Arty	ye
21:08:34	Arty	xD
21:08:40	Arty	well the buildings grew O.O
21:09:18	Mystix	lol
21:10:41	Mystix	i stuck
21:11:07	Mystix	lmao
21:11:19	Arty	lol i wanted u to be a magirkpar -_-
21:11:31	Arty	nigga flop lika magikarp!!
21:11:40	Mystix	LoL
21:11:58	Mystix	Magikarp OP
21:11:58	Arty	:P
21:12:03	Arty	true dat xD
21:12:33	Arty	u gonna flop or ima make u flop!
21:12:59	Mystix	lol in a hour or 2 ima take a nap so i can icon abunch of shit and put it on icon share for everyone!
21:13:18	Mystix	nah jk
21:13:25	Mystix	i only icon for friends lol
21:14:05	Arty	lol
21:14:54	Mystix	send me the sword and in 2-5min the side running will be fixed
21:17:53	Arty	kk
21:18:03	Arty	i want u to fix the samehada as well :3
21:18:11	Arty	keep them the same name xD
21:18:18	Mystix	lol how do you want it?
21:18:19	Mystix	kk
21:18:33	Arty	just fixed xD
21:19:13	Arty	have u accpeted me yet? O.O
21:19:55	Mystix	msn?
21:23:00	Arty	ye
21:23:06	Mystix	lol whats yours?
21:23:14	Arty	spongeking@hotmail.co.uk
21:23:27	Arty	after u finish ima go offline and do school work xD
21:23:51	Mystix	kk
21:24:47	Mystix	sent it lol
21:24:50	Arty	kk :P
21:25:50	Mystix	kk did you send it?
21:26:30	Arty	not yet
21:26:34	Arty	sign into msn
21:26:37	Arty	not on the web
21:28:30	Mystix	lol kk
