01:09:40	Hyuuga Arty	yr in charge of advertisment!
01:11:41	Uchiha Shun	ARTY
01:11:44	Uchiha Shun	sup
01:11:51	Uchiha Shun	logged dead
01:11:55	Uchiha Shun	wtf
01:13:01	Hyuuga Arty	hi lol
01:13:16	Uchiha Shun	i forgive u 
01:13:23	Hyuuga Arty	lol were u koed or above 90 wounds?
01:13:30	Hyuuga Arty	or in a battle
01:13:39	Uchiha Shun	battle
01:13:46	Hyuuga Arty	then ye
01:13:53	Hyuuga Arty	its my logging system :3
01:13:57	Hyuuga Arty	^_^
01:14:30	Uchiha Shun	hmm
01:14:35	Uchiha Shun	man
01:14:42	Hyuuga Arty	? O.o
01:14:55	Uchiha Shun	when u get a hoster and everything ready
01:15:12	Uchiha Shun	u ill pwipe and let we up by ourselves right?
01:15:25	Hyuuga Arty	ye
01:15:27	Hyuuga Arty	no levels
01:15:32	Hyuuga Arty	ok
01:15:41	Hyuuga Arty	im getting donation hopefully soon
01:15:49	Hyuuga Arty	latest server will be up tomoz
01:16:18	Uchiha Shun	hmm
01:16:18	Hyuuga Arty	shun invite people when the real server is up as well ^_^
01:16:26	Uchiha Shun	i already invited
01:16:27	Uchiha Shun	-.-
01:16:51	Danzou	arty
01:16:56	Hyuuga Arty	ye
01:16:59	Hyuuga Arty	kk kl :
01:17:22	Uchiha Shun	i ill remake againj
01:19:39	Hyuuga Arty	lol
01:19:44	Uchiha Itachi	k
01:22:04	Hyuuga Arty	^
01:23:30	Havok	hello
01:23:38	Hyuuga Arty	hi ^_^
01:23:45	Havok	remember me lol
01:26:56	Havok	??
01:29:43	Havok	can i get lvls
01:29:53	Hyuuga Arty	ima take it down in 2 mins
01:29:58	Hyuuga Arty	im going to sleep sorry :(
01:30:05	Hyuuga Arty	really game coming tomoz
01:30:11	Hyuuga Arty	so be on for that ^_^
01:31:14	Havok	ok
18:10:10	Hyuuga Arty	O.O
18:11:33	Uchiha Sunaki	O.o
18:12:18	Hyuuga Arty	O.O
18:12:25	Hyuuga Arty	im trying to get the shell atm
18:12:36	Hyuuga Arty	put it up so the donator can come on and we can talk :£
18:15:41	Uchiha Sunaki	O.o
18:15:53	Uchiha Sunaki	lol arty amma be up frant
18:16:17	Hyuuga Arty	frant?
18:16:18	Hyuuga Arty	:3
18:16:36	Uchiha Sunaki	this game gonna have to fight to get a player base n the competition is hard
18:16:44	Hyuuga Arty	why? O.o
18:16:48	Hyuuga Arty	the other games suck
18:16:50	Hyuuga Arty	-_-
18:16:53	Hyuuga Arty	lol
18:17:05	Uchiha Sunaki	ull have to go up against fallen n revised
18:17:23	Uchiha Sunaki	i suggest u join one
18:17:35	Uchiha Sunaki	most likely falled cuz i dont tink&#39;
18:17:36	Hyuuga Arty	no offence , gates = copy and paste with lag and shit ton of bugs, fallen has nothing on me game has fuk all and shit updates
18:17:45	Hyuuga Arty	revised = cant update for shit cos he has no more sources
18:17:51	Uchiha Sunaki	lmao
18:18:02	Hyuuga Arty	true though
18:18:27	Uchiha Sunaki	just suggestting...
18:18:44	Uchiha Sunaki	i say merged with fallen *shrugs*
18:18:53	Hyuuga Arty	i dont merge with anyone :3
18:19:11	Uchiha Sunaki	welp this game gonna die....sad tho cuz its fun
18:19:25	Hyuuga Arty	prevents source getting leaked and i dont want those noobs going through my source and adding errors and runtime error coding
18:19:27	Uchiha Sunaki	unless u get good shell with -10000% lag
18:19:36	Hyuuga Arty	im trying to get a shell &gt;.&lt;
18:19:45	Uchiha Sunaki	and even if u get shell
18:19:51	Uchiha Sunaki	$$$$ to keep it up
18:20:06	Crystal	Arty can you code something for me
18:20:14	Uchiha Sunaki	players base= possibledonators
18:20:16	Hyuuga Arty	lol why would i do that? xD
18:20:19	Hyuuga Arty	i know
18:20:26	Uchiha Sunaki	possibledonators= $$$$
18:20:28	Hyuuga Arty	im trying to get a player base when i get the server ^_^
18:21:10	Uchiha Sunaki	well amma wish u good luck
18:21:16	Uchiha Sunaki	amma try to help get player base
18:21:17	Crystal	Arty can you code lvl 75 tab for me
18:21:25	Uchiha Sunaki	say no
18:21:27	Hyuuga Arty	no
18:21:27	Uchiha Sunaki	lmao
18:21:29	Uchiha Sunaki	^
18:21:31	Hyuuga Arty	rofl
18:21:34	Uchiha Sunaki	^
18:21:42	Uchiha Sunaki	btw
18:21:45	Uchiha Sunaki	artyyy
18:21:55	Uchiha Sunaki	u can code any game nt just goa right O.o
18:22:30	Uchiha Sunaki	wanna help a freind with some updates in a bleach game QQ
18:22:52	Hyuuga Arty	dunno
18:22:54	Hyuuga Arty	lol :£
18:23:17	Uchiha Sunaki	lol
18:23:18	Uchiha Sunaki	&gt;.&gt;
18:23:30	Hyuuga Arty	lol xD
18:23:37	Hyuuga Arty	depends how quick and easy it is
18:26:20	Hyuuga Arty	i need to try getting people :3
18:26:22	Hyuuga Arty	&gt;.&lt;
18:28:47	Hyuuga Arty	hi xD
18:29:37	Hyuuga Arty	i need 9 more us dollars -_- stupid currency
18:32:55	Uchiha Kairu	xD
18:33:28	Hyuuga Arty	anyone wanna donate? O.O
18:33:32	Hyuuga Arty	:3
18:33:36	Crystal	Arty i am a Jashin
18:33:38	Hyuuga Arty	9 more usd &gt;.&lt;
18:33:44	Hyuuga Arty	nice ^_^
18:35:49	Hyuuga Arty	i ordering a server soon O.O
18:47:13	Uchiha Kazeku	Arty?
18:47:40	Uchiha Kazeku	Does the strength of your element attack decided on how many elements you have?
18:48:30	Hyuuga Arty	nope
18:48:37	Hyuuga Arty	i ordered the shell ^_^
18:48:46	Hyuuga Arty	should be done within 5-60 mins
18:48:52	Hyuuga Arty	and the proper game will come up
18:48:54	Uchiha Kazeku	So when is the wipe
18:49:00	Hyuuga Arty	5-60 mins
18:49:08	Hyuuga Arty	dunno how long between that :£
18:49:08	Uchiha Kazeku	Lol
18:49:11	Uchiha Kazeku	Arena me
18:49:17	Uchiha Kazeku	in 2 mins
18:49:26	Hyuuga Arty	lol i havent even got my stuff O.o
18:49:34	Uchiha Kazeku	I remade xD
18:49:39	Uchiha Kazeku	Im gettin my stuff
18:49:48	Hyuuga Arty	kk kl
18:50:14	Uchiha Kazeku	Give me money for clothes pleash
18:51:17	Uchiha Kazeku	xD
18:51:20	Uchiha Kazeku	Just realized
18:51:25	Uchiha Kazeku	Theres no sage mode
18:51:30	Uchiha Kazeku	MUhahahaha
18:51:35	Uchiha Kazeku	All shall no my hatred
18:53:05	Hyuuga Arty	rofl
18:53:09	Hyuuga Arty	u get sage mode
18:53:13	Hyuuga Arty	with wof
18:53:16	Hyuuga Arty	only sage moe
18:53:19	Hyuuga Arty	no jutsu :£
18:53:20	Uchiha Kazeku	o.O
18:53:21	Uchiha Kazeku	xD
18:53:27	Hyuuga Arty	sage doesnt have jutsu -_-
18:53:32	Hyuuga Arty	people are just retarded
18:53:37	Hyuuga Arty	apart from frog kata
18:53:38	Uchiha Kazeku	Ikw lol
18:53:41	Hyuuga Arty	but thats taijutsu
18:53:42	Uchiha Kazeku	Actually
18:53:48	Uchiha Kazeku	Frog kata isnt jutsu
18:53:53	Hyuuga Arty	what is it?
18:54:08	Uchiha Kazeku	Tai just like u said
18:54:14	Hyuuga Arty	o ok xD
18:54:15	Hyuuga Arty	lol
18:54:16	Uchiha Kazeku	Lol
18:54:18	Hyuuga Arty	i might
18:54:20	Hyuuga Arty	add
18:54:22	Hyuuga Arty	frog kata
18:54:25	Hyuuga Arty	wen ur in sage
18:54:27	Hyuuga Arty	make it
18:54:33	Hyuuga Arty	so that u have a chance of hitting someoen
18:54:35	Uchiha Kazeku	Oh shit xD
18:54:39	Hyuuga Arty	from 1 - 2 tiles away
18:54:52	Uchiha Kazeku	Ima be 15 tiles away and get the shit punched out me
18:54:54	Hyuuga Arty	if(prob(20)) , etc....
18:54:55	Uchiha Kazeku	oh
18:54:57	Uchiha Kazeku	xD
18:55:04	Hyuuga Arty	20 percent probablity
18:55:13	Hyuuga Arty	i think it sounds like a genius idea ^_^
18:55:50	Uchiha Itachi	why dont you add kakashi ms
18:55:59	Uchiha Kazeku	Does it matter
18:56:00	Uchiha Itachi	and sharigan and etc.
18:56:06	Hyuuga Arty	it aint an uchiha trait
18:56:09	Uchiha Kazeku	You named your char Itachi
18:56:11	Uchiha Kazeku	xD
18:56:17	Hyuuga Arty	kakashi
18:56:19	Hyuuga Arty	aint uchiha
18:56:20	Uchiha Itachi	and make an non-clan named hatake
18:56:22	Hyuuga Arty	thats the reason
18:56:30	Uchiha Kazeku	Yeah but its obito&#39;s sharinga tenically
18:56:32	Uchiha Kazeku	O.o
18:56:33	Hyuuga Arty	hatake aint really a clan though :3
18:56:35	Hyuuga Arty	but
18:56:37	Hyuuga Arty	i reckon
18:56:42	Hyuuga Arty	it will attract more players
18:56:45	Hyuuga Arty	so
18:56:47	Uchiha Itachi	add the dog think
18:56:53	Hyuuga Arty	i might make a specific area for hatake
18:56:58	Hyuuga Arty	i will ^_^
18:57:06	Hyuuga Arty	i reckon hatake is a good addition
18:57:12	Uchiha Itachi	you have killer bee clan ?
18:57:15	Hyuuga Arty	nope
18:57:17	Hyuuga Arty	dont have
18:57:24	Hyuuga Arty	cloud or rock cos there useless
18:57:28	Uchiha Itachi	then we will make a new
18:57:32	Hyuuga Arty	but i will eventually add the clans in
18:57:34	Uchiha Itachi	icon for them
18:57:44	Hyuuga Arty	no point O.O i have bijuu in
18:57:55	Uchiha Itachi	like the 8 wrods
18:57:57	Uchiha Kazeku	:P
18:57:59	Uchiha Itachi	swrods
18:57:59	Hyuuga Arty	i will add decent and neccessary clans dw :P
18:58:04	Uchiha Kazeku	You got the 8 rods
18:58:05	Hyuuga Arty	that aint a clan lol :P
18:58:10	Uchiha Kazeku	Arty you got sasuke&#39;s sword?
18:58:15	Hyuuga Arty	nope
18:58:17	Hyuuga Arty	:3
18:58:18	Hyuuga Arty	rofl
18:58:22	Uchiha Itachi	why you used to have it
18:58:24	Uchiha Kazeku	Damn xD
18:59:13	Uchiha Kazeku	So basicly
18:59:23	Uchiha Kazeku	Frog kata is gonna be a passive for sage
18:59:30	Hyuuga Arty	cos i used to be a noob a making a game
18:59:35	Hyuuga Arty	nope O.O
18:59:48	Hyuuga Arty	im getting shell in the min hermit
18:59:50	Hyuuga Arty	:3
18:59:54	Hyuuga Arty	waiting for the order
18:59:58	Hyuuga Arty	anyway O.o
19:00:03	Hyuuga Arty	i have time to do some quick stuff
19:00:05	Hyuuga Arty	:3
19:00:09	Hermit	ight
19:00:20	Hyuuga Arty	i fixed a genjutsu runtime error caused by kazeku -_-
19:00:30	Uchiha Kazeku	?
19:00:38	Uchiha Kazeku	How did i cause it
19:00:40	Uchiha Kazeku	O.o
19:00:52	Uchiha Kazeku	you mean sasuke&#39;s tsuki?
19:01:10	Uchiha Kazeku	...
19:01:12	Hyuuga Arty	thats how u caused it O.o
19:01:14	Uchiha Kazeku	My bad]
19:01:14	Hyuuga Arty	rofl
19:01:16	Uchiha Kazeku	xD
19:01:17	Hyuuga Arty	dw
19:01:22	Hyuuga Arty	i like runtime errors
19:01:27	Uchiha Kazeku	I wanted to see genjutsu Illusion
19:01:29	Hyuuga Arty	more i prevent the less lag game will have
19:01:46	Hyuuga Arty	sasukes tsuki still fuked up?
19:01:57	Uchiha Kazeku	idk want me 2 use it on you
19:02:06	Hyuuga Arty	ye
19:02:09	Hyuuga Arty	use it :3
19:02:30	Hyuuga Arty	nope its fixed :3
19:02:41	Hyuuga Arty	i removed the susanoo shit
19:02:47	Hyuuga Arty	and just adde black
19:02:55	Uchiha Kazeku	Lol
19:02:57	Hyuuga Arty	it seems similar to tsuki
19:03:05	Hyuuga Arty	but its coded totally differently :3
19:03:11	Uchiha Kazeku	Itachi&#39;s tsuki looks beast
19:03:11	Hyuuga Arty	ehh anything to add?
19:03:41	Uchiha Kazeku	Chidori katana
19:03:48	Hyuuga Arty	decline my challenge xD
19:03:50	Uchiha Kazeku	o.O
19:03:54	Uchiha Kazeku	No i didnt
19:03:56	Hyuuga Arty	u dont have the icon
19:03:58	Hyuuga Arty	:3
19:04:12	Uchiha Kazeku	?
19:04:14	Uchiha Kazeku	WTF
19:04:15	Uchiha Kazeku	xD
19:04:23	Uchiha Kazeku	I wanna watch
19:04:52	Lesy	lv
19:05:13	Uchiha Kazeku	Thats what the island looks like
19:05:22	Uchiha Kazeku	I wanna see destroyed konoha
19:05:25	Uchiha Kazeku	Lesy
19:05:39	Uchiha Kazeku	Accept my arena and il;l give you lvls dere
19:06:56	Uchiha Kazeku	I love how you made cha closer
19:09:23	Uchiha Kazeku	Itachi
19:09:29	Uchiha Kazeku	Arena me?
19:10:56	Hyuuga Arty	not yet O.O
19:11:05	Uchiha Kazeku	Arty
19:11:11	Uchiha Kazeku	Arena meh
19:13:29	Uchiha Kazeku	Arty
19:13:38	Uchiha Kazeku	What fractions do you have
19:15:05	Hyuuga Arty	factions
19:15:09	Hyuuga Arty	amegakure
19:15:11	Hyuuga Arty	otogakure
19:15:13	Hyuuga Arty	akatsuki
19:15:17	Hyuuga Arty	and the three vills
19:15:27	Hyuuga Arty	i will quickly add the bases for them while waiting ^_^
19:15:28	Uchiha Kazeku	kay
19:15:39	Uchiha Kazeku	Lol
19:15:43	Uchiha Kazeku	I feel dumb xD
19:15:54	Uchiha Kazeku	No matter how many times ive been part of akat
19:16:01	Uchiha Kazeku	Ive never found the base
19:16:03	Uchiha Kazeku	xD
19:16:11	Hyuuga Arty	rofl
19:16:21	Hyuuga Arty	i will add the base in a decent location :3
19:16:22	Uchiha Kazeku	Only base ive seen is sound
19:18:06	Uchiha Itachi	arty
19:18:11	Uchiha Itachi	summon me plz ?
19:18:47	Hyuuga Arty	i need the turfs &gt;.&lt;
19:20:11	Uchiha Itachi	cool
19:20:31	Uchiha Itachi	sasuke ms is defrend ?
19:20:33	Hyuuga Arty	lol :3
19:20:37	Hyuuga Arty	nope
19:21:02	Uchiha Kazeku	I got sasuke ms
19:21:05	Uchiha Kazeku	lol
19:21:23	Uchiha Itachi	you got tsu ?
19:21:23	Uchiha Kazeku	I thought sasuke&#39;s tsuki would show them the susanoo
19:21:31	Uchiha Kazeku	Yeah
19:21:40	Uchiha Kazeku	But its a short cry
19:21:51	Uchiha Kazeku	Because I dont have as much intell as you
19:21:52	Uchiha Itachi	arty what did you see
19:21:55	Uchiha Kazeku	xD
19:22:03	Uchiha Itachi	when you were in my tsu
19:22:23	Hyuuga Arty	black
19:26:51	Uchiha Itachi	arty
19:27:01	Uchiha Itachi	when the shell comes ?
19:27:54	Hyuuga Arty	5-60mins
19:28:18	Uchiha Itachi	we will have a wipe
19:28:21	Uchiha Itachi	?
19:28:27	Crystal	arty who you got this source form
19:29:42	Hyuuga Arty	i made this from a fresh goa source &gt;.&gt;
19:30:05	Angel	Not bad
19:30:13	Crystal	hi Angel
19:30:38	Angel	Oh wait
19:32:03	Uchiha Kazeku	Arty
19:32:09	Angel	Why i no coded in :|
19:32:12	Angel	^
19:32:18	Uchiha Kazeku	Fight me RAWR
19:32:25	Angel	Hmm
19:32:38	Angel	most of thsi stuffs been doen right
19:32:44	Angel	But
19:32:54	Angel	Im guising intangable is removed ?
19:32:58	Uchiha Kazeku	Why cant i arena anyone
19:33:09	Uchiha Kazeku	You last challenged a player at 18:19, thats 0 /1.
19:34:32	Uchiha Kazeku	Rock shinobis
19:34:35	Uchiha Kazeku	Rawr
19:35:15	Uchiha Angel	oi c
19:35:19	Uchiha Angel	Collector u say
19:35:29	Uchiha Kazeku	Thats what you are?
19:35:45	Uchiha Angel	Arty using my hair
19:35:47	Uchiha Angel	xD
19:36:03	Uchiha Angel	Hmm danzo arm u say
19:36:06	Uchiha Kazeku	Someone arena me
19:36:08	Uchiha Angel	Hmm Eye count u say
19:36:15	Uchiha Angel	kaze what r u?
19:36:22	Uchiha Kazeku	Pure Blood
19:36:45	Uchiha Angel	I need shusei eye :O
19:36:53	Uchiha Angel	How do u even take eyes as collector ?
19:37:02	Uchiha Angel	I was involved in the coding but i dont have a clue LOL
19:37:06	Uchiha Kazeku	Kill Uchihas
19:37:06	Uchiha Angel	The game *
19:37:12	Uchiha Angel	Kill uchiha and u get eye ?
19:37:13	Uchiha Kazeku	Thats how im guessing
19:37:25	Uchiha Kazeku	You dont have a skill for it&#34;?
19:37:43	Uchiha Kazeku	Maybe its by killing a  uchiha
19:37:46	Uchiha Angel	Nope
19:37:58	Uchiha Angel	What element should i go
19:38:06	Uchiha Kazeku	Ifk
19:38:08	Uchiha Angel	II remember water being
19:38:08	Uchiha Kazeku	Idk
19:38:12	Uchiha Angel	Op as hell
19:38:19	Uchiha Kazeku	lol
19:38:52	Uchiha Kazeku	Oo.o
19:38:54	Uchiha Kazeku	Arty
19:38:58	Uchiha Angel	LOL
19:39:00	Uchiha Kazeku	I know what you could add
19:39:01	Uchiha Angel	I know
19:39:08	Uchiha Angel	btw im back in iconing LOL
19:39:10	Uchiha Kazeku	Amat Sheild
19:39:15	Uchiha Angel	arty i wasnt involved in the game ?
19:39:22	Uchiha Angel	Then why do u have my hair icon on LOL e.e
19:39:27	Uchiha Angel	LIES
19:39:30	Uchiha Angel	I have more
19:39:36	Uchiha Angel	I just cba to get em all done
19:39:42	Uchiha Angel	would do more
19:39:46	Uchiha Angel	If peopel game
19:39:53	Uchiha Kazeku	Lol
19:39:58	Uchiha Kazeku	what it look like?
19:40:27	Hyuuga Arty	ehh ima rehost
19:40:30	Hyuuga Arty	fan the game
19:40:39	Hyuuga Arty	i need to rehost i need to map stuf fi coded in
19:40:42	Uchiha Angel	How does danzo get arms ?
19:40:43	Hyuuga Arty	O.o
19:40:45	Uchiha Kazeku	Waiy
19:40:50	Hyuuga Arty	u kill uchiha
19:40:52	Uchiha Kazeku	Give me fan thing
19:40:53	Uchiha Angel	shr=ars
19:40:55	Hyuuga Arty	it auto gives u one
19:40:58	Uchiha Kazeku	TOld you angel
19:41:02	Uchiha Angel	Lol ?
19:41:05	Uchiha Kazeku	xD
19:41:52	Uchiha Angel	eww it still tells u the damadge u take in box
19:41:56	Uchiha Angel	Why u remove the update ?
19:42:19	Hyuuga Hermit	lvl&#39;s
19:42:21	Uchiha Kazeku	Arty
19:42:37	Uchiha Angel	Arty gimmeh lvls plox
19:42:39	Nicolas	oosp
19:42:40	Uchiha Kazeku	nvm
19:42:45	Uchiha Kazeku	Angel
19:42:48	Uchiha Kazeku	Right click
19:42:51	Uchiha Kazeku	yourself
19:42:58	Hyuuga Arty	ehh rehosting game
19:43:04	Nicolas	poasdipsdiofhper
19:43:13	Uchiha Angel	give self lvl 100 ?
19:43:33	Hermit	Arty lvl&#39;s
19:43:36	Nicolas	fsrsvsrsdf ferrrwtrewtewt vwtw wtf tewt swerw wwtf
19:43:45	Uchiha Kazeku	there
19:43:49	Uchiha Angel	lol lvl cap is 150 ?
19:43:59	Hermit	Arty lvl&#39;s QQ
19:44:00	Hyuuga Arty	ye it is
19:44:01	Uchiha Angel	2 eyes
19:44:04	Uchiha Angel	yay :D
19:44:06	Hyuuga Arty	leveling is hard though
19:44:12	Uchiha Kazeku	My  brother
19:44:15	Hyuuga Arty	join in 3 mins
19:44:16	Uchiha Kazeku	Juu ass xD
19:51:02	Uchiha Angel	150 lvl cap :O
19:51:09	Uchiha Angel	I need some uchiha to eye steal from
19:51:13	Uchiha Angel	e.e
19:51:33	Hermit	lvl&#39;s
19:51:55	Hermit	still a lil laggy
19:55:06	Uchiha Itachi	lol
19:55:35	Uchiha Angel	why dere no Uchiha around
19:57:10	Uchiha Itachi	is this the shell ?
19:58:33	Uchiha Angel	How long does Izanagi last for in this ?
19:58:42	Uchiha Kazeku	Angel
19:58:48	Uchiha Kazeku	I shall kill you
19:58:57	Uchiha Angel	GL with that
19:59:00	Uchiha Angel	I know this game
19:59:04	Uchiha Angel	Alot more than u
19:59:06	Uchiha Kazeku	Sasuke vs Danzou fight time
19:59:07	Uchiha Kazeku	xD
19:59:09	Uchiha Angel	If intangable was in this
19:59:13	Uchiha Angel	I would rip u so hard
19:59:14	Uchiha Kazeku	Where you at
19:59:26	Uchiha Kazeku	Since you want more eyes
19:59:54	Uchiha Angel	Wait
19:59:59	Uchiha Angel	Got stats + stuff to do
20:00:04	Uchiha Kazeku	Kay
20:00:09	Uchiha Kazeku	You got izannagi
20:00:13	Uchiha Angel	Yep
20:00:16	Uchiha Kazeku	Damn xD
20:00:21	Uchiha Angel	I also have
20:00:25	Uchiha Angel	Godmod gen no jutsu
20:01:21	Uchiha Kazeku	Right  click
20:01:23	Uchiha Kazeku	Your self
20:01:28	Uchiha Angel	lvl to 150
20:01:32	Uchiha Angel	its cap
20:01:37	Uchiha Angel	Dont go any higher
20:01:40	Uchiha Angel	Or ull bug
20:01:47	Uchiha Angel	Kaze u lvl 150 right ?
20:01:58	Uchiha Kazeku	Yeah
20:02:21	Uchiha Angel	Nice
20:02:28	Uchiha Angel	Shusui eye boost con rflx
20:02:46	Uchiha Kazeku	?
20:02:54	Uchiha Kazeku	I just said
20:03:01	Uchiha Kazeku	Right click yourself
20:03:21	Uchiha Kazeku	Angel I swear if I go blind before fighting you
20:03:37	Uchiha Angel	Ure gonna purposly go blind ?
20:03:42	Uchiha Angel	lol if u want
20:03:43	Uchiha Kazeku	That
20:03:45	Uchiha Kazeku	xD
20:03:55	Uchiha Angel	Really douclnt care less what u do
20:04:04	Uchiha Angel	I still get your eyes
20:04:07	Uchiha Angel	xD
20:04:10	Uchiha Kazeku	:P
20:04:19	Uchiha Kazeku	Ill put up a fight though o.O
20:04:30	Uchiha Kazeku	How fast did you own Itachi?
20:04:37	Uchiha Angel	Hmm
20:04:39	Uchiha Angel	Eehhh
20:04:43	Uchiha Angel	Lemme think
20:04:48	Uchiha Angel	U watch DBZ ?
20:04:53	Uchiha Kazeku	Yeah
20:04:56	Uchiha Kazeku	O.o
20:04:56	Uchiha Angel	K
20:05:06	Uchiha Angel	When Chotzu blew up on Nappa
20:05:17	Uchiha Angel	Wait no
20:05:24	Uchiha Kazeku	yeah i was about 2 say
20:05:25	Uchiha Angel	After Saibamen were made by Vegeta
20:05:34	Uchiha Angel	How long did it take before Yamcha died ?
20:05:40	Uchiha Angel	Rouhly
20:05:43	Uchiha Kazeku	Idk 10secs
20:05:49	Uchiha Angel	Yep thats about right
20:05:56	Uchiha Kazeku	lol
20:05:58	Uchiha Kazeku	damn
20:07:03	Uchiha Angel	Earth resurection might b useful; later on
20:07:14	Uchiha Kazeku	Well anyone arena while im waiting for angel?
20:07:21	Uchiha Angel	Almost done
20:08:47	Uchiha Kazeku	Didnt you already have your stuff when you faught Itachi
20:08:51	Uchiha Angel	Nope
20:08:55	Uchiha Angel	Only my water
20:09:00	Uchiha Angel	Didnt need anything else
20:09:09	Uchiha Angel	Like i said i REALLY know this game
20:10:06	Uchiha Kazeku	lol
20:10:14	Uchiha Angel	now i need some cloths
20:10:20	Uchiha Angel	But they can come later
20:11:01	Uchiha Angel	basicaly
20:11:12	Uchiha Angel	Go XD
20:12:01	Uchiha Angel	Lol
20:12:07	Uchiha Angel	Izanagi ended way too fast
20:12:10	Uchiha Angel	xD
20:12:34	Uchiha Angel	No good with new macros -.-
20:13:09	Uchiha Angel	Hmm
20:13:14	Uchiha Angel	I dont want to use this other eye
20:13:43	Uchiha Angel	Damn ran into it
20:13:48	Uchiha Angel	What on earth is that eye
20:13:55	Uchiha Angel	Im defo scared
20:14:18	Uchiha Angel	Ill b eating ure eyes now
20:14:24	Uchiha Angel	Dont worry u keep shar and everything
20:14:28	Uchiha Angel	I just keep eyes xD
20:14:46	Uchiha Kazeku	So I guess ive lost mine?
20:14:49	Uchiha Angel	No
20:14:55	Uchiha Angel	U keep them
20:14:55	Uchiha Kazeku	Oh xD
20:14:59	Uchiha Angel	I just get more eye count
20:15:02	Uchiha Kazeku	I thought you took them
20:15:04	Uchiha Angel	its like heart steal
20:15:07	Uchiha Angel	:p
20:15:11	Uchiha Kazeku	Gf
20:16:11	Uchiha Kazeku	Let me know when you get izanagi back
20:16:17	Uchiha Kazeku	I wants 2 fight it
20:16:38	Hermit	Fight anyone?
20:16:41	Hermit	Arena me
20:18:43	Hermit	lag horrible
20:19:22	Hermit	ass lag
20:20:18	Hermit	lag suck grate this noob just beat me back to gates
20:20:32	Uchiha Kazeku	Lol
20:20:50	Uchiha Kazeku	Angel
20:22:18	Uchiha Angel	?
20:22:24	Uchiha Kazeku	See him ragE?
20:22:28	Uchiha Angel	xD
20:22:35	Uchiha Kazeku	Lol fight again?
20:22:39	Uchiha Angel	I cba
20:22:41	Uchiha Angel	1 second
20:23:02	Uchiha Kazeku	And damn xD
20:23:06	Uchiha Kazeku	@Arty
20:23:28	Uchiha Kazeku	You made grand fire burn the user man
20:23:53	Uchiha Kazeku	I want mah Taka suit o.O
20:26:35	Uchiha Kazeku	Niygaara
20:29:01	Rock Verto	Found Khae&#39;s body
20:29:17	Uchiha Kazeku	Yeah
20:29:24	Uchiha Kazeku	A sharingan Collector got meh
20:29:26	Uchiha Kazeku	xd
20:29:57	Uchiha Kazeku	You wanna know what did me in zet
20:30:05	Uchiha Kazeku	My own fire style burned me xD
20:31:10	Uchiha Kazeku	WOW
20:31:11	Uchiha Kazeku	XD
20:31:21	Rock Verto	Lol
20:31:39	Uchiha Kazeku	I just bought every lightning style move x
20:31:43	Uchiha Kazeku	xD
20:31:48	Uchiha Kazeku	Just 2 find out
20:31:56	Rock Verto	?
20:31:56	Uchiha Kazeku	2 get kirin i need raikiro
20:31:59	Uchiha Kazeku	Raikiri
20:32:01	Uchiha Kazeku	xD
20:32:03	Rock Verto	xD
20:32:20	Uchiha Kazeku	Now I dnt have enough for kirin
20:32:24	Uchiha Kazeku	Oh well lol&#39;
20:32:49	Uchiha Angel	lol
20:33:07	Uchiha Kazeku	Angel you stood there and said nothing
20:33:09	Uchiha Kazeku	TT_TT
20:33:33	Uchiha Kazeku	Fight me I want your Eyes
20:37:58	Danzou	hi
20:39:21	Hyuuga Arty	ok
20:39:29	Hyuuga Arty	im deleting saves and hosting on the shell now
20:39:33	Hyuuga Arty	ehh and
20:39:40	Hyuuga Arty	invite people when i do ^_^
20:39:49	Uchiha Itachi	ok
20:40:06	Uchiha Itachi	i will get my points &gt;?
20:40:21	Danzou	yesa
20:40:24	Danzou	yes*
20:40:32	Uchiha Kazeku	back in 19
20:41:54	Hyuuga Arty	ye
20:44:54	Hyuuga Arty	ok game is going down now
20:44:59	Flint	WTF
20:44:59	Hyuuga Arty	up in a few mins
20:45:03	Flint	aww man
20:45:05	Hyuuga Arty	changing it to the shell
20:45:07	Hyuuga Arty	:£
20:45:12	Uchiha Itachi	k
20:45:17	Uchiha Itachi	go 
20:45:20	Uchiha Itachi	do it
23:42:42	Hyuuga Arty	a
23:42:49	Hyuuga Arty	a
