15:45:42	Hozuki Shinn	arty
15:45:45	Arty	mhm
15:45:48	Hozuki Shinn	my file got random deleted
15:45:53	Hozuki Shinn	can u give my stuff back?
15:45:55	Arty	i havent got old saves
15:46:01	Arty	im wiping everything anyway
15:46:04	Hozuki Shinn	hmm
15:46:05	Hozuki Shinn	go for it
15:46:07	Hozuki Shinn	:D
15:46:14	Hozuki Shinn	so
15:46:15	Arty	i need a host though
15:46:20	Hozuki Shinn	hmm....
15:46:21	Arty	and players
15:46:27	Arty	if i get players
15:46:35	Hozuki Shinn	i think we can invite players again...
15:46:36	Arty	i will be quite happy to redo goa
15:46:43	Hozuki Shinn	hehe
15:46:45	Hozuki Shinn	good
15:46:54	Arty	like as in 30 players average 
15:47:08	Arty	example like old revised o.o
15:47:11	Arty	since lao and douta
15:47:15	Arty	have nothing to do
15:48:11	Arty	no more sources :3 =  no more
15:48:40	Arty	btw im going out
15:48:44	Arty	ill leave this on
15:48:50	Arty	so meh get some players
15:49:11	Arty	this might lag as well
15:49:14	Arty	since i cant host
15:49:46	Hozuki Shinn	hmm
15:49:51	Hozuki Shinn	ok
15:49:58	Arty	laterz :3 ill keep myself signed in
15:50:03	Hozuki Shinn	man
15:50:05	Arty	if anyone calls me tell them im away
15:50:09	Hozuki Shinn	why dont u just wipe now?
15:50:16	Arty	cos i want to remake some shit
15:50:25	Arty	trying to get some players and a host atm
15:50:38	Arty	wanna rebuild saves a little
15:50:43	Arty	brb
15:50:49	Arty	laterz going :3
15:54:34	Hozuki Shinn	hmm
15:54:52	Hozuki Shinn	arty
15:54:53	Hozuki Shinn	u there?
15:54:59	Hozuki Shinn	i got some suggestions
16:11:09	Zabuza	arty!
16:11:21	Shinn	hes afk
16:15:06	Shinn	anyone there?
16:15:30	Zabuza	me
16:15:35	Shinn	lets spar?
16:15:37	Kouga	laaaaag
16:15:47	Shinn	ppl 
16:15:52	Shinn	come cha dojo
16:16:50	Zabuza	1sec
16:18:05	Kouga	im in cha dojo
16:18:19	Shinn	i think i ill remake
16:18:22	Shinn	but im going 
16:19:36	Kouga	cha dojo ?
16:19:41	Shinn	coming
16:20:24	Kouga	the lag is only here, or everyone is lagging ?
16:20:30	Shinn	everyone
16:20:33	Zabuza	no i am not
16:20:36	Shinn	cause he got no shell yet
16:20:45	Shinn	he already said it was going to lag
16:21:13	Kouga	ook
16:22:24	Zabuza	&lt;-- 7sm leader
16:23:36	Kouga	laaaaaaaaaaaaaaag
16:24:24	Kouga	what is cs ???
16:24:51	Hozuki Bubbles	herru
16:25:10	Bubbles	pfft clan names
16:26:44	Hozuki Mangetsu	sup 
16:26:51	Bubbles	yo a hozuki
16:26:53	Bubbles	like me!
16:27:13	Hozuki Mangetsu	but i am a THE hozuki and you just a hozuki
16:27:35	Shinn	LOL
16:27:40	Shinn	u not the hozuki
16:27:44	Shinn	i was The hozuki
16:27:49	Hozuki Mangetsu	no
16:27:50	Shinn	i was leader from ssm
16:27:51	Hozuki Mangetsu	i raped you
16:27:53	Shinn	stfu
16:27:57	Hozuki Mangetsu	&lt;--Kisame
16:28:01	Hozuki Mangetsu	dont say i did not rape you
16:28:06	Shinn	u didnt rape me at all
16:28:09	Hozuki Mangetsu	yes i did
16:28:11	Hozuki Mangetsu	you never won
16:28:12	Shinn	hell no
16:28:15	Shinn	i remenber
16:28:17	Shinn	i won u
16:28:20	Shinn	u almost koed me
16:28:22	Shinn	but i won
16:28:24	Hozuki Mangetsu	no...
16:28:26	Hozuki Mangetsu	i won
16:28:28	Shinn	stfu...
16:28:30	Hozuki Mangetsu	thats why i joined
16:28:33	Hozuki Mangetsu	and took samehada
16:28:36	Hozuki Mangetsu	and raped you
16:28:42	Shinn	looooooooool
16:28:46	Shinn	fucking liar
16:28:49	Hozuki Mangetsu	you lia
16:28:56	Hozuki Mangetsu	you spam that OP shit and still lost
16:28:59	Shinn	u not joining ssm again
16:29:02	Hozuki Mangetsu	and i was leader
16:29:03	Shinn	haha
16:29:06	Shinn	HELL NO
16:29:07	Hozuki Mangetsu	becaus arty took it from you
16:29:12	Shinn	hell no
16:29:12	Hozuki Mangetsu	yep
16:29:21	Shinn	man
16:29:22	Hozuki Mangetsu	and you rage and left
16:29:29	Hozuki Mangetsu	and i did never see you again
16:29:32	Shinn	LOLLOLOLLOLOLOLOLOLOLLLOLOLOLOLOLOLOLOLOLOLOL
16:29:39	Shinn	i stayed here until it was put off
16:29:41	Shinn	u stupid
16:29:45	Shinn	u didnt enter
16:29:45	Hozuki Mangetsu	nope
16:29:48	Hozuki Mangetsu	i was on everyday
16:29:50	Shinn	dont say shit
16:29:51	Hozuki Mangetsu	never see you
16:29:55	Shinn	me either
16:29:58	Hozuki Mangetsu	you talk shit
16:30:00	Shinn	man
16:30:02	Hozuki Mangetsu	becaus only 1 you raped
16:30:07	Shinn	dont talk to me kid
16:30:08	Hozuki Mangetsu	is someone who was afk
16:31:24	Bubbles	hydrification is hella op
16:31:35	Shinn	man
16:31:36	Shinn	u just fail
16:31:47	Bubbles	:I
16:32:02	Bubbles	im saying that cuz i be raping with it
16:32:09	Shinn	?
16:32:14	Shinn	who u talking to?
17:06:14	Hapi.!	Arty?
17:07:10	Hapi.!	XD
17:18:45	Hapi.!	Anyone on?
17:31:44	Hozuki Mangetsu	y
17:34:49	Arty	bak o.o
17:35:05	Hozuki Mangetsu	ABOUT TIME!
17:35:06	Hozuki Mangetsu	arty
17:35:10	Hozuki Mangetsu	i was not able 2 load
17:35:10	Hozuki Mangetsu	D:
17:35:20	Arty	cos there are no saves
17:35:23	Arty	....
17:36:58	Uchiha Snoopie	is this game back?
17:41:41	Hapi.!	Arty
17:41:45	Arty	?
17:41:48	Hapi.!	got my byond messange
17:41:51	Hapi.!	?
17:41:57	Arty	ye
17:43:07	Hapi.!	so?
17:44:16	Arty	no
17:45:37	Arty	i will be incorporating a new map system O.o
17:45:54	Hapi.!	ok
17:46:39	Arty	lol
17:46:46	Arty	meh well O.o
17:46:53	Arty	i just need a host and players O.o
17:46:56	Arty	o.O
17:53:07	Arty	mhm o.o
17:57:35	Arty	o.o
18:06:43	Test	arty
18:06:52	Test	is samurai get asword
18:07:00	Test	and do they get a boost in rfx
18:28:59	Test	wow
18:29:03	Test	thats my bro
18:36:43	Uchiha Sasuke	hi
18:37:32	Uchiha Sasuke	asd
21:04:17	Naruto	is this game back for good
21:17:59	Naruto	so olg u have a  idea of the game
21:19:54	ShikaGami	?
21:20:08	Jadin	hmmm
21:26:18	Naruto	olg were are u
21:26:36	Olgenson	acdemy co
21:26:46	Naruto	i&#39;ll be there soon
21:28:06	Naruto	u naruto like me
21:36:01	Uchiha madara	man
21:41:57	Olgenson	lol i joined the war
21:42:05	Naruto	i can&#39;t
21:42:10	Naruto	&lt;_&lt;
21:42:19	Naruto	i here
21:42:41	Naruto	o olg we have to kill each other to win bro
21:42:49	ShikaGami	Lol
21:42:59	Naruto	but i don&#39;t want to
21:44:11	Naruto	lol
21:44:46	Naruto	olg come
21:46:06	Olgenson	ok hes here
21:46:36	Naruto	one sec
21:49:35	Naruto	olg u there
21:49:42	Olgenson	here
21:49:54	Naruto	make in the mist
21:50:46	Naruto	olg got it
21:51:09	Naruto	you now guys we should use this time to  get strong
21:52:38	Shinn	arty
21:52:40	Shinn	u there?
21:53:01	Naruto	arty u there
21:53:06	Shinn	hes not
21:53:25	Naruto	something wrong just happen 
Mist Guard is using the same IP Address as Jason_ killer132

21:53:35	Shinn	u was multi keying?
21:53:38	Shinn	its not allowed
21:53:42	Naruto	really
21:53:43	Shinn	simple .-.
21:53:47	Shinn	sure yes
21:53:57	Naruto	there i long off
21:54:02	Shinn	fail guy
21:54:04	Shinn	u is
21:56:33	Naruto	by olg
21:57:19	Shinn	?
21:58:09	Naruto	cya bro bye
21:58:14	Shinn	cya
21:58:20	Olgenson	lol
21:58:26	Shinn	ppl
21:58:30	Shinn	sage here is bugged
21:58:33	Shinn	just dont choose it
21:58:51	Naruto	press space
21:59:05	Shinn	
21:59:11	Shinn	u said u was going to leave
21:59:13	Shinn	wtf
21:59:23	Naruto	thats not my alt
21:59:28	Shinn	aaaaah
21:59:42	Naruto	it was jason_killer he&#39;s not online check
21:59:58	Naruto	i&#39;m not dumb u know olg
22:00:28	Naruto	we can&#39;t arena
22:00:37	Naruto	shinn i want to fight u
22:01:01	Shinn	come cha dojo
22:01:06	Naruto	k
22:01:12	Naruto	olg come 
22:01:19	Naruto	to cha dojo
22:02:14	Naruto	k
22:03:07	Olgenson	location
22:03:46	Naruto	Naruto says: more damage increase in speed
Naruto says: come down leave kono

22:04:30	Naruto	what just happen
22:04:45	Naruto	my turn
22:05:07	Olgenson	what was that
22:12:07	Yotsuki Verto	Pplz
22:12:14	Shinn	?
22:12:28	Yotsuki Verto	I was on earlier and there was no one on.
22:13:46	Shinn	guys
22:13:51	Shinn	u dont need to train that hard
22:13:57	Shinn	arty is going to wipe soon
22:14:07	Olgenson	i see
22:14:09	Yotsuki Verto	Not wipe persay. This is just a temp server
22:14:17	Shinn	yep
22:14:19	Yotsuki Verto	He&#39;s looking for a host.
22:14:32	Naruto	shinn going use it now
22:14:33	Shinn	dude i was talking to him early
22:14:37	Shinn	&gt;.&gt;
22:14:58	Naruto	so do u want to see it
22:15:03	Shinn	see what?
22:15:26	Naruto	sage
22:15:39	Shinn	sure
22:16:24	Naruto	you see
22:17:05	Naruto	yep
22:30:21	Curse	hii
22:30:38	Curse	Shikagam
22:32:08	Shinn	im black
22:32:12	Shinn	back*
22:32:23	Curse	?
22:33:09	Shinn	omfg
22:34:42	Curse	lag
23:19:07	ShikaGami	wtf
23:19:14	ShikaGami	village kill while i was afk
23:42:29	Naruto	olg
23:42:44	Olgenson	where are you
23:43:29	Naruto	dam one sec
23:44:34	Naruto	ready
23:45:04	Naruto	wait here
23:51:05	Olgenson	i was being chased lol
23:54:35	Olgenson	damn
23:54:44	Naruto	lol
23:54:59	Olgenson	i got my ass kicked -_-
23:58:49	Naruto	olg want to play this are revised
23:59:08	Olgenson	idk which to choose lol
23:59:37	Naruto	this one u have a chance to be strong revised its going take a well
