00:04:53	ShikaGami	-.-
00:05:48	Naruto	lol
00:06:06	ShikaGami	Dont like when u bitches kill me when i am afk -.-
00:06:18	Naruto	lol 
00:06:22	Naruto	sorry
00:06:33	Naruto	i was badly wound thats why u killed me
00:06:44	Olgenson	O_O
00:06:44	Naruto	olg were areu
00:07:00	Naruto	but your strong bro
00:07:10	Olgenson	i think im at hospital
00:07:19	Naruto	no your
00:07:42	Naruto	look
00:07:53	Naruto	we need to leave i need to leave this village
00:08:00	Naruto	i mean
00:08:16	Naruto	village killes effect your greade
00:08:20	Naruto	grade
00:08:36	Naruto	so i&#39;m leaving bro
00:09:03	Naruto	bye
00:09:09	Olgenson	lok
00:09:11	Olgenson	lol
00:11:26	Naruto	anyone know how to join akat
00:11:33	Naruto	bye olg
00:12:38	Naruto	:)
00:12:47	Naruto	&gt;:)
00:12:48	Olgenson	lol
00:15:10	Naruto	olg i got it
00:15:35	Olgenson	so you needed to kill somebody lol
00:16:28	Naruto	no i needed o leave village 
00:16:42	Olgenson	oh
00:17:10	Naruto	are i could have wait until chuunin
00:18:15	Naruto	fuck i hate that
00:18:19	ShikaGami	lmao
00:18:34	Naruto	no
00:21:14	Naruto	olg
00:21:34	Naruto	lol
00:21:41	Olgenson	wtf 
00:21:55	Naruto	no way i&#39;m S rank
00:22:04	Naruto	olg told u
00:22:21	Olgenson	well damn lol
00:22:43	Naruto	leave your village the more u kill the more you rank inrease
00:23:07	Naruto	anyone know how to join akat
00:24:16	Naruto	Your job is to track down Uchiha Jadin who you can find at Konoha and kill him.
00:24:55	Naruto	i have to do a mission
00:24:59	Naruto	you coming
00:26:01	Naruto	were is jadin
00:26:38	Naruto	jadin can i kill u
00:26:45	Naruto	for a mission
00:27:24	Naruto	hmm
00:27:52	Naruto	jadin plz for a mission
00:29:46	Naruto	jadin i&#39;ll let u kill me
00:29:56	Naruto	just let me do it for my mission
00:30:09	Naruto	Your job is to track down Uchiha Jadin who you can find at Konoha and kill him.
00:31:04	Uchiha Jadin	ok you have to find me
00:32:17	Naruto	i can&#39;t do that
00:32:25	Naruto	thx
00:32:59	Naruto	i&#39;ll let u kill me later
00:33:56	Uchiha Jadin	opk i dead
00:34:07	Naruto	come kill me now
00:34:16	Naruto	press space
00:35:10	Naruto	do u want to kill me bo
00:36:42	Shinn	arty
00:36:45	Shinn	u there?
00:36:58	Naruto	shiin sup
00:37:01	Shinn	sup
00:37:16	Naruto	i owe u
00:37:27	Naruto	wow
00:37:46	Shinn	wish we could get the old game back...
