19:22:06	Mifune	hey guys
19:22:11	Mifune	lvls pls
21:05:40	Naruto	WTF
21:05:42	Naruto	LOL
21:07:38	Naruto	arty
21:21:31	Naruto	arty
21:45:42	Naruto	fuck
21:45:45	ShikaGami	?
21:45:53	Naruto	batman
21:46:32	Naruto	man no one play this game
21:46:36	Naruto	again
21:46:52	ShikaGami	yes
21:47:00	Naruto	really
21:47:05	Naruto	how much
21:47:23	Yotsuki Verto	This server really is only a temp server.
21:47:46	Naruto	o so it doesn&#39;t make sense playing now
21:47:50	Naruto	man
21:48:41	Naruto	when is the real server coming
21:48:49	Yotsuki Verto	When he finds a host...
21:48:56	Naruto	o ok
21:49:04	Naruto	what about arty
21:49:12	Naruto	he can be the host
21:50:09	Naruto	well cya guys 
21:50:11	Yotsuki Verto	His computer isn&#39;t able to constantly host this.
21:50:18	Naruto	o ok
21:50:54	Naruto	man but still its not like we could have get kage are akat leader if this temp
21:51:31	Naruto	so now i have to wait hmm
