23:24:52	Reaper	sup
23:25:18	Reaper	That is epic
23:25:24	Arty	i know right xD
23:25:48	Reaper	The idea i had was i wanna have an aura like that but still look like the beast just tiny
23:26:12	Arty	mhm :O
23:26:16	Arty	but o.o
23:26:21	Reaper	Like a transparent smaller version of the tailed beast
23:26:28	Arty	narutos aura o.o
23:26:37	Arty	or narutos four tail state
23:26:45	Reaper	Kinda like how the jinchuriki clan is
23:27:03	Reaper	But each beast looks like that tailed beast
23:27:04	Arty	it does have transparent aura with the tails o.o
23:27:09	Arty	thing is
23:27:14	Arty	bijuu have the same aura
23:27:18	Arty	apart from there
23:27:26	Arty	one tail less state
23:27:30	Arty	like killer be
23:27:33	Reaper	Ok summon the beast again
23:27:46	Arty	killer bees state red skin is diff to narutos
23:28:03	Reaper	See the actual beast
23:28:12	Arty	ye o.o
23:28:14	Reaper	I want that just transparent and smaller
23:28:20	Arty	o ok
23:37:54	Hozuki Ares	yo
23:44:51	Zenouva	hiho :D
23:45:04	Ares	hey
23:46:07	Ares	n ur more like my ho
23:46:30	Zenouva	what o.O&#39;&#39;&#39;
23:46:35	Ares	get in the car
23:47:02	Ares	but idk wat clan to be
23:47:56	Zenouva	Paper seems cool 
23:48:05	Ares	wat r u
23:48:13	Zenouva	Paper ^^
23:48:20	Ares	oh wow lol
23:48:28	Ares	not really helping thier
23:48:39	Zenouva	Kaguya &amp; Nara r also cool
