20:30:02	Uchiha Arty	&gt;.&lt;
20:30:12	Uchiha Arty	im testing stuff out lol
20:30:55	Katsuya	Ugly
20:30:57	Katsuya	ass pics
20:31:02	Uchiha Arty	wat ugly ?
20:31:05	Uchiha Arty	wat pics rofl
20:31:09	Katsuya	eww u use all my turfs
20:31:10	Katsuya	too
20:31:12	Katsuya	-_-
20:31:16	Uchiha Arty	not really O.o
20:31:18	Katsuya	sasuke pic so ugly
20:31:18	Uchiha Arty	well
20:31:26	Uchiha Arty	wat sasuke pic O.o?
20:31:31	Uchiha Arty	on creation screen
20:31:33	Uchiha Arty	i like it :3
20:31:45	Katsuya	Eww fuck sasuke
20:31:45	Uchiha Arty	why did u go to kiri -.-
20:31:55	Uchiha Arty	this aint even finished xd
20:31:57	Katsuya	ause fuck sasuke
20:36:00	Uchiha Arty	vacuum
20:36:03	Uchiha Arty	vacuum wave
20:36:15	Katsuya	yeah
20:36:27	Uchiha Arty	did it work
20:36:30	Uchiha Arty	arena challenge me
20:37:49	Uchiha Arty	man &gt;.&lt;
20:38:48	Uchiha Arty	stop joining !
20:38:50	Uchiha Arty	rofl
20:38:54	Uchiha Arty	im testing stuff out
20:39:02	Uchiha Arty	theres no new stuff on the tree xD
20:39:50	Raiden	ewww...
20:39:57	Uchiha Arty	lol
20:40:03	Uchiha Arty	the game is far from finished
20:40:06	Raiden	Realy 
20:40:09	Uchiha Arty	ye
20:40:10	Raiden	Who lended u
20:40:13	Katsuya	No1
20:40:14	Raiden	Unlimited reborn
20:40:15	Katsuya	gtfo
20:40:19	Uchiha Arty	no one
20:40:30	Katsuya	and Unlimited reborn is a make off my source
20:40:30	Uchiha Arty	rofl i dont even have unlimited reborn
20:40:37	Katsuya	Lol
20:40:41	Raiden	yes u do....
20:40:44	Uchiha Arty	no i dont
20:40:50	Uchiha Arty	i have katsuyas source
20:40:56	Raiden	How come the skills u already have
20:41:05	Uchiha Arty	wat u mean?
20:41:08	Raiden	have the lil thing around em
20:41:17	Uchiha Arty	lol
20:41:20	Uchiha Arty	cos
20:41:23	Uchiha Arty	thats already
20:41:25	Uchiha Arty	in the source
20:41:26	Uchiha Arty	rofl
20:41:31	Uchiha Arty	go to
20:41:35	Uchiha Arty	katonanim
20:41:37	Uchiha Arty	gui
20:41:39	Katsuya	it had the 
20:41:40	Uchiha Arty	its there
20:41:40	Katsuya	*/
20:41:42	Katsuya	on it
20:42:04	Raiden	Byond full of fake ass
20:42:08	Raiden	People
20:42:12	Raiden	kaz a bser
20:42:12	Katsuya	Lol cyph
20:42:14	Uchiha Arty	im not a fake ass person
20:42:19	Katsuya	U do know kaz was jk with u
20:42:21	Katsuya	that day
20:42:24	Raiden	Dawg arty u iz a fake
20:42:24	Katsuya	he told me
20:42:27	Katsuya	on
20:42:31	Katsuya	my game
20:42:31	Uchiha Arty	not really
20:42:33	Katsuya	anyways brb
20:42:47	Uchiha Arty	this game is far from finished and i only hosted to test stuff out with m8s
20:42:53	Uchiha Arty	got a problem then fuk off
20:42:58	Raiden	U fcked me over when i provided yo weak ass game who u aswell would later be bsed by his own co owner
20:43:07	Uchiha Arty	so?
20:43:15	Uchiha Arty	thats in the past, to i care not really
20:43:16	Raiden	so? Uz a phony
20:43:19	SexSuya	LETS GO
20:43:24	SexSuya	summon plox
20:43:24	Uchiha Arty	how is that being a phony
20:43:37	Raiden	Cause your a scum like kaz
20:43:44	Uchiha Arty	how?
20:43:46	Raiden	Who can&#39;t keep an end of a bargain
20:43:53	Uchiha Arty	wat end of a bargain
20:44:00	Raiden	-.-
20:44:02	Uchiha Arty	i made no bargin lol
20:44:05	Raiden	Nigga i lended
20:44:08	Raiden	U hella icons
20:44:13	Raiden	Before like the snake
20:44:18	Raiden	sasori 1000 puppets
20:44:42	Uchiha Arty	and wat was the deal for them?
20:44:51	Raiden	I would at least get gm
20:44:55	Raiden	in your game
20:45:00	Uchiha Arty	hella na lol
20:45:07	Raiden	hella yes
20:45:08	Uchiha Arty	not in the game im making :3
20:45:16	Raiden	Nigga this is the same trash
20:45:19	SexSuya	That spot is reserved for me 
20:45:22	Uchiha Arty	not really
20:45:27	Uchiha Arty	this game isnt that good
20:45:28	Raiden	you and crystal couldn&#39;t produce games
20:45:31	Uchiha Arty	because its far from finished
20:45:38	Uchiha Arty	this is my game
20:45:43	Uchiha Arty	u dont even know me
20:45:45	Raiden	What happened to crystal?
20:45:49	Uchiha Arty	u dont even know wat i can do
20:45:52	Uchiha Arty	crystal fuked off
20:45:53	Raiden	Nigga all i know about u is that 
20:45:58	Raiden	Uz a fail,a phony
20:46:06	Uchiha Arty	k thx bai
20:46:11	Raiden	crystal dick rider
20:46:19	Raiden	well enuff about u
20:46:23	Raiden	kats
20:46:26	Raiden	what kaz say?
20:46:27	SexSuya	Yerp
20:46:31	SexSuya	He said he was jk
20:46:34	SexSuya	that night
20:46:40	Raiden	jpoking about what
20:46:47	SexSuya	not letting u be admin
20:47:05	Raiden	no
20:47:12	Raiden	Only person i trust
20:47:16	Raiden	In Byond is u
20:47:24	Raiden	And Gordon u dont know him
20:48:47	SexSuya	Kool
20:48:49	SexSuya	beans 
20:49:00	Uchiha Angel	Im liking already
20:49:08	Uchiha Angel	Cept i chose Tobi by mistake :|
20:49:12	SexSuya	^ dick licking
20:49:14	SexSuya	already
20:49:32	Uchiha Angel	I dont have to
20:49:37	Uchiha Angel	Im already getting GM
20:49:38	Uchiha Angel	xD
20:49:42	Raiden	Kats
20:49:48	Raiden	I still got your source
20:49:50	SexSuya	God I hope not
20:49:55	Uchiha Angel	XD
20:49:58	Raiden	Lol&gt;.&gt; I take is as 
20:50:03	Raiden	badge of trust
20:50:14	Uchiha Angel	Whats space time migration ?
20:50:17	Uchiha Angel	Teleport :O
20:50:18	Uchiha Arty	a move
20:50:19	SexSuya	OH LAWD
20:50:24	Raiden	Daammmm
20:50:26	Uchiha Arty	this game is far from finished btw
20:50:34	Raiden	This u gave space time migration too
20:50:38	Raiden	Unlimited icons
20:50:40	SexSuya	i AINT
20:50:41	SexSuya	give 
20:50:43	SexSuya	shit
20:50:45	SexSuya	to no one
20:50:47	SexSuya	:)
20:50:54	Raiden	U sure
20:50:57	SexSuya	but ARTY BEEN working like a slave since december
20:51:03	SexSuya	yeah Im sure
20:51:15	SexSuya	me and arty are friends but we conduct buisness on a buisness lvl
20:51:20	Uchiha Arty	^
20:52:07	Raiden	Only thing
20:52:14	Raiden	Wat set offf
20:52:17	Raiden	My despise
20:52:21	Raiden	For arty
20:52:28	Raiden	is him being Crystal&#39;s slace
20:52:31	Raiden	slave
20:52:38	SexSuya	Crystal some sauce
20:52:47	Raiden	i heard she got knocked up
20:53:33	Raiden	and arty i apologise,,if your Ok  W. kats mind aswell be
20:53:48	Raiden	Prefer u than douta ..
20:53:53	Raiden	and a question for 
20:53:55	Raiden	arty
20:53:56	SexSuya	^
20:53:59	Uchiha Arty	mhm?
20:54:15	Raiden	Did u allow that fat son of a bitch to use ur hard work
20:54:17	SexSuya	I snapepd yesterday
20:54:24	Uchiha Arty	no
20:54:26	SexSuya	Douta asked me to logg on
20:54:26	Raiden	hes going around saying that
20:54:29	Uchiha Arty	he banned me
20:54:29	SexSuya	to test something
20:54:39	Raiden	He sucks at owning a game
20:54:40	SexSuya	and I was like TF
20:54:42	SexSuya	NO
20:54:44	Raiden	If he doesnt know how to 
20:54:47	Uchiha Arty	i know :P
20:54:47	SexSuya	LAST TIME I TESTED SHIT FOR U
20:54:51	SexSuya	I HAD TO GAIN MY LLS BAC
20:54:53	SexSuya	no thanks
20:55:10	Raiden	so should i apologise to kaz&gt;
20:55:12	Raiden	?
20:55:19	SexSuya	yh
20:55:30	Raiden	and arty
20:55:33	SexSuya	but im afk/logging ill be on my game/msn
20:55:33	Uchiha Arty	mhm?
20:55:36	Raiden	Keep this game locked tight
20:55:42	Uchiha Arty	kk will do
20:55:44	SexSuya	doing a project worth 15% of teh game
20:55:49	SexSuya	my grade* afk
20:55:53	Uchiha Arty	xD
20:56:02	Raiden	Like do background checks on ppl u hire as co owner etc.. i assume kats is
20:56:14	Uchiha Arty	im only having myself as owner
20:56:17	Uchiha Arty	and a couple of gms
20:56:29	Raiden	You could trust kats though w. the source
20:56:35	Raiden	doing your coding etc..
20:56:46	Raiden	I entrusted him w. unlimited
20:56:52	Raiden	Im resizing everything
20:57:18	Uchiha Arty	shit vacuum is op &gt;.&lt;
20:57:40	Raiden	Lol but do you arty have 
20:57:46	Raiden	THe last updated source?
20:57:51	Raiden	of mav
20:57:54	Uchiha Arty	nope
20:58:00	Uchiha Arty	dont have any unlimited sources
20:58:19	Uchiha Angel	:|
20:58:22	Uchiha Angel	mav ?
20:59:25	Raiden	im still fixing ma shit
20:59:55	Uchiha Arty	wat shit? O.o
21:00:46	Raiden	the skinning
21:00:48	Uchiha Arty	i have added something new as well
21:01:00	Uchiha Arty	someone get 3 int on analyze
21:01:09	Raiden	and i lied  when i said eww
21:01:16	Uchiha Arty	lol xD
21:01:19	Uchiha Arty	thx :P
21:01:23	Raiden	this game will heal the Goa depression
21:01:25	Uchiha Arty	it aint done yet O.o
21:01:32	Uchiha Arty	well its far from done
21:01:41	Uchiha Arty	i can show u some new moves?
21:01:47	Raiden	k
21:01:54	Uchiha Angel	I WUNNA SEE
21:02:23	Raiden	Oh shit
21:02:34	Raiden	Who iconneeddd for you&gt;@#&gt;@&gt;#1
21:02:40	Uchiha Arty	no one
21:02:41	Uchiha Arty	O.o
21:02:43	Uchiha Arty	i done it
21:02:44	Raiden	u?
21:02:48	Raiden	Dam
21:02:59	Uchiha Arty	thx :P
21:03:01	Raiden	Imma host yo shit soon 
21:03:29	Raiden	kats and arty make a deadly epic duo
21:03:36	Uchiha Angel	Cha guard ?
21:03:40	Uchiha Angel	K cha&#39;s been redone
21:03:46	Uchiha Arty	everything in this game is mine xD and some i added of mikes source :P
21:03:49	Uchiha Arty	mhmp
21:03:53	Uchiha Arty	ye it has
21:03:56	Uchiha Angel	The tree&#39;s are the best part e.e
21:04:04	Uchiha Arty	i know there beast :)
21:04:46	Uchiha Angel	I WUNT DEM NEW JOOTZOO
21:04:52	Uchiha Arty	lol kk
21:04:57	Uchiha Arty	come here :3
21:05:06	Uchiha Arty	which ones?
21:05:16	Raiden	arty add this key
21:05:18	Uchiha Angel	The wierd spikes
21:05:20	Uchiha Arty	kk
21:05:21	Raiden	Kingz575699
21:05:21	Uchiha Angel	:|
21:05:34	Uchiha Angel	The water ones
21:05:42	Raiden	all the insults i take back&gt;.&lt;
21:05:44	Uchiha Arty	kk raiden added u, and kk
21:05:48	Uchiha Arty	kk :P
21:05:53	Uchiha Arty	ok raiden O.o
21:05:56	Uchiha Arty	ima
21:05:56	Uchiha Angel	Oh and wind thing :O
21:05:57	Raiden	ooooo Douta  sssooooo mad when this shit gets pout
21:06:02	Uchiha Angel	e.e
21:06:03	Raiden	he gona regret
21:06:07	Uchiha Arty	give u guys the new element jutsu
21:06:07	Raiden	what he did
21:06:11	Uchiha Arty	give u level 100
21:06:13	Uchiha Arty	and u fight
21:06:20	Uchiha Arty	i wanna know the oppness of them
21:06:27	Uchiha Arty	and if they need buffing /nerfing
21:06:29	Uchiha Arty	angel
21:06:32	Uchiha Arty	add me on byond
21:06:35	Uchiha Arty	i need testers :£
21:06:37	Uchiha Arty	:3
21:06:51	Uchiha Arty	u and raiden are my first two :P
21:06:57	Raiden	Ike
21:06:58	Uchiha Arty	ok
21:07:00	Raiden	ikr!
21:07:02	Uchiha Arty	ima give u all
21:07:04	Uchiha Arty	the lightning
21:07:06	Uchiha Arty	water
21:07:08	Uchiha Arty	and fire
21:07:12	Raiden	we get to apply for futer gms&#34;s
21:07:13	Raiden	?
21:07:22	Uchiha Angel	:D
21:07:25	Uchiha Arty	the jutsu
21:08:35	Uchiha Arty	sorry this gonna take awhile :3
21:09:00	Raiden	Any one
21:09:09	Raiden	have revises last updated source?
21:09:10	Uchiha Arty	im giving u all the new jutsu :P
21:09:15	Raiden	theres a coding i need
21:09:19	Uchiha Arty	lao has
21:09:26	Raiden	Lao a scam
21:09:26	Uchiha Arty	he hacked him
21:09:33	Uchiha Arty	i know, he cant code for shit rofl
21:09:43	Uchiha Arty	o shit
21:09:49	Uchiha Arty	i havent showed water prison
21:10:00	Raiden	all his shit on gates ain certified its crap i seen nothing unique
21:10:09	Uchiha Arty	exactly :P
21:10:13	Raiden	Makes me depress just looking at it
21:10:33	Uchiha Arty	rofl
21:10:36	Uchiha Arty	ill fixx dat
21:10:40	Uchiha Arty	hold on xd
21:12:34	Raiden	brb
21:15:50	Raiden	lol first game to pay mind to raikage hair
21:15:58	Raiden	/hiden
21:16:01	Raiden	dan*
21:16:23	Raiden	he did it?
21:16:31	Uchiha Arty	ye O.o
21:16:37	Raiden	nice
21:16:43	Uchiha Arty	ik :P
21:17:03	Uchiha Arty	planning to add auto tourny as well :P
21:20:24	Uchiha Arty	raiden which uchiha jutsu u want?, sasuke,itachi or tobi
21:20:35	Uchiha Arty	i warn u about susanoo
21:20:38	Uchiha Arty	i made it like anime
21:20:45	Uchiha Arty	so only use it wen ur like almost dead
21:20:48	Uchiha Arty	u will see why ;)
21:20:57	Uchiha Arty	angel
21:21:14	Uchiha Angel	Good thing i dont have it eh ?
21:22:18	Uchiha Arty	for tobi, u only need tomoe 3 to use the moves
21:23:36	Uchiha Arty	raiden
21:24:11	Uchiha Arty	angel add me on byond :3
21:26:44	Uchiha Arty	BRB
21:26:48	Uchiha Arty	10mins
21:26:54	Uchiha Arty	test the jutsu out ^.^
21:27:06	Raiden	k
21:27:09	Uchiha Angel	Intangability gonna b lulz
21:27:49	Raiden	added
21:33:18	Fuumaki	Fuck yeah my icon is in
21:33:21	Uchiha Angel	Yep
21:33:39	Uchiha Angel	Tobi is lulz
21:33:41	Uchiha Angel	The new jutsu
21:33:45	Fuumaki	Lol it looks like cornrows
21:33:48	Uchiha Angel	Intangable is something u can get
21:34:03	Fuumaki	:S Found a bug
21:34:10	Uchiha Angel	Already ?
21:34:11	Fuumaki	Map dosent show your location
21:34:15	Uchiha Angel	No shit
21:34:23	Uchiha Angel	That map cant because its not linked -.-
21:34:29	Fuumaki	O shit
21:34:36	Fuumaki	Cant move to next map
21:34:40	Fuumaki	e.e
21:34:42	Uchiha Angel	U sure ?
21:34:47	Uchiha Angel	Maybe its coz u made in kirri
21:35:02	Fuumaki	yeah
21:35:25	Fuumaki	Arty summon me to leaf?
21:36:00	Uchiha Angel	INTANGABILITY IS SMEXY
21:37:16	Fuumaki	Lol this hair is so sexy
21:37:19	Fuumaki	Job well done
21:37:37	Uchiha Angel	Which one ?
21:37:39	Fuumaki	Angel go get some hidan hair
21:37:45	Uchiha Angel	I got it
21:37:47	Uchiha Angel	In blue
21:37:57	Uchiha Angel	:D
21:38:37	Uchiha Angel	I found a bug
21:38:38	Fuumaki	:O i made it too light
21:38:45	Uchiha Angel	Yep
21:38:50	Fuumaki	:S
21:39:14	Fuumaki	And the movement is a little off
21:39:41	Uchiha Angel	IDGAF
21:39:49	Uchiha Angel	Revised sucks ass in comparison to this
21:40:03	Uchiha Angel	Come cha
21:40:14	Fuumaki	:/ Cant
21:40:22	Uchiha Angel	remake in to leaf
21:40:25	Uchiha Angel	Make a uchiha
21:40:33	Fuumaki	But i are having fun as jashin
21:40:37	Uchiha Angel	e.e
21:40:40	Uchiha Angel	On your own
21:40:45	Uchiha Angel	Without getting to see new jutsu ?
21:40:59	Fuumaki	No new jutsu lmao
21:41:04	Fuumaki	This is officals
21:41:07	Fuumaki	With a new map
21:41:08	Uchiha Angel	Wrong
21:41:11	Fuumaki	And rasenshuriken
21:41:13	Uchiha Angel	There are new jutsu
21:41:15	Fuumaki	and lightning clone
21:41:16	Uchiha Arty	ok O.o
21:41:19	Uchiha Angel	But only admin can give atm
21:41:21	Uchiha Angel	^
21:41:24	Fuumaki	:S
21:41:34	Fuumaki	Summon me to cha pls
21:41:45	Fuumaki	Cant leave kiri
21:41:48	Fuumaki	The map is bugged
21:41:53	Uchiha Arty	wat u mean?
21:42:00	Fuumaki	Cant go to the next map
21:42:04	Fuumaki	Tele to me
21:42:21	Uchiha Arty	LOL
21:42:23	Uchiha Arty	kk
21:42:26	Uchiha Arty	i will fix it hold on
21:42:28	Fuumaki	Summon to cha :O
21:42:52	Uchiha Angel	Smfh
21:42:55	Uchiha Angel	Im torn now
21:43:03	Uchiha Angel	Gekito when i tried it was so epic
21:43:07	Uchiha Angel	And this is so epic
21:43:42	Uchiha Arty	thnx xD
21:43:51	Uchiha Arty	i like my new jashin circle :3
21:43:56	Fuumaki	yeah lol
21:43:59	Uchiha Arty	:P
21:43:59	Uchiha Angel	GIMMEH IT
21:44:03	Uchiha Arty	rofl
21:44:10	Uchiha Angel	* want to see whut it lokos like *
21:44:14	Uchiha Arty	ye hold on im fixing my map then i want u two to fight
21:44:23	Uchiha Arty	im giving fuumaki all jutsu as well
21:44:27	Uchiha Angel	:D
21:44:27	Uchiha Arty	all the new ones
21:44:35	Uchiha Angel	WAIT
21:44:38	Uchiha Arty	i need u two to tell me wats op and wat needs buffing etc
21:44:44	Uchiha Angel	-.-
21:44:46	Uchiha Angel	Im sorry
21:44:50	Uchiha Angel	That will take long
21:44:50	Fuumaki	Lol summon to cha
21:44:51	Uchiha Arty	wat O.o
21:44:58	Uchiha Arty	wat will? O.o
21:45:01	Uchiha Angel	Telling whats op
21:45:05	Uchiha Arty	na
21:45:07	Uchiha Arty	u would know
21:45:11	Uchiha Arty	while u fight
21:45:15	Uchiha Angel	Alot of the jutsu seem copy and pastish :|
21:45:16	Uchiha Arty	u will rage at the moves ^.6
21:45:22	Uchiha Arty	which ones?
21:45:31	Uchiha Angel	Gunshot = lava glob
21:45:41	Uchiha Arty	i coded laval glob rofl
21:45:42	Uchiha Angel	Shark bullet = capa move
21:45:45	Fuumaki	lol give us lvl 100 aswell, at these low lvls we wont be able to tell
21:45:55	Uchiha Angel	Im at lvl 100
21:45:56	Uchiha Arty	there the same cos they do the same thing
21:45:59	Uchiha Angel	^
21:46:16	Uchiha Angel	Arty how do u make icons bigger than just 1 frame ?
21:46:17	Fuumaki	e.e summon me to cha
21:46:51	Uchiha Angel	What x ?
21:47:16	Fuumaki	:O to make it bigger?
21:47:34	Fuumaki	Make a new dmi
21:47:39	Fuumaki	in the top right corner
21:47:44	Fuumaki	It should say 32x32
21:47:53	Fuumaki	change it to w/e
21:48:01	Fuumaki	64x64 = 2x bigger
21:48:03	Fuumaki	etc
21:48:44	Uchiha Angel	e.e
21:49:10	Uchiha Arty	fixed map
21:49:15	Uchiha Arty	ok
21:49:21	Fuumaki	Lie
21:49:26	Uchiha Arty	na it wasnt that hard
21:49:31	Uchiha Arty	this map ur on
21:49:36	Uchiha Arty	doesnt have the correct mapinfo
21:49:42	Uchiha Arty	so i changed it ^.^
21:49:57	Fuumaki	:S summon to cha now?
21:50:02	Uchiha Arty	guys watch this
21:50:15	Uchiha Arty	come to front of cha
21:50:32	Uchiha Arty	angel
21:50:39	Fuumaki	Ive seen this before
21:50:41	Fuumaki	:O
21:50:47	Fuumaki	This looks like salvation
21:50:48	Uchiha Arty	this is?
21:50:59	Uchiha Arty	i was goner icon new cha map
21:51:07	Fuumaki	Lol thats epic
21:51:08	Uchiha Arty	but i loved salvations cha map so i nicked it
21:51:16	Uchiha Arty	mike doesnt mind
21:51:23	Uchiha Arty	we exachange stuff anyway :P
21:51:29	Uchiha Arty	use a lightning jutsu
21:51:57	Fuumaki	Ima ez for lvl 100
21:52:05	Uchiha Arty	i gave u level 100
21:52:06	Fuumaki	Finished ezing
21:52:06	Uchiha Angel	U get auto lvl 100
21:52:12	Uchiha Arty	LOL
21:52:18	Fuumaki	Nuu, i just ezed for these lvls
21:52:37	Uchiha Arty	wat u guys think about the numbers appearing?
21:52:42	Uchiha Angel	its good
21:52:46	Fuumaki	^
21:52:51	Uchiha Arty	thx xD i thought it was good :P
21:52:52	Uchiha Angel	Everyone gonna flock to this  and gekito
21:53:01	Fuumaki	It might cause lag tho, if too many players
21:53:05	Uchiha Arty	i know :P
21:53:08	Uchiha Arty	na
21:53:12	Uchiha Arty	it doesnt cause lag
21:53:17	Uchiha Arty	&lt;&lt; coded it to perfecn
21:53:20	Uchiha Angel	Coz it leaves fast
21:53:25	Uchiha Angel	It dont stay long so dont lag
21:53:26	Uchiha Arty	^ and that
21:53:50	Uchiha Angel	Fight me fuumaki
21:53:54	Uchiha Arty	hold on im giving fuu his jutsu
21:53:56	Fuumaki	Wait
21:54:06	Fuumaki	And i doing stats
21:54:44	Uchiha Arty	water prison a bit bugged atm i fixed it dw :P for the next time i host ^.^
21:54:48	Fuumaki	Village Kills: 0 *Village kills effect your grades!
21:54:50	Uchiha Arty	so dont use water prison
21:54:52	Fuumaki	Lol good idea
21:54:56	Uchiha Arty	thx ^.^
21:55:04	Uchiha Arty	target me wen u got 3 analyze
21:55:08	Uchiha Arty	u will see something new ;)
21:55:12	Uchiha Angel	I know
21:55:28	Uchiha Arty	^.^ its ur arena wins and loses
21:55:42	Uchiha Arty	would it be better to do it as a leader board? O.o
21:55:48	Uchiha Arty	or not
21:55:57	Uchiha Angel	Better
21:55:59	Uchiha Arty	cos of the numbers :3
21:56:10	Uchiha Arty	ehh how about its a leadeboard for the people online
21:56:17	Uchiha Arty	^ nice idea and doesnt lag :P
21:56:40	Uchiha Arty	wen u guys fight
21:56:42	Uchiha Arty	tell me
21:56:50	Uchiha Arty	wat u think is good, needs buffing and nerfing
21:57:14	Uchiha Angel	Give me danzou wind bullet thing :O
21:57:37	Uchiha Arty	i cant its op :3
21:57:41	Uchiha Arty	very opppp
21:57:50	Uchiha Arty	one hit kill if three hit u and it has 90 cd rofl
21:58:19	Uchiha Arty	angel challenge me to arena
21:58:24	Uchiha Arty	i wanna test something
21:58:29	Uchiha Arty	or someone do it
21:58:32	Fuumaki	Lol any raiton
21:58:37	Uchiha Arty	mhm
21:58:38	Uchiha Arty	xD
21:58:47	Uchiha Arty	ok
21:58:48	Uchiha Arty	btw
21:58:56	Fuumaki	:S arena challenge dosent work?
21:58:58	Uchiha Arty	the arena challenge will have a better menu
21:59:01	Uchiha Arty	no
21:59:04	Uchiha Arty	i declined
21:59:06	Uchiha Arty	was testing out
21:59:15	Uchiha Arty	the if and else statements
21:59:32	Fuumaki	:P:
21:59:40	Uchiha Arty	the arena challenge will have a beast menu
21:59:45	Uchiha Arty	^
21:59:46	Fuumaki	lol that op
21:59:49	Uchiha Arty	na
21:59:55	Uchiha Arty	i just didnt move
21:59:56	Fuumaki	look at your wounds
22:00:01	Uchiha Arty	i know :3
22:00:05	Uchiha Arty	alright
22:00:11	Uchiha Arty	ima go ahve a shower u kids have fun xD
22:00:20	Uchiha Arty	brb
22:00:23	Uchiha Arty	ill be like 15mins
22:01:04	Uchiha Arty	o ye i also have something no other goa rip has xD
22:01:19	Uchiha Arty	u cant shunshin jutsu
22:01:21	Uchiha Arty	^
22:01:22	Fuumaki	Water Release: Great Waterfall has failed because your not capable of withstanding the great amount of chakra compared to your target
Please increase your purehouse passive and rfx to successfully hit your target
22:01:25	Uchiha Arty	ye
22:01:29	Fuumaki	after taking my chakra
22:01:31	Fuumaki	:S
22:01:40	Uchiha Arty	its based on con, rfx and powerhouse passives
22:01:51	Uchiha Arty	if u land it its one hit kill
22:02:04	Uchiha Arty	LOL
22:02:06	Fuumaki	Found a bug
22:02:08	Fuumaki	:P
22:02:19	Uchiha Arty	ye i know xD
22:02:22	Uchiha Arty	hold on
22:02:22	Fuumaki	and, winner isnt teled out
22:03:02	Uchiha Arty	o ye winnder isnt O.o
22:03:16	Uchiha Arty	ill fix it after shower ^.^
22:03:25	Uchiha Arty	brb :P
22:03:29	Uchiha Angel	REMTACH
22:03:32	Uchiha Angel	Had to go afk
22:03:37	Fuumaki	Naw you got wrecked
22:03:42	Uchiha Arty	just use im stuck button for the time being, kills to death ratio dont matter
22:03:42	Fuumaki	2easy
22:03:48	Uchiha Angel	.click Sharingan
22:03:56	Uchiha Arty	keep fighting :3
22:04:00	Uchiha Angel	There is no difference between shar 2/3
22:04:00	Fuumaki	:S I too lazy to make macros
22:04:03	Uchiha Arty	i need to know wats op and stuff
22:04:04	Uchiha Angel	In the macro e.e
22:04:14	Uchiha Arty	wat u mean?
22:04:14	Fuumaki	sharingan-tomoe-3
22:04:19	Uchiha Angel	dont work
22:04:22	Fuumaki	o.o
22:04:23	Uchiha Arty	&gt;.&lt;
22:04:24	Uchiha Angel	The name is just sharingan
22:04:26	Uchiha Angel	xD
22:04:41	Uchiha Angel	we going to my arena
22:04:43	Uchiha Angel	Sniggie
22:04:45	Fuumaki	And ice darts do nothing
22:04:54	Uchiha Arty	they do
22:04:57	Fuumaki	Oh
22:04:58	Uchiha Arty	use them and move
22:05:03	Fuumaki	they dont work diags
22:05:05	Uchiha Angel	only shoot straight
22:05:07	Uchiha Arty	i know
22:05:08	Fuumaki	Like needle gun
22:05:10	Uchiha Arty	there not supposed to
22:05:15	Uchiha Arty	they get shot out of ur mmove
22:05:17	Uchiha Arty	mouth*
22:05:23	Uchiha Arty	i know its like needle gun
22:05:36	Uchiha Arty	its the way ice darts are like in the anime :£
22:05:48	Uchiha Angel	3d circle ftw
22:05:54	Uchiha Arty	^
22:05:58	Uchiha Angel	ADVANCED TELEPORT XONG
22:06:02	Uchiha Angel	SO FKING CHI
22:06:06	Uchiha Arty	chi? O.o
22:06:17	Fuumaki	:S
22:06:20	Fuumaki	Abuse
22:06:23	Uchiha Arty	rofl
22:06:29	Uchiha Arty	my bad :3
22:06:33	Uchiha Arty	ok brb 15 min shower
22:06:43	Uchiha Arty	and ill fix challenge arena after ^.^
22:07:33	Fuumaki	:/ heal me
22:07:36	Fuumaki	You cheat
22:08:10	Uchiha Angel	Abandom village
22:08:35	Fuumaki	But i wanted to be kage
22:08:39	Fuumaki	:*(
22:09:19	Fuumaki	:O just realised i have 0 pp
22:09:21	Uchiha Angel	CRAP
22:09:23	Fuumaki	no wonder i so weak
22:09:29	Uchiha Angel	Intangble failed e.e
22:11:27	Fuumaki	eww
22:11:33	Uchiha Angel	Im op on water
22:11:39	Uchiha Angel	I can teleport to ANYONE in the world
22:13:02	Uchiha Angel	gonna go intanglble now
22:13:04	Uchiha Angel	:D
22:13:06	Fuumaki	stand still
22:13:09	Fuumaki	I wanna test
22:14:02	Fuumaki	Hmm, you dont take dmg
22:14:06	Fuumaki	While in this fire
22:14:18	Fuumaki	Oh intangivle
22:14:21	Uchiha Angel	Yep
22:14:37	Uchiha Angel	U was taking no damadge from any of your crap
22:15:25	Fuumaki	Intangibleneeds a nerf
22:15:27	Fuumaki	:S
22:15:32	Uchiha Angel	Naw
22:15:38	Fuumaki	It like izanagi
22:15:40	Uchiha Angel	I cant use jutsu in it
22:15:48	Fuumaki	Sword
22:15:50	Fuumaki	:S
22:15:58	Uchiha Angel	Cant hit or use sword
22:16:05	Fuumaki	Oh
22:16:13	Uchiha Angel	Y u think i didnt use any jutsu ?
22:16:16	Uchiha Angel	or try to hit ?
22:16:18	Fuumaki	You have lost the ability to go tangible for awhile
22:16:24	Fuumaki	dafuq, i dont even have it
22:16:30	Fuumaki	lol
22:16:49	Fuumaki	unless its unknown skill
22:17:21	Fuumaki	:/
22:17:33	Uchiha Angel	ima get back to iconing hairs soon
22:18:14	Fuumaki	Or..
22:18:18	Uchiha Angel	._.
22:18:37	Uchiha Angel	Heal
22:18:48	Fuumaki	Nerf cha gaurd
22:18:59	Uchiha Angel	Not all tobi should get intangable
22:19:06	Uchiha Angel	Or this op teleport shiz
22:19:12	Uchiha Angel	I can teleport to ANYONE on the map
22:19:17	Uchiha Angel	ANYWHERE in the world
22:19:25	Fuumaki	Megan Fox?
22:19:30	Uchiha Angel	I wish
22:19:35	Fuumaki	Lol
22:19:39	Uchiha Angel	Well ima teleport to u
22:19:58	Uchiha Angel	wait why aint the hair on the kirin dude coded in to use ?
22:20:27	Fuumaki	Tele to me, i can kill you now
22:20:29	Fuumaki	Im op
22:20:41	Fuumaki	Analyzed Fuumaki: 7801/7801 Stamina -- 2265/2265 Chakra -- 121 Wounds
22:20:44	Fuumaki	I will kill you
22:20:46	Fuumaki	like this
22:21:03	Fuumaki	I wll kill you 3 times before you kil me once
22:21:04	Fuumaki	:O
22:21:22	Uchiha Angel	Are you outside ?
22:21:28	Fuumaki	yeah
22:21:44	Uchiha Angel	Hello 
22:22:52	Uchiha Arty	ok wat moves should get nerfed/buffed etc? and any moves bugged
22:23:05	Uchiha Angel	Intangable
22:23:12	Uchiha Arty	wats wrong with it?
22:23:16	Uchiha Angel	Make iit so they cant punch of use weopen in it
22:23:17	Uchiha Angel	^
22:23:25	Uchiha Arty	they cant though O.o
22:23:30	Uchiha Angel	They can
22:23:34	Uchiha Arty	ur protected
22:25:19	Uchiha Arty	i would do it
22:25:33	Uchiha Arty	but i used , protected variable which means u wont take any damage
22:25:40	Uchiha Arty	it will show ur taking but ur actually not
22:25:49	Uchiha Arty	cos naruto can punch
22:25:53	Uchiha Arty	but he goes through
22:26:22	Uchiha Arty	is there any other moves?
22:26:28	Uchiha Arty	needing buff, nerf etc
22:27:59	Uchiha Angel	This teleport jutsu = pedobear 
22:28:00	Fuumaki	I can kill you 3 times before you kill me once
22:28:03	Fuumaki	Believe it!
22:28:06	Uchiha Arty	rofl
22:28:28	Uchiha Angel	RUN IM TANGABLE
22:30:04	Uchiha Angel	Damn sniggie u hit me while im tangable
22:30:16	Fuumaki	Thats op if you spam it
22:30:24	Uchiha Angel	What is ?
22:30:48	Uchiha Arty	u cant spam tangible can u? o.o
22:30:58	Uchiha Angel	Sorta
22:31:08	Fuumaki	How long cd?
22:31:12	Uchiha Angel	once it runs out it haz a c
22:31:14	Uchiha Angel	cd
22:31:15	Fuumaki	Should make it 0 cd
22:31:17	Fuumaki	:P
22:31:25	Uchiha Angel	204 seconds
22:31:30	Fuumaki	turn off  &gt; attack &gt; turn on
22:31:33	Uchiha Angel	lasts for about 100-140
22:31:34	Fuumaki	Like real tobi
22:31:46	Uchiha Arty	ok
22:31:50	Uchiha Arty	how should i make tangible
22:31:52	Uchiha Arty	O.o
22:31:55	Uchiha Angel	Its fine how it is
22:32:01	Uchiha Arty	can u spam it?
22:32:10	Uchiha Angel	Not really
22:32:13	Uchiha Angel	well yeh
22:32:23	Fuumaki	Make it 500 sec cd
22:32:24	Uchiha Arty	kk ill stop it
22:32:31	Uchiha Angel	Make the cd 500
22:32:36	Fuumaki	So it not used more than once per fight
22:32:36	Uchiha Angel	Then ittl b good
22:33:23	Uchiha Angel	Lol this is so fun
22:33:24	Fuumaki	:S
22:33:28	Uchiha Arty	i made it not spammable anymore ^.^
22:33:32	Fuumaki	You still wont beat me
22:33:33	Uchiha Arty	dual screen = godly
22:33:34	Fuumaki	kill*
22:33:38	Uchiha Angel	?
22:33:45	Uchiha Arty	i have this game on one and my source on the other
22:33:45	Fuumaki	Observe
22:34:18	Uchiha Arty	make cd 500?
22:34:21	Uchiha Arty	O.o?
22:34:27	Uchiha Angel	Yes
22:34:29	Fuumaki	yeah
22:34:30	Uchiha Angel	Keep it spamable
22:34:34	Uchiha Angel	keep the d spamable
22:34:38	Uchiha Angel	But make cd 500
22:35:06	Uchiha Arty	i removed spam
22:35:10	Uchiha Angel	Dont
22:35:12	Uchiha Arty	why O.o
22:35:15	Uchiha Angel	Its fine but make the cd higher
22:35:23	Uchiha Arty	kk
22:35:32	Fuumaki	Make it last shorter aswell
22:35:40	Uchiha Arty	it lasts 2,3 secs
22:35:46	Uchiha Arty	i extended it to 3,4
22:36:07	Uchiha Arty	how long shoudl u be tan for paying attention that u cant use any moves wen ur tangible
22:36:22	Uchiha Arty	keep it spammable and add 500 cd?
22:36:23	Fuumaki	LOL heal
22:36:25	Uchiha Angel	Yes
22:36:28	Uchiha Arty	kk
22:36:39	Fuumaki	Q_Q you killed the unkillable
22:36:44	Uchiha Angel	stick fuumaki in arena
22:36:46	Uchiha Angel	And me
22:36:51	Uchiha Arty	kk
22:36:52	Uchiha Arty	btw
22:36:59	Uchiha Angel	Fast he gonna die T.T
22:37:01	Uchiha Arty	is the duration of tan long enough?
22:37:09	Uchiha Angel	Yes
22:37:13	Uchiha Angel	FUUUu
22:37:20	Uchiha Angel	I told u do him first
22:37:34	Uchiha Angel	I LOVE advanced teleportation
22:37:43	Uchiha Arty	thx ^.^
22:37:47	Uchiha Arty	btw
22:37:51	Uchiha Angel	ITs like PEDO STALKER MODE
22:37:54	Uchiha Arty	does tangible last long enough?
22:37:57	Uchiha Arty	ROFL
22:38:00	Uchiha Angel	make slightly longer
22:38:04	Uchiha Arty	i made it 3,4
22:38:07	Uchiha Angel	Yeh
22:38:07	Uchiha Arty	thats alright?
22:38:09	Uchiha Arty	kk
22:38:11	Uchiha Angel	Thats good
22:38:25	Uchiha Arty	ok O.o
22:38:36	Uchiha Angel	Pure water &gt; all
22:38:44	Uchiha Arty	fuumaki leave kiri
22:39:00	Uchiha Arty	i think i made this game good if ur only one element ^.^
22:39:01	Fuumaki	Never!
22:39:08	Uchiha Angel	Make it 1 element
22:39:10	Uchiha Angel	or 2
22:39:14	Uchiha Angel	if u lucky 3
22:39:14	Uchiha Arty	fuk sake &gt;.&lt;
22:39:19	Uchiha Arty	i cant invite
22:39:25	Uchiha Arty	cos im a retard
22:39:27	Uchiha Angel	So you could b born with 1 element. Or 2. and if u godmod 3
22:39:40	Uchiha Arty	kk O.o
22:39:49	Uchiha Arty	but i dont think people will be able to have every jutsu
22:39:56	Uchiha Arty	too many element jutsu 
22:40:05	Uchiha Arty	10 water, 8 lightning, 8 fire
22:40:06	Uchiha Arty	atm
22:40:07	Uchiha Angel	xD
22:40:10	Uchiha Angel	Do wind
22:40:12	Uchiha Arty	oo
22:40:17	Uchiha Angel	Make more wind / earth
22:40:21	Uchiha Arty	lol i am
22:40:30	Uchiha Arty	i have started wind
22:40:41	Uchiha Arty	after that its earth and then all elements are done! xd
22:40:43	Uchiha Angel	Xomg sometimes i wish i was just working on this game
22:40:49	Uchiha Arty	LOL
22:41:01	Uchiha Angel	Im pure water :D
22:41:04	Uchiha Arty	xD
22:41:15	Uchiha Arty	landing sharks is hard O.o
22:41:20	Uchiha Angel	Not with tobi
22:41:25	Uchiha Arty	isnt it O.o
22:41:28	Uchiha Angel	Teleport on to water
22:41:30	Uchiha Angel	Sharks
22:41:35	Uchiha Angel	Done deal
22:41:39	Uchiha Arty	i mean water shark gun
22:41:42	Uchiha Angel	Oh
22:41:47	Uchiha Arty	that shit so hard to land
22:41:47	Uchiha Angel	Yeh
22:41:48	Uchiha Arty	ye
22:41:52	Uchiha Angel	Shark gun technique
22:41:57	Uchiha Arty	one more person fo ru to play with ^.^
22:42:05	Uchiha Angel	Water Shark Gun technique works only on water
22:42:09	Uchiha Angel	who ?
22:42:17	Fuumaki	Your target must be standing on water to use this technique
22:42:23	Fuumaki	After it takes your chakra
22:42:25	Fuumaki	:S
22:42:43	Uchiha Angel	Yeh
22:43:05	Uchiha Angel	Almost lvl 101 :O
22:43:15	Uchiha Angel	Im bored in arena
22:43:18	Uchiha Angel	On my own
22:43:21	Fuumaki	Almost lvl 102 :P
22:43:24	Uchiha Angel	Waterfall is kinda op
22:43:28	Fuumaki	Hurhur im ahead of you
22:43:37	Uchiha Angel	Hurhur ure waterfall dont work on me
22:43:43	Fuumaki	:S
22:43:51	Fuumaki	I got no pp
22:44:01	Uchiha Angel	PP ?
22:44:07	Fuumaki	Pure power
22:44:11	Uchiha Arty	o.o
22:44:12	Uchiha Angel	3 con 3 rflx ?
22:44:19	Fuumaki	3rfx 2con 1 str
22:44:23	Uchiha Angel	e.e
22:44:29	Uchiha Angel	Lool come fight me in arena
22:44:35	Uchiha Angel	Arty u come aswell
22:44:44	Uchiha Angel	I wanna show u how epic i ish
22:44:45	Fuumaki	wait i ordering pizza
22:44:48	Uchiha Angel	oic
22:45:18	Uchiha Arty	wat is epic/ o.o
22:45:48	Uchiha Angel	K what needs boost. lower cd on - gunshot.
22:46:22	Uchiha Arty	kk
22:46:24	Uchiha Angel	Advanced teleport should b lowered a lil
22:46:25	Uchiha Arty	how come?
22:46:34	Uchiha Arty	kk
22:46:35	Uchiha Angel	well it only shoots straight and does small damadge
22:46:38	Uchiha Angel	sooo
22:46:53	Fuumaki	Nerf phoenix sage fire
22:46:59	Fuumaki	700 each and i got 0 pp
22:47:01	Fuumaki	:S
22:47:29	Fuumaki	And nerf sebi
22:47:32	Fuumaki	He is op
22:47:33	Uchiha Angel	Nerf sebi
22:47:36	Uchiha Angel	:O
22:47:52	Uchiha Angel	Put fuumaki in arena
22:47:57	Uchiha Angel	e.e
22:48:14	Uchiha Arty	lol kk :3
22:48:20	Uchiha Arty	w8
22:48:25	Uchiha Arty	say everything again
22:48:38	Fuumaki	Nerf phoenix sage fire dmg
22:48:42	Fuumaki	OR
22:48:47	Fuumaki	add more cd
22:48:51	Uchiha Arty	how
22:48:55	Uchiha Arty	much by?
22:49:00	Uchiha Arty	half, 3/4 etc
22:49:08	Fuumaki	cos its basically chidori senbons but alot stronger
22:49:23	Fuumaki	:S nah nerf it dmg
22:49:30	Uchiha Arty	i didnt know how to do it differently QQ
22:49:37	Uchiha Arty	since itachi fires it like senbons
22:49:40	Uchiha Arty	hard to avoid
22:49:43	Uchiha Arty	and spread out
22:49:51	Uchiha Arty	ye by how much damage?
22:50:11	Fuumaki	Hm, its supposed to be stronger than chidori senbons right
22:50:28	Uchiha Arty	ye
22:50:49	Fuumaki	nerf by like 20%
22:51:16	Uchiha Arty	ok i nerfed it :3
22:51:46	Fuumaki	And buff water gunshot
22:51:56	Fuumaki	Lol it weak af
22:53:00	Fuumaki	like 300% buff
22:53:06	Fuumaki	on damage
22:54:47	Fuumaki	500% buff
22:55:00	Uchiha Arty	kk
22:55:45	Uchiha Arty	i buffed it by 120%
22:56:14	Uchiha Arty	gunshot is the jutsu wat narutos summon used on shukaku O.o
22:56:26	Uchiha Arty	shark needs a buff?
22:56:30	Uchiha Arty	the damage a bit
22:56:50	Fuumaki	No
22:57:04	Uchiha Arty	it does 474
22:57:06	Fuumaki	But.. gunshot is so much weaker then the shark
22:57:10	Uchiha Arty	with no blindside
22:57:13	Fuumaki	and isnt homing
22:57:18	Uchiha Arty	i know i buffed it
22:57:27	Uchiha Angel	LMFAO
22:57:39	Uchiha Angel	arty
22:57:44	Uchiha Angel	I just noticed
22:57:52	Uchiha Angel	Hair is so eas
22:57:57	Uchiha Angel	U just have to make one 
22:58:01	Uchiha Arty	i know ^.^
22:58:04	Fuumaki	Shh
22:58:08	Fuumaki	Its hard
22:58:08	Uchiha Angel	Then copy and paste for all the different frames
22:58:08	Uchiha Arty	its why i want u to do hair xD
22:58:16	Uchiha Arty	yep and move the hair a bit
22:58:22	Uchiha Arty	so it fits the animation
22:58:25	Uchiha Angel	yep
22:58:28	Uchiha Arty	so deidara done yet? o.o
22:58:30	Uchiha Angel	Fuumaki u made hidan ?
22:58:33	Fuumaki	Yeah
22:58:33	Uchiha Angel	I made the basic 4
22:58:38	Uchiha Arty	kk send it to me :P
22:58:43	Uchiha Arty	ill add it now
22:58:43	Fuumaki	I made the movements the wrong way around
22:58:46	Uchiha Angel	Arty u know u wanna do the thingies
22:58:52	Uchiha Angel	Fuumaki lol
22:58:57	Uchiha Arty	thingiees? O.o
22:58:59	Uchiha Angel	The one icon u make. Is wrong
22:59:01	Uchiha Angel	States
22:59:02	Uchiha Angel	e.e
22:59:05	Fuumaki	:S
22:59:09	Uchiha Arty	wat states O.o
22:59:09	Fuumaki	Naw the states are fine
22:59:15	Fuumaki	Its just when its walking
22:59:16	Uchiha Arty	which one rofl
22:59:16	Uchiha Angel	YOUR ANIMATION IS BAKCWARDS
22:59:20	Uchiha Angel	@ fuumaki
22:59:21	Fuumaki	YEah
22:59:37	Fuumaki	Looks like a bobble head
22:59:38	Uchiha Arty	for hidan?
22:59:46	Uchiha Angel	U make it so obvious that anyone using hidan has a weave in e.e
22:59:53	Fuumaki	Lol
22:59:55	Uchiha Angel	african women gonna go beat u
23:00:10	Fuumaki	And i need to make it darker
23:01:09	Uchiha Arty	LOL
23:01:17	Uchiha Arty	hidan hair = bobble head
23:01:20	Uchiha Arty	dw i fixed it
23:02:53	Uchiha Angel	Smfh
23:03:01	Uchiha Angel	Doing hair is anoying
23:03:11	Uchiha Angel	Gotta do all 32 freaking frames -.-
23:03:18	Uchiha Arty	yep ^.^
23:04:01	Fuumaki	hurrhurr
23:08:23	Uchiha Angel	STFU FUUMAKI
23:08:33	Uchiha Angel	Hair = almost as bad as wings
23:08:45	Fuumaki	Lol wings must be way harder
23:08:48	Uchiha Angel	...
23:08:50	Uchiha Angel	Yeh
23:08:51	Fuumaki	especially on the koed states
23:09:03	Uchiha Angel	Koed state = them wings can gtfo
23:09:05	Uchiha Angel	xD
23:09:17	Uchiha Angel	The wings just become paper scattered around on ko state
23:10:32	Fuumaki	Arty im gonna send you earth fist
23:10:48	Uchiha Angel	:|
23:11:54	Uchiha Angel	Lol any money its just a punch but brown
23:11:57	Uchiha Angel	:|
23:12:07	Uchiha Angel	Or its just the arms made brown
23:12:18	Uchiha Angel	With a little noby bit on the outsides
23:12:37	Fuumaki	Haters gon Hate
23:12:44	Uchiha Angel	It is XD
23:12:48	Uchiha Arty	ok O.o
23:12:55	Uchiha Arty	anything else needs fixing? O.o
23:12:57	Uchiha Angel	Danzou arm gonna b epic
23:13:05	Uchiha Arty	danzou arm? O.o
23:13:09	Uchiha Angel	Yes
23:13:12	Uchiha Arty	&gt;.&lt;
23:13:21	Uchiha Angel	U should make it a clan
23:13:22	Uchiha Arty	do hair :3
23:13:25	Uchiha Angel	nonclan *
23:13:32	Uchiha Angel	Collecter
23:13:36	Uchiha Arty	nice
23:13:37	Uchiha Angel	Caleld *
23:13:37	Fuumaki	Make medical a nonclan
23:13:41	Fuumaki	And give them implant
23:13:43	Fuumaki	:O
23:13:44	Uchiha Arty	i like that idea ^.^
23:13:48	Uchiha Angel	U meen like Dmecid was originaly ?
23:13:49	Uchiha Arty	not the medical one O.o
23:13:53	Uchiha Angel	xD
23:13:58	Uchiha Angel	Lol Shot down Fuumaki
23:14:17	Uchiha Arty	im not ever gonna have give sharingan and stuff , cos it was op and people made alts to give themselfs sharingan and byagukan
23:14:29	Fuumaki	:o
23:14:51	Uchiha Angel	http://www.youtube.com/watch?v=znLPrhwjplc&feature=related
23:15:00	Uchiha Arty	wats that O.o
23:15:01	Uchiha Angel	Thats u fuumaki
23:15:56	Uchiha Angel	Give Sharingan was epic
23:16:04	Uchiha Angel	Step one- get alt to steal from
23:16:10	Uchiha Angel	Step 2 - get alt to give to
23:16:13	Uchiha Angel	Repeat for freind
23:17:07	Fuumaki	nvm then, make collector a non clan
23:17:13	Uchiha Angel	^
23:17:16	Fuumaki	and they can have implant
23:17:19	Uchiha Angel	No
23:17:24	Fuumaki	that works only on themselves
23:17:25	Uchiha Angel	They should only b able to give toself
23:17:35	Uchiha Angel	Make a senju clan aswell
23:19:29	Fuumaki	collectors should be able to take kaguyas bones aswell? or 2op?
23:19:36	Uchiha Arty	to op
23:19:39	Uchiha Arty	rofl
23:19:47	Uchiha Angel	Not 2 op
23:19:52	Uchiha Angel	Godmod
23:19:54	Uchiha Angel	-.-
23:21:03	Fuumaki	Make element weapons
23:21:06	Fuumaki	o.o
23:21:16	Uchiha Arty	how O.o
23:21:19	Uchiha Arty	and wat u mean?
23:21:45	Uchiha Arty	i was gonna make wind shuriken
23:21:55	Fuumaki	fire element weapon, does burning damage after it hits
23:22:01	Uchiha Arty	O.o
23:22:06	Fuumaki	wind can knockback
23:22:07	Uchiha Arty	kinder op :3
23:22:08	Uchiha Angel	Like bleeding
23:22:10	Uchiha Angel	e.e
23:22:13	Uchiha Angel	But that would b op
23:22:24	Uchiha Angel	UNLESS you made a weopen clan
23:22:28	Fuumaki	o.o
23:22:40	Uchiha Angel	That had half the effect of other things like con str int
23:22:56	Uchiha Angel	But they got weopen jutsu
23:23:01	Uchiha Angel	So lightning sword that stuns
23:23:06	Uchiha Angel	fire that does burning
23:23:14	Uchiha Angel	Water that creates water
23:23:23	Uchiha Angel	wind that shoots wind (obv )
23:23:33	Uchiha Angel	Earth that does double damadge
23:23:41	Fuumaki	wind would knockback
23:23:50	Uchiha Arty	O.o
23:24:01	Uchiha Arty	mhm element weapons
23:24:04	Uchiha Arty	sounds kl
23:24:09	Uchiha Arty	btw
23:24:14	Uchiha Arty	i would need icons for it ^.^
23:24:16	Uchiha Angel	See how i use fuumaki idea and make it barable
23:24:25	Uchiha Angel	Fuumaki can do a couple im sure
23:24:32	Uchiha Arty	angel hurry up ! cos i need icons for it :3
23:24:35	Fuumaki	:S to all states..
23:24:38	Uchiha Angel	:S
23:24:41	Uchiha Angel	So true
23:24:46	Uchiha Angel	Arty u can icon aswell cant u
23:24:46	Fuumaki	wut you want them now?
23:24:51	Uchiha Angel	Just use anbu sword as base
23:24:52	Uchiha Arty	sort of :3
23:24:55	Uchiha Angel	And icon around it e.e
23:25:09	Uchiha Angel	Anbu sword = 1.8k one in shops
23:25:13	Uchiha Arty	but i find it boring and i aint great at some stuff
23:25:14	Uchiha Arty	:3
23:25:19	Uchiha Angel	:3
23:25:22	Uchiha Angel	I find iconing boring
23:25:33	Uchiha Angel	But  if u want a good game u need them sniggie icons
23:25:44	Uchiha Angel	Arty are you outside ?
23:25:48	Fuumaki	its fun when i find motivation
23:25:51	Uchiha Angel	Gonna teleport outa here
23:25:53	Uchiha Angel	^ @ fuumaki
23:26:03	Uchiha Angel	First 3 states of Paper wings were so fun
23:26:08	Uchiha Angel	I got to the 5th
23:26:11	Uchiha Angel	Fml /wrist
23:26:30	Uchiha Angel	GET ME OUTA THIS GAY ARENA
23:26:38	Uchiha Arty	ok i am outside O.o
23:26:42	Uchiha Arty	lol
23:26:47	Uchiha Angel	wasted Teleport e.e
23:26:50	Uchiha Arty	ye i fixed the arena dw :3
23:26:56	Uchiha Angel	Space-Time Migration: Intangability can not be used currently: Cooldown Time (177 seconds)
23:27:04	Uchiha Angel	3 minuits of iconing
23:28:23	Fuumaki	o.o
23:28:31	Uchiha Arty	lol i fixed arena :3
23:28:37	Uchiha Arty	i think hopefully ^.^
23:29:01	Fuumaki	waterfall isnt op
23:29:07	Uchiha Angel	isnt ?
23:29:08	Fuumaki	its like water dragon
23:29:09	Uchiha Arty	if u hit
23:29:15	Uchiha Angel	9k if hits e.e
23:29:17	Uchiha Arty	na it auto hits O.o
23:29:23	Fuumaki	:O
23:29:23	Uchiha Arty	i coded it in
23:29:26	Uchiha Arty	so it locks on person
23:29:30	Fuumaki	nvm it op then
23:29:34	Uchiha Arty	rofl
23:29:44	Uchiha Angel	Only if they have more rflx :|
23:29:47	Uchiha Arty	its no were near like dragon rofl
23:30:13	Uchiha Angel	Insta pedoisation
23:30:45	Uchiha Arty	do u like the new water icon?
23:30:56	Uchiha Angel	:|
23:31:02	Uchiha Arty	rofl
23:31:02	Uchiha Angel	I like that u made it lighter
23:31:08	Uchiha Arty	xD
23:31:10	Uchiha Angel	Not really new icons e.e
23:31:17	Uchiha Arty	O.o well its salvations
23:31:27	Uchiha Arty	xD
23:31:32	Uchiha Angel	xD
23:31:38	Uchiha Arty	i liked some salvations icons so i nicked em :3
23:31:42	Uchiha Angel	XD
23:31:48	Uchiha Arty	:P
23:32:51	Uchiha Angel	Pure water is op
23:32:54	Uchiha Angel	:|
23:33:09	Uchiha Arty	i changed water arena to isalnd arena
23:33:21	Uchiha Arty	and u have only like 7 spaces were u can regen
23:33:22	Fuumaki	lol sharks
23:33:22	Uchiha Angel	Dont
23:33:23	Uchiha Arty	its kl :
23:33:26	Uchiha Arty	:3
23:33:26	Uchiha Angel	Oh k
23:33:27	Fuumaki	cant be escaped
23:33:30	Uchiha Angel	that better
23:33:31	Fuumaki	if you kawa
23:33:34	Uchiha Angel	No
23:33:35	Uchiha Arty	i know xD
23:33:38	Uchiha Angel	if u on my schreen
23:35:21	Uchiha Arty	shall i add watch tournament xD
23:35:31	Uchiha Angel	WTF FUUMAKI
23:35:35	Fuumaki	&lt;3
23:35:38	Uchiha Angel	put in arena arty
23:35:50	Uchiha Arty	put in arena?
23:35:53	Uchiha Angel	Me
23:35:57	Uchiha Angel	Gonna die e.e
23:36:27	Uchiha Angel	Pedo teleport time
23:36:43	Uchiha Angel	* gets out rubber johnny *
23:36:51	Uchiha Angel	Im gonna come outa one of yalls ass&#39;s
23:37:37	Uchiha Angel	evil sniggie
23:37:39	Fuumaki	2many homing
23:38:04	Uchiha Arty	is there? O.o
23:38:34	Uchiha Arty	theres sharks and thats it
23:38:47	Uchiha Arty	waterfall is instant hit if u lock
23:39:00	Uchiha Angel	Lol shark is only homing
23:39:03	Uchiha Angel	The shark moves
23:39:12	Fuumaki	Shark moves need longer cd
23:39:38	Uchiha Arty	30 cd for normal shark seems fine
23:39:44	Uchiha Arty	it doesnt do much damage either
23:39:48	Uchiha Arty	but anymore
23:39:51	Fuumaki	Its homing :S
23:40:02	Uchiha Angel	so ?
23:40:04	Fuumaki	Homing jutsu with low cd are op
23:40:07	Fuumaki	max passives
23:40:10	Uchiha Angel	it does 2.6 with full passive
23:40:16	Uchiha Angel	And it has to have water
23:40:22	Uchiha Angel	Its avoidable aswell
23:40:24	Fuumaki	:O it needs water
23:40:25	Fuumaki	nvm
23:40:29	Uchiha Angel	Yes sniggie e.e
23:40:32	Uchiha Arty	i made it 45
23:40:36	Uchiha Arty	that alright?
23:40:47	Uchiha Angel	keep at 30
23:40:51	Uchiha Angel	It needs water
23:40:52	Uchiha Angel	:|
23:41:04	Fuumaki	Still kinda op if you have water
23:41:09	Uchiha Angel	e.e
23:41:10	Uchiha Arty	i made it 45 now
23:41:14	Uchiha Angel	40 or quits
23:41:21	Uchiha Arty	rofl 
23:41:31	Uchiha Arty	its like money but cooldown discussion
23:41:58	Fuumaki	um..
23:42:01	Uchiha Angel	Powerlines are nigrs
23:42:03	Fuumaki	Leave your village
23:42:18	Uchiha Arty	i wanna fight someoen :3
23:42:27	Uchiha Angel	Arty lets do a 3  way in arena
23:42:29	Fuumaki	Ill start healing you when i know it will be too late
23:42:29	Uchiha Angel	No homo
23:42:34	Uchiha Angel	K maybe a lil homo
23:42:50	Uchiha Arty	erofl
23:42:56	Fuumaki	Im just the worst
23:43:03	Uchiha Arty	heal up then :3
23:43:09	Uchiha Arty	im level 100 as welll ^.^
23:43:17	Uchiha Arty	angel logged off &gt;.&lt;
23:43:29	Fuumaki	Lol Ragequit
23:43:33	Uchiha Arty	rofl
23:43:43	Uchiha Arty	fan this game :£
23:45:28	Uchiha Arty	get ready! 
23:47:48	Uchiha Arty	im overwounded &gt;.&gt;
23:47:52	Fuumaki	:3
23:48:15	Uchiha Arty	lol again :3
23:48:20	Uchiha Arty	i was doing passives xD
23:48:32	Uchiha Angel	Sniggies
23:48:39	Uchiha Angel	Stick me in arena now so i can punt yall
23:48:57	Uchiha Angel	Just a note
23:49:07	Uchiha Angel	Dont make Intangable available to every Tobi
23:49:15	Fuumaki	OR
23:49:21	Fuumaki	Make tobi harder to get
23:49:23	Uchiha Angel	^
23:49:23	Uchiha Arty	why not to every tobi O.o
23:49:31	Fuumaki	Everyone will pick tobi
23:49:34	Uchiha Angel	Because ^
23:49:35	Uchiha Arty	was going to do
23:49:45	Uchiha Arty	10 kills before u can get ur first move
23:49:46	Fuumaki	Make it like 0.1% to get tobi
23:49:48	Uchiha Arty	20 kills
23:49:56	Uchiha Arty	then 40 kills to get tangible
23:49:57	Uchiha Angel	make 1% for tobi
23:49:57	Fuumaki	or 1%
23:50:07	Uchiha Angel	And do 10 kills for moves
23:50:19	Uchiha Arty	everyone gonna remake till they get tobi
23:50:20	Uchiha Angel	Coz tobi is super= what everyone will pick
23:50:33	Uchiha Angel	Arty thats why we tell them you only can get tobi on first try
23:50:36	Fuumaki	Thats why 1%
23:50:38	Uchiha Angel	Lying = the way forward
23:50:42	Uchiha Arty	rofl
23:50:45	Fuumaki	Nobody gonna wanna remake 100 times
23:50:49	Uchiha Angel	How u think married people stay married ?
23:50:56	Uchiha Arty	LOL^
23:51:08	Uchiha Arty	but i would like to have 3 diff paths
23:51:16	Uchiha Arty	u either go itachi,tobi or sasuke
23:51:18	Uchiha Angel	Make kakashi widely available
23:51:19	Uchiha Arty	aaaa
23:51:21	Uchiha Arty	i know
23:51:27	Uchiha Angel	With only the teleportation jutsu
23:51:32	Fuumaki	Make uchiha so there mangekyou is decided the momemnt they create
23:51:41	Uchiha Arty	ye i was going to do that O.o
23:51:46	Uchiha Angel	O.o stupid
23:51:51	Fuumaki	Make kakashi more common
23:51:53	Uchiha Arty	ye
23:51:53	Uchiha Angel	People will remake for the one they want
23:51:56	Uchiha Arty	^
23:51:57	Fuumaki	And tobi the rarest
23:52:03	Uchiha Angel	Make kakashi ( not tobi ) super easy
23:52:19	Uchiha Angel	34 % kakashi 33 sasuke 33 itachi 1% tobi
23:52:37	Fuumaki	Bad @ maths much?
23:52:41	Uchiha Arty	wat will i add for tobi then?
23:52:45	Uchiha Angel	32 * kakashi 
23:52:46	Fuumaki	thats 101%
23:52:49	Uchiha Arty	lol
23:52:57	Uchiha Angel	wait e.e
23:53:00	Fuumaki	33 on kakashi
23:53:00	Uchiha Angel	32 sasuke
23:53:03	Fuumaki	silly goose
23:53:10	Uchiha Angel	33 kakashi 33 sasuke 33 itachi
23:53:12	Uchiha Angel	:O
23:53:23	Uchiha Arty	O.o
23:53:29	Uchiha Arty	i dunno :3
23:53:33	Uchiha Angel	call me silly goose and i delete the hair icons i made
23:53:34	Uchiha Arty	wat to do for uchiha now rofl
23:53:36	Uchiha Angel	e.e
23:53:40	Uchiha Arty	lol &gt;.&lt;
23:53:54	Uchiha Arty	ok how should uchiha go
23:53:55	Uchiha Arty	!
23:54:03	Fuumaki	Hm, i think this was a suggestion for officials
23:54:12	Fuumaki	make sharingan tell you when a move is off cd
23:54:24	Fuumaki	opponents move*
23:54:28	Uchiha Arty	O.o
23:54:33	Uchiha Arty	i love that idea &lt;3
23:54:37	Uchiha Arty	xD
23:54:55	Uchiha Angel	Jaja
23:55:03	Uchiha Arty	but i made three things &gt;.&lt;
23:55:05	Uchiha Angel	And with combat info have toggle damdge
23:55:07	Uchiha Arty	tobi,sasuke and itachi
23:55:16	Uchiha Angel	SNIGGIE wwe already went over this
23:55:32	Uchiha Arty	but kakashi will only have kamui O.o lol
23:55:41	Uchiha Angel	Give him kamui escape aswell ?
23:55:50	Uchiha Angel	Scrap that
23:55:51	Uchiha Arty	thats just a kawa lol
23:55:53	Fuumaki	Isnt tobi just kakashi with extra stuff
23:55:56	Uchiha Angel	Give him black hole
23:55:59	Uchiha Angel	^
23:56:01	Uchiha Arty	tobi uses space time
23:56:02	Uchiha Angel	And escape
23:56:07	Uchiha Angel	They both use space time
23:56:12	Uchiha Arty	ye
23:56:20	Uchiha Arty	w8
23:56:21	Fuumaki	Escape was never used in the anime/manga
23:56:22	Uchiha Arty	i know
23:56:23	Fuumaki	:O
23:56:28	Uchiha Angel	Tobi used it
23:56:32	Uchiha Arty	u ca have itachi or sasuke
23:56:48	Uchiha Arty	and u have a 15 percent chance of being able to get tobi?
23:56:53	Uchiha Angel	No
23:56:54	Fuumaki	btw when did sasuke ever use tsukuyomi?
23:56:57	Fuumaki	and no
23:57:00	Fuumaki	lol
23:57:07	Uchiha Arty	i never added tsuk for sasuke
23:57:07	Uchiha Angel	Vs Killer Bee
23:57:12	Uchiha Arty	that was gen
23:57:14	Uchiha Angel	It was simerler to it
23:57:24	Uchiha Arty	sasuke sues blaze and amat
23:57:26	Uchiha Arty	uses*
23:57:48	Fuumaki	Give sasuke mang amatdori
23:58:02	Uchiha Arty	amatdori?
23:58:09	Fuumaki	A black flame chidori that puts the target in amaterasy flames if it hits
23:58:11	Fuumaki	:P
23:58:15	Uchiha Arty	rofl
23:58:26	Uchiha Arty	well i dunno for uchiha &gt;.&lt;
23:59:22	Uchiha Angel	I just realised something
23:59:26	Uchiha Angel	How about
