06:10:39	Kiri	<font color=green>Arty	:3
06:10:53	Kiri	<font color=green>Arty	hey?
06:11:22	Kiri	<font color=green>Arty	someone used mud flow river
06:11:40	Kiri	<font color=green>Arty	kk
06:11:49	Kiri	<font color=green>Arty	lol
06:12:02	Kiri	<font color=green>Arty	it prevents people killing there own x
06:12:07	Kiri	<font color=green>Arty	yep ^_^
06:12:29	Kiri	<font color=green>Arty	thats true ^_6
06:12:39	Kiri	<font color=green>Arty	ok wat jutsu is left to add O.O
06:12:44	Kiri	<font color=green>Arty	i need one more lcna
06:12:46	Kiri	<font color=green>Arty	clan
06:12:52	Kiri	<font color=green>Arty	for suna
06:13:12	Kiri	<font color=green>Arty	i was thinking that :3 problem is i need icons
06:13:30	Kiri	<font color=green>Arty	lol he snatched my icons
06:13:39	Kiri	<font color=green>Arty	there from my old source
06:13:54	Kiri	<font color=green>Arty	yep thats mine ^_^
06:13:58	Kiri	<font color=green>Arty	xD
06:15:35	Kiri	<font color=green>Arty	lol thnx ^_^
06:16:01	Kiri	<font color=green>Arty	lao can suck my left nipple
06:16:06	Kiri	<font color=green>Arty	lao has nothing on me
06:16:14	Kiri	<font color=green>Arty	hes just a black ass wanna be programmer
06:16:35	Kiri	<font color=green>Arty	rofl xD
06:16:42	Kiri	<font color=green>Arty	LOl
06:17:10	Kiri	<font color=green>Arty	ok i dunno :£
06:17:22	Kiri	<font color=green>Arty	spider,snake,iron sand, crystal
06:17:57	Kiri	<font color=green>Arty	lol
06:18:11	Kiri	<font color=green>Arty	its what it supposed to be :3
06:18:15	Kiri	<font color=green>Arty	strong npcs = op
06:19:44	Kiri	<font color=green>Arty	shall i add scav
06:19:47	Kiri	<font color=green>Arty	to suna?
06:20:00	Kiri	<font color=green>Arty	kk :3 i always wanted to add scav :P
06:20:17	Kiri	<font color=green>Arty	i gotta go to bed :3 its 6am in the morning ^_^
06:20:29	Kiri	<font color=green>Arty	kk :£
06:20:32	Kiri	<font color=green>Arty	test stuff out
06:20:46	Kiri	<font color=green>Arty	and use the suggestion system to tell me want the bugs are
06:20:48	Kiri	<font color=green>Arty	^
06:21:01	Kiri	<font color=green>Arty	its special, it logs ur things
06:21:09	Kiri	<font color=green>Arty	so it never gets delted ^_^
06:21:15	Kiri	<font color=green>Arty	i know xD
06:21:20	Kiri	<font color=green>Arty	true
06:21:39	Kiri	<font color=green>Arty	admin can reboot server if necessary but im planning to add auto event starts and auto reboots
06:21:42	Kiri	<font color=green>Arty	lol
06:23:13	Kiri	<font color=green>Arty	set-level
06:23:42	Kiri	<font color=green>Arty	ehh hold on lol
06:32:55	Kiri	<font color=green>Arty	alright im going to sleep :3 dont invite too many players
06:33:10	Kiri	<font color=green>Arty	kk
06:33:33	Kiri	<font color=green>Arty	nope o.o
06:33:45	Kiri	<font color=green>Arty	if u were gm there wa :£
06:33:49	Kiri	<font color=green>Arty	or cg
06:34:29	Kiri	<font color=green>Arty	i know :£
06:34:31	Kiri	<font color=green>Arty	rofl xD
06:34:35	Kiri	<font color=green>Arty	its heavily op
06:34:52	Kiri	<font color=green>Arty	i know
06:34:57	Kiri	<font color=green>Arty	thts the after effect
