19:16:08	Sosa	Eh
19:16:11	Sosa	Its good
19:16:18	Sosa	How much for this&gt;
19:16:20	Sosa	????
19:16:24	Hyuuga Raznam	not sure
19:16:28	Sosa	Summon me
19:16:37	Sosa	can i get verbs i wanna test these skills
19:17:57	Sosa	Bro
19:18:02	Sosa	How much would u charge for this
19:19:24	Hyuuga Raznam	offer ;o
19:19:43	Sosa	Lol
19:19:47	Sosa	Erm 15?
19:20:01	Sosa	If u make it a 24/7 server
19:20:05	Sosa	20?
19:20:23	Hyuuga Raznam	hmm 24/7 how it is like this?
19:20:39	Sosa	Like it can stay online when the host is not online
19:20:45	Namikaze Kite	hey
19:20:49	Namikaze Kite	May i be a admin ?
19:20:55	Sosa	No
19:20:55	Hyuuga Raznam	well yeah, always like that xD
19:21:02	Namikaze Kite	may i be a admin
19:21:25	Namikaze Kite	can i be
19:21:26	Sosa	k
19:21:27	Namikaze Kite	Admin T-T
19:21:33	Sosa	Hmm
19:23:06	Sosa	I dont think they have akatsuki stuff
19:23:21	Hyuuga Raznam	the base?
19:23:26	Sosa	The Robe
19:23:31	Hyuuga Raznam	xD
19:24:04	Sosa	OKAY
19:24:10	Sosa	Its auto
19:24:33	Sosa	Does the leader of 7sm get to give sword?
19:24:50	Namikaze Kite	ME WANT ADMIN PLZ ;C
19:25:01	Hyuuga Raznam	hmm nah admin does it, 
19:25:11	Sosa	Happy
19:25:12	Namikaze Kite	O-O
19:25:12	Namikaze Kite	T-T
19:25:14	Hyuuga Raznam	there;s a system that does it auto though i&#39;m sure you could add that in
19:25:15	Namikaze Kite	wtf is that
19:25:22	Sosa	k
19:25:39	Namikaze Kite	THIS
19:25:41	Namikaze Kite	NOT ADMIN
19:25:43	Namikaze Kite	T-T
19:25:59	Namikaze Kite	Fk it
19:26:01	Namikaze Kite	im cool with this
