23:59:51	Uchiha Arty	nigga u tried the same shit again ! &gt;.&lt;
23:59:52	Uchiha Angel	We stop talking about Uchiha since we all know if we mke uchiha LOL TONES OF SHIZ 90% of playerbase will b uchiha
23:59:53	Fuumaki	Do you lose target randomly?
23:59:59	Uchiha Angel	Put me in arena e.e
00:00:03	Uchiha Arty	ye i do
00:00:46	Uchiha Angel	Y u always keep me out of arena fights ?
00:00:57	Fuumaki	xD
00:01:01	Uchiha Arty	&gt;.&gt;
00:01:06	Fuumaki	ibpd is useful for jashins
00:01:07	Uchiha Arty	ye i lose target wtf &gt;.&gt;
00:01:32	Fuumaki	The arena is like, chuunin arena on officials
00:02:40	Uchiha Angel	Y u never let me in arena ?
00:02:53	Uchiha Arty	hold on
00:03:22	Uchiha Angel	8 jutsu for lightning and fire. 10 for water
00:05:05	Uchiha Arty	dw i fixed it !!!! xd
00:05:09	Uchiha Angel	e.e
00:05:11	Uchiha Arty	its all good :P
00:05:15	Uchiha Angel	Put me in arena ?
00:05:38	Fuumaki	:S cheater
00:05:43	Uchiha Angel	Put me in ?
00:07:39	Uchiha Angel	dragon head kinda op
00:07:49	Fuumaki	naw
00:07:52	Fuumaki	long cooldown
00:07:57	Fuumaki	nad easy to dodge
00:08:01	Fuumaki	and8
00:08:03	Fuumaki	and**
00:08:41	Uchiha Angel	e.e
00:09:25	Uchiha Arty	ma chakra QQ
00:09:30	Uchiha Angel	saucegay op
00:10:31	Uchiha Angel	Uchiha Shusui ?
00:10:33	Uchiha Angel	e.e
00:10:35	Uchiha Angel	I gtg
00:10:59	Uchiha Arty	bye :P
01:00:40	Uchiha Arty	:3
01:00:43	Uchiha Arty	king
01:00:47	Uchiha Arty	well raiden
01:00:56	Uchiha Arty	i need to test out targetting :3
01:02:13	Fuumaki	:/
01:02:30	Uchiha Arty	&gt;;O
01:02:35	Uchiha Arty	i need to test!
01:03:35	Uchiha Arty	stay still O.o
01:04:06	Uchiha Arty	alright now fight , if target goes off suddenly i havent fixed it, if it doesnt i fixed it
01:04:57	Uchiha Arty	i lubbz &lt;3 watergun
01:05:05	Fuumaki	Im tired :S
01:05:09	Uchiha Arty	lol &gt;.&lt;
01:05:13	Uchiha Arty	no excuses
01:06:44	Fuumaki	K im off, gonna sleep
01:06:45	Uchiha Arty	i dont even know wat clan i am O.o
01:06:48	Uchiha Arty	k bye ^.^
01:06:53	Fuumaki	Uchiha
01:20:43	Raiden	A4rty?
04:33:41	Raiden	idk this game
04:33:44	Raiden	just makes me 
04:33:50	Raiden	Happy lol
04:34:07	Uchiha Arty	:P
04:34:12	Uchiha Arty	ok ur here xD
04:34:29	Raiden	by when will it be complete?
04:34:44	Uchiha Arty	im trying to get it complete in like 3 weeks
04:34:50	Raiden	hmm
04:34:56	Uchiha Arty	since i also have school :£
04:35:01	Raiden	yeah
04:35:12	Uchiha Arty	so ye im trying xD
04:35:14	Raiden	should let me host it
04:35:24	Uchiha Arty	do u lag much? O.o
04:35:27	Raiden	no
04:35:31	Raiden	the unliimted
04:35:32	Uchiha Arty	kk :3
04:35:39	Raiden	lagged due to the stats_grid
04:35:45	Raiden	spammage
04:35:47	Uchiha Arty	unlimited just lags xd
04:35:50	Uchiha Arty	:P
04:35:52	Raiden	ikr
04:36:04	Uchiha Arty	dw about unlimited :P
04:36:04	Raiden	eh By giving u these
04:36:13	Raiden	Files ,
04:36:17	Uchiha Arty	ye
04:36:36	Raiden	Hmm sign of Trust,Friendship all in between and i support 100% game dickrider
04:36:47	Uchiha Arty	kk :D
04:36:56	Raiden	plus w. unlimited icons even more op
04:37:01	Raiden	Imma sendspace
04:37:03	Uchiha Arty	i know :P
04:37:09	Uchiha Arty	kk its faster that way :P
04:37:16	Uchiha Arty	btw O.o u got msn? O.o
04:37:51	Uchiha Arty	if theres one thing im scared of
04:37:56	Uchiha Arty	and thats the cha gaurds
04:37:58	Uchiha Arty	rofl
04:38:04	Raiden	Lol and yeah
04:38:14	Raiden	Hold on im bundling and raring
04:38:15	Uchiha Arty	but thats how there supposed to be :P
04:38:18	Raiden	the files
04:38:20	Uchiha Arty	kk :P
04:38:28	Raiden	salvations cha Gaurds
04:38:43	Uchiha Arty	ye there cha gaurds
04:38:45	Raiden	&gt;.&gt; dont get me started they actualy will use rasengan,nara shit
04:38:52	Uchiha Arty	ye
04:38:57	Raiden	other games its use tai and weak ass shurikens
04:38:58	Uchiha Arty	i can make them do more O.o
04:39:15	Raiden	lol should make an arty pawn
04:39:20	Uchiha Arty	rofl
04:39:24	Uchiha Arty	i should xD
04:39:37	Uchiha Arty	i was thinking of adding a place
04:39:55	Uchiha Arty	were u can just fight an endless raid of shinobi but that would lag the game like hell
04:41:39	Raiden	hmmm
04:41:48	Raiden	cani get money?
04:41:54	Uchiha Arty	kk
04:42:22	Uchiha Arty	done :3
04:42:23	Raiden	i love the chocolate skin here
04:42:29	Uchiha Arty	thnx :P
04:42:34	Raiden	didnt;t get
04:42:52	Raiden	thankjs :)
04:42:52	Uchiha Arty	bow u do xD
04:42:58	Uchiha Arty	np ^.^
04:43:13	Raiden	&lt;----best contributitor
04:43:28	Uchiha Arty	i know ^.^
04:43:31	Uchiha Arty	xD
04:43:51	Raiden	I swear
04:43:54	Raiden	Laos shit
04:43:59	Raiden	is gonna plummet
04:44:10	Uchiha Arty	it will , cos he cant code
04:44:21	Raiden	everyone is gonna be like &gt;.&gt; They got unlimited,And it&#39;s Original redemption owner
04:44:25	Uchiha Arty	i wanna know why it has so many players O.o
04:44:45	Uchiha Arty	lol xD
04:44:48	Raiden	idk, ppl just seem
04:44:58	Raiden	magnetised by unlimited&#39;s presence
04:45:14	Uchiha Arty	just dont mention anything ^.^
04:45:18	Uchiha Arty	i never do
04:45:21	Raiden	http://www.sendspace.com/file/sluk75
04:45:21	Uchiha Arty	:P
04:45:38	Raiden	gogogoogo
04:45:41	Uchiha Arty	thx :L
04:45:48	Raiden	np :)
04:46:10	Uchiha Arty	time to get to work :P
04:46:17	Raiden	yeee
04:46:29	Raiden	Wood jutsus op
04:46:33	Uchiha Arty	i know
04:46:35	Raiden	add danzou arm
04:46:36	Uchiha Arty	wat u think
04:46:43	Uchiha Arty	senju or wood?
04:46:55	Uchiha Arty	kk ill try , ima try getting stuff balanced :P
04:47:00	Raiden	Yeah
04:47:08	Raiden	7sm is gonna be
04:47:17	Uchiha Arty	7sm gonna rape
04:47:29	Raiden	hmm the clans i would suggest
04:47:47	Raiden	uchiha
04:47:51	Raiden	and space migration
04:47:56	Raiden	them trolling skills
04:48:00	Raiden	Idk bout them
04:48:13	Raiden	unless u want to restrict em or put heavy C/d
04:48:23	Raiden	or make em admin only
04:48:58	Uchiha Arty	i dunno
04:49:08	Uchiha Arty	im not going overbaord jutsu
04:49:16	Raiden	lol good
04:49:19	Uchiha Arty	ima add jutsu only necessary and seem balanced
04:49:34	Raiden	This hair
04:49:37	Raiden	is Swag
04:49:40	Uchiha Arty	i know xD
04:49:43	Uchiha Arty	its hidans :P
04:49:51	Raiden	dam it can go both ways
04:49:52	Raiden	too
04:50:00	Raiden	raikage
04:50:21	Raiden	and by dam
04:50:24	Raiden	i mean dam
04:50:28	Uchiha Arty	rofl
04:50:32	Raiden	i look hoodlumish
04:50:33	Uchiha Arty	i never thought of that
04:50:43	Uchiha Arty	all u need is lightning armor xD
04:50:50	Raiden	you could also do
04:50:55	Raiden	Ultra power
04:51:00	Raiden	For nin tai
04:51:05	Raiden	spiking the hair a lil
04:51:07	Uchiha Arty	wats ultra power?
04:51:08	Raiden	in the back
04:51:20	Raiden	when he goes beserk  his hair spikes up
04:51:27	Raiden	he;s like at full speed
04:51:37	Uchiha Arty	oo i thought that was just enhanced lightning armour
04:51:53	Raiden	he&#39;s just adding more power
04:51:59	Raiden	it can go either way 
04:52:05	Raiden	it&#39;s on generations
04:52:11	Raiden	UNS generations
04:52:14	Uchiha Arty	o ok
04:52:17	Uchiha Arty	nice :P
04:52:23	Raiden	as an awakening
04:53:06	Raiden	&lt;3 . &lt;3 can&#39;t seem to get my mind around the
04:53:09	Raiden	trees
04:53:14	Uchiha Arty	lol
04:53:16	Raiden	and the shadowing
04:53:19	Uchiha Arty	i love them also xD
04:53:25	Uchiha Arty	there good arent they :P
04:53:34	Raiden	yes ,very inddeed
04:53:45	Raiden	your adding sannin rank?&gt;
04:53:47	Raiden	on this
04:54:02	Uchiha Arty	dunno
04:54:06	Uchiha Arty	other ranks
04:54:11	Uchiha Arty	fuk up the rankgrade for some reason
04:54:19	Raiden	hmm
04:54:19	Uchiha Arty	i might do
04:54:26	Raiden	Yeee for people 
04:54:31	Raiden	who are into that Rp shit
04:55:18	Raiden	im into Role playing
04:55:23	Raiden	though it&#39;s fun
04:55:31	Uchiha Arty	kk :P
04:55:41	Uchiha Arty	i can add it then ^.^
04:55:57	Raiden	it&#39;ll make the game more lively though
04:56:07	Raiden	Im trying to get,Bond&#39;s
04:56:15	Raiden	Ground breaking affect
04:56:21	Raiden	and give it to this game
04:57:06	Uchiha Arty	bonds?
04:57:10	Raiden	by rich
04:57:13	Raiden	2008
04:57:14	Uchiha Arty	wat has bonds got O.o
04:57:31	Raiden	eh the Graphical damage affect
04:57:38	Raiden	other than that
04:57:46	Raiden	IT&#39;s lame,
04:57:58	Raiden	all icons
04:58:00	Raiden	guis
04:58:04	Raiden	are stick figures
04:58:42	Uchiha Arty	are they? O.o
04:58:46	Raiden	yeah
04:59:01	Uchiha Arty	never really played bonds tbh :P
04:59:08	Raiden	this game has a hub yet
04:59:14	Raiden	and bonds i first
04:59:28	Raiden	started playing it last
04:59:32	Raiden	year
04:59:36	Raiden	like april
04:59:41	Raiden	around there before it died
04:59:47	Raiden	then i went on unlimited
04:59:55	Raiden	after unlimited
04:59:59	Raiden	i went on redemption
05:00:03	Raiden	But before all that 
05:00:10	Raiden	it was all salvation ,3
05:00:13	Uchiha Arty	ye it does :3
05:00:20	Uchiha Arty	http:///The4thArty/NarutoRedemption
05:00:28	Uchiha Arty	it removes www.
05:00:29	Uchiha Arty	rofl
05:00:32	Uchiha Arty	http:///The4thArty/NarutoRedemption
05:00:41	Uchiha Arty	byond.com/games/The4thArty/NarutoRedemption
05:00:58	Uchiha Arty	salvation is good :3 i want salvations new interface ^.^
05:01:07	Uchiha Arty	i think its pretty good
05:01:28	Raiden	u dont got it?
05:02:10	Uchiha Arty	nope
05:02:19	Uchiha Arty	i dont have his latest one :3
05:02:47	Raiden	i got it
05:02:54	Raiden	The hub not showing
05:03:09	Uchiha Arty	put
05:03:12	Uchiha Arty	www.
05:03:16	Raiden	its like OOppps google chrome could not find the4tharty lol
05:03:26	Uchiha Arty	&gt;.&lt;
05:04:18	Uchiha Arty	there ya go ^.^
05:04:50	Raiden	Good looking
05:04:56	Raiden	hub
05:05:22	Uchiha Arty	thx :P
05:05:23	Raiden	Lol fanned Sooooo Souped &lt;--------------- one of the 1st 3
05:05:31	Uchiha Arty	xD
05:05:39	Raiden	imma ask
05:05:42	Raiden	kats
05:05:46	Raiden	i could lend u
05:05:48	Uchiha Arty	im trying to get people to fan the hub
05:05:50	Raiden	the interface
05:05:55	Raiden	thing or pass u the updated
05:05:56	Uchiha Arty	ye plz :P
05:06:06	Raiden	well arent u guys working together?
05:06:25	Uchiha Arty	well sort of we exchange stuff like a business :)
05:06:36	Uchiha Arty	and are friends :P
05:06:43	Raiden	immma Tell em
05:06:48	Raiden	You Ok
05:07:00	Raiden	By me and i entrusted u w. unlimited Op stuff
05:07:25	Uchiha Arty	kk :P
05:08:30	Raiden	yeah
05:09:03	Raiden	im testing the elements
05:09:19	Uchiha Arty	kk :P
05:09:20	Raiden	i was fortunate to get since i was one of the first beta testers &lt;3
05:09:28	Uchiha Arty	tell me if any dont work
05:09:34	Raiden	k
05:09:38	Uchiha Arty	^.^ yep :)
05:10:08	Raiden	water gun sooo Op
05:10:17	Uchiha Arty	is it O.o
05:10:18	Raiden	The way it was made it&#39;s perfect
05:10:28	Uchiha Arty	ill nerf it ^.^
05:10:31	Uchiha Arty	thx :P
05:10:37	Raiden	nooo not Op Op
05:10:44	Raiden	i mean Op iconning
05:10:51	Raiden	and framing
05:11:24	Raiden	oh yeh samehada fusion form
05:11:29	Raiden	within the icons
05:11:51	Uchiha Arty	wat u mean lol :P
05:12:06	Raiden	the water shark gun?
05:12:20	Raiden	it&#39;s magnifacent,the movement everything
05:12:30	Uchiha Arty	thx :P
05:12:46	Raiden	u could tell 
05:12:50	Raiden	Cap
05:12:57	Raiden	gonna have alot of good shit
05:13:08	Uchiha Arty	cap? O.o
05:13:14	Raiden	Capacity
05:14:02	Uchiha Arty	theres nothing really capa exclusive apart from shark skin
05:14:14	Raiden	samehada fusion O.o
05:14:35	Raiden	&lt;------got fucked by 5 cha gaurds
05:14:48	Uchiha Arty	LOL
05:15:03	Raiden	they don&#39;t play
05:16:02	Uchiha Arty	lol of course not there computer :P
05:16:38	Raiden	yo konoha
05:16:43	Raiden	looks beautifu;
05:17:37	Raiden	hey i found a prob
05:18:08	Uchiha Arty	kk
05:18:13	Uchiha Arty	thx btw ^.^
05:18:22	Uchiha Arty	wats the problem? 
05:18:26	Uchiha Arty	o
05:19:08	Raiden	the thunder
05:19:13	Raiden	binding
05:19:18	Raiden	nothing happens
05:19:22	Uchiha Arty	o ye
05:19:33	Raiden	what&#39;s it&#39;s purpose
05:19:39	Raiden	?
05:19:39	Uchiha Arty	u have a like 76% chance of landing it
05:19:43	Uchiha Arty	keep using it
05:19:48	Raiden	ooo nice
05:19:49	Uchiha Arty	it traps u
05:19:53	Uchiha Arty	and drains u chakra
05:20:02	Uchiha Arty	its a lightning technique
05:20:04	Raiden	i want enma traping jutsu from sal here
05:20:11	Uchiha Arty	i iconned that ^.^
05:20:17	Raiden	O&gt;O!!!!!!!!!!!!!
05:20:24	Uchiha Arty	yep xD
05:20:26	Raiden	damn what cant u yoou do
05:20:33	Uchiha Arty	nothing :P
05:20:41	Uchiha Arty	accept i wanna test out arena
05:20:45	Raiden	let me add my passives
05:20:50	Uchiha Arty	wanna make sure its fixed
05:20:53	Uchiha Arty	na not a fight
05:20:59	Raiden	arena?&gt;
05:21:03	Uchiha Arty	wanna make sure its fixed if u win u get tle
05:21:06	Raiden	hold on resend a challenge
05:21:07	Uchiha Arty	arena challenge
05:21:18	Raiden	nothing happens
05:21:24	Raiden	when i click yes
05:21:29	Uchiha Arty	man &gt;.&lt;
05:21:33	Uchiha Arty	send me one
05:21:59	Raiden	Lol We choose Place?!m
05:22:02	Uchiha Arty	ye
05:22:08	Raiden	Wow Co.D
05:22:42	Raiden	O.o
05:22:45	Raiden	looks nice
05:22:47	Uchiha Arty	its kl right xD
05:22:50	Uchiha Arty	thx :P
05:23:48	Raiden	you gfx your own stuff?
05:23:59	Uchiha Arty	ye cos i had no one :3
05:24:21	Raiden	yeah
05:24:24	Raiden	that too
05:24:26	Raiden	see needles
05:24:33	Raiden	the delay 
05:24:36	Raiden	when they come out
05:24:40	Uchiha Arty	naras personal shunshin icon wen u use shunshin jutsu
05:24:45	Raiden	make them come out instantly
05:24:46	Uchiha Arty	:P
05:24:50	Raiden	and O.o Nice
05:25:14	Raiden	when in motion and u shushin to use needles
05:25:22	Raiden	needles u have to stand still
05:25:26	Raiden	for them to come out
05:25:28	Uchiha Arty	o ye my game u cant shunshin+jutsu
05:25:37	Uchiha Arty	na u can move :P
05:25:46	Uchiha Arty	try shunshin jutsuing :3
05:26:00	Uchiha Arty	:P
05:27:29	Raiden	good it doesnt stun
05:27:36	Raiden	hate stuns
05:27:39	Raiden	when ashing
05:42:34	Raiden	hey
05:42:54	Raiden	shaddow clone needs gui
05:42:59	Raiden	kirin aswell
05:43:05	Uchiha Arty	shadow clone?
05:43:11	Uchiha Arty	lightning clone? O.o
05:43:23	Raiden	naa shadow clone
05:43:29	Uchiha Arty	shadow cloen O.o
05:43:34	Uchiha Arty	relog lol :P
05:44:03	Raiden	the icon looks like tobi now
05:44:14	Uchiha Arty	rofl xD
05:44:19	Uchiha Arty	for shadow clone?
05:44:26	Raiden	remember when u gave me 100k
05:44:29	Raiden	yeah
05:44:31	Uchiha Arty	ye
05:44:39	Raiden	u typed in give skill the first time lol
05:44:43	Uchiha Arty	rofl
05:44:49	Uchiha Arty	dw about it then xD
05:44:55	Raiden	lk
05:45:21	Raiden	ooo u did the coloring
05:45:37	Uchiha Arty	e i did xD
05:45:57	Raiden	can&#39;t wait to see the final product
05:46:03	Uchiha Arty	same :P
05:46:12	Raiden	and hub
05:46:15	Raiden	Going Ham
05:46:26	Raiden	PPutting douta at blast
05:46:32	Uchiha Arty	going ham? O.o
05:46:35	Raiden	on*
05:46:36	Uchiha Arty	rofl
05:46:46	Uchiha Arty	o ok :P
05:46:49	Raiden	another word for Own
05:47:00	Raiden	At the future 100 players+
05:47:07	Raiden	who&#39;ll view
05:47:14	Raiden	and Know the truth first hand
05:47:55	Uchiha Arty	lol :P
05:47:57	Uchiha Arty	yep ^.^
05:48:09	Uchiha Arty	its gonna rape ass !
05:48:34	Raiden	ikr wait Nint tai in?
05:48:50	Uchiha Arty	nope
05:48:56	Raiden	k
05:49:02	Uchiha Arty	im only having 3 vills since it balanced everything :£
05:49:07	Uchiha Arty	so i dunno xD
05:49:14	Raiden	i have an idea
05:49:16	Raiden	for 
05:49:19	Raiden	nin tai
05:49:22	Raiden	see unlimited
05:49:29	Uchiha Arty	ye
05:49:32	Raiden	there&#39;s this special skill thing
05:49:43	Raiden	i think u seen it on non clan skill tree
05:49:58	Raiden	That is a system that allows u 
05:50:03	Raiden	to unleash transformations
05:50:10	Raiden	and use special techs
05:50:16	Raiden	all i know from there is gates
05:50:25	Raiden	S was to charge i think
05:50:35	Raiden	yeah a small bar appeared on yourscreen
05:50:46	Uchiha Arty	im confused :3
05:50:56	Raiden	ehhh you&#39;ll figure it out
05:50:58	Uchiha Arty	wat does the activate S actually do
05:51:08	Raiden	if you stumble upon the coding
05:51:21	Raiden	huh idont remember well 
05:52:49	Uchiha Arty	kk dw :P
05:53:31	Raiden	i feel like
05:53:37	Raiden	going on revise
05:53:42	Raiden	and advertising hub
05:55:23	Uchiha Arty	rofl
05:55:31	Uchiha Arty	o did it :3
05:55:35	Uchiha Arty	wen no admins were on xD
05:56:41	Raiden	lol what happened
05:58:23	Uchiha Arty	nothing much :£
05:58:31	Uchiha Arty	i got a couple of people xD
05:58:44	Uchiha Arty	then an admin came on got pissed muted me and kicked me
05:58:51	Uchiha Arty	was muted for like 5 hours QQ
06:01:02	Raiden	lol
06:01:07	Raiden	those admins
06:01:13	Raiden	are not player friendly
06:02:06	Uchiha Arty	i know there not :P
06:02:14	Raiden	this game gonna be diff
06:02:15	Uchiha Arty	i never liked them anyways :3
06:02:21	Uchiha Arty	i expect it to :P
06:02:23	Raiden	the people
06:02:27	Raiden	douta hired
06:02:36	Raiden	are all the Known assholes
06:02:44	Raiden	of the Goa community
06:02:49	Raiden	Clustered in one lol
06:04:08	Uchiha Arty	LOL
06:04:19	Raiden	that&#39;s what revise pretty much is
06:04:21	Uchiha Arty	i know right, well revised was always due to fail :3
06:05:01	Raiden	you got a BLn source?
06:05:09	Raiden	Like dee Bleach las noches
06:05:38	Raiden	I remember going crazy for that source,,,but then i got bored
06:05:53	Raiden	I love soul ignition
06:05:56	Raiden	for the ps3
06:06:14	Uchiha Arty	n
06:06:16	Uchiha Arty	na
06:06:21	Uchiha Arty	i never had bln source
06:06:25	Uchiha Arty	:£
06:06:32	Uchiha Arty	i want the bleach game on ps3 :3
06:07:16	Uchiha Arty	oo
06:07:25	Uchiha Arty	load unlimited source again
06:07:36	Uchiha Arty	and tell me if there capture war system is working :P
06:12:38	Uchiha Arty	ima go get some sleep :3 cya tomoz :P
