15:17:12	Uchiha Rexen	Uchiha Rexen	lol
15:17:32	Arty	Arty	:£
15:17:42	Arty	Arty	i just need people to stay on the server xD
15:17:51	Arty	Arty	trying to get a playerbase o.o
15:17:57	Uchiha Rexen	Uchiha Rexen	its just laggy when it stops lagging they will get the hang of it
15:18:04	Arty	Arty	i know :3
15:18:13	Monoxide	Monoxide	how u been arty
15:18:16	Arty	Arty	2 and half more minutes
15:18:19	Arty	Arty	good
15:18:21	Arty	Arty	you?
15:18:27	Monoxide	Monoxide	same old shit
15:18:35	Arty	Arty	lol :3 fairs ^_^
15:19:06	Monoxide	Monoxide	woops i am wrong clan i forgot genius sucks on here
15:19:20	Arty	Arty	lol i need to balance everything anyway xD
15:19:32	Monoxide	Monoxide	yeah
15:19:44	Azin	Azin	xD
15:19:54	Monoxide	Monoxide	remaking arty brb
15:20:07	Azin	Azin	hi niggas
15:20:14	Sunaki	Sunaki	&gt;.&gt;
15:20:15	Arty	Arty	herro
15:20:17	Arty	Arty	lol
15:20:21	Arty	Arty	&gt;;O
15:20:23	Azin	Azin	herro xD
15:20:31	Azin	Azin	DOUBLE NIGGA
15:20:47	Arty	Arty	lol
15:20:59	Arty	Arty	wen i change host, try getting players o.o
15:21:07	Azin	Azin	but
15:21:11	Azin	Azin	why get players
15:21:18	Azin	Azin	we know u aint host forever :(
15:21:22	Azin	Azin	sadly
15:21:40	Uchiha Rexen	Uchiha Rexen	ill host for awhile
15:21:45	Uchiha Rexen	Uchiha Rexen	a long while
15:21:46	Arty	Arty	if i get good playerbase i will
15:21:50	Arty	Arty	ye what he said xD
15:21:51	Azin	Azin	:o
15:21:52	Uchiha Rexen	Uchiha Rexen	as long as nobody shuts my computer off
15:21:59	Arty	Arty	^ :3
15:22:10	Azin	Azin	great
15:23:13	Sunaki	Sunaki	what samarais get?
15:23:22	Arty	Arty	powerful sword
15:23:24	Arty	Arty	rfx boost
15:23:28	Arty	Arty	con decrease a little
15:23:31	Arty	Arty	and swords
15:23:35	Arty	Arty	have lower cd
15:23:38	Arty	Arty	on them ^_^
15:24:19	Uchiha Shinn	Uchiha Shinn	tnx
15:24:25	Arty	Arty	kk :3
15:24:31	Uchiha Shinn	Uchiha Shinn	hmm
15:24:48	Uchiha Shinn	Uchiha Shinn	man
15:24:50	Uchiha Shinn	Uchiha Shinn	srsly
15:25:04	Arty	Arty	? O.o
15:25:12	Uchiha Shinn	Uchiha Shinn	why dont u make a kakashi mangekyo and take out the space time jutsu from namikaze?
15:25:24	Uchiha Shinn	Uchiha Shinn	it would make so much sense
15:25:26	Uchiha Shinn	Uchiha Shinn	&gt;.&gt;
15:25:26	Sunaki	Sunaki	keggo
15:25:43	Arty	Arty	dunno wen i get more players, make suggestions o.o more people want it the higly likely chance i will add it
15:25:53	Uchiha Shinn	Uchiha Shinn	:o
15:26:00	Uchiha Shinn	Uchiha Shinn	u know whats sad?
15:26:06	Arty	Arty	wat?
15:26:16	Uchiha Shinn	Uchiha Shinn	i begin school tomorrow
15:28:09	Uchiha Shinn	Uchiha Shinn	man
15:28:22	Uchiha Shinn	Uchiha Shinn	do u ever thinked about creating akagan for here?
15:28:41	Arty	Arty	wats akagan?
15:28:46	Uchiha Shinn	Uchiha Shinn	a doujutsu
15:28:52	Arty	Arty	never heard of it xD
15:28:53	Uchiha Shinn	Uchiha Shinn	.-.
15:28:55	Uchiha Shinn	Uchiha Shinn	lol
15:29:12	Uchiha Shinn	Uchiha Shinn	it boosts ur rflx
15:29:15	Uchiha Shinn	Uchiha Shinn	int
15:29:15	Uchiha Rexen	Uchiha Rexen	arty is it working?
15:29:17	Uchiha Shinn	Uchiha Shinn	and
15:29:21	Uchiha Rexen	Uchiha Rexen	i havent joined it yet
15:29:47	Uchiha Shinn	Uchiha Shinn	it allow the user to predict dead and use powerfull genjutsus
15:30:28	Arty	Arty	its lagging a bit o.o
15:30:35	Uchiha Shinn	Uchiha Shinn	true
15:30:40	Uchiha Rexen	Uchiha Rexen	here give me a sec
15:43:39	Monoxide	Monoxide	this the new server arty
