19:01:04	Djken	What shaking there backen
19:01:51	Madra	hmm?
19:01:56	Djken	nothing
19:02:06	Djken	boooooooooooooooooooooring
19:02:10	Djken	jk
19:04:25	Shinn	omg
19:04:29	Shinn	cant believe
19:04:31	Shinn	*-*
19:43:57	Hozuki Shinn	arty
19:43:59	Hozuki Shinn	u there?
19:45:40	Hozuki Shinn	sacrifice
19:45:42	Hozuki Shinn	ta ai?
19:45:52	Uchiha RyanBowers	hi
19:45:56	Hozuki Shinn	hey
19:45:57	Inuzuka Choky	eh
19:46:11	Hozuki Shinn	choky
19:46:17	Uchiha RyanBowers	im new
19:46:30	Inuzuka Choky	hey
19:46:36	Hozuki Shinn	come cha dojo u both
19:48:04	Hozuki Shinn	plz plz
19:48:08	Hozuki Shinn	T-T
19:48:13	Hozuki Shinn	i need spar
19:53:50	Jun	a
19:53:53	Jun	lol
19:54:01	Hozuki Shinn	shika
19:54:02	Hozuki Shinn	lol
19:54:13	Jun	let me see
19:54:17	Jun	str and con
19:54:24	Jun	or Str con and Rfx?
19:54:28	Jun	to namikaze
19:54:30	Jun	D:
19:54:42	Hozuki Shinn	dunno
19:57:33	Inuzuka Choky	im in cha dojo...
19:58:20	Jun	lol ok
19:58:49	Inuzuka Choky	oh wow
20:01:39	Jun	going to cha
20:02:19	Jun	im here
20:02:24	Jun	cha dojo
20:03:13	Jun	namikaze really suuckslol
20:03:53	Jun	ima about to do an Akimichi
20:03:58	Inuzuka Choky	xD
20:04:34	Jun	ok akimichi
20:04:41	Inuzuka Choky	LOL
20:05:45	Jun	wait a minute
20:06:54	Hyuuga ShikaGami	ok
20:06:59	Hyuuga ShikaGami	Hyuuga
20:07:45	Inuzuka Choky	xD
20:07:53	Hyuuga ShikaGami	Hyuuga is Str and Rfx right?
20:08:20	Inuzuka Choky	idk i did 2,2,2
20:08:22	Inuzuka Choky	lol
20:08:25	Inuzuka Choky	and failed
20:08:26	Hyuuga ShikaGami	lol
20:08:38	Inuzuka Choky	bcause byakugan boosts all 3
20:08:46	Inuzuka Choky	oly reason lol
20:08:52	Inuzuka Choky	only*
20:08:54	Hyuuga ShikaGami	imma put just Str and Rfx
20:08:58	Inuzuka Choky	yeah
20:09:09	Inuzuka Choky	neji didnt have an elemnt so...
20:09:15	Inuzuka Choky	ur prob right
20:09:22	Hyuuga ShikaGami	lol yeah
20:20:10	Hyuuga ShikaGami	imma remake again &gt;.&gt;
20:21:05	Hyuuga ShikaGami	wtf
20:23:41	Hyuuga ShikaGami	lol
20:25:42	ShikaGami	lol
20:29:02	Inuzuka Choky	where r u?
20:30:34	Inuzuka Choky	ill be in leaf dojo
20:30:39	ShikaGami	ok
20:32:18	ShikaGami	ok done
20:32:40	Inuzuka Choky	k im here
20:34:26	Inuzuka Choky	...
20:45:30	Uchiha Choky	lol
20:50:19	Arty	o.o
20:50:31	Uchiha Choky	ARTY!
20:50:34	Uchiha Choky	OMG
20:50:35	Arty	?
20:50:39	Uchiha Choky	ITS ARTY
20:50:42	Uchiha Choky	DUDE
20:50:48	Arty	i only hosted cos i felt like it o.o
20:50:56	Uchiha Choky	aw
20:50:59	Arty	u can get people on if u want o.o
20:51:41	Hypar Mahn	ooc Yeah, uh, you don&#39;t know how much I missed this game.
20:51:56	Arty	sorry d:
20:51:58	Arty	D:
20:52:35	Uchiha Choky	k i invited every one online
20:52:51	Uchiha Choky	i got banned from so many goa s T-T
20:53:00	Uchiha Choky	trying to advertise
20:53:42	Uchiha Choky	nah just one
20:53:56	Uchiha Choky	BUT STILL
20:53:59	Arty	lol
20:54:02	Uchiha Choky	WAS WORTH IT
20:54:04	Arty	fair enough xD
20:54:21	Arty	i dunno o.o waiting for players but im hosting so tis will be laggy :3
20:54:29	Uchiha Choky	IDC!
20:54:36	Uchiha Choky	I MISSED THIS GAME
20:54:40	Uchiha Choky	SO MUCH!
20:54:47	Arty	thnx xD
20:55:04	Arty	people just need to get players o.o
20:55:25	Arty	hi ho
20:55:44	Djken	hjello
20:55:49	Arty	might work on naruto again o.o while im at school
20:55:51	Arty	hiya
20:55:58	Djken	hey arty :D
20:56:02	Arty	hiya :3
20:56:10	Djken	lets say
20:56:12	Arty	wat up o.o
20:56:16	Djken	someone deleted there char
20:56:19	Djken	on a goa game
20:56:24	Djken	is it possible to roll back
20:56:29	Djken	to get there save again?
20:56:39	Arty	nope
20:56:42	Djken	-.-
20:56:45	Arty	cos he deleted his save xD
20:56:52	Djken	someone hacked my account and deleted my save on officals
20:57:03	Djken	im trying to see if dipic will help me out and give me my stuff back
20:57:26	Arty	how did they o.o
20:57:27	Uchiha Choky	does collector get ems? or just go blind?
20:57:36	Uchiha Choky	or CANT go blind
20:57:43	Uchiha Choky	?
20:57:45	Arty	collector just gets shisui ms
20:57:52	Arty	with no blindness i think
20:58:00	Arty	not sure xD havent worked on it in ages
20:58:00	Uchiha Choky	u think -_-
20:58:08	Arty	i think nigga &gt;;O
20:58:20	Uchiha Choky	x&#39;D
20:58:24	Arty	:3
20:58:49	Arty	how do u get players o.o
20:59:19	Uchiha Choky	so arty
20:59:23	Arty	? O.
20:59:26	Arty	O.o
20:59:36	Uchiha Choky	u still looking for a community guide?
20:59:42	Arty	nope o.o
20:59:49	Arty	just getting the game up and running atm
20:59:52	Uchiha Choky	AW
21:00:02	Arty	no admins :3
21:00:07	Arty	atm
21:00:18	Uchiha Choky	Id need verbs -_-
21:00:25	Uchiha Choky	JUST WANNA HELP
21:00:31	Arty	i kow o.o
21:00:39	Arty	need players firstly :3
21:00:44	Uchiha Choky	mmk
21:00:55	Uchiha Choky	ill go get banned of of revised
21:00:58	Uchiha Choky	Brb
21:01:00	Arty	rofl xD
21:01:02	Arty	kk :3
21:01:23	Uchiha Choky	hmm
21:01:32	Uchiha Choky	not many players there
21:01:42	Uchiha Choky	gonna go for the ORIGINAL goa
21:02:33	Arty	kk xD
21:02:54	Uchiha Choky	downloading*
21:03:04	Uchiha Choky	my first game on byond T-T
21:03:12	Arty	lol :3
21:03:15	Arty	fairs
21:04:24	Uchiha Choky	OMG THEY UPDATED
21:04:30	Arty	who did o.o
21:04:32	Uchiha Choky	Oh well ;
21:04:38	Uchiha Choky	goa*
21:04:50	Arty	ye, its not as popular as i thought that update will be :3
21:05:18	Uchiha Choky	wat link should i send?
21:05:21	Uchiha Choky	hub?
21:05:35	Uchiha Choky	or direct?
21:05:45	Arty	direct
21:06:06	Arty	yeeeha
21:07:44	Uchiha Choky	NO
21:07:52	Uchiha Choky	I MESSED UP THE LINK
21:07:57	Uchiha Choky	EEEEEK!
21:08:28	Arty	lol
21:08:30	Arty	&gt;.&lt;
21:10:03	Arty	hiya :)
21:11:21	Arty	roflcopter
21:11:45	Uchiha Choky	-.-
21:12:04	Uchiha Vinifuoco	T.T
21:12:06	Arty	rofl
21:12:07	Uchiha Vinifuoco	:)
21:12:07	Arty	hiya
21:12:10	Arty	:3
21:12:17	Uchiha Vinifuoco	lol
21:12:25	Uchiha Vinifuoco	this game is laggin like all times
21:12:33	Arty	i know
21:12:35	Arty	im hosting o.o
21:12:43	Arty	i need a good perm host
21:12:44	Uchiha Vinifuoco	i cant even play O_O
21:12:48	Uchiha Vinifuoco	&lt;&lt; hoster
21:12:51	Uchiha Vinifuoco	:)
21:12:54	Arty	are u good?
21:13:01	Uchiha Vinifuoco	mm 100mb net
21:13:03	Yotsuki Verto	Omg, it&#39;s back
21:13:07	Uchiha Vinifuoco	...
21:13:11	Arty	would u host 24/7?
21:13:13	Uchiha Vinifuoco	say u if its good...
21:13:16	Arty	hiya :)
21:13:19	Uchiha Vinifuoco	hmm
21:13:28	Arty	kk ill send u the hostfiles :3
21:13:28	Uchiha Vinifuoco	oh
21:13:33	Uchiha Vinifuoco	wait
21:13:36	Arty	?
21:13:42	Uchiha Vinifuoco	cant host 24/7
21:13:48	Uchiha Choky	Lol
21:13:49	Arty	how come :3
21:13:50	Uchiha Vinifuoco	i can host like 20/7
21:13:57	Uchiha Vinifuoco	or somthin else
21:14:04	Uchiha Vinifuoco	i got some problems...
21:14:10	Arty	like wat xD
21:14:18	Uchiha Vinifuoco	whit router
21:14:24	Arty	o ok
21:14:39	Uchiha Vinifuoco	then... i&#39;m scared about it just make boom agai
21:14:40	Arty	i need a 24/7 host otherwise people gonna complain
21:14:45	Uchiha Vinifuoco	;(
21:14:54	Arty	people gonna complain D:
21:14:54	Uchiha Choky	i would but
21:15:05	Arty	i need a perma 24/7 hoster :3
21:15:18	Uchiha Vinifuoco	ppls cant host games foreva
21:15:25	Uchiha Choky	my router acts funny ewhen i host
21:15:27	Arty	true :3
21:15:28	Uchiha Vinifuoco	those pcs need to update...
21:15:36	Uchiha Choky	wait so arty
21:15:38	Yotsuki Verto	Though it does depend on the type of game.
21:15:39	Arty	then i need a cheap server xD
21:15:43	Uchiha Vinifuoco	&gt;.&gt;
21:15:44	Arty	?
21:15:44	Uchiha Choky	does this mean
21:15:51	Uchiha Vinifuoco	lol
21:15:58	Uchiha Choky	ur gonna keep updating????O.O
21:16:03	Uchiha Vinifuoco	cant even play!
21:16:08	Arty	in my spare time i guess
21:16:11	Uchiha Choky	BEST
21:16:12	Arty	i know sorry D:
21:16:18	Arty	im bad at hosting
21:16:18	Uchiha Choky	GAME
21:16:22	Uchiha Choky	EVER
21:16:28	Arty	thnx O.O
21:16:32	Uchiha Vinifuoco	send the host files to choky 
21:16:36	Uchiha Vinifuoco	or me
21:16:42	Arty	kk o.o
21:16:42	Uchiha Vinifuoco	till u get a 24/7
21:16:46	Arty	kk
21:16:49	Arty	ill send it to u
21:16:49	Uchiha Choky	100 kills =ems?
21:16:55	Uchiha Vinifuoco	what?
21:17:00	Uchiha Vinifuoco	hell no!
21:17:01	Arty	ye same thing
21:17:07	Uchiha Vinifuoco	50 faction
21:17:11	Uchiha Vinifuoco	is ems
21:17:14	Arty	u can host for how ever long u can o.o
21:17:15	Uchiha Choky	LIES
21:17:23	Uchiha Vinifuoco	YEAS!
21:17:28	Uchiha Vinifuoco	eeh
21:17:32	Uchiha Choky	FU VINI
21:17:38	Uchiha Choky	IM JEALOUS!
21:17:41	Yotsuki Verto	This feels weird without my cloak now... xD
21:17:43	Uchiha Vinifuoco	like 11:00 pm
21:17:46	Uchiha Choky	&gt;;O
21:17:48	Uchiha Vinifuoco	or mrore
21:18:07	Uchiha Vinifuoco	this will depends of the work on school
21:18:51	Uchiha Choky	RAWR
21:18:52	Uchiha Vinifuoco	wel..
21:18:57	Uchiha Choky	-RAGE
21:18:57	Uchiha Vinifuoco	choky
21:18:59	Arty	o.o
21:19:03	Uchiha Vinifuoco	can i kill u some times?
21:19:09	Uchiha Vinifuoco	i want some eyes T.T
21:19:19	Uchiha Choky	u can try?
21:19:22	Uchiha Choky	;)
21:19:28	Uchiha Vinifuoco	not whit this lag
21:19:33	Uchiha Vinifuoco	&gt;.&gt;
21:19:38	Uchiha Choky	xD
21:19:48	Uchiha Choky	ok but let me kill u 2 times
21:19:50	Arty	rofl
21:19:52	Arty	:3
21:20:09	Uchiha Choky	just want to test it out as a collector
21:20:10	Uchiha Vinifuoco	no problem
21:20:19	Uchiha Vinifuoco	i  want too
21:20:25	Uchiha Vinifuoco	if u&#39;re a collector
21:20:32	Uchiha Vinifuoco	u cant just take me
21:20:42	Uchiha Vinifuoco	u need pure blood&#39;s eyes
21:20:48	Uchiha Choky	........
21:21:03	Uchiha Choky	byond://BYOND.world.24663023/##guest
21:21:15	Arty	lol
21:21:31	Uchiha Choky	-.-
21:21:36	Arty	da fuk is that
21:22:15	ShikaGami	lol
21:22:39	Arty	da fuk???//
21:23:06	ShikaGami	You are far less experienced than .
 Than... who?
21:23:14	Arty	ROFL!
21:23:18	Arty	than batman!
21:23:28	ShikaGami	&gt;.&gt;
21:23:34	Arty	spiderman?
21:23:36	Arty	:3
21:23:40	Uchiha Choky	i feel so stupid
21:23:46	Arty	tru dat
21:23:47	ShikaGami	no Batman &gt; SpiderMan
21:23:55	Arty	Niet!
21:24:01	Uchiha Choky	i clicked the link hoping to go to the hub
21:24:02	Arty	Sheep &gt; Batman
21:24:03	ShikaGami	Yes its!!
21:24:11	ShikaGami	never!!
21:24:15	Arty	Batman can suck my batmobile balls :£
21:24:25	Arty	its all about the raid of da sheep!
21:24:28	ShikaGami	Nooooo!
21:24:40	Arty	yes!!
21:24:43	ShikaGami	Batman &gt; SuperMan!!!
21:24:48	ShikaGami	ok joking
21:24:59	Arty	*Batman &lt; Superman?
21:25:01	Uchiha Vinifuoco	OMG LAAAG
21:25:06	Arty	sorry D:
21:25:12	ShikaGami	lol
21:25:15	Uchiha Vinifuoco	arty send to choky
21:25:16	Uchiha Choky	lol he said srry xD
21:25:23	Uchiha Vinifuoco	or anyone else!!!!!!
21:25:26	Arty	why o.o
21:25:29	ShikaGami	wait a minute
21:25:35	Uchiha Vinifuoco	so the ppl can host
21:25:40	Arty	cant u host o.o
21:25:42	Uchiha Vinifuoco	u said kk
21:25:46	Uchiha Vinifuoco	i can
21:25:52	ShikaGami	Choky.... wasnt u Inuzuka??? o.O
21:25:58	Uchiha Vinifuoco	but u&#39;re not uploading
21:26:06	Uchiha Vinifuoco	are u?
21:26:11	Arty	i am atm o.o
21:26:17	Arty	taking its time....
21:26:17	Uchiha Vinifuoco	:P
21:26:24	Uchiha Vinifuoco	that&#39;s why the lag grows
21:26:30	Arty	mhm xD
21:26:32	Uchiha Vinifuoco	ikr
21:26:46	Arty	boom boom pow
21:26:52	Uchiha Vinifuoco	arty is a woman?
21:27:00	Arty	no!
21:27:00	Uchiha Choky	yeah
21:27:03	Arty	&gt;.&lt;
21:27:08	Uchiha Choky	i was inuzaka
21:27:09	Arty	sure im a girl o.o
21:27:13	Arty	lol
21:27:20	Uchiha Vinifuoco	U&#39;RE A GIRL?
21:27:26	Arty	i dunno am i?
21:27:42	Uchiha Vinifuoco	&gt;.&gt;
21:27:45	ShikaGami	maybe...
21:27:47	Arty	^
21:28:08	Uchiha Choky	btw i cant host because of something to do with my ports
21:28:28	Uchiha Vinifuoco	hosting minecraft? &gt;.&gt;
21:29:55	Arty	lol
21:31:41	Uchiha Vinifuoco	what the hell is token points and total points still to claim
21:32:03	Arty	token is donating
21:32:04	Arty	o.o
21:32:09	Uchiha Choky	NOOO
21:32:11	Arty	poinst still to claim
21:32:14	Uchiha Vinifuoco	&gt;:O
21:32:16	Uchiha Choky	T-T
21:32:29	Uchiha Vinifuoco	AND TOKEN?
21:32:31	Arty	is points u are waiting to claim from ur kills
21:32:42	Arty	token for donations o.o
21:32:43	Uchiha Choky	OOO
21:32:48	Uchiha Choky	AW
21:33:02	Uchiha Vinifuoco	Uchiha Vinifuoco: Activate.....!
Uchiha Vinifuoco: Shisui Mangekyou Sharingan!
21:33:05	Uchiha Vinifuoco	WAHAHAHHAHAHA
21:33:18	Uchiha Choky	Uchiha Choky: Activate.....!
Uchiha Choky: Shisui Mangekyou Sharingan!

21:33:19	Uchiha Vinifuoco	u all will be dead
21:33:22	Uchiha Choky	...
21:33:25	Uchiha Vinifuoco	!!!!!!!!
21:33:55	ShikaGami	ShikiGami: Activate.....! 
ShikaGami: Batman Suit!!
21:33:58	Uchiha Vinifuoco	too laagyy... arty when u finish upload, just send to me the link by key...
21:34:05	Uchiha Choky	LOL
21:34:11	Uchiha Choky	FUNNY
21:34:15	Uchiha Choky	xD
21:34:20	Uchiha Vinifuoco	XCD
21:34:26	Uchiha Vinifuoco	bye bye
21:34:40	Uchiha Vinifuoco	going to see if my bird came back to fly
21:34:44	Uchiha Vinifuoco	of fly *
21:34:59	Uchiha Vinifuoco	he can also fly and come back :3
21:35:12	Uchiha Vinifuoco	its very fun!
21:35:22	Uchiha Vinifuoco	anyway...  bye bye
21:36:00	Uchiha Choky	GARFIELD? lol
21:36:12	Arty	o.o
21:37:12	ShikaGami	im already here Darui &gt;.&gt;
21:37:16	Uchiha Choky	i wish my gerbal could play dead :/
21:37:23	Uchiha Choky	instead
21:37:34	Uchiha Choky	he murdurs my hamster
21:37:46	Uchiha Choky	hamsters*
21:38:06	Uchiha Choky	i just sold him
21:38:15	Arty	o.o
21:38:16	Uchiha Choky	NO MORE PETS FOR ME
21:38:23	Arty	rofl
21:38:30	Arty	i want dis kitten!
21:38:45	Arty	:3 so cuuuuute
21:39:30	Uchiha Choky	FLUFFY!!!! &gt;;O
21:40:49	Arty	ye!!!
21:41:53	Uchiha Kento	Long time no see. arty
21:42:14	Arty	hiya
21:42:16	Arty	:3
21:42:33	Uchiha Kento	Still the ugly skin. hmm? V.v
21:42:39	Arty	mhm o.o
21:42:49	Arty	tis beautiful skin o.o
21:43:16	Arty	changing host btw
21:43:21	Arty	cos tis laggy
21:43:53	Uchiha Kento	Whos the new host?
21:43:58	Arty	vinuco
21:43:59	Arty	o.o
21:44:07	Arty	good internet speed :3
21:44:12	Arty	should be non laggy xD
21:44:21	Uchiha Kento	Good internet speed doe,snt matter. lol
21:44:27	Uchiha Kento	speed*
21:44:33	Arty	well w.e. ... u know wat i mean o.o
21:44:36	Rose	hey lvls pls
21:44:42	Uchiha Kento	plus this game has some goa leg title probems. was trying to press load, shit did,nt even work.
21:44:44	Arty	u get auto levels?
21:44:56	Uchiha Kento	so  i had to delete
21:44:57	Rose	wats lvl cap?
21:44:58	Arty	cos i dont have the old saves?
21:45:08	Arty	load wont work wen u dont have a save o.o
21:45:17	Arty	simple problem :3
21:45:19	Arty	200
21:45:31	Uchiha Kento	I had a save
21:45:40	Uchiha Kento	Cause when i tried to press new it said delete current load
21:45:45	Arty	ye but i said i dont have the old saves....
21:45:50	Uchiha Kento	so my only option  was to delete create.
21:45:54	Uchiha Kento	lol
21:46:06	Uchiha Kento	plus i remember this game having a ingame lag, i bet you did,nt fix that O-o
21:46:06	Arty	just delete char i had buggy save o.o
21:46:14	Uchiha Kento	like when i would try to lww it would take 2 seconds to work
21:46:22	Arty	i dunno i just hosted
21:46:34	ShikaGami	lol whos youth here?
21:46:36	Uchiha Kento	the macro bar is so UGHAHGHAGAHGH
21:46:40	Arty	dunno o.o
21:46:41	ShikaGami	WOOW
21:46:48	ShikaGami	im not lagging anymore :D
21:46:53	Uchiha Kento	you dont have any other sources arty
21:46:57	Uchiha Kento	i have ulimited reborn source
21:46:59	Uchiha Kento	:
21:46:59	Uchiha Kento	3
21:47:01	Uchiha Kento	:3
21:47:02	ShikaGami	ncm
21:47:05	ShikaGami	nvm*
21:47:12	Arty	i have every source 
21:47:15	Arty	rofl
21:47:19	Arty	i dont use them
21:47:56	Uchiha Kento	pshh
21:47:57	Uchiha Kento	ure
21:47:59	Uchiha Kento	Sure
21:48:15	Arty	why wouldnt i have the sources?
21:48:26	Uchiha Kento	cause your a punk :p
21:48:35	Arty	my friend sent them al to me 
21:48:50	Arty	i never asked for them o.o
21:49:08	Uchiha Kento	mhmmm
21:49:12	Arty	well , ye im going :3 new host should host the game anytime now , laterz xD
21:49:15	ShikaGami	so the Kills starteds &gt;.&gt;
21:49:22	ShikaGami	war lol
21:49:28	Arty	mhm o.o
21:50:21	ShikaGami	damn cat leave the war
21:50:25	ShikaGami	cant*
