19:16:34	Grimmjow	like who?
19:16:43	Grimmjow	he coded everyone admin already
19:17:10	Hyuuga Raznam	oh fck you need to wipe
19:17:30	Hyuuga Raznam	and i didn&#39;t know he had a popout window ma bad.
19:17:46	Uchiha Dice	?
19:17:48	Grimmjow	can u wipe razam?
19:17:55	Uchiha Dice	THHIS THE GAME?
19:18:00	Hyuuga Raznam	all host got to do is  delete player files
19:18:00	Uchiha Dice	THIS LAME GAME
19:18:03	Uchiha Dice	I HATE IT
19:18:09	Uchiha Dice	im oof
19:18:11	Uchiha Dice	off
19:18:13	Grimmjow	lmao
19:18:19	Uchiha Dice	jk lol
19:18:23	Uchiha Ryan	lmfao
19:18:28	Grimmjow	i was bout to say
19:18:31	Grimmjow	see ya
19:18:32	Uchiha Dice	lol
19:18:36	Uchiha Dice	P;Opl
19:18:37	Uchiha Dice	lol
19:18:51	Uchiha Ryan	let me wipe den?
19:18:56	Grimmjow	yeah wi[e
19:18:59	Grimmjow	wipe*
19:24:35	Uchiha Ryan	what
19:24:58	Hyuuga Monster	save and relog
19:30:58	Uchiha Dice	/?
19:31:00	Uchiha Dice	?&gt;
19:31:10	Uchiha Ryan	whats happening
19:31:45	Uchiha Dice	wait
19:31:50	Uchiha Dice	why lvl B
19:31:54	Uchiha Dice	im LVL  c
19:31:58	Uchiha Ryan	idk
19:32:05	Uchiha Dice	tht ur brother?
19:32:07	Uchiha Dice	playing
19:32:35	Chojuro	nope
19:32:39	Chojuro	my hoster &lt;3
19:32:48	Chojuro	finally
19:32:51	Uchiha Dice	lol
19:33:31	Uchiha Dice	?
19:33:46	Uchiha Dice	?
19:33:48	Chojuro	one sec bro
19:33:49	Uchiha Dice	wht goign on?
19:34:17	<font color=#01DF01>Chojuro	?
19:35:14	<font color=#01DF01><font color=#01DF01>Chojuro	hmm
19:36:53	<font color=#01DF01><font color=#01DF01>Chojuro	hmm whats up?
19:37:13	Uchiha Ryan	non much just start to invite people
19:37:23	<font color=#01DF01><font color=#01DF01>Chojuro	same here then
19:37:30	Uchiha Dice	?
19:37:31	Uchiha Ryan	this will be up 24/7 and tell me if u ever lagging
19:37:37	Uchiha Dice	&#39;
19:37:39	<font color=#01DF01><font color=#01DF01>Chojuro	ight ruyan
19:37:39	Uchiha Dice	?
19:37:46	<font color=#01DF01><font color=#01DF01>Chojuro	can&#39;t wait too see joemian face
19:37:55	Uchiha Ryan	lmfao
19:38:07	<font color=#01DF01><font color=#01DF01>Chojuro	dude
19:38:15	<font color=#01DF01><font color=#01DF01>Chojuro	we been trying to get nll source lmao
19:44:11	Uchiha Dice	?
19:44:12	Uchiha Dice	20
19:44:16	Uchiha Dice	is 3 ppl on
19:44:42	Uchiha Dice	wait im low lvl
19:44:43	Uchiha Dice	?
19:46:37	Uchiha Dice	/
19:49:23	Uchiha Ryan	ill delete my character later
19:51:58	Uchiha Dice	?
19:52:02	<font color=#01DF01>Uchiha Ryan	what
20:10:05	<font color=#01DF01><font color=#01DF01>Uchiha Ryan	clear again
20:10:19	<font color=#01DF01><font color=#01DF01>Uchiha Ryan	ok
20:11:57	<font color=#01DF01><font color=#01DF01><font color=#01DF01>Chojuro	brb remaking
20:12:58	Uchiha Dice	?
20:13:01	Uchiha Dice	BYE 
20:13:10	Uchiha Dice	BE BE BACK
20:17:32	Art	hmm
20:19:23	<font color=#01DF01><font color=#01DF01>Uchiha Ryan	sooo
20:19:25	<font color=#01DF01><font color=#01DF01>Uchiha Ryan	\
20:19:27	Art	?
20:19:30	<font color=#01DF01><font color=#01DF01>Uchiha Ryan	idk
20:19:31	<font color=#01DF01><font color=#01DF01>Uchiha Ryan	wyd
20:19:32	Art	imma invite ppl
20:20:00	Art	brb remaking
20:21:16	Gaara	its kazekage time
20:21:30	Gaara	hm
20:21:35	<font color=#01DF01><font color=#01DF01>Uchiha Ryan	what u mean
20:21:43	Gaara	yes
20:21:47	<font color=#01DF01><font color=#01DF01>Uchiha Ryan	wow
20:21:49	Gaara	it was from a game lmao
20:21:50	<font color=#01DF01><font color=#01DF01>Uchiha Ryan	u kage
20:21:54	<font color=#01DF01><font color=#01DF01>Uchiha Ryan	lmfao
20:21:58	Gaara	yeah im kage :P
20:22:13	<font color=#01DF01><font color=#01DF01>Uchiha Ryan	how
20:22:17	<font color=#01DF01><font color=#01DF01>Uchiha Ryan	im be ur right hand man
20:22:26	Gaara	did i do a good job?
20:22:30	<font color=#01DF01><font color=#01DF01>Uchiha Ryan	yes
20:23:00	Gaara	brb its red
20:23:39	Gaara	I KILLED IT
20:23:41	<font color=#01DF01><font color=#01DF01>Uchiha Ryan	can i be ur right hand man
20:23:46	<font color=#01DF01><font color=#01DF01>Uchiha Ryan	plz 
20:23:49	Gaara	oh u want in sand?
20:24:03	<font color=#01DF01><font color=#01DF01>Uchiha Ryan	yes and ima be a anbu and protect u and shit
20:24:15	Gaara	ight leave ur villagge
20:25:05	<font color=#01DF01><font color=#01DF01>Uchiha Ryan	ayye
20:25:08	<font color=#01DF01><font color=#01DF01>Uchiha Ryan	do i get a mask and shit
20:25:22	Gaara	i think u should
20:25:43	<font color=#01DF01><font color=#01DF01>Uchiha Ryan	nah i didnt get one :(
20:25:55	Gaara	come
20:26:19	Gaara	buy anbu mask
20:26:20	Gaara	brb
20:26:55	<font color=#01DF01><font color=#01DF01>Uchiha Ryan	do i get a suit
20:27:13	Gaara	get anbu suit
20:27:19	Gaara	get anbu stuff
20:27:40	<font color=#01DF01>Gaara	go it?
20:27:53	<font color=#01DF01>Gaara	you fgood?
20:28:05	<font color=#01DF01><font color=#01DF01>Uchiha Ryan	yes sir
20:29:37	<font color=#01DF01><font color=#01DF01>Uchiha Ryan	they dont have pants but i can get it later
20:31:53	Arty	lmfao
20:31:56	Arty	is all I can say
20:32:08	<font color=#01DF01>Gaara	whoa
20:32:13	<font color=#01DF01>Gaara	Imangekyou
20:32:16	<font color=#01DF01>Gaara	whats up bro
20:32:22	Arty	Kstone
20:32:24	<font color=#01DF01>Gaara	i havent talked to u in forever
20:32:25	Arty	I thought you were better then this
20:32:26	<font color=#01DF01>Gaara	?
20:32:26	Arty	xD
20:32:31	Arty	wtf is this xD
20:32:31	<font color=#01DF01>Gaara	what you mean bro?
20:32:39	<font color=#01DF01>Gaara	oh we going to do big update soon
20:32:45	Arty	working for yuri :o?
20:32:47	<font color=#01DF01>Gaara	don&#39;t trip bro
20:32:50	<font color=#01DF01>Gaara	hell no
20:32:57	Arty	it says yuri is owner
20:32:57	Arty	lulz
20:33:01	<font color=#01DF01>Gaara	smh
20:33:05	<font color=#01DF01>Gaara	we going to change that
20:33:10	<font color=#01DF01>Gaara	arty
20:33:16	Arty	ima be mad if you only use stuff that I coded and made
20:33:20	Arty	so best add something original
20:33:21	<font color=#01DF01>Gaara	havent talked to u tho in awhile bro
20:33:28	Arty	same same
20:33:28	<font color=#01DF01>Gaara	you know i will arty
20:33:38	Uchiha Shisui	art
20:33:42	Arty	IMO you shoulda just joined my games staff kstone
20:33:49	Arty	game*
20:34:01	<font color=#01DF01>Gaara	dang i could of?
20:34:12	Arty	no duh
20:35:10	<font color=#01DF01>Gaara	Shisui
20:35:15	<font color=#01DF01>Gaara	you know im Kstone lmao
20:35:20	<font color=#01DF01>Gaara	LMAO ARTY
20:35:23	Uchiha Shisui	oh
20:35:43	Arty	kstone who&#39;s on your team
20:35:48	Arty	staff wise
20:36:20	<font color=#01DF01>Gaara	Joemian,Jweeze,Razam for the time being, This dude name Charles another coder ,Susthegod and Irvin
20:36:27	Uchiha Irvin	yo
20:36:31	<font color=#01DF01>Gaara	sup irvin
20:36:32	Uchiha Shisui	gaara
20:36:35	Arty	Trolo I just fired raznam from my hoster
20:36:40	<font color=#01DF01>Gaara	LMAO
20:36:45	Uchiha Irvin	yo
20:36:47	<font color=#01DF01>Gaara	my nigga Arty too boss huh?
20:36:49	Arty	got a shell server, raz ain&#39;t reliable
20:36:57	Arty	And Joemian?
20:37:05	Arty	That  nigga been spamming my pager for help with bugs
20:37:07	Arty	for like a week now
20:37:09	<font color=#01DF01>Gaara	Susthegod host
20:37:11	<font color=#01DF01>Gaara	24/7
20:37:24	<font color=#01DF01>Gaara	smh lmao
20:37:27	<font color=#01DF01>Gaara	got them fixed now
20:38:07	<font color=#01DF01>Gaara	Arty
20:38:09	Arty	?
20:38:13	<font color=#01DF01>Gaara	how ur game going?
20:38:24	Arty	been out 2 and a half weeks
20:38:26	Arty	4 fans from 200
20:38:30	Arty	made 700$ so far
20:38:34	<font color=#01DF01>Gaara	ight nice bro
20:38:37	Arty	avergae 20 players a day
20:38:53	<font color=#01DF01>Gaara	Alright coming from u im not surprised lmao
20:39:10	Arty	you havn&#39;t looked at it yet?
20:39:17	<font color=#01DF01>Gaara	i have
20:39:22	<font color=#01DF01>Gaara	alot of my friends play it
20:39:26	Arty	that&#39;s why im surprised you&#39;re trying to bring another goa into the compeition, I mean you got Exodus, WOS, andnow me
20:39:44	Arty	Douta/Shika has been DDOSing me and LAo&#39;s games for last 2 days
20:39:47	<font color=#01DF01>Gaara	yeah that is true
20:39:47	Arty	he pissing me off 
20:39:52	<font color=#01DF01>Gaara	exodus get a hella ppl
20:40:01	Arty	i&#39;ll pass exodus soon xD
20:40:02	<font color=#01DF01>Gaara	Douta and Shika
20:40:05	<font color=#01DF01>Gaara	lmao
20:40:06	Arty	douta = shika
20:40:12	<font color=#01DF01>Gaara	i got a ddosing prgram
20:40:16	<font color=#01DF01>Gaara	that nigga fuck with me
20:40:18	<font color=#01DF01>Gaara	he done
20:40:19	Arty	..
20:40:21	Arty	nigga
20:40:31	Arty	should be ddosing him for Arty as revenge xD
20:40:40	<font color=#01DF01>Gaara	LMAO
20:40:41	Arty	fucker downed my shell server 3 times in last 2 days Q_Q
20:40:43	<font color=#01DF01>Gaara	i should
20:41:03	Uzumaki, Isamu]	No kakashi mang?
20:41:34	Uzumaki, Isamu]	Where is everyone getting Kat&#39;s source from? xD
20:41:42	Arty	isamu
20:41:43	Arty	lmfao
20:41:51	Arty	thois ain&#39;t kat&#39;s source
20:41:56	Arty	this is my source buttercup.
20:41:59	Uzumaki, Isamu]	It is. 
20:42:01	Uzumaki, Isamu]	o_O
20:42:07	Uzumaki, Isamu]	Kat&#39;s game was exactly like this.
20:42:09	Arty	Look at the fucking online player tab
20:42:15	Arty	I gave kat&#39;s my source when I sold it out
20:42:16	Arty	to people
20:42:21	Uzumaki, Isamu]	And there&#39;s 2 more games with this soruce.
20:42:35	Arty	obviously aren&#39;t aware of who I am xD
20:43:00	Uzumaki, Isamu]	Lol. Doesn&#39;t matter, pretty sure this is Katsuya&#39;s source...
20:43:15	Arty	lol kk
20:43:23	Uchiha Shisui	gaara
20:43:40	Uzumaki, Isamu]	I&#39;m out. I just logged out the same game 2 mins ago.
20:43:40	Uchiha Shisui	how come we get so little skill points
20:43:43	Uzumaki, Isamu]	-_- 
20:44:46	<font color=#01DF01>Gaara	?
20:45:00	Uchiha Shisui	how come we get so little skill points
20:45:16	<font color=#01DF01>Gaara	oops
20:45:18	<font color=#01DF01>Gaara	mb
20:45:29	<font color=#01DF01>Gaara	save relog
20:45:50	<font color=#01DF01><font color=#01DF01>Uchiha Ryan	wooooooooo
20:49:04	<font color=#01DF01><font color=#01DF01>Uchiha Ryan	chill master
20:49:10	<font color=#01DF01>Gaara	lmao
20:49:18	<font color=#01DF01>Gaara	AIR STYLE AIR BULLETS!!
20:49:32	<font color=#01DF01><font color=#01DF01>Uchiha Ryan	god damn
20:49:32	<font color=#01DF01>Gaara	GF
20:49:54	<font color=#01DF01><font color=#01DF01>Uchiha Ryan	did i hurt u alot
20:50:35	<font color=#01DF01>Gaara	yeah
20:50:39	<font color=#01DF01>Gaara	you got good combos
20:50:41	<font color=#01DF01><font color=#01DF01>Uchiha Ryan	yay good
20:50:45	<font color=#01DF01><font color=#01DF01>Uchiha Ryan	thx :3
20:51:30	<font color=#01DF01><font color=#01DF01>Uchiha Ryan	whats goin on
20:51:42	<font color=#01DF01>Gaara	?
20:51:44	<font color=#01DF01>Gaara	idk lmao
20:51:47	<font color=#01DF01><font color=#01DF01>Uchiha Ryan	lmfao
20:52:15	Uchiha Shisui	i still have little skill points
20:52:30	Uchiha Irvin	lol
20:53:53	<font color=#01DF01>Gaara	how much?
20:55:54	Uchiha Shisui	420
20:58:09	<font color=#01DF01>Gaara	how?
20:58:29	<font color=#01DF01>Gaara	save and relog
20:58:33	<font color=#01DF01>Gaara	SAVE AND RELOG
20:58:44	<font color=#01DF01><font color=#01DF01>Uchiha Ryan	who
20:59:01	<font color=#01DF01>Gaara	Shisui
20:59:04	<font color=#01DF01><font color=#01DF01>Uchiha Ryan	oj
21:05:30	Uchiha Shisui	ok thats better
21:10:22	<font color=#01DF01><font color=#01DF01>Uchiha Ryan	waoh 0_0
21:10:35	<font color=#01DF01>Gaara	that actually my cousin account
21:10:40	<font color=#01DF01>Gaara	remember Jordan Williams
21:10:44	<font color=#01DF01><font color=#01DF01>Uchiha Ryan	yeah
21:10:47	<font color=#01DF01>Gaara	he got grounded from his computer
21:10:51	<font color=#01DF01><font color=#01DF01>Uchiha Ryan	lol
21:10:56	<font color=#01DF01>Gaara	so i gave him admin
21:10:59	<font color=#01DF01><font color=#01DF01>Uchiha Ryan	aight
21:15:43	Uchiha Shisui	which ms is the best
21:15:51	Uchiha Shisui	sasuke or itachi
21:16:07	<font color=#01DF01><font color=#01DF01>Gaara	hmm
21:16:11	<font color=#01DF01><font color=#01DF01>Gaara	sasukes im guessing
21:16:17	Alienx26	so theres new updates
21:16:49	Uchiha Clay	so uh
21:17:10	Uchiha Clay	my friend sent me a link to this game and i like it already
21:18:39	Uchiha Clay	Since you past level 120
21:18:43	Uchiha Clay	wat
21:18:47	Uchiha Clay	i just joined
21:19:00	Uchiha Dice	?
21:19:12	Uchiha Dice	tele me to cha
21:19:16	Uchiha Clay	oh i get free levels?
21:19:19	Uchiha Clay	thx
21:19:22	Uchiha Dice	?
21:19:26	Uchiha Dice	free lvls
21:19:36	<font color=#01DF01><font color=#01DF01>Gaara	mhm
21:19:51	<font color=#01DF01><font color=#01DF01>Gaara	ight
21:20:17	Uchiha Clay	ya
21:20:18	Uchiha Darkking	can you do chunin exams plz
21:20:24	Uchiha Darkking	host chunin exams
21:20:24	Uchiha Clay	what does that do?
21:22:07	Uchiha Shisui	gaara
21:22:09	Nara Shigami	:O
21:22:32	Nara Shigami	what does membership do?
21:22:50	Nara Shigami	click the ooc button irvin
21:22:54	Uchiha Dice	im done
21:22:56	Uchiha Dice	bye
21:23:01	Uchiha Irvin	i kno
21:23:01	Uchiha Dice	getting oreing
21:23:08	Uchiha Dice	boring
21:23:27	<font color=#01DF01><font color=#01DF01><font color=#01DF01>Gaara	hmm
21:23:39	<font color=#01DF01><font color=#01DF01><font color=#01DF01>Gaara	lol dice raged
21:23:43	<font color=#01DF01><font color=#01DF01><font color=#01DF01>Gaara	oh well
21:23:55	<font color=#01DF01><font color=#01DF01><font color=#01DF01>Uchiha Ryan	lmfao
21:23:56	Uchiha Shisui	gaara what the req for hokage
21:24:10	<font color=#01DF01><font color=#01DF01><font color=#01DF01>Gaara	jweeze is is hokage
21:24:34	Uchiha Shisui	oh wat about cloud kage
21:25:10	Uchiha Darkking	is their  a chunin going on
21:25:26	Nara Shigami	cant distribute points :O
21:29:30	Nara Shigami	my points wont go up
21:29:33	Nara Shigami	y
21:29:42	<font color=#01DF01><font color=#01DF01><font color=#01DF01><font color=#01DF01>Uchiha Ryan	maybe u dont have enough
21:29:50	Nara Shigami	i barley used them
21:29:55	<font color=#01DF01><font color=#01DF01><font color=#01DF01><font color=#01DF01>Uchiha Ryan	mhm
21:29:55	Uchiha Darkking	can i get chunin
21:29:59	Nara Shigami	how do i check
21:30:06	Uchiha Darkking	start chunin exams
21:30:30	Nara Shigami	omfg i cant distribute meh points
21:32:27	Uchiha Shisui	whats up gaara
21:33:31	<font color=#01DF01><font color=#01DF01><font color=#01DF01>Gaara	nun
21:33:58	<font color=#01DF01><font color=#01DF01><font color=#01DF01>Gaara	hmm
21:34:25	Uchiha Shisui	who is sound ks=age
21:34:35	Uchiha Shisui	i mean cloud kage*
21:35:03	Uchiha Shisui	dang i wish i was in cloud
21:35:23	<font color=#01DF01><font color=#01DF01><font color=#01DF01>Gaara	hm
21:35:25	Uchiha Shisui	but uchiha isnt in cloud
21:36:06	Uchiha Shisui	gaara
21:36:15	Uchiha Shisui	1 quick question
21:37:15	<font color=#01DF01><font color=#01DF01><font color=#01DF01><font color=#01DF01>Uchiha Ryan	everyone ready?
21:37:51	<font color=#01DF01><font color=#01DF01><font color=#01DF01><font color=#01DF01>Gaara	hmm
21:37:54	<font color=#01DF01><font color=#01DF01><font color=#01DF01><font color=#01DF01>Uchiha Ryan	me assassin again ?
21:38:05	<font color=#01DF01><font color=#01DF01><font color=#01DF01><font color=#01DF01>Gaara	yeah
21:38:40	Uchiha Shigami	stats r mad bugged
21:38:46	Uchiha Shigami	cant distribute points
21:38:51	Uchiha Clay	hey
21:38:54	Jweeze	hold up
21:38:58	Uchiha Clay	tele me to chunnin
21:39:05	Uchiha Clay	idk where i am
21:39:16	Jweeze	save relog shigami
21:39:17	Jweeze	clay
21:39:20	Uchiha Clay	?
21:39:20	Jweeze	its on the tab
21:39:25	Jweeze	chuunin tab
21:39:50	Uchiha Shisui	gaara
21:39:56	Uchiha Shisui	who is hokage again
21:39:56	<font color=#01DF01><font color=#01DF01><font color=#01DF01><font color=#01DF01>Gaara	?
21:40:04	<font color=#01DF01><font color=#01DF01><font color=#01DF01><font color=#01DF01>Gaara	Jweeze
21:40:13	Uchiha Shisui	he&#39;s in mist though
21:40:15	<font color=#01DF01><font color=#01DF01><font color=#01DF01><font color=#01DF01>Gaara	its temporary that he is mist leader
21:40:25	Uchiha Clay	um this may sound dumb but
21:40:35	Uchiha Clay	how do bunshins atk ppl?
21:40:57	Uchiha Clay	k
21:41:03	Uchiha Shigami	cant gotta distrubite points
21:43:11	Uchiha Shisui	where
21:43:17	Uchiha Shigami	jweeze
21:43:24	Uchiha Shigami	how do i check meh level points
21:44:02	Uchiha Shisui	i need the earth scroll
21:44:07	Uchiha Shigami	wtf it keeps stopping
21:44:32	<font color=#01DF01><font color=#01DF01><font color=#01DF01><font color=#01DF01>Uchiha Ryan	aye Tsuka
21:45:28	Uchiha Shigami	shit
21:45:32	Uchiha Shigami	didnt get jutsus
21:45:51	<font color=#01DF01><font color=#01DF01><font color=#01DF01><font color=#01DF01>Uchiha Ryan	lol
21:47:02	<font color=#01DF01><font color=#01DF01><font color=#01DF01><font color=#01DF01>Uchiha Ryan	damn
21:47:16	<font color=#01DF01><font color=#01DF01><font color=#01DF01><font color=#01DF01>Uchiha Ryan	he pulled out susanoo
21:47:32	Jweeze	press A clay
21:48:40	<font color=#01DF01><font color=#01DF01><font color=#01DF01><font color=#01DF01>Uchiha Ryan	someone is getting owned
21:49:33	<font color=#01DF01><font color=#01DF01><font color=#01DF01><font color=#01DF01>Uchiha Ryan	oh u lost
21:49:36	<font color=#01DF01><font color=#01DF01><font color=#01DF01><font color=#01DF01>Uchiha Ryan	good fight
21:49:39	Uchiha Shigami	wait pls
21:49:49	<font color=#01DF01><font color=#01DF01><font color=#01DF01><font color=#01DF01>Uchiha Ryan	good luck 
21:50:26	Uchiha Shigami	wait pls
21:51:03	Uchiha Shigami	dont even have jutsus
21:51:05	Uchiha Shigami	wow
21:51:15	<font color=#01DF01><font color=#01DF01><font color=#01DF01><font color=#01DF01>Uchiha Ryan	why would u join without jutsus
21:51:23	Uchiha Shigami	i was trying to wait
21:51:28	<font color=#01DF01><font color=#01DF01><font color=#01DF01><font color=#01DF01>Gaara	shisui wait
21:51:33	Uchiha Shisui	ok
21:51:51	<font color=#01DF01><font color=#01DF01><font color=#01DF01><font color=#01DF01>Gaara	get ur moves shigami
21:51:58	<font color=#01DF01><font color=#01DF01><font color=#01DF01><font color=#01DF01>Uchiha Ryan	mhm
21:52:13	Uchiha Shisui	thats not fair lol
21:52:18	<font color=#01DF01><font color=#01DF01><font color=#01DF01><font color=#01DF01>Uchiha Ryan	lol
21:53:11	Uchiha Shigami	almost ready
21:54:24	Uchiha Shigami	ok
21:54:43	<font color=#01DF01><font color=#01DF01><font color=#01DF01><font color=#01DF01>Uchiha Ryan	lmfao 
21:54:45	<font color=#01DF01><font color=#01DF01><font color=#01DF01><font color=#01DF01>Uchiha Ryan	damn
21:55:45	<font color=#01DF01><font color=#01DF01><font color=#01DF01><font color=#01DF01>Uchiha Ryan	good fight
21:55:50	Uchiha Shigami	gf
21:55:52	Uchiha Shisui	that wasnt fair
21:55:57	Uchiha Shigami	how?
21:55:58	<font color=#01DF01><font color=#01DF01><font color=#01DF01><font color=#01DF01>Uchiha Ryan	go Axel
21:56:01	Uchiha Shigami	i didnt have jutsus
21:56:02	Uchiha Shisui	i had to wait on u
21:56:09	<font color=#01DF01><font color=#01DF01><font color=#01DF01><font color=#01DF01>Uchiha Ryan	lmfao
21:56:25	<font color=#01DF01><font color=#01DF01><font color=#01DF01><font color=#01DF01>Uchiha Ryan	wtf happen
21:56:47	Jweeze	i ran out lmao
21:56:51	<font color=#01DF01><font color=#01DF01><font color=#01DF01><font color=#01DF01>Uchiha Ryan	lmfao why
21:57:00	Jweeze	i dont need chuunin lmao
21:57:06	<font color=#01DF01><font color=#01DF01><font color=#01DF01><font color=#01DF01>Uchiha Ryan	haha yeah
21:58:20	Uchiha Shigami	...
21:58:59	<font color=#01DF01><font color=#01DF01><font color=#01DF01><font color=#01DF01>Uchiha Ryan	this fight looks awesome
21:59:31	Uchiha Shigami	that amat
21:59:33	Uchiha Shigami	is OP
21:59:40	<font color=#01DF01><font color=#01DF01><font color=#01DF01><font color=#01DF01>Uchiha Ryan	nice
21:59:46	<font color=#01DF01><font color=#01DF01><font color=#01DF01><font color=#01DF01>Uchiha Ryan	come on axel
22:01:18	<font color=#01DF01><font color=#01DF01><font color=#01DF01><font color=#01DF01>Gaara	clay a boss for that
22:03:02	Uchiha Dice	?
22:03:25	<font color=#01DF01><font color=#01DF01><font color=#01DF01><font color=#01DF01>Uchiha Ryan	how are u alive
22:03:28	<font color=#01DF01><font color=#01DF01><font color=#01DF01><font color=#01DF01>Uchiha Ryan	still god
22:03:37	Uchiha Dice	bored again
22:04:16	Uchiha Dice	/
22:04:18	Jweeze	dicey
22:04:20	Uchiha Dice	?
22:04:23	Jweeze	missed chuunin exams &lt;_&lt;
22:04:32	Uchiha Dice	lol
22:04:38	Uchiha Dice	im bored
22:04:43	Jweeze	fight someone
22:04:45	Uchiha Dice	an d tired
22:04:51	Axel	i hated those shadow clones
22:05:07	<font color=#01DF01><font color=#01DF01><font color=#01DF01><font color=#01DF01>Uchiha Ryan	lol atleast u got chuunin
22:05:17	Uchiha Clay	:I
22:05:28	Uchiha Dice	?
22:05:33	Uchiha Dice	shut up 
22:05:38	Uchiha Dice	u lame c lay
22:05:59	Uchiha Dice	U LIKE 35 YEAR OLD PLAYING A LAPTOP GAME NO LIFE
22:06:05	Uchiha Shigami	does inferno style have a cd
22:06:06	Uchiha Clay	....wat?
22:06:14	<font color=#01DF01><font color=#01DF01><font color=#01DF01><font color=#01DF01>Gaara	yeah shigami
22:06:21	<font color=#01DF01><font color=#01DF01><font color=#01DF01><font color=#01DF01>Gaara	Clay
22:06:22	Uchiha Dice	SHUT UP CLAY IF U CANT READ
22:06:23	Uchiha Clay	?
22:06:26	<font color=#01DF01><font color=#01DF01><font color=#01DF01><font color=#01DF01>Gaara	if im correct
22:06:28	Uchiha Shigami	he used it 3 times on me in dat fight
22:06:31	Uchiha Dice	LAME DUCK
22:06:34	<font color=#01DF01><font color=#01DF01><font color=#01DF01><font color=#01DF01>Gaara	your old name was Jet?
22:06:42	Uchiha Clay	im jets cousin
22:06:44	Uchiha Clay	lol
22:06:46	<font color=#01DF01><font color=#01DF01><font color=#01DF01><font color=#01DF01>Gaara	ahh
22:06:54	Uchiha Clay	im new to goa games
22:06:56	<font color=#01DF01><font color=#01DF01><font color=#01DF01><font color=#01DF01>Gaara	I knew you had to be related
22:07:01	Uchiha Dice	SHUT UP CLAY
22:07:03	Uchiha Dice	U SUCK
22:07:06	<font color=#01DF01><font color=#01DF01><font color=#01DF01><font color=#01DF01>Gaara	Darthfighter2 and stuff
22:07:09	Uchiha Dice	U DONT NNEED TO TALK
22:07:09	<font color=#01DF01><font color=#01DF01><font color=#01DF01><font color=#01DF01>Gaara	Dice shut up
22:07:24	<font color=#01DF01><font color=#01DF01><font color=#01DF01><font color=#01DF01>Gaara	Anyways Dice
22:07:27	Uchiha Dice	SHUT UP GARRA WHT U GOING TO DO PUT ME IN SND SHUT UP
22:07:29	<font color=#01DF01><font color=#01DF01><font color=#01DF01><font color=#01DF01>Gaara	you like tm on dmg right?
22:07:56	<font color=#01DF01><font color=#01DF01><font color=#01DF01><font color=#01DF01>Gaara	5
22:08:15	Uchiha Clay	going to be
22:08:20	Uchiha Clay	tm on dmg
22:08:26	<font color=#01DF01><font color=#01DF01><font color=#01DF01><font color=#01DF01>Gaara	ahh nice
22:09:12	Uchiha Shigami	can i be hokage?
22:09:22	<font color=#01DF01><font color=#01DF01><font color=#01DF01><font color=#01DF01>Gaara	Jweeze is &lt;_&lt;
22:09:26	Uchiha Shigami	o
22:09:35	Uchiha Clay	let me b eraikage
22:09:43	Uchiha Shigami	what r open positions?
22:09:53	<font color=#01DF01><font color=#01DF01><font color=#01DF01><font color=#01DF01>Gaara	i can&#39;t just pass out free leaders
22:09:57	Uchiha Clay	oh
22:09:58	Uchiha Shigami	fight for it
22:09:59	<font color=#01DF01><font color=#01DF01><font color=#01DF01><font color=#01DF01>Gaara	we gotta do tourneys for it
22:10:00	<font color=#01DF01><font color=#01DF01><font color=#01DF01><font color=#01DF01>Uchiha Ryan	for real
22:10:07	Uchiha Shigami	fight for it
22:11:13	Uchiha Shigami	Analyzed Amida: 2475/2475 Stamina -- 577.5/577.5 Chakra -- 0 Wounds
You are out of Amida&#39;s league!
Analyzed Amida: -3119.4/2475 Stamina -- 577.5/577.5 Chakra -- 50 Wounds

22:11:15	<font color=#01DF01><font color=#01DF01><font color=#01DF01><font color=#01DF01>Gaara	whats that shadow shuriken move everybody using?
22:11:21	Uchiha Shigami	one wood dragon wo sharigan
22:11:33	Uchiha Shigami	its a non clan move gaara
22:11:40	<font color=#01DF01><font color=#01DF01><font color=#01DF01><font color=#01DF01>Gaara	called?
22:11:46	Uchiha Shigami	shadow shuriken jutsu
22:11:50	Uchiha Shigami	near shadow clones
22:12:04	Uchiha Shigami	shuriken shadow clone
22:12:12	<font color=#01DF01><font color=#01DF01><font color=#01DF01><font color=#01DF01>Gaara	oph thats thee move
22:12:42	Uchiha Shigami	an 8k chidori
22:12:51	Uchiha Shigami	and a 6k wood dragon :O
22:12:51	<font color=#01DF01><font color=#01DF01><font color=#01DF01><font color=#01DF01>Gaara	Lmao
22:13:15	Uchiha Clay	where is everyone?
22:13:18	Uchiha Clay	0_o
22:13:59	Uchiha Dice	BOOO
22:14:04	Uchiha Dice	THIS GAME SUCK
22:14:06	Uchiha Shigami	boo wut?
22:14:07	Uchiha Dice	GET OFF
22:14:16	Uchiha Shigami	if it sucks then yu here
22:14:31	<font color=#01DF01><font color=#01DF01><font color=#01DF01><font color=#01DF01><font color=#01DF01>Gaara	lmao
22:14:32	Axel	cuz hes just a dick
22:14:42	Uchiha Dice	SHUT UP U LAME
22:14:53	Uchiha Clay	._.
22:14:53	<font color=#01DF01><font color=#01DF01><font color=#01DF01><font color=#01DF01><font color=#01DF01>Gaara	im just trying to raise a good game everyone enjoys
22:14:57	<font color=#01DF01><font color=#01DF01><font color=#01DF01><font color=#01DF01><font color=#01DF01>Gaara	Dice calm down
22:15:18	<font color=#01DF01><font color=#01DF01><font color=#01DF01><font color=#01DF01><font color=#01DF01>Gaara	anybody up for arena battle?
22:15:30	Uchiha Shigami	me
22:15:30	<font color=#01DF01><font color=#01DF01><font color=#01DF01><font color=#01DF01><font color=#01DF01>Gaara	?
22:15:34	Axel	i am
22:15:39	<font color=#01DF01><font color=#01DF01><font color=#01DF01><font color=#01DF01><font color=#01DF01>Gaara	ight
22:15:41	Uchiha Shigami	us 2vs u
22:15:50	Uchiha Shigami	lol
22:15:51	Uchiha Clay	hey
22:15:58	Uchiha Clay	i wana get in that
22:16:15	Uchiha Clay	uh
22:16:22	Uchiha Clay	how do i challenge you?
22:16:27	<font color=#01DF01><font color=#01DF01><font color=#01DF01><font color=#01DF01><font color=#01DF01>Gaara	commands
22:16:30	<font color=#01DF01><font color=#01DF01><font color=#01DF01><font color=#01DF01><font color=#01DF01>Gaara	challenege player
22:16:49	Uchiha Shigami	dayum
22:17:10	Uchiha Dice	BUT THIS GAME DOWN THES PPL DONT KNOW HOW TO PLAY TURN DOWN THE GAME NOW BOOOOOOOOOOO U SUCK GAME 
22:17:30	Uchiha Clay	u sound like moo
22:17:33	Uchiha Clay	lol
22:17:38	Uchiha Dice	U ALLL ON HUSH MODE
22:17:42	Uchiha Clay	._.
22:17:45	Uchiha Dice	SHUT UP LOSERS
22:17:52	Uchiha Shigami	fack
22:17:56	Uchiha Shigami	rematch
22:17:56	<font color=#01DF01><font color=#01DF01><font color=#01DF01><font color=#01DF01><font color=#01DF01>Gaara	gf
22:18:00	<font color=#01DF01><font color=#01DF01><font color=#01DF01><font color=#01DF01><font color=#01DF01>Gaara	i tricked u lmao
22:18:01	Arty	dice shut you gay ass up
22:18:11	<font color=#01DF01><font color=#01DF01><font color=#01DF01><font color=#01DF01><font color=#01DF01>Gaara	Arty :D
22:18:20	Arty	lulz my shell server bein a btich
22:18:21	Uchiha Clay	gaara challenge me
22:18:24	Arty	soi thought I&#39;d hop on this
22:18:24	Uchiha Dice	ARTY SHUT UP U LIKE 54 SHUT UP
22:18:25	<font color=#01DF01><font color=#01DF01><font color=#01DF01><font color=#01DF01><font color=#01DF01>Gaara	oops
22:18:31	Uchiha Dice	SHUT UP I LAME 
22:18:36	Uchiha Dice	LIKE THT GUY 
22:18:40	Uchiha Dice	CLAY
22:18:48	Arty	im glad dice hasn&#39;t heard of my game yet
22:18:50	Arty	lmfao
22:18:54	Arty	that&#39;d be instant mute/ban hammer
22:19:07	Uchiha Clay	&gt;_&gt;
22:19:07	Uchiha Dice	BAN HAMMER SHUT UP
22:19:07	<font color=#01DF01><font color=#01DF01><font color=#01DF01><font color=#01DF01><font color=#01DF01>Gaara	daynm
22:19:13	Uchiha Dice	U LAME U ALLL LAME 
22:19:17	Arty	lol
22:19:21	Uchiha Dice	ARTY 
22:19:29	Uchiha Dice	U JUST 54 U OLD
22:19:33	Arty	12 years old?
22:19:48	Uchiha Shigami	spar?
22:19:52	Uchiha Shigami	gaara
22:19:57	Arty	hey shigami ;)
22:20:02	<font color=#01DF01><font color=#01DF01><font color=#01DF01><font color=#01DF01><font color=#01DF01>Gaara	gf
22:20:02	Uchiha Shigami	hi
22:20:03	<font color=#01DF01><font color=#01DF01><font color=#01DF01><font color=#01DF01>Uchiha Ryan	god
22:20:09	<font color=#01DF01><font color=#01DF01><font color=#01DF01><font color=#01DF01>Uchiha Ryan	nice fight
22:20:17	Arty	my god
22:20:18	Axel	dice sounds like a 8 year old trying to troll
22:20:19	Arty	gaara
22:20:21	<font color=#01DF01><font color=#01DF01><font color=#01DF01><font color=#01DF01>Uchiha Ryan	why am i kage
22:20:25	Arty	tell your coder to balance this game xD
22:20:31	<font color=#01DF01><font color=#01DF01><font color=#01DF01><font color=#01DF01><font color=#01DF01>Gaara	i am lmao
22:20:44	Uchiha Shigami	axel tell me dmg
22:20:47	<font color=#01DF01><font color=#01DF01><font color=#01DF01><font color=#01DF01><font color=#01DF01>Gaara	only thing i hate bout this NLL source
22:21:12	Arty	is its not my spource?
22:21:31	Uchiha Shigami	?
22:21:44	Uchiha Shigami	cant go into hospital
22:22:01	Uchiha Shigami	can i be akat leader?
22:22:05	<font color=#01DF01><font color=#01DF01><font color=#01DF01><font color=#01DF01>Uchiha Ryan	no
22:22:11	Uchiha Shigami	ok :I
22:22:13	Uchiha Clay	im stuck?
22:22:29	<font color=#01DF01><font color=#01DF01><font color=#01DF01><font color=#01DF01><font color=#01DF01>Gaara	hold up clay
22:22:53	Arty	lmfao
22:22:56	Arty	this guys a nub
22:22:57	<font color=#01DF01><font color=#01DF01><font color=#01DF01><font color=#01DF01><font color=#01DF01>Gaara	trying to help clay but okay axel lol
22:23:06	<font color=#01DF01><font color=#01DF01><font color=#01DF01><font color=#01DF01><font color=#01DF01>Gaara	gf
22:23:07	<font color=#01DF01><font color=#01DF01><font color=#01DF01><font color=#01DF01>Uchiha Ryan	lol
22:23:10	Uchiha Shigami	fight again
22:23:25	<font color=#01DF01><font color=#01DF01><font color=#01DF01><font color=#01DF01><font color=#01DF01>Gaara	brb bathroom break
22:23:26	Uchiha Shigami	whos meh hokage
22:23:31	Uchiha Shigami	can i be joniun
22:23:54	Uchiha Shigami	i know how to bind 2 ppl at once with naras :O
22:24:28	Uchiha Shigami	can bind up to 8 ppl if u max the perk out
22:27:23	Uchiha Shigami	spar again?
22:27:51	Uchiha Shigami	this nigga aint pissin he shittin
22:28:53	Uchiha Shigami	wind sword does 5k if critical
22:28:56	Uchiha Shigami	dat OP
22:29:09	<font color=#01DF01><font color=#01DF01><font color=#01DF01><font color=#01DF01>Uchiha Ryan	wtf happpen
22:29:13	Uchiha Clay	LOL
22:29:15	Uchiha Clay	idk
22:29:17	<font color=#01DF01><font color=#01DF01><font color=#01DF01><font color=#01DF01>Uchiha Ryan	i just randomly died
22:29:26	Uchiha Shigami	how i get bijius
22:29:29	Uchiha Shigami	ryan lets spar
22:29:31	<font color=#01DF01><font color=#01DF01><font color=#01DF01><font color=#01DF01>Uchiha Ryan	its cool good fight
22:29:35	Uchiha Clay	ye
22:30:24	Arty	No noobs in konoha.
22:31:01	Uchiha Shigami	tf?
22:31:05	<font color=#01DF01><font color=#01DF01><font color=#01DF01><font color=#01DF01>Uchiha Ryan	idk
22:31:21	Arty	;)
22:31:54	Arty	this interface
22:31:57	Arty	ishurting my eyes
22:33:19	Uchiha Shigami	rematch :I
22:33:30	Uchiha Shigami	got distracted
22:36:25	Uchiha Shigami	wow
22:36:35	Uchiha Shigami	meh ms failed and just gave me wounds
22:36:38	Uchiha Shigami	restart
22:36:41	Uchiha Clay	uh
22:36:51	Uchiha Clay	y was i booted from leaf?
22:37:01	Uchiha Shigami	same happened to me
22:37:48	Uchiha Shigami	dat shit dun stun
22:38:04	<font color=#01DF01><font color=#01DF01><font color=#01DF01><font color=#01DF01>Uchiha Ryan	lol
22:39:33	Uchiha Shigami	how df
22:39:39	Uchiha Shigami	arent u getting stunned
22:39:48	Uchiha Shigami	1 more
22:39:57	Uchiha Clay	ryan
22:40:03	Uchiha Clay	inv to sand pl0x
22:41:07	Uchiha Shigami	dafuq?
22:41:13	Uchiha Shigami	how r u not getting stunned
22:41:19	<font color=#01DF01><font color=#01DF01><font color=#01DF01><font color=#01DF01>Uchiha Ryan	i do get stun
22:42:13	Uchiha Shigami	im fucking done
22:42:18	Uchiha Shigami	yur not getting stunne
22:42:21	Uchiha Shigami	dbut i am?
22:42:47	<font color=#01DF01><font color=#01DF01><font color=#01DF01><font color=#01DF01>Uchiha Ryan	i do get stun just it comes off fast
22:42:51	Uchiha Shigami	how
22:43:00	Uchiha Shigami	i maxed the stun perk
22:43:07	Uchiha Shigami	and i get stunned by yur stuff
22:43:22	Uchiha Shigami	i have 400 intel
22:43:30	Uchiha Shigami	500 reflex
22:43:42	Uchiha Shigami	yu shouldnt even be able to stun nor gen me
22:43:51	<font color=#01DF01><font color=#01DF01><font color=#01DF01><font color=#01DF01>Uchiha Ryan	idk
22:43:55	Uchiha Shigami	1 mor
22:44:05	Uchiha Shigami	this time im gonna use all meh shit
22:45:09	Uchiha Shigami	see?
22:45:16	Uchiha Shigami	nothgings stunning u
22:47:02	<font color=#01DF01><font color=#01DF01><font color=#01DF01><font color=#01DF01>Uchiha Ryan	good fight happy
22:47:04	Uchiha Shigami	yay
22:47:06	Uchiha Shigami	xD
22:47:27	Uchiha Shigami	yus im happy nao
22:47:34	<font color=#01DF01><font color=#01DF01><font color=#01DF01><font color=#01DF01>Uchiha Ryan	good
22:47:39	Uchiha Shigami	dont kno why meh stuns didnt work on u 
22:47:43	Uchiha Shigami	u some super nigga
22:47:47	<font color=#01DF01><font color=#01DF01><font color=#01DF01><font color=#01DF01>Uchiha Ryan	hahaha
22:47:47	Uchiha Shigami	what level r u
22:47:51	<font color=#01DF01><font color=#01DF01><font color=#01DF01><font color=#01DF01>Uchiha Ryan	200
22:47:54	Uchiha Shigami	....
22:47:57	Uchiha Shigami	thats why
22:48:39	Uchiha Shigami	gaara
22:48:42	Uchiha Shigami	u there
22:48:50	Uchiha Shigami	or u sitll taking a nuke
22:49:31	<font color=#01DF01><font color=#01DF01><font color=#01DF01><font color=#01DF01>Uchiha Ryan	lmfao
22:55:42	Uchiha Shisui	lol almost
22:55:54	Uchiha Shigami	whos the hokage
22:55:59	Uchiha Shigami	why did he boot for no reason
22:57:10	<font color=#01DF01><font color=#01DF01><font color=#01DF01><font color=#01DF01>Uchiha Ryan	lmfao i wouldnt know
22:57:41	Uchiha Shigami	?
22:57:42	Arty	lmfao
22:57:49	Arty	that gfx with sasuke and sakura is killin me
22:57:55	Uchiha Shigami	why u boot me
22:58:12	Arty	caue I said no noobs in konoha
22:58:19	Uchiha Shigami	how am i  a noob
22:58:37	Arty	uchiha
22:58:40	Arty	bandwagon
22:59:01	Uchiha Shisui	wat u kick me out for
22:59:04	Uchiha Shigami	thats all the ppl in konoha
22:59:20	Uchiha Shigami	hope u happy
22:59:21	<font color=#01DF01><font color=#01DF01><font color=#01DF01><font color=#01DF01>Uchiha Ryan	damn
22:59:30	Uchiha Shisui	me and shigami the 2 best people in leaf
22:59:30	<font color=#01DF01><font color=#01DF01><font color=#01DF01><font color=#01DF01>Uchiha Ryan	he only wants strong people in the village
22:59:33	Arty	go remake into a non uchiha to be apart of art&#39;s village
23:00:04	Arty	my games almost back up bout to leave xD so don&#39;t worry bout me
23:00:31	<font color=#01DF01><font color=#01DF01><font color=#01DF01><font color=#01DF01>Uchiha Ryan	lol
23:00:50	Arty	ryan
23:01:04	Arty	tell that nubsauce Kstone to remove the &#39;Naruto Redemption by Arty&#39;
23:01:19	Arty	this obviously ain&#39;t by me or else it&#39;d look 9999999xnicer
23:01:39	Arty	later
23:01:39	<font color=#01DF01><font color=#01DF01><font color=#01DF01><font color=#01DF01><font color=#01DF01>Gaara	damn why i gotta be nub sauce :/
23:01:45	Arty	&lt;3 you know I love you
23:01:50	Arty	but my shell server workin so back to ma game
23:01:52	<font color=#01DF01><font color=#01DF01><font color=#01DF01><font color=#01DF01><font color=#01DF01>Gaara	&lt;3 Yeah i know
23:02:12	<font color=#01DF01><font color=#01DF01><font color=#01DF01><font color=#01DF01>Uchiha Ryan	lol
23:03:33	Uchiha Shigami	i remember class of 3000
23:03:41	Uchiha Shigami	that show was the shit back in the day
23:04:33	<font color=#01DF01><font color=#01DF01><font color=#01DF01><font color=#01DF01><font color=#01DF01>Gaara	yup
23:04:37	<font color=#01DF01><font color=#01DF01><font color=#01DF01><font color=#01DF01><font color=#01DF01>Gaara	that was the show
23:04:39	<font color=#01DF01><font color=#01DF01><font color=#01DF01><font color=#01DF01><font color=#01DF01>Gaara	okay
23:04:44	Uchiha Shisui	gaara
23:04:47	<font color=#01DF01><font color=#01DF01><font color=#01DF01><font color=#01DF01><font color=#01DF01>Gaara	hold up everyone
23:04:49	<font color=#01DF01><font color=#01DF01><font color=#01DF01><font color=#01DF01><font color=#01DF01>Gaara	?
23:04:52	Uchiha Shigami	they used to have that horny ass girl
23:04:52	Uchiha Shisui	can i join sand
23:04:59	Uchiha Shisui	or cloud
23:05:08	Uchiha Shigami	can u put me in kiri
23:05:55	Uchiha Shigami	hey sonny can we take it to the bridge?
23:05:58	Uchiha Shigami	huh huh huh
23:06:01	<font color=#01DF01><font color=#01DF01><font color=#01DF01><font color=#01DF01><font color=#01DF01>Gaara	one sec
23:06:01	Uchiha Shigami	lol
23:06:17	Uchiha Shisui	shigami
23:06:18	<font color=#01DF01><font color=#01DF01><font color=#01DF01><font color=#01DF01>Uchiha Ryan	lol
23:06:23	Uchiha Shigami	what?
23:06:30	Uchiha Shisui	lets go to dojo and spar
23:06:37	Uchiha Shigami	dont feel like it
23:06:44	Uchiha Shigami	bout to go
23:06:51	Uchiha Shisui	ok well lemme test my combo
23:06:58	Jweeze	ight
23:07:02	Jweeze	who wants in leaf?
23:07:09	Uchiha Shisui	i was in leaf
23:07:15	Uchiha Shigami	hes prob gonna bot again
23:07:19	Uchiha Shigami	i wanna join kiri
23:07:25	Jweeze	nah he wont
23:07:34	Uchiha Shigami	ok
23:07:36	Uchiha Shisui	but i wanna join cloud
23:07:42	Uchiha Shigami	can u make me joniun?
23:08:56	Uchiha Clay	whoa
23:09:02	Uchiha Clay	i want jounin
23:09:08	<font color=#01DF01><font color=#01DF01><font color=#01DF01><font color=#01DF01><font color=#01DF01>Gaara	hmm
23:09:18	<font color=#01DF01><font color=#01DF01><font color=#01DF01><font color=#01DF01>Uchiha Ryan	fight shigami
23:09:18	Uchiha Shigami	can we fight for joniun?
23:09:39	Uchiha Shigami	y or n
23:09:55	Uchiha Shigami	now can we fight for joniun
23:09:58	Uchiha Shigami	y or n
23:10:12	Uchiha Clay	what happens if someone loses this fight?
23:10:16	RazNam	hi
23:10:20	Uchiha Shigami	they dont get joniun?
23:10:21	<font color=#01DF01><font color=#01DF01><font color=#01DF01><font color=#01DF01><font color=#01DF01>Gaara	razzy :D
23:10:36	Jweeze	one of u fight for jounin
23:10:40	Jweeze	one of you get it
23:10:44	Uchiha Shigami	lol
23:10:50	Uchiha Shigami	so can u put us in arena
23:11:43	<font color=#01DF01><font color=#01DF01><font color=#01DF01><font color=#01DF01><font color=#01DF01>Gaara	amat is oped
23:11:44	Uchiha Shigami	2 amats :O
23:11:51	<font color=#01DF01><font color=#01DF01><font color=#01DF01><font color=#01DF01><font color=#01DF01>Gaara	yeah sasuke gets 2
23:12:16	<font color=#01DF01><font color=#01DF01><font color=#01DF01><font color=#01DF01><font color=#01DF01>Gaara	dont either of yall use kawa?
23:13:11	Uchiha Shigami	i win
23:13:15	Uchiha Clay	xD
23:13:15	Uchiha Shigami	joniun
23:13:17	Uchiha Clay	gf
23:13:20	Uchiha Shigami	lol
23:13:33	Uchiha Shigami	u used susano @ the last second :I
23:13:56	<font color=#01DF01><font color=#01DF01><font color=#01DF01><font color=#01DF01><font color=#01DF01><font color=#01DF01>Gaara	who won?
23:14:00	Uchiha Shigami	me
23:14:44	Uchiha Shigami	so can i have meh joniun so i can go
23:14:53	Uchiha Shigami	o.o
23:14:55	Uchiha Clay	?
23:14:59	Uchiha Clay	ya
23:15:06	Uchiha Shigami	ok see u guys later
23:15:14	<font color=#01DF01><font color=#01DF01><font color=#01DF01><font color=#01DF01><font color=#01DF01><font color=#01DF01>Gaara	i wanna fight
23:15:18	Uchiha Clay	whoa wait
23:15:22	Uchiha Shigami	u OP as hell
23:15:22	Uchiha Clay	shigami
23:15:27	Uchiha Shigami	u like level 200
23:15:29	Uchiha Clay	lets tag team him
23:15:47	<font color=#01DF01><font color=#01DF01><font color=#01DF01><font color=#01DF01><font color=#01DF01><font color=#01DF01>Gaara	lmao ryans level 200
23:15:47	Uchiha Shigami	ill fight b4 i go
23:15:50	Uchiha Shigami	hurry
23:15:59	Uchiha Shigami	us 2 vs u
23:16:52	Uchiha Shigami	u hit me with amat...
23:17:04	<font color=#01DF01><font color=#01DF01><font color=#01DF01><font color=#01DF01><font color=#01DF01><font color=#01DF01>Gaara	LMAO
23:17:05	Uchiha Clay	... lol srry
23:17:33	Uchiha Shigami	wdafuq?
23:18:38	Uchiha Shigami	...
23:18:50	Uchiha Shigami	second time he hit meh with fire...
23:19:02	<font color=#01DF01><font color=#01DF01><font color=#01DF01><font color=#01DF01><font color=#01DF01><font color=#01DF01>Gaara	well
23:19:05	<font color=#01DF01><font color=#01DF01><font color=#01DF01><font color=#01DF01><font color=#01DF01><font color=#01DF01>Gaara	that was easy
23:19:13	Uchiha Shigami	u too facking powerful
23:19:15	Uchiha Clay	lol
23:19:20	<font color=#01DF01><font color=#01DF01><font color=#01DF01><font color=#01DF01><font color=#01DF01><font color=#01DF01>Gaara	lmao say what?
23:19:21	Uchiha Clay	sand too stronk
23:19:29	<font color=#01DF01><font color=#01DF01><font color=#01DF01><font color=#01DF01><font color=#01DF01><font color=#01DF01>Gaara	there should be no reason why yall lost
23:19:32	<font color=#01DF01><font color=#01DF01><font color=#01DF01><font color=#01DF01><font color=#01DF01><font color=#01DF01>Gaara	double gen
23:19:39	Uchiha Clay	well
23:19:41	Uchiha Shigami	didnt realize that u had iron skin
23:19:42	<font color=#01DF01><font color=#01DF01><font color=#01DF01><font color=#01DF01><font color=#01DF01><font color=#01DF01>Gaara	you guys just spreaded jutsus recklessy
23:19:51	Uchiha Shigami	thats what he did...
23:19:58	<font color=#01DF01><font color=#01DF01><font color=#01DF01><font color=#01DF01><font color=#01DF01><font color=#01DF01>Gaara	yiour guys dmg was oped with my doton skin on
23:19:58	Uchiha Shigami	his amat gave me 49 wounds
23:20:14	Uchiha Clay	shigami try 1 moar time?
23:20:14	Uchiha Shigami	ok gtg
23:20:18	Uchiha Clay	k
23:20:38	<font color=#01DF01><font color=#01DF01><font color=#01DF01><font color=#01DF01><font color=#01DF01><font color=#01DF01>Gaara	brb
23:20:47	<font color=#01DF01><font color=#01DF01><font color=#01DF01><font color=#01DF01><font color=#01DF01><font color=#01DF01>Gaara	need to write some nerfs in my notebook
23:20:54	Uchiha Shisui	i wanna fight
23:21:12	Uchiha Shisui	nerf fa wat
23:21:27	<font color=#01DF01><font color=#01DF01><font color=#01DF01><font color=#01DF01>Uchiha Ryan	aye
23:21:33	<font color=#01DF01><font color=#01DF01><font color=#01DF01><font color=#01DF01><font color=#01DF01><font color=#01DF01>Gaara	theres alot of moves that need a nerf lmao
23:21:38	<font color=#01DF01><font color=#01DF01><font color=#01DF01><font color=#01DF01><font color=#01DF01><font color=#01DF01>Gaara	?
23:21:40	Uchiha Clay	like wat?
23:21:44	Uchiha Clay	lololol
23:21:49	Uchiha Shisui	did u summon me gaara
23:21:55	<font color=#01DF01><font color=#01DF01><font color=#01DF01><font color=#01DF01><font color=#01DF01><font color=#01DF01>Gaara	yeah
23:22:01	Uchiha Shisui	oh ok
23:22:09	Uchiha Shisui	what u need bro
23:22:26	<font color=#01DF01><font color=#01DF01><font color=#01DF01><font color=#01DF01><font color=#01DF01><font color=#01DF01>Gaara	just teleporting u to everyone
23:22:33	<font color=#01DF01><font color=#01DF01><font color=#01DF01><font color=#01DF01><font color=#01DF01><font color=#01DF01>Gaara	challenege someone shisui
23:22:36	Uchiha Shisui	ok
23:25:22	Uchiha Clay	rofl
23:25:33	<font color=#01DF01><font color=#01DF01><font color=#01DF01><font color=#01DF01><font color=#01DF01><font color=#01DF01>Gaara	whatt happend clay?
23:25:43	Uchiha Shisui	can i be a chuunin 
23:26:12	Uchiha Clay	i failed
