15:51:10	Kaguya JandiraFegali	Oi limdos
15:54:57	A Tal da Jenifer	d
15:55:04	Viadão bunitu	lul
15:55:28	Gbriel	oin
15:56:57	Dennerdita da Silva	Desgraça
15:57:12	Raffa Moreira 777 broooo	oIE MANAS
15:57:23	Raffa Moreira 777 broooo	SKR SKR SKR
15:58:11	Macaco Tião	oien
15:58:49	Dennerdita da Silva	aehuaehua
15:58:49	Macaco Tião	PORRANNNNNNNNnn
15:58:56	Raffa Moreira 777 broooo	JOGA BOSTA
16:04:47	Dennerdita da Silva	lul
16:14:06	Dennerdita da Silva	bunito
16:17:08	Monkey big Tio	oiiiiiiiiiiieeeeeeee
16:17:29	Dennerdita da Silva	...
16:17:35	Raffa Moreira 777 broooo	SA PORRA
16:30:19	Dennerdita da Silva	lul
16:30:28	Dennerdita da Silva	danada
16:30:34	Maloqueiro Popey	lol
16:31:58	Cesar Branco	.
17:01:03	Dennerdita da Silva	Delete Tobirama-Senju.0x300008d 
17:04:08	Dennerdita da Silva	Delete Senjutree.0x2003e67 
17:12:55	Dennerdita da Silva	...
17:19:46	Brabão	Pick-Combatant-Chuunin-2 Cesar-Branco.0x300008f 
23:00:23	Punho de Ferro Imortal	lul
23:08:52	Chupo a bota e cobro o pau	Dennis ?
23:09:04	Punho de Ferro Caralhal 	?
23:10:11	Chupo a bota e cobro o pau	Matheus ? 
23:10:15	Korra > Aang	ARROMBADO
23:10:23	Danny Rand	real
23:11:13	Suna Gaitero 	oi 
