16:54:27	Uchiha Raiden	Uchiha Raiden	reaper
16:54:34	Reaper	Reaper	Nice Gui&#39;s arty
16:54:40	Arty	Arty	thnx :3
16:54:50	Uchiha Raiden	Uchiha Raiden	lol we need someone
16:54:56	Uchiha Raiden	Uchiha Raiden	with an N router
16:55:00	Arty	Arty	my gates guis are my favourite :O
16:55:23	Uchiha Raiden	Uchiha Raiden	he did
17:08:31	Uchiha Goden	Uchiha Goden	weee
17:19:34	Hozuki Mangetsu	Hozuki Mangetsu	Reaper
17:22:02	Sunaki	Sunaki	xD
17:22:09	Arty	Arty	D:
17:22:30	Sunaki	Sunaki	&gt;=0
17:38:20	Yamanaka BasedGod	Yamanaka BasedGod	retarded ass handle.
17:38:28	Namikaze Tempa	Namikaze Tempa	?
17:38:43	Yamanaka BasedGod	Yamanaka BasedGod	my dick
18:00:03	Boomer	Boomer	hey arty
18:11:13	Namikaze Tempa	Namikaze Tempa	Nice lol
18:11:58	Namikaze Tempa	Namikaze Tempa	Im op =D
18:12:08	Arty	Arty	lol
18:35:10	Uchiha Angel	Uchiha Angel	I need jo eye brah
18:35:19	Uchiha Angel	Uchiha Angel	now suck it up and get outside
18:35:24	Uchiha Angel	Uchiha Angel	like a man :|
18:36:49	Uchiha Angel	Uchiha Angel	y u no uchiha
18:36:54	Uchiha Angel	Uchiha Angel	y no one uchiha :|
18:36:57	Arty	Arty	i dont wanna be o.o
18:38:56	Uchiha Angel	Uchiha Angel	Arty use genjutsu illusion on me
18:41:30	Uchiha Angel	Uchiha Angel	o.O
18:51:28	ShikaGami	ShikaGami	hi
