16:52:17	Uchiha Raiden	arty?
16:52:21	Arty	ye o.o
16:52:30	Uchiha Raiden	this full time?!
16:52:48	Arty	i will keep redemption up if someone can host no lag xD
16:52:54	Uchiha Raiden	please say yes
16:52:59	Uchiha Raiden	woohoo!
16:53:09	Uchiha Raiden	damn about time..these revise sources
16:53:15	Arty	they suck xD
16:53:17	Arty	lol
16:53:22	Uchiha Raiden	^
16:53:33	Uchiha Raiden	ill look for a
16:53:35	Arty	i just need people o.o
16:53:39	Uchiha Raiden	hoster
16:53:42	Arty	kk
16:53:59	Uchiha Raiden	hold on can i get my rank under dev on cyph
16:54:18	Arty	later xD
16:55:02	Reaper	U redid them all yourself
16:55:25	Arty	ye
16:55:28	Reaper	Ouch ouch ouch lol
16:55:38	Uchiha Raiden	just people became un greatful
16:55:54	Arty	need to make that writing darker o.o
16:55:59	Uchiha Raiden	ha you brought the dmg points
16:56:38	Uchiha Raiden	damn arty we need a
16:56:40	Orochimaru	phew..
16:56:43	Uchiha Raiden	host asap
16:56:46	Arty	i also
16:56:47	Uchiha Raiden	oro
16:56:51	Orochimaru	Arty o.o
16:56:56	Reaper	Nice work Arty
16:57:01	Orochimaru	Give oro his faction, huehue
16:57:14	Arty	made so that you cant get any points for the claim points if you kill an alt or someone on same ip address
16:57:19	Arty	lol
16:57:22	Arty	thnx xd
16:57:24	Arty	xD
16:57:26	Orochimaru	well well well arty
16:57:28	Orochimaru	Nice job
16:57:33	Reaper	Thats bad for me lol
16:57:35	Arty	thnx :3
16:57:38	Orochimaru	Nice jutsu pictures o.o
16:57:39	Arty	it is xD
16:57:42	Arty	thnx :P
16:57:46	Uchiha Raiden	Nice that;kk reinforce  loggers O.o
16:57:51	Orochimaru	Dayum, shit looks awesome o.o
16:57:56	Reaper	I have 3 people that play here Bon and Cloud lmao
16:58:08	Reaper	and myself
16:58:09	Uchiha Raiden	Bon?
16:58:17	Arty	douta hated me for this game
16:58:21	Arty	thnx :3
16:58:27	Uchiha Raiden	werent you in masd&#39;s game?
16:58:27	Arty	also planning
16:58:36	Arty	to make a bijuu system similar to gates system
16:58:49	Uchiha Raiden	how gates worked?
16:58:50	Arty	gates as in the gate 1-8
16:58:53	Reaper	The only thing i dont like is the wires cuz it always kills me during a fight
16:58:56	Arty	you can level them up?
16:58:58	Uchiha Raiden	oh
16:59:05	Arty	xD
16:59:13	Arty	wires just stay away from it xD
16:59:18	Arty	helps electric useres
16:59:22	Reaper	Lol 
16:59:27	Arty	use lightning jutsu near wires and they activate
16:59:28	Reaper	True
16:59:33	Uchiha Raiden	Lol the wires is for everyone to use at their advantage when using electricity
16:59:59	Arty	my favourite haku move &lt;3 :O
17:00:08	Uchiha Raiden	arty heard anything on crystal? O.o
17:00:13	Arty	nope xD
17:00:21	Arty	im doing better :O
17:00:29	Uchiha Raiden	someone was on Mangekyo 
17:00:34	Arty	her brother
17:00:35	Arty	:3
17:00:39	Arty	hes an absolute dick
17:00:41	Arty	&gt;.&lt;
17:00:48	Uchiha Raiden	haha, he is though
17:00:51	Arty	also level 100 is given upon creation now xD
17:01:05	Uchiha Raiden	yes arty gotta play it like the competition
17:01:12	Arty	exactly :£
17:01:12	Reaper	Thats paper wing?
17:01:13	Arty	xD
17:01:19	Arty	whats paper wing? O.o
17:01:22	Uchiha Raiden	cause now a days people forgot the true meaning of a game
17:01:30	Reaper	Next to Shuriken
17:01:33	Arty	exactly XD
17:01:47	Arty	what shuriken?
17:01:56	Arty	no
17:02:00	Arty	its paper spear
17:02:02	Reaper	Paper shuriken in the clan tree lol
17:02:04	Arty	poorly done gui xD
17:02:38	Uchiha Raiden	arty read manga?
17:02:41	Arty	no
17:02:43	Reaper	Arty where the best place to look for host servers?
17:02:48	Arty	but people spoilt it already -_-
17:02:55	Arty	nfoservers o.o
17:03:08	Reaper	Wasnt revised hosted on there?
17:03:14	Arty	niggas paged da fuk outta who tobi is -_-
17:03:15	Arty	ye
17:03:19	Arty	most games use it
17:03:38	Uchiha Raiden	LOl that chapt  smh
17:03:45	Reaper	Is there no way to stop the hackers on that sight
17:03:46	Uchiha Raiden	i hate flash backs
17:03:55	Arty	im not ashamed for kishi
17:03:59	Arty	but what i hate is
17:04:03	Arty	people spoiling it
17:04:08	Arty	i wanted to find out through anime
17:04:11	Arty	not manga -_-
17:04:13	Uchiha Raiden	^
17:04:25	Uchiha Raiden	lol i ask before saying anything
17:04:26	Arty	people cant hack nfo servers
17:04:34	Arty	O.o
17:04:41	Arty	invite people o.o
17:04:44	Reaper	How was they crashing revised?
17:04:53	Uchiha Raiden	i invited a possible hoster 
17:05:01	Arty	you cant stop people flooding the server with cookies
17:05:06	Arty	kk xD
17:05:07	Uchiha Raiden	downloading resources atm
17:05:11	Reaper	Oh ok
17:05:14	Arty	k :O
17:05:23	Reaper	They got good prices?
17:05:34	Orochimaru	I know people who can crash revised, hehe
17:05:36	Arty	vps is expensive
17:05:40	Arty	thats what i used
17:05:47	Arty	you can use website server
17:05:51	Arty	dunno how though
17:05:54	Arty	i dont know ssh
17:06:00	Arty	rofl
17:06:02	Uchiha Raiden	Lets look up a tutorial!
17:06:12	Arty	ssh is computer language
17:06:14	Arty	&gt;.&lt;
17:06:16	Reaper	Ok ima look up prices
17:06:27	Arty	its for server maintance
17:06:30	Uchiha Raiden	This we just need a starter host
17:06:37	Arty	mhm
17:06:43	Uchiha Raiden	soon i guess people will donate
17:06:47	Arty	xD
17:06:50	Arty	atm its complete
17:06:51	Orochimaru	Donate...?
17:06:57	Arty	some moves might be a bit op
17:06:58	Orochimaru	Yall turning this into a revised already?
17:07:02	Arty	no o.o
17:07:05	Arty	donate isnt
17:07:08	Arty	like super edits xD
17:07:16	Uchiha Raiden	No oro donate isnt super op edits 
17:07:29	Orochimaru	People won&#39;t donate unless they get super edits.
17:07:33	Arty	its moves and helpful stuff
17:07:41	Arty	moves that you can gain by work o.o
17:07:41	Orochimaru	Or they must be very nice.
17:07:49	Orochimaru	It&#39;s lagging..
17:07:51	Reaper	Arty what server type i need?
17:07:52	Arty	well people can donate if they want xD
17:07:52	Uchiha Raiden	and is gauranteed your money is going towards the shell cause arty has a job sooo
17:08:03	Arty	i know its lagging i cant host to save my life xD
17:08:13	Reaper	I wanna price our servers
17:08:15	Arty	i dunno reaper o.o
17:08:23	Arty	dont know much about servers
17:08:28	Reaper	Lol
17:08:41	Uchiha Goden	weee
17:08:47	Uchiha Raiden	oro go on commands
17:08:47	Arty	hi :O
17:08:49	Orochimaru	Bloodtaster for enforces 2012.
17:08:58	Uchiha Goden	Hi
17:09:00	Orochimaru	enforcer*
17:09:01	Arty	^_^
17:09:17	Arty	atm just trying to get people from revised and rotf o.o
17:09:39	Uchiha Raiden	Over is the only game ive seen a lvl 80 rape 150
17:09:47	Uchiha Goden	im likeing the clans somthing new for uchiha to 
17:09:53	Arty	thnx xD
17:10:06	Arty	theres a lot of new things, not only jutsu o.o
17:10:20	Uchiha Goden	is there ems in this yet or no 
17:10:24	Arty	yep
17:10:26	Arty	:3
17:10:31	Uchiha Raiden	there goes the Hoster O.,o to ROTF smh
17:10:41	Uchiha Raiden	anyone here knows a good hoster
17:10:43	Arty	i hate that game &gt;.&lt;
17:10:57	Uchiha Raiden	just for starters. i do too and i was banned i think
17:11:33	Uchiha Raiden	cause  gedo announced to whisp him about donations and i said to  get a job and he said smd im 13
17:11:44	Arty	lol
17:11:51	Arty	why he wants money when hes 13? O.o
17:11:53	Arty	....
17:12:10	Uchiha Raiden	for hosting he says
17:12:23	Reaper	I think im reading this right but i can get a 100 person server for 22$ a month
17:12:26	Uchiha Goden	yea u need a host bad 
17:12:41	Uchiha Raiden	i dont even think hes eligible for a paypal
17:12:48	Reaper	22 a month for a year
17:13:12	Arty	reaper
17:13:16	Arty	you need to know ssh
17:13:18	Arty	lol
17:13:23	Arty	server language
17:13:30	Reaper	Lmao ima call em 
17:13:36	Arty	and be able to know how to upload files onto the server and use them
17:13:54	Sunaki	O_o
17:14:02	Reaper	Thats why ima call their customer service number
17:14:08	Arty	hi sunaki xD
17:14:16	Arty	mhm
17:14:25	Arty	atm this game is complete from what i think o.o
17:14:34	Reaper	Im just saying if its cheap like that u want me to look into to getting u 1 also?
17:14:40	Uchiha Raiden	we just need a hoster :L
17:14:45	Arty	ye plz reaper xD
17:14:56	Arty	that would be helpful :3
17:15:10	Reaper	Ok
17:15:12	Reaper	Np
17:15:49	Arty	sunaki level 100 upon creation as well :O
17:16:14	Sunaki	i love this water clone XD
17:16:23	Arty	i know xD
17:16:27	Uchiha Raiden	^
17:16:32	Arty	its easy to kill but really helpful :P
17:16:33	Uchiha Goden	why dont sasuke a a stun or anything 
17:16:42	Arty	a jutsu to make water users not crap!
17:16:48	Arty	what you mean goden?
17:17:02	Uchiha Angel	LOOl
17:17:07	Arty	o.o
17:17:10	Uchiha Raiden	right now in themanga i believe the 5 kages should be dead by now
17:17:10	Uchiha Angel	Arty u know who i iz rite ?
17:17:15	Arty	ehh
17:17:17	Arty	no xD
17:17:20	Arty	tell me :P
17:17:32	Uchiha Goden	sasuke gtes to moves that  are amat 
17:17:37	Uchiha Raiden	anonymous
17:17:38	Bill	lag
17:17:43	Arty	i know theres lag
17:17:46	Bill	arty
17:17:47	Uchiha Angel	K look at the deidara hairstyle on this game
17:17:49	Arty	trying to find a good host
17:17:49	Uchiha Raiden	lol bill
17:17:50	Arty	ye
17:17:57	Uchiha Angel	Shud remind of who i am
17:17:58	Bill	hi
17:18:09	Arty	i forgot your name but i know who you are xD
17:18:12	Bill	so you brought the servere or what &gt;
17:18:19	Uchiha Angel	:P
17:18:27	Arty	im not spending my own money on it :O
17:18:29	Sunaki	O_O
17:18:44	Arty	? O&gt;O
17:19:19	Reaper	Ima try to get him a server because he helped me when i needed
17:19:27	Arty	^ :P
17:19:40	Hozuki Mangetsu	Reaper
17:19:48	Reaper	Yea
17:19:52	Hozuki Mangetsu	why you all not continue with this game!?
17:20:02	Tempa Red	o-o
17:20:04	Hozuki Mangetsu	this game is to say true the best game on byond
17:20:09	Tempa Red	So laggy lol
17:20:10	Uchiha Raiden	red link
17:20:15	Tempa Red	?
17:20:15	Uchiha Raiden	host
17:20:20	Uchiha Raiden	&lt;.&lt; kingz
17:20:22	Arty	i know its laggy xD
17:20:23	Tempa Red	I cant host anymore lol
17:20:29	Uchiha Raiden	how come?
17:20:35	Arty	trying to get host or server :P
17:20:38	Tempa Red	I dont have my own internet anymore Q-Q
17:20:42	Arty	lol
17:20:44	Tempa Red	Arty Id host if I could =/
17:20:46	Reaper	Im not on the staff on this game, im just trying to find a way to repay my debt to arty
17:21:05	Arty	yep xD :P
17:21:08	Tempa Red	What&#39;s that Dust move? o_o
17:21:11	Tempa Red	I dont remember lol
17:21:16	Tempa Red	I had a Dust on here once
17:21:22	Arty	the move
17:21:27	Uchiha Raiden	you can levitate xD
17:21:27	Arty	tsuchikage used on sasuke
17:21:36	Tempa Red	o_o
17:21:47	Arty	watch
17:22:02	Uchiha Raiden	try it red,  the visuals are better than the repetitive shit you see on these revise sources
17:22:12	Tempa Red	Do it now? Sorry was afk a bit lol
17:22:18	Arty	kk
17:22:42	Tempa Red	OH RIGHT
17:22:51	Tempa Red	I forgot that it was compressed into one move in this game lmao
17:23:03	Arty	it is one move xD
17:23:10	Tempa Red	No I meant
17:23:19	Arty	revised rips cant code xD
17:23:28	Tempa Red	How in other rips it&#39;s 1 move is a stun 1 move is homing and 1 is the crush xD
17:23:37	Uchiha Itachi	oh yeah
17:23:39	Arty	ye they cant code xD
17:23:40	Uchiha Itachi	rty
17:23:43	Arty	ye o.o
17:23:52	Uchiha Itachi	i want my donation points &gt;
17:23:52	Tempa Red	Lol Id so play this game but lag Q-Q
17:24:05	Uchiha Raiden	lol red help us find a host
17:24:07	Tempa Red	Does Paper have its dmg reduc here?
17:24:07	Arty	red
17:24:11	Arty	trying to get host
17:24:16	Arty	atm just stay :O
17:24:23	Arty	ye
17:24:25	Arty	it does o.o
17:24:36	Tempa Red	Sweet. 20%?
17:24:42	Arty	yep
17:24:56	Tempa Red	Sweet xD
17:25:03	Arty	anyone that has a good no laggy host, tell me xD
17:25:11	Reaper	Arty is there a way to make donation points /coins useable in game where like an admin can give em out and u can use them like regular yen or sell them for in game yen
17:25:37	Arty	ye
17:25:42	Arty	thats easy xD
17:25:49	Reaper	Im trying to put as much control in the players hands as possible
17:26:03	Arty	thats what i try o.o
17:27:03	Uchiha Raiden	Hope who ever hosts has an N router
17:27:07	Tempa Red	Omg Arty is hax! Q-Q
17:27:12	Tempa Red	He&#39;s EJ!
17:27:38	Uchiha Angel	wtf is spacetimebarrier o.O
17:27:41	Reaper	I have Fios i dont know if thats a good or bad router/modem
17:27:56	Tempa Red	OMG NOW I REMEMBER WHAT CLAN I USED TO MAKE BRB MNAKIN A NAMIKAZE
17:28:08	Uchiha Raiden	lol
17:28:12	Uchiha Angel	Nami on this is op
17:28:12	Arty	lol
17:28:15	Uchiha Raiden	Reaper
17:28:20	Reaper	Yea
17:28:20	Uchiha Angel	Teleporting all voer the place
17:28:33	Uchiha Raiden	try please, lets see if fios is as good as they say on tv
17:28:35	Arty	xD
17:28:36	Yotsuki Verto	Nami is easy to beat
17:28:44	Uchiha Angel	how do u get eyes as collector
17:28:45	Uchiha Raiden	verto!
17:28:45	Arty	? O.o
17:28:48	Uchiha Angel	i furgot
17:28:50	Reaper	Lmao
17:28:52	Arty	kill other uchiha o.o
17:29:03	Uchiha Angel	lool
17:29:09	Reaper	Ok let me open another port
17:29:12	Arty	cannibalism
17:29:25	Arty	reaper is a good host O&gt;o
17:29:28	Yotsuki Verto	Uhh yes?
17:29:36	Uchiha Angel	Yes
17:29:37	Uchiha Raiden	verto remember me
17:29:38	Arty	hi xD
17:29:44	Uchiha Angel	reaper a alright host
17:29:52	Yotsuki Verto	Somewhat. Haven&#39;t played this in so long though.
17:30:04	Arty	ye but he better than me &gt;:3
17:30:13	Uchiha Raiden	rolf
17:31:09	Uchiha Angel	wtf is earth resurection o.O
17:31:28	Uchiha Raiden	oooh my fav
17:31:37	Arty	you revive a corpse o.o
17:31:38	Uchiha Angel	Is it
17:31:42	Arty	but its very weak xD
17:31:46	Uchiha Angel	o.O
17:31:46	Uchiha Raiden	it;&#39;s not edo tensai , it;s that soil jutsu
17:31:50	Namikaze Tempa	Lmao I loved makin Nami here cuz they so troll
17:31:54	Uchiha Angel	OH
17:32:01	Arty	lol true dat :£
17:32:03	Uchiha Raiden	^ you can put people in walls
17:32:03	Uchiha Angel	the one that that guy used
17:32:03	Uchiha Goden	i dont think a person can fight in this 
17:32:15	Namikaze Tempa	Ikr Raiden xZDD
17:32:15	Uchiha Angel	makes dust zombee from corpse
17:33:25	Uchiha Raiden	arty that jutsu delay thing from before in?
17:33:30	Arty	nope
17:33:34	Arty	well ye
17:33:35	Arty	xD
17:33:35	Uchiha Raiden	kk
17:33:36	Arty	but 
17:33:45	Arty	i removed the delay between jutsu using
17:33:57	Uchiha Raiden	good enough
17:34:33	Uchiha Raiden	is reaper  going to host?
17:34:47	Arty	dunno yet :O
17:35:13	Yotsuki Verto	Is Revolution Palm still do 50+ wounds?
17:35:21	Yotsuki Verto	Does* not Is.
17:35:26	Arty	i dunno :O
17:35:29	Arty	i dont think so
17:35:40	Uchiha Angel	Arty u got a host yet ?
17:35:55	Arty	no
17:35:56	Arty	&gt;.&lt;
17:35:58	Namikaze Tempa	I dont like the Heal Wave icon .__. I mean the pink shit that comes up when you heal people with it xD
17:35:58	Arty	trying D:
17:36:04	Uchiha Goden	do i have ro read some scroll in this one o get ems or have to be born with it?
17:36:08	Arty	lol
17:36:12	Arty	i found it kl xD
17:36:14	Uchiha Angel	y reaper no host :&lt;
17:36:22	Arty	to get ems get 100 kills
17:36:32	Namikaze Tempa	Op but ok
17:36:33	Arty	dunno what reaper is doing atm o.o
17:36:48	Namikaze Tempa	Give Namikaze its own kawa ;)
17:37:04	Arty	thats just copy and pasting jutsu &gt;.&lt;
17:37:10	Reaper	I had to open a port so people can join
17:37:15	Arty	o ok
17:37:19	Namikaze Tempa	Pfft. So? xD
17:37:30	Arty	want me to send you the hostfiles @_@
17:37:39	Arty	hate copy and paste xD
17:37:39	Uchiha Raiden	say yes !
17:37:42	Namikaze Tempa	Dont take it down yet setting AP Q-Q
17:37:54	Uchiha Raiden	Prroove me wRONG fIOS AINT  shit
17:37:56	Arty	were not
17:38:00	Arty	wont go down
17:38:04	Arty	until new server is up o.o
17:38:14	Namikaze Tempa	No? I thought new host
17:38:18	Namikaze Tempa	Oh kk lol
17:38:29	Uchiha Angel	This lag
17:38:32	Uchiha Angel	unbairable
17:39:04	Yamanaka BasedGod	level cap = 200?
17:39:17	Uchiha Raiden	150
17:39:40	Namikaze Tempa	o_o
17:39:53	Yamanaka BasedGod	i can&#39;t play this atm... to much lag.
17:39:55	Uchiha Goden	that a little low
17:40:00	Uchiha Raiden	base
17:40:07	Uchiha Raiden	were exhanging host atm
17:40:30	Arty	200
17:40:33	Arty	:O
17:40:36	Yamanaka BasedGod	yo
17:40:42	Yamanaka BasedGod	idk you raiden
17:40:43	Arty	sorry switching hosts atm :3
17:40:45	Yamanaka BasedGod	don&#39;t talk to me.
17:40:56	Uchiha Raiden	lol you sure do
17:41:13	Namikaze Tempa	Rofl Based stop bein mean =P
17:41:13	Uchiha Raiden	remember our arguments on fall of konoha 
17:42:15	Uchiha Goden	well looks like no killing or trainning in tell new host 
17:42:25	Arty	should be soon :3
17:42:33	Yamanaka BasedGod	font color=#fff67f&gt; Saving.....
font color=#fff67f&gt; Saved!
17:42:35	Yamanaka BasedGod	^
17:42:42	Yamanaka BasedGod	fix dat
17:42:43	Arty	rofl
17:42:43	Uchiha Raiden	arty remember that fake dipic?
17:42:49	Arty	i missed &lt;
17:42:56	Uchiha Goden	need a new game on byond play nauro games to much 
17:43:00	Namikaze Tempa	Why not just change Namikaze to Space-Time or Jikukan? o_o
17:43:17	Yamanaka BasedGod	0.60 or $1.00 : 1 point 
17:43:26	Arty	$1 o.o
17:43:31	Arty	most people are in america &gt;.&gt;
17:43:39	Uchiha Angel	lag is over 9000
17:43:47	Arty	switching host lol xD
17:43:54	Uchiha Angel	when
17:43:59	Arty	im really bad at hosting :O
17:44:00	Uchiha Raiden	lets crack lagg jokes in the mean time
17:44:15	Uchiha Angel	This game needs Intangibility
17:44:19	Yamanaka BasedGod	so the american dollar is worth more don&#39;t you think euros would be higher?
17:44:23	Reaper	Im hosting another game so hopefully it doesnt conflict
17:44:24	Namikaze Tempa	This lag so bad even Naruto can&#39;t believe it o_o
17:44:28	Uchiha Angel	didnt this have intangibility b4 ?
17:44:36	Arty	i make it dollar cos most people pay with dollars
17:44:39	Arty	ye it did
17:44:41	Uchiha Goden	that was not funny 
17:44:42	Uchiha Raiden	Lagging soo  bad i can see my hand signs!
17:44:44	Reaper	I thought the euro is currently worth more
17:44:49	Uchiha Angel	Y u take it out arty e.e
17:44:57	Yamanaka BasedGod	that&#39;s some bullshit
17:44:59	Arty	i removed tobi stuff o.o
17:45:07	Yamanaka BasedGod	fuck can i get with donation points?
17:45:07	Uchiha Angel	u shud give me tobi stuff
17:45:08	Uchiha Goden	why
17:45:08	Namikaze Tempa	Why? =/
17:45:18	Uchiha Angel	4 being a smexy iconer
17:45:25	Arty	need to make a new donation pile xD
17:45:27	Uchiha Raiden	tobi was legit
17:45:31	Arty	atm its a bit iffy lol
17:45:32	Uchiha Goden	well its obito now 
17:45:48	Namikaze Tempa	I doubt that&#39;s the real Obito
17:46:01	Arty	i reckon its just another troll O.o
17:46:13	Uchiha Goden	im not going to read it anymore so it dont matter to me if it him or not 
17:46:31	Namikaze Tempa	Why aren&#39;t you gonna read it anymore? xD
17:46:41	Uchiha Goden	lames a** obito 
17:46:53	Uchiha Goden	had to be tobi 
17:47:04	Yamanaka BasedGod	FUCK
17:47:05	Yamanaka BasedGod	NIGGA
17:47:12	Namikaze Tempa	Dont you wanna find out how it works tho? It really makes no sense. I doubt that&#39;s the real Obito
17:47:31	Yotsuki Verto	How so?
17:47:31	Mikey Reborn	O.o
17:47:37	Arty	o.o
17:47:46	Mikey Reborn	o.o
17:47:53	Yotsuki Verto	His Kamui could&#39;ve activated before all the boulders fell on him and got him out of there.
17:47:56	Arty	? O.o
17:48:02	Mikey Reborn	0.0!
17:48:11	Mikey Reborn	I like the skin ._. o.o
17:48:11	Arty	:O
17:48:13	Namikaze Tempa	Well the age shit is conflicting... Obito should be around the same age as Kakashi, right?
17:48:18	Uchiha Goden	i told my self if i see obito under that mask im not reading anymore 
17:48:18	Arty	thnx xD
17:48:20	Yotsuki Verto	Mhm
17:48:27	Namikaze Tempa	How would Obito know shit about from when the Leaf was founded?
17:48:33	Mikey Reborn	Im jelly to the max rite now lol
17:48:36	Uchiha Goden	do we only get 5k 
17:48:43	Yotsuki Verto	There is a thing called History
17:48:44	Arty	lol xD 
17:48:54	Uchiha Goden	obito knows Madara that how 
17:49:04	Namikaze Tempa	Yet he knows Madara and Madara knows Obito?
17:49:21	Arty	he couldve learned it o.o
17:49:35	Namikaze Tempa	How would he learn to know Madara and vice versa? .____.
17:49:44	Arty	books? ;o
17:49:51	Yotsuki Verto	Orochimaru could&#39;ve easily used Edo Tensei before all this. It&#39;s never said he didn&#39;t.
17:50:04	Yotsuki Verto	ANd Orochimaru seems to know more about Madara than most.
17:50:06	Arty	i hate that slimy prick ;o
17:50:10	Namikaze Tempa	Arty I mean he KNOWS Madara and Madara KNOWS him
17:50:26	Arty	obito is sent though time ;o
17:50:28	Namikaze Tempa	Verto no one knows o_o That&#39;s why I wanna keep reading xD
17:50:35	Arty	he appeared as a boy ;o
17:50:38	Namikaze Tempa	Rofl Obito is actually from the future
17:50:49	Arty	i dunno im just trolling :D
17:50:59	Namikaze Tempa	xD
17:51:11	Arty	i look gangster ;o
17:51:34	Namikaze Tempa	Summon me ;)
17:52:01	Namikaze Tempa	Lol you give me nightmares
17:52:16	Arty	haha xD
17:52:28	Uchiha Goden	need more money 
17:52:54	Arty	5000 isnt enough? O.o
17:52:55	Namikaze Tempa	All I ever buy on goas is a shirt, pants, both arm bandages and the occasional Anbu sword xD
17:53:06	Arty	lol
17:53:13	Arty	i buy the stuff in member shop ;o
17:53:22	Uchiha Goden	i got sasuke suit and a good swords then im cool\
17:53:29	Uchiha Goden	get*
17:53:31	Namikaze Tempa	What&#39;s in the member shop here? I never bothered to look .__.
17:53:44	Arty	chakra blade ! :O
17:54:00	Arty	has an effect depending on what your previus element was ;3
17:54:07	Namikaze Tempa	Based on con? What do I care, my con/ref are even xD
17:54:12	Uchiha Goden	i did not see anything that good in there
17:54:12	Namikaze Tempa	Oh wow =O
17:54:29	Uchiha Angel	y new host taking long
17:54:35	Namikaze Tempa	Id get that. How much does it cost?
17:55:00	Uchiha Goden	like 8k
17:55:08	Uchiha Goden	so u cant get it 
17:55:09	Namikaze Tempa	Q-Q Time to save up!!
17:55:20	Arty	upload is taking long
17:55:23	Uchiha Goden	bored 
17:55:35	Arty	its just a random effect xD
17:55:45	Arty	pierce = earth
17:55:46	Uchiha ,Bloo	forgot all about this OP game
17:55:50	Arty	lightinng - stun
17:55:51	Namikaze Tempa	C3 Effect ftw ;)
17:55:54	Uchiha Goden	think ill go play star wars 
17:55:55	Arty	wind = aoe damage
17:55:58	Arty	fire = burn
17:56:05	Arty	water = 
17:56:11	Arty	chakra drain
17:56:23	Namikaze Tempa	You use it with F right? Idk but I always thought Chakra Knives should be used with A lol
17:56:27	Arty	ye
17:56:32	Arty	F xD
17:57:24	Namikaze Tempa	Arty isn&#39;t lagging at all lmao no fair
17:57:33	Arty	it will do xD
17:57:46	Arty	i have a poo broadband QQ
17:57:59	Namikaze Tempa	Oh, we know ;0
17:59:30	Uchiha Raiden	far cry 3 Can&#39;t wait
17:59:35	Namikaze Tempa	Does Hiraishin Kunai + Teleport work in the arenas? o_o
17:59:42	Arty	dunno xD
17:59:47	Arty	never tried o.o
17:59:55	Namikaze Tempa	Lol.
18:00:01	Uchiha Goden	ms dont last long only 90 seconds 
18:00:10	Boomer	hey arty
18:00:37	Arty	hi
18:00:38	Arty	xD
18:00:49	Arty	snow ;O
18:00:55	Namikaze Tempa	It isn&#39;t night time, it&#39;s snowing &gt;=l
18:01:04	Boomer	this game looks kool
18:01:06	Arty	i know
18:01:09	Arty	thnx ^)^
18:01:18	Arty	i need to edit the weather system a little it
18:01:20	Arty	bit
18:01:43	Boomer	anyone feeeling the lag i getting?
18:01:54	Arty	switching hosts :3
18:02:04	Boomer	is that why?
18:02:09	Arty	no
18:02:13	Arty	im crap at hosting o.o
18:02:20	Uchiha Raiden	arty was the weather thing in  before?
18:02:35	Namikaze Tempa	Omg make Tempest a weather. All wind + water + raiton jutsu do 1.3x dmg ;)
18:03:18	Arty	no
18:03:24	Arty	i added the weather thing o.o
18:03:29	Arty	tempest?
18:03:40	Arty	wait o.o
18:03:46	Uchiha Goden	still nothing 
18:03:52	Namikaze Tempa	Tempest = Really bad storm xD
18:03:53	Arty	different weather types have power ups? O.o
18:04:02	Arty	o.o
18:04:07	Namikaze Tempa	Thatd be cool lol. But they only have an effect outdoors
18:04:13	Arty	mhm
18:04:14	Arty	:3
18:04:22	Boomer	does ruthies stats raise?
18:04:27	Arty	still make it look nice o.o
18:04:30	Arty	ye they do
18:04:37	Boomer	k
18:04:39	Uchiha Angel	...
18:04:46	Boomer	hey angel
18:04:50	Uchiha Angel	Woot lag going down
18:04:54	Namikaze Tempa	^
18:04:54	Boomer	&lt;yuki killer
18:04:55	Uchiha Angel	Yo randomer :D
18:04:59	Arty	planning to make weather a good part o.o
18:05:01	Uchiha Angel	Oh
18:05:07	Boomer	angel u the one from revised?
18:05:11	Boomer	in ssm?
18:05:18	Arty	when its snowing there will! be snow on ground etc.. and when it is raining there will be puddles xD
18:05:23	Uchiha Angel	I dunt play revised no more
18:05:40	Boomer	was u in ssm?
18:05:49	Uchiha Goden	wow susanoo is a bad boost hereto 
18:05:52	Uchiha Angel	At one point
18:06:01	Uchiha Angel	i also had nibi + kyuubi at one point
18:06:04	Arty	susanoo
18:06:07	Arty	is a shield
18:06:08	Arty	lol
18:06:10	Namikaze Tempa	^
18:06:12	Arty	not a power boost XD
18:06:13	Boomer	wel ure the angel i kno
18:06:23	Namikaze Tempa	I dont see why it should give a boost in the first place lol but it does
18:06:29	Uchiha Goden	that most kill u its do the samthing on revised
18:06:52	Arty	its not the same as revised o.o
18:07:33	Uchiha Goden	the base of this jutsus is the same gives u wounds and only helps 20% of the time 
18:07:42	Uchiha Angel	whuts genjutsu illusion ?
18:08:02	Uchiha Goden	the only revised do that u dont is have 2 other forms and need wounds to use it 
18:08:05	Arty	not really, its a shield with health, and takes wounds over time
18:08:11	Uchiha Angel	Arty
18:08:17	Arty	revised only gives wounds at end of susnaoo o.o
18:08:19	Arty	ye?
18:08:27	Arty	its a bit bugged x
18:08:29	Arty	with the icon
18:08:34	Arty	apart from that its fine xD
18:08:37	Arty	i think 
18:08:37	Uchiha Angel	whus genjutsu illusion o.O
18:08:41	Uchiha Angel	whut does it do
18:08:44	Arty	hard to explain lol
18:08:47	Uchiha Goden	yea that about it your just give wounds when its on
18:08:52	Uchiha Angel	summarise
18:09:29	Namikaze Tempa	Arty what&#39;s the current dmg reduc of Susano&#39;o? Or is it 0 damage til it breaks?
18:09:36	Uchiha Goden	ok can u summon me to u please 
18:10:32	Uchiha Goden	u there arty
18:10:49	Arty	till it breaks
18:11:08	Uchiha Goden	summon me i need to tell u somthing 
18:11:22	Uchiha Goden	or i can just say it now so eveyone knows
18:12:11	Uchiha Raiden	say it &gt;
18:12:15	Uchiha Raiden	?
18:12:18	Arty	new host lags more than me &gt;.&lt;
18:12:26	Uchiha Angel	is this new host ?
18:12:29	Arty	basically just need a server o.o
18:12:31	Arty	no
18:12:32	Arty	.o
18:12:37	Uchiha Raiden	Oh come on
18:12:38	Arty	its snyper xD
18:12:41	Uchiha Angel	i wuz gonna say
18:12:50	Arty	need a host D:
18:13:38	Uchiha Goden	well susanoo broken
18:15:05	Uchiha Angel	are sword passives worth getting
18:15:17	Namikaze Tempa	For sword users, yes lol
18:15:33	Uchiha Raiden	tempa
18:15:39	Namikaze Tempa	?
18:15:54	Uchiha Raiden	dont you have good connections with other hosts
18:16:40	Namikaze Tempa	Yeah my pgaer is full of hosts rofl
18:16:51	Namikaze Tempa	But none of them paged me back when I asked xD
18:16:55	Uchiha Angel	:|
18:16:56	Namikaze Tempa	pager*
18:18:14	Arty	lol
18:18:16	Uchiha Angel	in this lag.
18:18:21	Uchiha Angel	-joins-
18:18:23	Arty	sorry
18:18:28	Arty	need a host D:
18:18:32	Uchiha Angel	join it D:
18:18:33	Arty	i have no hosts D:
18:20:19	Uchiha Raiden	fuck
18:22:23	Namikaze Tempa	OMG THIS GAME NEEDS A HOST LOL
18:22:29	Arty	i got a good one o.o
18:22:32	Arty	&gt;:3
18:22:36	Gaara	YES
18:22:37	Namikaze Tempa	Orly? =O
18:22:40	Arty	ye o.o
18:22:43	Arty	ima boss xD
18:22:59	Gaara	lets someone who can host without lag host :O
18:23:06	Arty	i am o.o
18:23:14	Gaara	Arty
18:23:18	Arty	ye?
18:23:29	Gaara	when are kage tourneyes?
18:23:38	Gaara	hmm 13 peopel 
18:23:43	Gaara	i go get some on soon
18:23:48	Gaara	every inv is 1 lvl right?
18:24:28	Arty	i
18:24:30	Arty	ye
18:24:38	Arty	after switch hosts
18:24:44	Gaara	i got no lag atm
18:24:55	Uchiha Goden	lucky
18:25:20	Gaara	how do a uchiha get EMS?
18:25:31	Arty	get 100 kills
18:25:40	Gaara	i go make a uchiha then
18:25:46	Arty	kk
18:28:51	Uchiha Madara	Arty
18:29:08	Uchiha Madara	Can i get in place of lvls every 1 inv
18:29:10	Uchiha Raiden	arty
18:29:18	Arty	ehh?
18:29:19	Uchiha Raiden	Found host?
18:29:22	Arty	ye
18:29:23	Arty	o.o
18:29:25	Uchiha Madara	inv 10 peopel and then you add a blade for me :O
18:29:32	Arty	no -_-
18:29:35	Uchiha Madara	D:
18:29:38	Uchiha Madara	damn 
18:29:44	Uchiha Madara	i whant that madarafan
18:29:49	Uchiha Madara	you go add new blades?
18:29:53	Uchiha Madara	for clans?
18:29:56	Arty	might do
18:30:02	Uchiha Raiden	df mADARA FAN!&gt;?
18:30:05	Uchiha Raiden	WHERE
18:30:09	Uchiha Madara	yea i made a icone :p
18:30:14	Uchiha Madara	its good good
18:30:20	Arty	it better be good o.o
18:30:34	Uchiha Angel	i have madara fan
18:30:40	Uchiha Angel	and im like the best iconer on Goa
18:30:44	Uchiha Angel	lool
18:30:44	Uchiha Madara	angel
18:30:55	Uchiha Madara	you got that new madara suit 2 right?
18:30:55	Arty	angel i have seen better xD
18:31:01	Uchiha Raiden	Damn
18:31:13	Uchiha Madara	send it to arty! so he can add that awsome suit!
18:31:14	Uchiha Angel	all the icons i hand out are usualy stuff i made in quick time
18:31:15	Uchiha Goden	yeaa we getting new things 
18:31:41	Uchiha Raiden	arty madara fan in this?&gt;
18:31:47	Arty	new server coming very soon o.o
18:31:47	Uchiha Madara	Goden!?
18:31:51	Uchiha Madara	Goden is admin?
18:31:52	Arty	not yet
18:31:55	Arty	no
18:32:01	Uchiha Angel	&lt;-- shud b admin
18:32:02	Arty	only my admin..
18:32:16	Uchiha Madara	&lt;--shud b admin 2 :D
18:32:31	Uchiha Raiden	Arty looks for trust O.,o
18:32:41	Uchiha Goden	im not a admin just got my handle colored
18:33:02	Uchiha Angel	i remember when arty first made Rinnegan
18:33:06	Uchiha Madara	.
18:33:10	Uchiha Madara	that was ugly
18:33:11	Arty	rinnegan was op
18:33:14	Arty	and shit xD
18:33:21	Uchiha Madara	Arty it was ugly
18:33:21	Arty	might add rinnegan for donates only
18:33:22	Namikaze Tempa	o_o
18:33:23	Arty	o.o
18:33:25	Uchiha Madara	with that spikes
18:33:29	Namikaze Tempa	o_o
18:33:32	Uchiha Angel	WOOT
18:33:43	Uchiha Angel	200k exp not bad
18:33:46	Uchiha Madara	&lt;--Plays redemtion from the start
18:33:48	Arty	dont expect rinnegan to be op though o.o
18:33:59	Uchiha Angel	imo Rinnegan shud b Akat leader only
18:34:03	Uchiha Madara	Before douta got it source
18:34:08	Uchiha Madara	and made it revised
18:34:23	Uchiha Raiden	i was here damn idk since when but i know i was here when the project was initiated not yet known to the public
18:34:25	Arty	there is cs
18:34:27	Arty	o.o
18:34:32	Uchiha Goden	so that how douta got it he never told me 
18:34:44	Uchiha Madara	dont remeber?
18:34:47	Arty	most of revised is mine
18:34:52	Uchiha Angel	xD
18:34:59	Uchiha Madara	that douta game say welcome on Arty&#39;s game 
18:35:20	Uchiha Raiden	lol angel
18:35:35	Uchiha Raiden	you cant take eyes from another collector
18:35:36	Uchiha Angel	Suck it up and gimmeh jo eye
18:35:40	Uchiha Goden	im  donater on revised 
18:35:40	Uchiha Angel	u can
18:35:46	Uchiha Angel	u can take eye from anyone
18:35:47	Uchiha Raiden	no you cant -.-
18:35:53	Arty	and ima bijuu :O
18:35:59	Uchiha Raiden	needs to be pure blood
18:35:59	Uchiha Madara	Arty
18:35:59	Uchiha Angel	Make bijuu npc
18:36:03	Uchiha Angel	that u have 2 fight
18:36:05	Uchiha Goden	i see n
18:36:07	Uchiha Madara	how i get take eyes skill?
18:36:09	Uchiha Angel	2 get
18:36:14	Arty	you dont need it o.o
18:36:15	Uchiha Raiden	madra
18:36:19	Uchiha Madara	yea nigga thats my idea!
18:36:25	Uchiha Raiden	to hunt eyes you need to be collector
18:36:28	Uchiha Goden	just need 100 kills 
18:36:32	Uchiha Angel	whats who&#39;s idea
18:36:35	Uchiha Madara	i mean to get ems nigga
18:36:40	Uchiha Madara	i told you that angel
18:36:41	Uchiha Goden	for ems so much kills
18:36:45	RamZ	O_O
18:36:56	Uchiha Madara	for making NPC bijuu&#39;s
18:37:05	RamZ	Hmm
18:37:06	Arty	new host soon :£
18:37:08	Uchiha Angel	that was my idea from AGES ago
18:37:09	Arty	hi! :O
18:37:18	Uchiha Madara	nope i told you
18:37:22	RamZ	Arty :D
18:37:28	RamZ	= Art?
18:37:29	Arty	whats up :3
18:37:33	Arty	no...
18:37:39	Arty	that guy a noob o.o
18:37:43	Uchiha Raiden	^
18:37:52	RamZ	Arty
18:37:57	Arty	?
18:38:03	RamZ	R u a admin
18:38:08	Uchiha Raiden	hes owner
18:38:12	Arty	...
18:38:15	RamZ	Oh 
18:38:17	RamZ	Wi
18:38:57	Uchiha Goden	Hi there my Name is Goden and i like pie 
18:39:08	Uchiha Raiden	arty are you sending the person the files to host O.o
18:39:12	Uchiha Madara	Goden 
18:39:18	Uchiha Goden	?
18:39:23	Uchiha Madara	nice to meet you my name is kurenai &gt;:O
18:39:24	Arty	waiting for the guy to host them atm &gt;.&lt;
18:39:53	Uchiha Goden	why is it that i seen that name some where 
18:40:36	Uchiha Goden	arty u must fix susanoo 
18:40:58	Uchiha Madara	&lt;--CaptainD
18:41:03	Arty	whats wrong with it o.o
18:41:05	Uchiha Goden	this thing is so god danm op
18:41:10	Uchiha Madara	that guy from revised O_O
18:41:16	Arty	op means overpowered o.o
18:41:35	Uchiha Angel	e.e
18:41:36	Uchiha Goden	it is over powered 
18:41:59	Uchiha Angel	e.e
18:42:05	Uchiha Madara	do susanoo not need to be OP?
18:42:13	Orochimaru	Hm..
18:42:21	Arty	how come?
18:42:35	Uchiha Goden	i never seen susanoo this way and what im doing with it 
18:42:36	Orochimaru	Artyyy
18:42:44	Arty	?
18:43:21	Uchiha Angel	im so bored
18:43:30	Uchiha Goden	been there
18:43:49	Terrian Lanister	Who was it that needed the host?
18:43:58	Arty	me O&gt;o
18:44:00	Uchiha Madara	wtf
18:44:56	Terrian Lanister	Okay I was invited here by the Key: Redllink2212
18:45:08	Arty	tempa xD
18:45:20	Arty	i got a host now o.o
18:45:23	Arty	sorry d:
18:45:30	Uchiha Madara	i dont go inv peopel yet :O
18:45:37	Uchiha Madara	i wait for no lag
18:45:55	Uchiha Angel	loool
18:45:57	Arty	join new server! :O
18:45:59	Terrian Lanister	Yeah, but I better host than what you have now. See how laggy it is.
18:46:01	Arty	ill give you link &gt;.&lt;
18:46:02	Uchiha Madara	YES
18:46:02	Uchiha Angel	link ?
18:46:04	Uchiha Goden	i cant see nothing 
18:46:05	Uchiha Madara	YES
18:46:09	LordX	SUP ALL!
18:46:37	LordX	Arty :D
18:46:43	LordX	From Revised?
18:46:58	Arty	i dont play revised o.o
18:47:04	LordX	ARTY!
18:47:12	Arty	ye :O
18:47:21	LordX	did u used to play Revised?
18:47:26	Orochimaru	Bleh..
18:47:29	Orochimaru	lolololol
18:47:33	Orochimaru	Ayo X
18:47:36	Orochimaru	Arty created revised
18:47:42	LordX	O_O
18:47:44	LordX	he did
18:47:45	LordX	?
18:47:46	LordX	LOL
18:47:48	LordX	DOUTA
18:47:52	LordX	DIDNT
18:47:53	LordX	?
18:47:57	Orochimaru	...
18:48:01	Orochimaru	Douta was his hoster
18:48:14	Orochimaru	He banned arty and renamed it to revised.
18:48:24	LordX	ROFL!
18:48:28	LordX	DOUTA
18:48:30	LordX	DID THAT
18:48:33	LordX	LMFAO
18:48:42	Namikaze Tempa	Wow o-o
18:48:44	LordX	THAT NIGGA REMADE ARTYS GAME
18:48:44	Arty	and then it failed xD
18:48:47	LordX	ROFL!!!!!!!!!!!!!!!!!!!!!!
18:48:47	Uchiha Goden	where angel go?
18:48:47	Namikaze Tempa	^
18:49:26	Uchiha Goden	lag free?
18:49:28	LordX	.
18:49:41	LordX	ARTY!
18:49:48	LordX	Kages Taken Yet?
18:50:18	Arty	ye
18:50:21	Arty	its lag free &gt;.&lt;
18:50:24	Arty	no kage either
18:50:27	Arty	go to new server
18:51:32	ShikaGami	hi
18:51:36	LordX	Gami
18:51:46	ShikaGami	?
