04:27:33	Uchiha Cyphds	Uchiha Cyphds	theres
04:27:37	Uchiha Cyphds	Uchiha Cyphds	a missing link
04:27:42	Arty	Arty	relog :3
04:28:09	Uchiha Cyphds	Uchiha Cyphds	O.o
04:28:12	Uchiha Cyphds	Uchiha Cyphds	I like dev
04:28:21	Uchiha Cyphds	Uchiha Cyphds	more verbs than any other games
04:28:21	Arty	Arty	lol its the best one O.o
04:28:24	Uchiha Cyphds	Uchiha Cyphds	ive seen
04:28:37	Arty	Arty	xD
04:29:02	Uchiha Cyphds	Uchiha Cyphds	whats in dev admin cant do?
04:29:17	Arty	Arty	lol u cant make urself both :£
04:29:28	Uchiha Cyphds	Uchiha Cyphds	lol
04:29:45	Uchiha Cyphds	Uchiha Cyphds	theres only gonna be 1 dev right
04:30:51	Arty	Arty	mhm
04:31:01	Uchiha Cyphds	Uchiha Cyphds	:p
04:31:12	Uchiha Cyphds	Uchiha Cyphds	see clan skill tree
04:31:21	Arty	Arty	ive sent u the skill index
04:31:25	Uchiha Cyphds	Uchiha Cyphds	on the bottom
04:31:25	Arty	Arty	test out the moves :3
04:31:31	Arty	Arty	mhm O.o
04:31:34	Uchiha Cyphds	Uchiha Cyphds	of
04:31:36	Uchiha Cyphds	Uchiha Cyphds	Kaguya
04:31:42	Uchiha Cyphds	Uchiha Cyphds	theres a 
04:31:47	Uchiha Cyphds	Uchiha Cyphds	Blue strings
04:31:58	Arty	Arty	i know
04:32:00	Arty	Arty	lol
04:32:08	Uchiha Cyphds	Uchiha Cyphds	whats gonna be there?
04:32:10	Arty	Arty	it will get removed i dont do mapping till last bit
04:32:12	Arty	Arty	nothing O.o
04:32:17	Arty	Arty	aburame was there
04:32:23	Uchiha Cyphds	Uchiha Cyphds	lol
04:32:27	Arty	Arty	:3
04:32:30	Uchiha Cyphds	Uchiha Cyphds	elemental 
04:32:32	Uchiha Cyphds	Uchiha Cyphds	sk
04:32:36	Uchiha Cyphds	Uchiha Cyphds	skill tree
04:32:41	Uchiha Cyphds	Uchiha Cyphds	thatt be in later ?
04:35:49	Arty	Arty	yep
04:36:01	Uchiha Cyphds	Uchiha Cyphds	This sam
04:36:06	Uchiha Cyphds	Uchiha Cyphds	samehada staying?
04:36:10	Arty	Arty	mhm
04:36:14	Uchiha Cyphds	Uchiha Cyphds	k
04:36:40	Uchiha Cyphds	Uchiha Cyphds	wheres set level verb
04:37:39	Uchiha Cyphds	Uchiha Cyphds	im RICH
04:37:43	Uchiha Cyphds	Uchiha Cyphds	LOOK REBORN
04:37:49	Uchiha Cyphds	Uchiha Cyphds	I got donation points
04:38:17	Uchiha Cyphds	Uchiha Cyphds	im mem for 2 months ^.^
04:40:48	Uchiha Cyphds	Uchiha Cyphds	this
04:40:50	Uchiha Cyphds	Uchiha Cyphds	is whatr
04:40:54	Uchiha Cyphds	Uchiha Cyphds	im talking about
04:41:12	Uchiha Cyphds	Uchiha Cyphds	and
04:41:16	Uchiha Cyphds	Uchiha Cyphds	and!
04:41:19	Uchiha Cyphds	Uchiha Cyphds	its lagg free
04:41:25	Uchiha Cyphds	Uchiha Cyphds	Gates doesnt have that shit
04:41:52	Uchiha Cyphds	Uchiha Cyphds	found something
04:41:56	Uchiha Cyphds	Uchiha Cyphds	arty
04:47:39	Uchiha Cyphds	Uchiha Cyphds	f
04:49:38	Arty	Arty	auto get it
04:49:55	Arty	Arty	person has to be uchiha
04:49:57	Arty	Arty	nope
04:50:35	Arty	Arty	just buy it
06:10:34	<font color=green>Arty	<font color=green>Arty	:3
06:20:28	<font color=#01DF01>Uchiha Cyph	Uchiha Cyph	lol
06:20:38	<font color=#01DF01>Uchiha Cyph	Uchiha Cyph	ill get some ppl
06:20:53	<font color=#01DF01>Uchiha Cyph	Uchiha Cyph	k
06:20:57	<font color=#01DF01>Uchiha Cyph	Uchiha Cyph	sure will
06:21:09	<font color=#01DF01>Uchiha Cyph	Uchiha Cyph	o
06:21:12	<font color=#01DF01>Uchiha Cyph	Uchiha Cyph	fancy
06:21:17	<font color=#01DF01>Uchiha Cyph	Uchiha Cyph	unless reboot
06:21:39	<font color=#01DF01>Uchiha Cyph	Uchiha Cyph	imma enjoy my dev status moment
06:21:42	<font color=#01DF01>Uchiha Cyph	Uchiha Cyph	soo shoo
06:21:44	<font color=#01DF01>Uchiha Cyph	Uchiha Cyph	jk
06:22:36	<font color=#01DF01>Uchiha Cyph	Uchiha Cyph	hey arrty wats the command for lvls
06:23:08	<font color=#01DF01>Uchiha Cyph	Uchiha Cyph	ownage
06:23:34	<font color=#01DF01>Uchiha Cyph	Uchiha Cyph	Unrecognized or inaccessible verb: set-level
06:24:26	<font color=#01DF01>Uchiha Cyph	Uchiha Cyph	o cant wait to catch me a defenseless uchiha w. my hide like a mole
06:56:12	<font color=#01DF01>Uchiha Cyph	Uchiha Cyph	se
06:56:15	Ace	Ace	If it has the same attacks has goa i&#39;m out
06:56:25	<font color=#01DF01>Uchiha Cyph	Uchiha Cyph	half the jutsus
06:56:30	<font color=#01DF01>Uchiha Cyph	Uchiha Cyph	are in but in sindexed
06:56:42	<font color=#01DF01>Uchiha Cyph	Uchiha Cyph	look at the graphics
06:56:49	<font color=#01DF01>Uchiha Cyph	Uchiha Cyph	the map
06:56:55	<font color=#01DF01>Uchiha Cyph	Uchiha Cyph	look at this tech
06:56:58	Ace	Ace	sk 1
06:57:02	<font color=#01DF01>Uchiha Cyph	Uchiha Cyph	hide lika mole
06:57:20	Ace	Ace	sk 2
06:58:03	Ace	Ace	And 3
06:59:12	Ace	Ace	sk 3
06:59:48	Ace	Ace	It&#39;s not diff for the other goa rips
07:01:15	Ace	Ace	I have any reason for me to stay?
07:01:58	<font color=#01DF01>Uchiha Cyph	Uchiha Cyph	eh?
07:03:15	Ace	Ace	Still a rip
07:03:22	<font color=#01DF01>Uchiha Cyph	Uchiha Cyph	-.-
07:03:29	<font color=#01DF01>Uchiha Cyph	Uchiha Cyph	suit yourself
07:03:37	<font color=#01DF01>Uchiha Cyph	Uchiha Cyph	i tried
