23:59:52	Satasu	well i guess we are done here?
00:00:17	Arty	i dunno still quite a few jutsu u aint seen yet but i gotta get back to work on this game
00:00:59	Satasu	kk well send me invite when i can test again
00:01:08	Arty	kk
00:01:09	Shun	me too xD
00:01:14	Arty	kk ^.^
00:01:26	Arty	im hosting beta one day before game comes out
00:01:35	Shun	hmmm
00:01:41	Shun	ok arty
00:01:49	Arty	to add balances , fix issues etc
00:02:10	Shun	i ill stay playing tempest until there
00:02:11	Arty	fan the game as well
00:02:19	Shun	^^
00:02:29	Arty	kk fan the hub as well ^.^ and keep looking at forums
00:02:36	Arty	i post any announcements there
00:02:40	Shun	ok ^^
00:03:18	Shun	bro
00:03:22	Shun	i g2g
00:03:22	Arty	mhm
00:03:27	Arty	kk bye ^.^
00:03:28	Shun	i ill play some minecraft
00:03:37	Shun	good luck with the game
00:03:41	Shun	bye
