20:32:22	Katsuya	Katsuya	do that again
20:32:28	Katsuya	Katsuya	that i like
20:32:29	Uchiha Arty	Uchiha Arty	which one? O.o
20:32:34	Uchiha Arty	Uchiha Arty	lol i got more xd
20:32:37	Uchiha Arty	Uchiha Arty	hold on
20:32:37	Katsuya	Katsuya	lemme see
20:32:47	Katsuya	Katsuya	that 1 so generic
20:32:51	Katsuya	Katsuya	all rips have it
20:32:58	Katsuya	Katsuya	whats tha
20:33:04	Uchiha Arty	Uchiha Arty	thunder binding 
20:33:07	Katsuya	Katsuya	doton code but sexy
20:33:12	Uchiha Arty	Uchiha Arty	nope
20:33:13	Katsuya	Katsuya	wat else
20:33:14	Uchiha Arty	Uchiha Arty	lol
20:33:23	Katsuya	Katsuya	show me water fall
20:33:23	Uchiha Arty	Uchiha Arty	i dont use any other jutsu codes
20:33:27	Uchiha Arty	Uchiha Arty	kk
20:33:52	Katsuya	Katsuya	thats meh
20:33:54	Uchiha Arty	Uchiha Arty	i make it lock on to target
20:33:56	Katsuya	Katsuya	sharks too
20:34:01	Uchiha Arty	Uchiha Arty	i make water fall lock on
20:34:10	Uchiha Arty	Uchiha Arty	so if u kawaed u wouldve escaped :3
20:34:45	Katsuya	Katsuya	r new
20:34:46	Uchiha Arty	Uchiha Arty	stand on the water
20:34:48	Katsuya	Katsuya	ne*w jut
20:35:02	Katsuya	Katsuya	Omg I like that 1
20:35:08	Uchiha Arty	Uchiha Arty	i know i liked it xD
20:35:10	Katsuya	Katsuya	Imma have to get that 1
20:35:15	Uchiha Arty	Uchiha Arty	lol :3
20:35:18	Uchiha Arty	Uchiha Arty	i know ^.^
20:35:20	Katsuya	Katsuya	afk though working on my project
20:35:25	Uchiha Arty	Uchiha Arty	kk :P
20:35:30	Katsuya	Katsuya	Or u could just  admin me
20:35:38	Uchiha Arty	Uchiha Arty	wanna see my shunshin icons
20:35:52	Uchiha Arty	Uchiha Arty	oo
20:35:54	Uchiha Arty	Uchiha Arty	watch
20:36:06	Katsuya	Katsuya	yeah i wanna see em
20:36:11	Katsuya	Katsuya	Yes
20:36:30	Katsuya	Katsuya	wats vacum
20:36:44	Katsuya	Katsuya	Omg
20:36:51	Katsuya	Katsuya	u got epic jutsu
20:36:56	Katsuya	Katsuya	Im quitting
20:36:57	Uchiha Arty	Uchiha Arty	i made that one really close together and fast xD
20:37:01	Uchiha Arty	Uchiha Arty	thnx :P
20:37:05	Uchiha Arty	Uchiha Arty	rofl
20:37:25	Uchiha Arty	Uchiha Arty	watch this O.o
20:38:28	Uchiha Arty	Uchiha Arty	kaguya personalised shunshin
20:39:37	Katsuya	Katsuya	whats uchiah
20:39:39	Katsuya	Katsuya	stuff
20:39:42	Katsuya	Katsuya	personal shushin
20:39:43	Uchiha Arty	Uchiha Arty	ehh
20:39:48	Uchiha Arty	Uchiha Arty	i havent done uchiha yet
20:39:53	Katsuya	Katsuya	whats kaguya
20:39:54	Uchiha Arty	Uchiha Arty	only done a few stuff
20:39:59	Katsuya	Katsuya	whos shushin u did
20:40:45	Katsuya	Katsuya	whos shushin do u have
20:40:54	Uchiha Arty	Uchiha Arty	haku
20:40:56	Uchiha Arty	Uchiha Arty	gaara
20:40:58	Uchiha Arty	Uchiha Arty	youth
20:41:05	Katsuya	Katsuya	youth = this
20:41:14	Uchiha Arty	Uchiha Arty	basically
20:41:35	Katsuya	Katsuya	its just
20:41:48	Uchiha Arty	Uchiha Arty	kk hold on :3
20:42:05	Katsuya	Katsuya	brb
20:43:59	SexSuya	SexSuya	wat 
20:44:01	SexSuya	SexSuya	i see no sands
20:44:05	Uchiha Arty	Uchiha Arty	lol
20:44:08	Uchiha Arty	Uchiha Arty	i havent added yet
20:44:19	Uchiha Arty	Uchiha Arty	i add them for me due to editting variables
20:44:27	Uchiha Arty	Uchiha Arty	i havent added everything
20:44:36	SexSuya	SexSuya	kk
20:44:46	Uchiha Arty	Uchiha Arty	hold on
20:46:16	SexSuya	SexSuya	ignore him
20:46:22	SexSuya	SexSuya	dont bann em just et him bitch
20:46:32	Uchiha Arty	Uchiha Arty	i am xD
20:46:45	Uchiha Arty	Uchiha Arty	rofl it doesnt delete xD
20:46:51	Uchiha Arty	Uchiha Arty	hold on lemme fix it :p
20:46:56	SexSuya	SexSuya	re do it
20:47:38	SexSuya	SexSuya	I trust bout  ppl
20:50:23	SexSuya	SexSuya	he
20:50:26	SexSuya	SexSuya	gonna be admin
20:50:31	Uchiha Arty	Uchiha Arty	dunno yet
20:50:35	Uchiha Arty	Uchiha Arty	aint decided L3
20:50:55	Uchiha Arty	Uchiha Arty	watch this smexy move
20:51:23	SexSuya	SexSuya	_watches_
20:51:55	Uchiha Angel	Uchiha Angel	Dust -.-
20:52:01	Uchiha Arty	Uchiha Arty	ye
20:52:05	SexSuya	SexSuya	Dust
20:52:05	Uchiha Arty	Uchiha Arty	well
20:52:07	SexSuya	SexSuya	looks fail
20:52:09	SexSuya	SexSuya	in a 2d
20:52:10	Uchiha Arty	Uchiha Arty	its a secret move
20:52:11	SexSuya	SexSuya	enviroment
20:52:13	Uchiha Arty	Uchiha Arty	i know
20:52:22	Uchiha Angel	Uchiha Angel	GIMMEH DANZOU JOOTZO
20:52:25	Uchiha Angel	Uchiha Angel	* trollface *
20:52:28	Uchiha Arty	Uchiha Arty	rofl
20:52:33	Uchiha Arty	Uchiha Arty	tobi
20:52:34	Uchiha Arty	Uchiha Arty	gets
20:52:36	Uchiha Arty	Uchiha Arty	migration
20:52:41	Uchiha Angel	Uchiha Angel	Thats it :O
20:52:44	Uchiha Arty	Uchiha Arty	advancded teleportation
20:52:48	Uchiha Arty	Uchiha Arty	blackhole
20:52:49	Uchiha Arty	Uchiha Arty	and
20:52:52	Uchiha Arty	Uchiha Arty	tangibility
20:52:57	Uchiha Angel	Uchiha Angel	I only got Space time atm
20:52:59	Uchiha Angel	Uchiha Angel	xD
20:53:01	Uchiha Arty	Uchiha Arty	i know
20:53:03	Uchiha Angel	Uchiha Angel	Migration
20:53:12	Uchiha Arty	Uchiha Arty	i havent added anything to the trees yet
20:53:25	SexSuya	SexSuya	HAX
20:53:26	Uchiha Angel	Uchiha Angel	Oh ure using new jutsu
20:53:33	Uchiha Angel	Uchiha Angel	Gimmeh dem new jootzo
20:53:40	Uchiha Angel	Uchiha Angel	HOLY CRAP HOW MANY DOES THAT SHOOT
20:53:48	SexSuya	SexSuya	over 90000
20:53:48	Uchiha Arty	Uchiha Arty	quit a few
20:53:53	Uchiha Arty	Uchiha Arty	but aint that strong
20:54:05	Uchiha Arty	Uchiha Arty	u aint seen half of the stuff
20:54:08	Uchiha Angel	Uchiha Angel	e.e
20:56:29	Uchiha Arty	Uchiha Arty	watch this smexy move
20:57:04	Uchiha Arty	Uchiha Arty	kk :)
20:59:09	Uchiha Angel	Uchiha Angel	arrows ?
20:59:17	Uchiha Arty	Uchiha Arty	blaze release
20:59:22	Uchiha Arty	Uchiha Arty	hit me
20:59:30	Uchiha Arty	Uchiha Arty	see
20:59:39	Uchiha Arty	Uchiha Arty	u hurtyourself
21:00:09	Uchiha Arty	Uchiha Arty	ima summon u in cha
21:11:09	Uchiha Angel	Uchiha Angel	Unknown skill 11 ?
21:11:17	Uchiha Arty	Uchiha Arty	that was my bad rofl
21:11:19	Uchiha Arty	Uchiha Arty	wrong number
21:12:45	Uchiha Angel	Uchiha Angel	Intagable gonna b lolz
21:13:01	Uchiha Arty	Uchiha Arty	intangible
21:13:03	Uchiha Arty	Uchiha Arty	i made it
21:13:06	Uchiha Arty	Uchiha Arty	ur
21:13:10	Uchiha Arty	Uchiha Arty	intan for like 4secs
21:13:13	Uchiha Arty	Uchiha Arty	and u cant use moves
21:13:17	Uchiha Arty	Uchiha Arty	so it aint op
21:13:21	Uchiha Angel	Uchiha Angel	So its basicaly a escape jutsu
21:13:22	Uchiha Arty	Uchiha Arty	good move to avoid stuff
21:13:31	Uchiha Arty	Uchiha Arty	basically
21:13:34	Uchiha Arty	Uchiha Arty	u press d
21:13:35	Uchiha Angel	Uchiha Angel	Gimmeh gimmeh gimmeh
21:13:38	Uchiha Arty	Uchiha Arty	to go intan 
21:13:44	Uchiha Arty	Uchiha Arty	hold on :P
21:13:55	Uchiha Arty	Uchiha Arty	wat jutsu is ur last one?
21:14:06	Uchiha Arty	Uchiha Arty	wats the last one i gave u
21:14:11	Uchiha Angel	Uchiha Angel	water prison
21:14:15	Uchiha Arty	Uchiha Arty	kk
21:14:35	Uchiha Arty	Uchiha Arty	water prison is a bit weird :3
21:14:44	Uchiha Angel	Uchiha Angel	Combat info shouldnt show damadge you take / give anymore
21:14:44	Uchiha Arty	Uchiha Arty	the image goes behind water rofl
21:14:47	Uchiha Arty	Uchiha Arty	i think i fixed it
21:14:50	Uchiha Angel	Uchiha Angel	e.e
21:14:57	Uchiha Arty	Uchiha Arty	why shouldnt it?
21:15:03	Uchiha Angel	Uchiha Angel	Because
21:15:11	Uchiha Angel	Uchiha Angel	U can see damadge anyway
21:15:17	Uchiha Arty	Uchiha Arty	lol kk :P
21:15:18	Uchiha Angel	Uchiha Angel	And its easier for Uchiha
21:15:26	Uchiha Angel	Uchiha Angel	Or u can just make it so u can toggle veiw damadge in it
21:15:32	Uchiha Arty	Uchiha Arty	ye i will
21:15:39	Uchiha Arty	Uchiha Arty	angel wats the last jutsu i gave u
21:16:07	Uchiha Arty	Uchiha Arty	lol xD
21:16:11	Uchiha Arty	Uchiha Arty	i know :P
21:16:15	Uchiha Arty	Uchiha Arty	thnx to angel
21:22:15	Uchiha Angel	Uchiha Angel	Sharkgun did nothing ?
21:22:22	Uchiha Arty	Uchiha Arty	shark gun
21:22:23	Uchiha Arty	Uchiha Arty	u need
21:22:27	Uchiha Arty	Uchiha Arty	the target
21:22:31	Uchiha Arty	Uchiha Arty	to me standing on water
21:22:36	Uchiha Arty	Uchiha Arty	thats why its really hard to land
21:22:53	Uchiha Arty	Uchiha Arty	if ur handseals have to stop wen the person is on the water
21:22:58	Uchiha Arty	Uchiha Arty	^ incredibly hard to land
21:23:09	Uchiha Arty	Uchiha Arty	its why i made it op wen u land it
21:23:12	Uchiha Arty	Uchiha Arty	btw
21:23:22	Uchiha Arty	Uchiha Arty	look on combat
21:23:30	Uchiha Arty	Uchiha Arty	everything about a jutsu if it failed is on there
22:18:08	Uchiha Angel	Uchiha Angel	Heal
22:21:51	Uchiha Angel	Uchiha Angel	All the way from konoha
22:23:00	Uchiha Angel	Uchiha Angel	Intangabil
22:23:55	Uchiha Arty	Uchiha Arty	go intangible
22:24:04	Uchiha Arty	Uchiha Arty	and keep watching ur health
22:24:09	Uchiha Angel	Uchiha Angel	No
22:24:12	Uchiha Arty	Uchiha Arty	for 4 secs or something u wont get damaged
22:24:18	Uchiha Angel	Uchiha Angel	The user shouldnt b able to punch or use sword
22:24:48	Uchiha Arty	Uchiha Arty	O.o i would do that
22:25:00	Uchiha Arty	Uchiha Arty	but a goa source doesnt have the available procs to do it O.o
22:35:14	Fuumaki	Fuumaki	I never give up!!
22:35:18	Fuumaki	Fuumaki	RAAAAAWWRRR!!
22:35:45	Uchiha Angel	Uchiha Angel	Imortal nigga
22:35:49	Uchiha Angel	Uchiha Angel	I shoulda knowns
22:36:01	Fuumaki	Fuumaki	Hur hur
22:36:14	Fuumaki	Fuumaki	shit
22:36:16	Fuumaki	Fuumaki	Heal
23:27:39	Uchiha Angel	Uchiha Angel	See how i down everyone
23:28:13	Uchiha Arty	Uchiha Arty	burst shockwave oped then?
23:35:02	Uchiha Angel	Uchiha Angel	Intangable
23:35:21	Uchiha Angel	Uchiha Angel	Heal
23:35:53	Fuumaki	Fuumaki	*tbag*
23:41:50	Uchiha Angel	Uchiha Angel	Heal
23:41:52	Uchiha Angel	Uchiha Angel	:|
