17:04:23	Nesquik de Mamão Papaia	Mamão com azukar
17:06:47	Uchiha ÉtudoDesgraça	Borá Dennis
17:08:10	É tudo Desgraça	oi matheus
17:08:18	Korra > Aang	QUERO DORMIR PORRA
17:08:33	Uchiha É tudo Desgraça	agora foi
17:08:34	OW JUNIOR	.
17:08:51	Nesquik de Mamão Papaia	n
17:10:00	Uchiha Zimbabue	oi
17:10:24	Uchiha Zimbabue	oi
17:10:49	Kaguya Chocolatineo	lul
17:11:00	Uchiha Zimbabue	ai troll
17:11:38	Uchiha Zimbabue	oi
17:12:12	Uchiha Zimbabue	oien
17:12:19	OW JUNIOR	LOL
17:12:27	Uchiha Zimbabue	OW JUNIOR
17:12:59	OW JUNIOR	VIVIANE MUITO BOLADA A EXTREMA VELOCIDADE COM MAIA VIRANDO SUPER SAYAJIN DE FUNDO E VINICIUS PERGUNTANDO OQ FOI Q ACONTECEU ENQUANTO GABRIEL JOGAR N ARUTO
17:15:54	Kaguya Chocolatineo	Parabainz
17:51:59	Painho Preto	hello
18:04:10	LIG LING	10
18:04:25	Painho Preto	10 de 10
18:04:34	Xupo a Mostra e Cobra Pau	lul
18:08:20	Xupo a Mostra e Cobra Pau	...
