01:26:19	Arty	Arty	meet bob goob
01:26:22	Arty	Arty	noob
01:26:24	Arty	Arty	goob
01:26:25	Arty	Arty	:3
01:28:24	Arty	Arty	goofy goober!
17:08:02	Uchiha Sunaki	Uchiha Sunaki	the fuck
18:42:09	M4CHiiN3	M4CHiiN3	,h,
18:46:34	Bloodtaster	Bloodtaster	LOL
19:14:26	Genious	Genious	lol my clan doesnt have jutsu ?
19:14:32	Arty	Arty	not yet
19:14:37	Arty	Arty	i add it last
19:14:42	Arty	Arty	to clan tree O.O
19:14:45	Genious	Genious	nice map lol...
19:14:48	Genious	Genious	o.o 
19:14:49	Arty	Arty	a lot of new jutsu has been coded in
19:14:51	Arty	Arty	thnx xd
19:19:29	Potassium	Potassium	to bad this games got so much lagg :/
19:20:15	Potassium	Potassium	Where is the Jikakan clan skills.
19:21:27	Uchiha Bjisboss	Uchiha Bjisboss	side line isn non pk
19:21:29	Uchiha Bjisboss	Uchiha Bjisboss	lol
19:21:35	Arty	Arty	i know xD
19:21:46	Potassium	Potassium	Arty where is the Jikakan jutsus?
19:21:58	Nara Sunaki	Nara Sunaki	GIMME LVL 100
19:21:58	Arty	Arty	all skills get added before game release
19:22:14	Potassium	Potassium	Where are the 2nd hokages jutsus...
19:22:19	Uchiha Bjisboss	Uchiha Bjisboss	when does it start arty ;o?
19:22:26	Arty	Arty	kk xD
19:22:29	Arty	Arty	rofl kk
19:22:39	Arty	Arty	kill mr
19:26:40	Nara Sunaki	Nara Sunaki	EWWW
19:35:40	Potassium	Potassium	arty :/
19:35:46	Arty	Arty	mhm
19:35:55	Potassium	Potassium	can i have my utsus pwease
19:35:58	Arty	Arty	rofl
19:36:01	Arty	Arty	i cant
19:36:09	Potassium	Potassium	DO ET U MOTHER FUCKER
19:36:14	Arty	Arty	lol
19:36:15	Potassium	Potassium	;o
19:36:41	Potassium	Potassium	Derpppppppppppp
19:36:44	Potassium	Potassium	Derpppppppppppp
19:36:48	Potassium	Potassium	Jikakan
19:36:51	Potassium	Potassium	is 2nd hokage o.O
19:37:16	Arty	Arty	pot leave vill
19:37:22	Arty	Arty	i wanna see if capping works O.O
19:37:25	Potassium	Potassium	Oh yeah!
19:38:21	Potassium	Potassium	lmao space time did nothing
19:39:23	Arty	Arty	which one did u use?
19:39:40	Arty	Arty	space time lateration affects ur target
19:39:54	Arty	Arty	slows movements and prevents them from using jutsu for a time period
19:40:33	Arty	Arty	genious leave vill!
19:41:23	Arty	Arty	go north of cha
20:11:17	Arty	Arty	ima shut the server down :£
20:11:22	Arty	Arty	need to test stuff out
21:25:36	Uchiha Goob	Uchiha Goob	...
21:27:10	Uchiha Goob	Uchiha Goob	!!!!!
21:49:17	Uchiha Goob	Uchiha Goob	yo?
21:49:28	Uchiha Nigga	Uchiha Nigga	ye
22:46:12	Uchiha Goob	Uchiha Goob	yo
22:46:18	Uchiha Goob	Uchiha Goob	&lt;.&lt;
22:46:20	Uchiha Goob	Uchiha Goob	&gt;.&gt;
22:46:24	Uchiha Goob	Uchiha Goob	what was that
22:46:36	Uchiha Goob	Uchiha Goob	tf
22:46:43	Uchiha Arty	Uchiha Arty	im trying to get eyes O.O
22:47:33	Uchiha Goob	Uchiha Goob	...
22:47:46	Uchiha Goob	Uchiha Goob	give me some jutsu?
22:48:02	Uchiha Arty	Uchiha Arty	im trying to fix this shit &gt;.&lt;
22:48:10	Uchiha Goob	Uchiha Goob	some jutsu that arent on this lame skill tree XD
22:49:01	Uchiha Goob	Uchiha Goob	...
22:49:38	Uchiha Arty	Uchiha Arty	trying to fix this &gt;.&lt;
22:49:53	Uchiha Goob	Uchiha Goob	fix what
22:50:16	Uchiha Arty	Uchiha Arty	u gain eye wen uchiha clan dies O.O
22:50:32	Uchiha Goob	Uchiha Goob	its not working?
22:51:47	Uchiha Arty	Uchiha Arty	nope its retarded &gt;.&lt;
22:54:27	Uchiha Nigga	Uchiha Nigga	think i fixed it O.O
22:54:33	Uchiha Arty	Uchiha Arty	fixed it i think
22:54:40	Uchiha Goob	Uchiha Goob	try again
22:54:45	Uchiha Arty	Uchiha Arty	kk
23:03:29	Uchiha Nigga	Uchiha Nigga	hi xD
