19:18:15	Uchiha Ryan	Uchiha Ryan	lol
19:25:32	Uchiha Ryan	Uchiha Ryan	hey
19:25:50	Hyuuga Monster	Hyuuga Monster	yo
19:25:53	Hyuuga Monster	Hyuuga Monster	you goodZ?
19:26:11	Hyuuga Monster	Hyuuga Monster	brb
19:26:14	Hyuuga Monster	Hyuuga Monster	gonna remake
19:31:06	Chojuro	Chojuro	yo
19:31:10	Chojuro	Chojuro	who knew
19:31:11	Uchiha Dice	Uchiha Dice	hi
19:31:13	Chojuro	Chojuro	you get like
19:31:17	Uchiha Dice	Uchiha Dice	?
19:31:21	Chojuro	Chojuro	.1 chance of getting rare sword
19:31:26	Chojuro	Chojuro	i started with Hozuki
19:31:28	Uchiha Dice	Uchiha Dice	why 1 chance
19:31:32	Chojuro	Chojuro	idk
19:31:34	Chojuro	Chojuro	lmao
19:31:37	Chojuro	Chojuro	i got this one
19:31:39	Chojuro	Chojuro	brb
19:31:40	Uchiha Dice	Uchiha Dice	lol 
19:32:39	Uchiha Dice	Uchiha Dice	oh
19:32:47	Uchiha Dice	Uchiha Dice	i want rare sword
19:32:54	Chojuro	Chojuro	try and fget it
19:33:00	Uchiha Dice	Uchiha Dice	wht u mean
19:33:02	Uchiha Dice	Uchiha Dice	try
19:34:32	Uchiha Dice	Uchiha Dice	i want sword
19:34:38	<font color=#01DF01>Chojuro	<font color=#01DF01>Chojuro	try and get one
19:34:42	Uchiha Dice	Uchiha Dice	how?
19:34:44	<font color=#01DF01>Chojuro	<font color=#01DF01>Chojuro	go check in memeber ship stoe
19:34:48	<font color=#01DF01>Chojuro	<font color=#01DF01>Chojuro	hold up
19:35:18	Uchiha Dice	Uchiha Dice	wht u mean?
19:36:46	Uchiha Dice	Uchiha Dice	?
19:37:44	Uchiha Dice	Uchiha Dice	sword?
19:39:08	Uchiha Dice	Uchiha Dice	?
19:39:18	Uchiha Dice	Uchiha Dice	wht u mean try?
19:39:24	<font color=#01DF01><font color=#01DF01>Chojuro	<font color=#01DF01><font color=#01DF01>Chojuro	i gave u a sword
19:39:29	Uchiha Dice	Uchiha Dice	wea ksword
19:39:32	Uchiha Dice	Uchiha Dice	weak
19:39:40	Uchiha Dice	Uchiha Dice	weak
19:40:14	<font color=#01DF01><font color=#01DF01><font color=#01DF01>Chojuro	<font color=#01DF01><font color=#01DF01><font color=#01DF01>Chojuro	there
19:40:20	<font color=#01DF01><font color=#01DF01><font color=#01DF01>Chojuro	<font color=#01DF01><font color=#01DF01><font color=#01DF01>Chojuro	now leave me alone
19:40:22	Uchiha Dice	Uchiha Dice	weak
19:40:27	<font color=#01DF01><font color=#01DF01><font color=#01DF01>Chojuro	<font color=#01DF01><font color=#01DF01><font color=#01DF01>Chojuro	&lt;_&lt;
19:40:32	<font color=#01DF01><font color=#01DF01><font color=#01DF01>Chojuro	<font color=#01DF01><font color=#01DF01><font color=#01DF01>Chojuro	dude its a ssm sword
19:40:35	Uchiha Dice	Uchiha Dice	i want the other sword
19:40:41	<font color=#01DF01><font color=#01DF01><font color=#01DF01>Chojuro	<font color=#01DF01><font color=#01DF01><font color=#01DF01>Chojuro	what other sword?
19:40:42	Uchiha Dice	Uchiha Dice	kisama unwrape
19:41:18	Uchiha Dice	Uchiha Dice	?
19:41:32	<font color=#01DF01><font color=#01DF01><font color=#01DF01>Chojuro	<font color=#01DF01><font color=#01DF01><font color=#01DF01>Chojuro	dont have it
19:41:42	<font color=#01DF01><font color=#01DF01><font color=#01DF01>Chojuro	<font color=#01DF01><font color=#01DF01><font color=#01DF01>Chojuro	go back in
19:41:58	Uchiha Dice	Uchiha Dice	why
19:42:13	<font color=#01DF01><font color=#01DF01><font color=#01DF01>Chojuro	<font color=#01DF01><font color=#01DF01><font color=#01DF01>Chojuro	hold up
19:42:40	Uchiha Dice	Uchiha Dice	make chuunin exams
19:43:18	Uchiha Dice	Uchiha Dice	im remaking
19:43:30	Uchiha Dice	Uchiha Dice	nvm
19:45:07	Uchiha Dice	Uchiha Dice	dude
19:45:13	Uchiha Dice	Uchiha Dice	tele me to kawa plz
19:53:34	<font color=#01DF01>Uchiha Ryan	<font color=#01DF01>Uchiha Ryan	whats the code for it
19:53:49	<font color=#01DF01><font color=#01DF01><font color=#01DF01>Chojuro	<font color=#01DF01><font color=#01DF01><font color=#01DF01>Chojuro	Nibi-5001
19:53:49	<font color=#01DF01>Uchiha Ryan	<font color=#01DF01>Uchiha Ryan	ooooh
19:53:54	<font color=#01DF01>Uchiha Ryan	<font color=#01DF01>Uchiha Ryan	dope thx :3
19:53:58	<font color=#01DF01><font color=#01DF01><font color=#01DF01>Chojuro	<font color=#01DF01><font color=#01DF01><font color=#01DF01>Chojuro	np
19:53:59	<font color=#01DF01>Uchiha Ryan	<font color=#01DF01>Uchiha Ryan	&lt;3
19:54:17	<font color=#01DF01>Uchiha Ryan	<font color=#01DF01>Uchiha Ryan	how do i take it off
19:54:21	<font color=#01DF01>Uchiha Ryan	<font color=#01DF01>Uchiha Ryan	nvm
19:54:24	<font color=#01DF01><font color=#01DF01><font color=#01DF01>Chojuro	<font color=#01DF01><font color=#01DF01><font color=#01DF01>Chojuro	gets off itself lmao
19:54:31	<font color=#01DF01>Uchiha Ryan	<font color=#01DF01>Uchiha Ryan	lmfao shit looks scary
19:54:51	<font color=#01DF01>Uchiha Ryan	<font color=#01DF01>Uchiha Ryan	yeah
19:54:58	<font color=#01DF01>Uchiha Ryan	<font color=#01DF01>Uchiha Ryan	do u got the code for the 1 thing
19:55:04	<font color=#01DF01>Uchiha Ryan	<font color=#01DF01>Uchiha Ryan	i picked a collecter uchiha
19:55:12	<font color=#01DF01>Uchiha Ryan	<font color=#01DF01>Uchiha Ryan	and i didnt get the jutsu
19:55:45	<font color=#01DF01><font color=#01DF01><font color=#01DF01>Chojuro	<font color=#01DF01><font color=#01DF01><font color=#01DF01>Chojuro	one sec
19:57:15	<font color=#01DF01>Uchiha Ryan	<font color=#01DF01>Uchiha Ryan	aayyye
19:57:27	<font color=#01DF01>Uchiha Ryan	<font color=#01DF01>Uchiha Ryan	lookin sexy bro no homo
19:57:32	<font color=#01DF01><font color=#01DF01><font color=#01DF01>Chojuro	<font color=#01DF01><font color=#01DF01><font color=#01DF01>Chojuro	lmao thanks
19:58:05	<font color=#01DF01>Uchiha Ryan	<font color=#01DF01>Uchiha Ryan	how u find the codes for the jutsus
19:58:11	<font color=#01DF01>Uchiha Ryan	<font color=#01DF01>Uchiha Ryan	so i can help look for stuff
19:58:22	<font color=#01DF01><font color=#01DF01><font color=#01DF01>Chojuro	<font color=#01DF01><font color=#01DF01><font color=#01DF01>Chojuro	one sec
20:06:34	<font color=#01DF01><font color=#01DF01><font color=#01DF01>Chojuro	<font color=#01DF01><font color=#01DF01><font color=#01DF01>Chojuro	yo
20:06:39	<font color=#01DF01>Uchiha Ryan	<font color=#01DF01>Uchiha Ryan	yeah
20:06:40	<font color=#01DF01><font color=#01DF01><font color=#01DF01>Chojuro	<font color=#01DF01><font color=#01DF01><font color=#01DF01>Chojuro	wanna arena battle?
20:06:48	<font color=#01DF01>Uchiha Ryan	<font color=#01DF01>Uchiha Ryan	nah chill u way better than me
20:07:03	<font color=#01DF01><font color=#01DF01><font color=#01DF01>Chojuro	<font color=#01DF01><font color=#01DF01><font color=#01DF01>Chojuro	lmao i was just asking for arena battle
20:07:07	<font color=#01DF01>Uchiha Ryan	<font color=#01DF01>Uchiha Ryan	fine
20:07:08	<font color=#01DF01><font color=#01DF01><font color=#01DF01>Chojuro	<font color=#01DF01><font color=#01DF01><font color=#01DF01>Chojuro	just alittle bored
20:07:12	<font color=#01DF01>Uchiha Ryan	<font color=#01DF01>Uchiha Ryan	lets go
20:10:36	<font color=#01DF01><font color=#01DF01>Uchiha Ryan	<font color=#01DF01><font color=#01DF01>Uchiha Ryan	did u find the jutsu for the eye stealing
20:10:45	<font color=#01DF01><font color=#01DF01><font color=#01DF01>Chojuro	<font color=#01DF01><font color=#01DF01><font color=#01DF01>Chojuro	not yet
20:10:49	<font color=#01DF01><font color=#01DF01>Uchiha Ryan	<font color=#01DF01><font color=#01DF01>Uchiha Ryan	aight
20:10:49	<font color=#01DF01><font color=#01DF01><font color=#01DF01>Chojuro	<font color=#01DF01><font color=#01DF01><font color=#01DF01>Chojuro	what ms u got?
20:10:54	<font color=#01DF01><font color=#01DF01>Uchiha Ryan	<font color=#01DF01><font color=#01DF01>Uchiha Ryan	shisui
20:10:58	<font color=#01DF01><font color=#01DF01>Uchiha Ryan	<font color=#01DF01><font color=#01DF01>Uchiha Ryan	the only one i can get
20:11:11	<font color=#01DF01><font color=#01DF01><font color=#01DF01>Chojuro	<font color=#01DF01><font color=#01DF01><font color=#01DF01>Chojuro	ahh
20:11:14	<font color=#01DF01><font color=#01DF01>Uchiha Ryan	<font color=#01DF01><font color=#01DF01>Uchiha Ryan	yeah
20:31:49	Arty	Arty	lmfao
20:32:07	<font color=#01DF01><font color=#01DF01>Uchiha Ryan	<font color=#01DF01><font color=#01DF01>Uchiha Ryan	do i look good
20:32:31	<font color=#01DF01><font color=#01DF01>Uchiha Ryan	<font color=#01DF01><font color=#01DF01>Uchiha Ryan	:(
20:32:51	<font color=#01DF01><font color=#01DF01>Uchiha Ryan	<font color=#01DF01><font color=#01DF01>Uchiha Ryan	what u mean
20:32:57	<font color=#01DF01>Gaara	<font color=#01DF01>Gaara	hmm?
20:33:03	<font color=#01DF01><font color=#01DF01>Uchiha Ryan	<font color=#01DF01><font color=#01DF01>Uchiha Ryan	lol
20:36:12	Uchiha Shisui	Uchiha Shisui	gaara
20:36:13	Uchiha Irvin	Uchiha Irvin	yo
20:36:37	<font color=#01DF01>Gaara	<font color=#01DF01>Gaara	?
20:36:45	Uchiha Shisui	Uchiha Shisui	can i talk to u in private
20:37:47	<font color=#01DF01>Gaara	<font color=#01DF01>Gaara	sup isamu
20:37:59	Uzumaki, Isamu]	Uzumaki, Isamu]	...
20:38:09	Uzumaki, Isamu]	Uzumaki, Isamu]	You changed the soruce? xD
20:38:16	<font color=#01DF01>Gaara	<font color=#01DF01>Gaara	Yeah
20:38:22	<font color=#01DF01>Gaara	<font color=#01DF01>Gaara	the other one was too dumb
20:38:27	Uzumaki, Isamu]	Uzumaki, Isamu]	Reborn?
20:38:43	<font color=#01DF01>Gaara	<font color=#01DF01>Gaara	well yeah way to many bugs
20:38:56	Uchiha Irvin	Uchiha Irvin	lol
20:39:07	Uzumaki, Isamu]	Uzumaki, Isamu]	Brb, gonna remake one more time.
20:40:45	Uzumaki, Isamu]	Uzumaki, Isamu]	Is there no Kakashi Mang?
20:40:56	<font color=#01DF01>Gaara	<font color=#01DF01>Gaara	not yet but we can add it
20:41:15	Uchiha Shisui	Uchiha Shisui	add madara mang too
20:41:25	<font color=#01DF01>Gaara	<font color=#01DF01>Gaara	ight
20:43:46	Arty	Arty	if you had the source
20:43:51	Arty	Arty	you&#39;d see most of the code says 
20:43:53	Arty	Arty	//by arty
20:51:35	<font color=#01DF01><font color=#01DF01>Uchiha Ryan	<font color=#01DF01><font color=#01DF01>Uchiha Ryan	what u doin
20:51:46	Axel	Axel	say
20:51:54	<font color=#01DF01><font color=#01DF01>Uchiha Ryan	<font color=#01DF01><font color=#01DF01>Uchiha Ryan	u dont have to do that lol
20:51:56	Axel	Axel	dont know
20:52:02	<font color=#01DF01><font color=#01DF01>Uchiha Ryan	<font color=#01DF01><font color=#01DF01>Uchiha Ryan	just click the thing on the side
20:52:05	<font color=#01DF01><font color=#01DF01>Uchiha Ryan	<font color=#01DF01><font color=#01DF01>Uchiha Ryan	and go lvl up
20:52:11	<font color=#01DF01><font color=#01DF01>Uchiha Ryan	<font color=#01DF01><font color=#01DF01>Uchiha Ryan	by doin mission or killing npcs
20:53:55	<font color=#01DF01><font color=#01DF01>Uchiha Ryan	<font color=#01DF01><font color=#01DF01>Uchiha Ryan	u get that
21:01:39	<font color=#01DF01>Gaara	<font color=#01DF01>Gaara	sup axel
21:02:03	<font color=#01DF01><font color=#01DF01>Uchiha Ryan	<font color=#01DF01><font color=#01DF01>Uchiha Ryan	lol
21:02:04	<font color=#01DF01><font color=#01DF01>Uchiha Ryan	<font color=#01DF01><font color=#01DF01>Uchiha Ryan	yo
21:02:58	Axel	Axel	hi
21:03:26	<font color=#01DF01><font color=#01DF01>Uchiha Ryan	<font color=#01DF01><font color=#01DF01>Uchiha Ryan	ur still a student?
21:03:51	Axel	Axel	apparently
21:04:07	<font color=#01DF01><font color=#01DF01>Uchiha Ryan	<font color=#01DF01><font color=#01DF01>Uchiha Ryan	take the exam
21:05:42	<font color=#01DF01><font color=#01DF01>Uchiha Ryan	<font color=#01DF01><font color=#01DF01>Uchiha Ryan	what should we do master
21:05:52	<font color=#01DF01>Gaara	<font color=#01DF01>Gaara	hmm imma invite more ppl
21:06:03	<font color=#01DF01><font color=#01DF01>Uchiha Ryan	<font color=#01DF01><font color=#01DF01>Uchiha Ryan	aight i shall do the same
21:15:00	Uchiha Darkking	Uchiha Darkking	van i get a tailed beast
21:15:04	<font color=#01DF01><font color=#01DF01>Uchiha Ryan	<font color=#01DF01><font color=#01DF01>Uchiha Ryan	there alot coming
21:15:07	<font color=#01DF01><font color=#01DF01>Uchiha Ryan	<font color=#01DF01><font color=#01DF01>Uchiha Ryan	we need more 
21:15:12	<font color=#01DF01><font color=#01DF01>Gaara	<font color=#01DF01><font color=#01DF01>Gaara	yeah
21:16:07	Uchiha Darkking	Uchiha Darkking	itachi
21:16:37	Uchiha Clay	Uchiha Clay	._.
21:16:49	<font color=#01DF01><font color=#01DF01>Uchiha Ryan	<font color=#01DF01><font color=#01DF01>Uchiha Ryan	yes master
21:19:09	<font color=#01DF01><font color=#01DF01>Uchiha Ryan	<font color=#01DF01><font color=#01DF01>Uchiha Ryan	here
21:19:26	Axel	Axel	i ant interact
21:19:34	<font color=#01DF01><font color=#01DF01>Uchiha Ryan	<font color=#01DF01><font color=#01DF01>Uchiha Ryan	click space bar
21:19:41	Axel	Axel	i am
21:19:46	<font color=#01DF01><font color=#01DF01>Uchiha Ryan	<font color=#01DF01><font color=#01DF01>Uchiha Ryan	come
21:19:55	<font color=#01DF01><font color=#01DF01>Uchiha Ryan	<font color=#01DF01><font color=#01DF01>Uchiha Ryan	talk to him
21:20:08	Uchiha Darkking	Uchiha Darkking	can we do chunin exams plz
21:20:19	<font color=#01DF01><font color=#01DF01>Uchiha Ryan	<font color=#01DF01><font color=#01DF01>Uchiha Ryan	there i just made u a genin ok
21:20:39	<font color=#01DF01><font color=#01DF01>Uchiha Ryan	<font color=#01DF01><font color=#01DF01>Uchiha Ryan	save
21:20:42	<font color=#01DF01><font color=#01DF01>Uchiha Ryan	<font color=#01DF01><font color=#01DF01>Uchiha Ryan	i already made u it
21:20:47	<font color=#01DF01><font color=#01DF01>Uchiha Ryan	<font color=#01DF01><font color=#01DF01>Uchiha Ryan	save and log out
21:20:49	Axel	Axel	ok
21:22:42	Uchiha Irvin	Uchiha Irvin	y cant i talk to da npc
21:23:52	<font color=#01DF01><font color=#01DF01><font color=#01DF01>Uchiha Ryan	<font color=#01DF01><font color=#01DF01><font color=#01DF01>Uchiha Ryan	lmfao
21:29:07	<font color=#01DF01><font color=#01DF01><font color=#01DF01><font color=#01DF01>Uchiha Ryan	<font color=#01DF01><font color=#01DF01><font color=#01DF01><font color=#01DF01>Uchiha Ryan	u goin to make everyone chuunin or exam?
21:29:26	<font color=#01DF01><font color=#01DF01><font color=#01DF01><font color=#01DF01>Uchiha Ryan	<font color=#01DF01><font color=#01DF01><font color=#01DF01><font color=#01DF01>Uchiha Ryan	btw can u give me back nanabi or?
21:32:03	<font color=#01DF01><font color=#01DF01><font color=#01DF01>Gaara	<font color=#01DF01><font color=#01DF01><font color=#01DF01>Gaara	yeah i got u
21:32:19	<font color=#01DF01><font color=#01DF01><font color=#01DF01><font color=#01DF01>Uchiha Ryan	<font color=#01DF01><font color=#01DF01><font color=#01DF01><font color=#01DF01>Uchiha Ryan	aight thx master
21:34:03	<font color=#01DF01><font color=#01DF01><font color=#01DF01>Gaara	<font color=#01DF01><font color=#01DF01><font color=#01DF01>Gaara	ryan
21:34:07	<font color=#01DF01><font color=#01DF01><font color=#01DF01><font color=#01DF01>Uchiha Ryan	<font color=#01DF01><font color=#01DF01><font color=#01DF01><font color=#01DF01>Uchiha Ryan	yes master
21:35:05	<font color=#01DF01><font color=#01DF01><font color=#01DF01>Gaara	<font color=#01DF01><font color=#01DF01><font color=#01DF01>Gaara	leave village
21:35:11	<font color=#01DF01><font color=#01DF01><font color=#01DF01><font color=#01DF01>Uchiha Ryan	<font color=#01DF01><font color=#01DF01><font color=#01DF01><font color=#01DF01>Uchiha Ryan	yes master
21:35:11	<font color=#01DF01><font color=#01DF01><font color=#01DF01>Gaara	<font color=#01DF01><font color=#01DF01><font color=#01DF01>Gaara	accidently gave u suna leader
21:35:21	<font color=#01DF01><font color=#01DF01><font color=#01DF01>Gaara	<font color=#01DF01><font color=#01DF01><font color=#01DF01>Gaara	hm
21:35:38	<font color=#01DF01><font color=#01DF01><font color=#01DF01><font color=#01DF01>Uchiha Ryan	<font color=#01DF01><font color=#01DF01><font color=#01DF01><font color=#01DF01>Uchiha Ryan	can i be
21:35:42	<font color=#01DF01><font color=#01DF01><font color=#01DF01>Gaara	<font color=#01DF01><font color=#01DF01><font color=#01DF01>Gaara	hold up
21:37:58	<font color=#01DF01><font color=#01DF01><font color=#01DF01><font color=#01DF01>Uchiha Ryan	<font color=#01DF01><font color=#01DF01><font color=#01DF01><font color=#01DF01>Uchiha Ryan	?
21:38:30	<font color=#01DF01><font color=#01DF01><font color=#01DF01><font color=#01DF01>Uchiha Ryan	<font color=#01DF01><font color=#01DF01><font color=#01DF01><font color=#01DF01>Uchiha Ryan	do i relog?
21:38:43	<font color=#01DF01><font color=#01DF01><font color=#01DF01><font color=#01DF01>Uchiha Ryan	<font color=#01DF01><font color=#01DF01><font color=#01DF01><font color=#01DF01>Uchiha Ryan	nvm
21:38:50	Uchiha Shisui	Uchiha Shisui	jweeze
21:39:02	Uchiha Shisui	Uchiha Shisui	arent u leaf kage
21:41:17	<font color=#01DF01><font color=#01DF01><font color=#01DF01><font color=#01DF01>Uchiha Ryan	<font color=#01DF01><font color=#01DF01><font color=#01DF01><font color=#01DF01>Uchiha Ryan	hello
21:41:28	<font color=#01DF01><font color=#01DF01><font color=#01DF01><font color=#01DF01>Uchiha Ryan	<font color=#01DF01><font color=#01DF01><font color=#01DF01><font color=#01DF01>Uchiha Ryan	does anyone need healing
21:41:29	Uchiha Clay	Uchiha Clay	hi
21:41:33	Uchiha Clay	Uchiha Clay	i do
21:41:36	Uchiha Clay	Uchiha Clay	!
21:41:40	<font color=#01DF01><font color=#01DF01><font color=#01DF01><font color=#01DF01>Uchiha Ryan	<font color=#01DF01><font color=#01DF01><font color=#01DF01><font color=#01DF01>Uchiha Ryan	aight
21:41:45	Axel	Axel	i need a little
21:41:55	<font color=#01DF01><font color=#01DF01><font color=#01DF01><font color=#01DF01>Uchiha Ryan	<font color=#01DF01><font color=#01DF01><font color=#01DF01><font color=#01DF01>Uchiha Ryan	make sure to heal everyone
21:41:59	<font color=#01DF01><font color=#01DF01><font color=#01DF01><font color=#01DF01>Uchiha Ryan	<font color=#01DF01><font color=#01DF01><font color=#01DF01><font color=#01DF01>Uchiha Ryan	in the chuunin
21:43:02	Uchiha Clay	Uchiha Clay	oh ok
21:43:36	Uchiha Clay	Uchiha Clay	You need both the Heaven AND the Earth scroll to enter!
{
21:43:39	Uchiha Clay	Uchiha Clay	?
21:44:15	Uchiha Clay	Uchiha Clay	im at entrance
21:44:45	Uchiha Clay	Uchiha Clay	hi shisui
21:44:49	<font color=#01DF01><font color=#01DF01><font color=#01DF01><font color=#01DF01>Uchiha Ryan	<font color=#01DF01><font color=#01DF01><font color=#01DF01><font color=#01DF01>Uchiha Ryan	thats my other friend
21:44:49	Uchiha Shisui	Uchiha Shisui	hi
21:45:00	Uchiha Clay	Uchiha Clay	whos eyes do you have?
21:45:06	Uchiha Shisui	Uchiha Shisui	sasuke
22:03:24	Axel	Axel	this is ridiculous
22:04:48	Uchiha Shigami	Uchiha Shigami	sup
22:05:08	Uchiha Clay	Uchiha Clay	NEVER MESS WITH A UCHIHA
22:05:56	Uchiha Shigami	Uchiha Shigami	does inferno style have a cd
22:10:25	<font color=#01DF01><font color=#01DF01><font color=#01DF01><font color=#01DF01>Uchiha Ryan	<font color=#01DF01><font color=#01DF01><font color=#01DF01><font color=#01DF01>Uchiha Ryan	when will u do tourneys
22:10:50	<font color=#01DF01><font color=#01DF01><font color=#01DF01><font color=#01DF01>Gaara	<font color=#01DF01><font color=#01DF01><font color=#01DF01><font color=#01DF01>Gaara	idk yet
22:10:54	<font color=#01DF01><font color=#01DF01><font color=#01DF01><font color=#01DF01>Uchiha Ryan	<font color=#01DF01><font color=#01DF01><font color=#01DF01><font color=#01DF01>Uchiha Ryan	aight
22:13:44	<font color=#01DF01><font color=#01DF01><font color=#01DF01><font color=#01DF01>Uchiha Ryan	<font color=#01DF01><font color=#01DF01><font color=#01DF01><font color=#01DF01>Uchiha Ryan	yes sir
22:16:26	<font color=#01DF01><font color=#01DF01><font color=#01DF01><font color=#01DF01>Uchiha Ryan	<font color=#01DF01><font color=#01DF01><font color=#01DF01><font color=#01DF01>Uchiha Ryan	hey
22:16:43	<font color=#01DF01><font color=#01DF01><font color=#01DF01><font color=#01DF01>Uchiha Ryan	<font color=#01DF01><font color=#01DF01><font color=#01DF01><font color=#01DF01>Uchiha Ryan	i can break that
22:17:13	<font color=#01DF01><font color=#01DF01><font color=#01DF01><font color=#01DF01>Uchiha Ryan	<font color=#01DF01><font color=#01DF01><font color=#01DF01><font color=#01DF01>Uchiha Ryan	dont ever touch me man
22:17:14	Axel	Axel	i wasnt hitting u
22:17:18	Axel	Axel	meanie
22:17:22	<font color=#01DF01><font color=#01DF01><font color=#01DF01><font color=#01DF01>Uchiha Ryan	<font color=#01DF01><font color=#01DF01><font color=#01DF01><font color=#01DF01>Uchiha Ryan	lol
22:20:55	Uchiha Shigami	Uchiha Shigami	dmg?
22:21:20	Uchiha Shigami	Uchiha Shigami	ryan tell me dmg
22:21:49	<font color=#01DF01><font color=#01DF01><font color=#01DF01><font color=#01DF01>Uchiha Ryan	<font color=#01DF01><font color=#01DF01><font color=#01DF01><font color=#01DF01>Uchiha Ryan	wrong one
22:25:33	<font color=#01DF01><font color=#01DF01><font color=#01DF01><font color=#01DF01><font color=#01DF01>Gaara	<font color=#01DF01><font color=#01DF01><font color=#01DF01><font color=#01DF01><font color=#01DF01>Gaara	yo ryan
22:25:38	<font color=#01DF01><font color=#01DF01><font color=#01DF01><font color=#01DF01><font color=#01DF01>Gaara	<font color=#01DF01><font color=#01DF01><font color=#01DF01><font color=#01DF01><font color=#01DF01>Gaara	go challenege ppl in arenas
22:25:47	<font color=#01DF01><font color=#01DF01><font color=#01DF01><font color=#01DF01><font color=#01DF01>Gaara	<font color=#01DF01><font color=#01DF01><font color=#01DF01><font color=#01DF01><font color=#01DF01>Gaara	you don&#39;t gotta be at my side all the time lmao
22:25:51	<font color=#01DF01><font color=#01DF01><font color=#01DF01><font color=#01DF01><font color=#01DF01>Gaara	<font color=#01DF01><font color=#01DF01><font color=#01DF01><font color=#01DF01><font color=#01DF01>Gaara	go out enjoy ur self
22:48:18	Uchiha Shigami	Uchiha Shigami	can i have a bijiu
22:48:22	<font color=#01DF01><font color=#01DF01><font color=#01DF01><font color=#01DF01>Uchiha Ryan	<font color=#01DF01><font color=#01DF01><font color=#01DF01><font color=#01DF01>Uchiha Ryan	nah
22:48:23	<font color=#01DF01><font color=#01DF01><font color=#01DF01><font color=#01DF01>Uchiha Ryan	<font color=#01DF01><font color=#01DF01><font color=#01DF01><font color=#01DF01>Uchiha Ryan	sry
22:48:27	<font color=#01DF01><font color=#01DF01><font color=#01DF01><font color=#01DF01>Uchiha Ryan	<font color=#01DF01><font color=#01DF01><font color=#01DF01><font color=#01DF01>Uchiha Ryan	u can win probably
22:48:31	Uchiha Shigami	Uchiha Shigami	where
22:48:35	<font color=#01DF01><font color=#01DF01><font color=#01DF01><font color=#01DF01>Uchiha Ryan	<font color=#01DF01><font color=#01DF01><font color=#01DF01><font color=#01DF01>Uchiha Ryan	idk ask garra
22:49:01	Uchiha Shigami	Uchiha Shigami	axel lets spar
22:49:27	<font color=#01DF01><font color=#01DF01><font color=#01DF01><font color=#01DF01>Uchiha Ryan	<font color=#01DF01><font color=#01DF01><font color=#01DF01><font color=#01DF01>Uchiha Ryan	lmfao
22:50:34	Uchiha Shigami	Uchiha Shigami	can u get blind on this
22:53:40	Uchiha Shigami	Uchiha Shigami	a 4k fireball
22:53:44	Uchiha Shigami	Uchiha Shigami	intresting
22:54:48	Uchiha Shigami	Uchiha Shigami	7k amat
22:54:52	Uchiha Shigami	Uchiha Shigami	df
22:55:48	Uchiha Shigami	Uchiha Shigami	lol
23:02:29	<font color=#01DF01><font color=#01DF01><font color=#01DF01><font color=#01DF01>Uchiha Ryan	<font color=#01DF01><font color=#01DF01><font color=#01DF01><font color=#01DF01>Uchiha Ryan	where were u 
23:11:12	RazNam	RazNam	how&#39;s the game going
23:18:41	<font color=#01DF01><font color=#01DF01><font color=#01DF01><font color=#01DF01>Uchiha Ryan	<font color=#01DF01><font color=#01DF01><font color=#01DF01><font color=#01DF01>Uchiha Ryan	lol
23:18:45	<font color=#01DF01><font color=#01DF01><font color=#01DF01><font color=#01DF01>Uchiha Ryan	<font color=#01DF01><font color=#01DF01><font color=#01DF01><font color=#01DF01>Uchiha Ryan	master too stronk
23:19:21	<font color=#01DF01><font color=#01DF01><font color=#01DF01><font color=#01DF01>Uchiha Ryan	<font color=#01DF01><font color=#01DF01><font color=#01DF01><font color=#01DF01>Uchiha Ryan	lol gj master
23:23:03	<font color=#01DF01><font color=#01DF01><font color=#01DF01><font color=#01DF01>Uchiha Ryan	<font color=#01DF01><font color=#01DF01><font color=#01DF01><font color=#01DF01>Uchiha Ryan	im leaving soon
23:23:29	<font color=#01DF01><font color=#01DF01><font color=#01DF01><font color=#01DF01><font color=#01DF01><font color=#01DF01>Gaara	<font color=#01DF01><font color=#01DF01><font color=#01DF01><font color=#01DF01><font color=#01DF01><font color=#01DF01>Gaara	:/
23:23:40	<font color=#01DF01><font color=#01DF01><font color=#01DF01><font color=#01DF01><font color=#01DF01><font color=#01DF01>Gaara	<font color=#01DF01><font color=#01DF01><font color=#01DF01><font color=#01DF01><font color=#01DF01><font color=#01DF01>Gaara	awww
23:23:58	<font color=#01DF01><font color=#01DF01><font color=#01DF01><font color=#01DF01>Uchiha Ryan	<font color=#01DF01><font color=#01DF01><font color=#01DF01><font color=#01DF01>Uchiha Ryan	yeah im hella tired and i got school in the moring
23:24:01	<font color=#01DF01><font color=#01DF01><font color=#01DF01><font color=#01DF01>Uchiha Ryan	<font color=#01DF01><font color=#01DF01><font color=#01DF01><font color=#01DF01>Uchiha Ryan	morning
23:24:06	<font color=#01DF01><font color=#01DF01><font color=#01DF01><font color=#01DF01><font color=#01DF01><font color=#01DF01>Gaara	<font color=#01DF01><font color=#01DF01><font color=#01DF01><font color=#01DF01><font color=#01DF01><font color=#01DF01>Gaara	dang i got no school
23:24:12	<font color=#01DF01><font color=#01DF01><font color=#01DF01><font color=#01DF01><font color=#01DF01><font color=#01DF01>Gaara	<font color=#01DF01><font color=#01DF01><font color=#01DF01><font color=#01DF01><font color=#01DF01><font color=#01DF01>Gaara	damn thats why joemian not on
23:24:25	<font color=#01DF01><font color=#01DF01><font color=#01DF01><font color=#01DF01>Uchiha Ryan	<font color=#01DF01><font color=#01DF01><font color=#01DF01><font color=#01DF01>Uchiha Ryan	i see
23:24:27	<font color=#01DF01><font color=#01DF01><font color=#01DF01><font color=#01DF01><font color=#01DF01><font color=#01DF01>Gaara	<font color=#01DF01><font color=#01DF01><font color=#01DF01><font color=#01DF01><font color=#01DF01><font color=#01DF01>Gaara	yo
23:24:33	<font color=#01DF01><font color=#01DF01><font color=#01DF01><font color=#01DF01>Uchiha Ryan	<font color=#01DF01><font color=#01DF01><font color=#01DF01><font color=#01DF01>Uchiha Ryan	?
