23:15:46	Shun	col
23:15:49	Shun	cool*
23:15:56	Hyuuga Kals	ikr ^.^
23:16:04	Shun	but
23:16:14	Shun	why there are only the same clans from goa original?
23:16:25	Arty	cos this aint even close to completion?
23:16:31	Satasu	hello
23:16:32	Shun	oh....
23:16:32	Arty	i have got school
23:16:49	Arty	and a lot of balance features has been added
23:17:03	Shun	hmm....
23:17:35	Satasu	do u have bijuu?
23:17:35	Shun	LOL
23:17:38	Shun	tha fuck?
23:17:45	Arty	C4
23:18:09	Arty	is the special bar annoying?
23:18:19	Arty	i made it to stop jutsu spam
23:18:35	Shun	hehe
23:18:38	Shun	use another
23:19:01	Arty	i gotta fix da icon on that shit O.o
23:19:17	Shun	yapxD
23:19:38	Satasu	special points?
23:19:42	Arty	special bar
23:19:47	Arty	ever jutsu uses it
23:19:49	Satasu	how it work?
23:20:06	Arty	every jutsu has a specific special bar point usage
23:20:16	Arty	more op the move the higher the cost
23:20:22	Satasu	how do u get points?
23:20:22	Arty	and u gotta charge it to regain it
23:20:32	Arty	press the button in green or G macro
23:20:54	Arty	wen ur in a fight and u use op move
23:21:00	Arty	u basically lose most of it
23:21:10	Arty	meaning u will be wide open for attack so u can recharge it
23:21:20	Shun	LOOOOOOOOOOOOOL
23:21:31	Satasu	lol i wanna stay and play this game XD
23:21:42	Arty	rofl xD
23:21:51	Shun	me too
23:21:53	Shun	*-*
23:21:53	Arty	deidaras riding bird :3
23:21:59	Shun	haha
23:22:08	Satasu	pass out bijuu XD
23:22:08	Shun	i ill fucking do a clay artist
23:22:17	Arty	rofl
23:22:19	Arty	i have
23:22:30	Shun	lol
23:22:32	Shun	sorry
23:22:37	Arty	C0,C1,C2,C3,C4,clay barrage and clay kawa
23:22:44	Shun	and
23:22:46	Shun	the bird
23:22:47	Shun	^^
23:22:56	Arty	mhm xD
23:22:57	Shun	i just got dead
23:22:59	Shun	:(
23:23:01	Arty	o and
23:23:03	Arty	clay owl
23:23:12	Shun	SUmmon plz
23:23:17	Shun	lol
23:23:18	Arty	im in hopsital lol
23:23:32	Arty	most of ht emoves are nerfed :3
23:23:40	Shun	dang
23:23:44	Arty	c0 will kill u
23:23:51	Arty	but will kill the other person
23:23:55	Shun	haha
23:23:55	Arty	i mean KO
23:23:56	Shun	cool
23:23:57	Arty	^
23:24:00	Satasu	r there missions?
23:24:01	Shun	suicidal
23:24:04	Arty	mhm xD
23:24:09	Shun	xD
23:24:13	Shun	hmm....
23:24:24	Shun	but
23:24:39	Shun	i still dont got how the special system works
23:24:41	Satasu	arty do u have ssm and akat and stuff in yet?
23:24:48	Arty	nope
23:24:53	Arty	i have the factions
23:24:55	Shun	if u put it
23:24:57	Arty	jus not the stuf
23:25:02	Shun	i want to be akat leader
23:25:08	Shun	i ill create a  pein
23:25:16	Satasu	lol remakeing
23:25:18	Arty	rofl i aint havin rinnegan
23:25:22	Arty	shit is op
23:25:25	Arty	and aint a clan
23:25:26	Shun	rlx
23:25:45	Arty	i wanna know if the special bar is actually any good
23:25:52	Arty	or annoying
23:25:55	Shun	i dont got it
23:26:02	Shun	still dont got how it works
23:26:03	Arty	u cant use jutsu without it
23:26:14	Arty	prevents spam
23:26:16	Shun	and how i can lose it?
23:26:19	Arty	u use jutsu
23:26:26	Arty	u use some of it up
23:26:27	Shun	u used jutsu
23:26:31	Satasu	summon me plz
23:26:32	Shun	and wont losed this
23:26:35	Shun	-.-
23:26:39	Arty	cos i aint coded it in for clans yet
23:26:44	Arty	i did it for elements
23:26:49	Shun	oooh
23:27:04	Arty	i wanna know if its any good or annoying
23:27:10	Shun	good
23:27:13	Shun	no
23:27:15	Shun	wait
23:27:17	Shun	bro
23:27:24	Shun	just let the cooldown bigged
23:27:27	Shun	bigger*
23:27:54	Arty	its not that lol, its that people spam jutsu without a care in the world and spam op jutsu since theres no downside
23:28:11	Arty	if u use ur bar up u gotta recharge it, which leaves u wide open
23:28:23	Arty	so in middle of fights people wont carelessly spam
23:28:29	Shun	but
23:28:34	Shun	its very annoying bro
23:28:47	Arty	i know its why i wanna know wat people think
23:29:16	Shun	summon
23:29:41	Shun	konohas beautifull huh?
23:29:46	Arty	mhm ^.^
23:29:50	Arty	i made a new goa map
23:29:58	Arty	click on map and u will see
23:30:04	Shun	:O
23:30:06	Shun	cool
23:30:12	Arty	^.^
23:31:15	Arty	water clone &lt;3
23:31:16	Shun	arty
23:31:24	Shun	can u show more elemental jutsus?
23:31:37	Arty	wat clone is element
23:31:41	Shun	i know
23:31:50	Arty	its really easy to kill but u control it
23:31:52	Arty	i am
23:32:32	Arty	all show u hidden mist
23:32:34	Satasu	hmm this is pretty cool
23:32:46	Shun	can u summon?
23:32:48	Arty	theres 20 more new element moves i aint shown u yet
23:32:53	Shun	:(
23:32:58	Shun	:O*
23:33:00	Satasu	show 1
23:33:03	Shun	THA FUCK
23:33:11	Arty	get away from me O.o
23:33:15	Arty	its hidden mist rofl
23:33:16	Shun	just get blind
23:33:20	Shun	dammit
23:33:33	Arty	if u get like 7 tiles away from me u lose it
23:34:34	Satasu	*is looking for unicorns
23:34:55	Arty	stand on water
23:35:01	Arty	&gt;.&gt; i cba to fight
23:35:03	Shun	ok
23:35:16	Shun	OUCH
23:35:17	Shun	bro
23:35:23	Shun	this should be a capacity jutsu
23:35:23	Arty	water shark gun
23:35:24	Satasu	how do ppl get the sorce to these  games?
23:35:32	Arty	this is my source lol
23:35:33	Shun	do this a capacity jutsu
23:35:41	Arty	i made it from scratch from a fresh goa source
23:35:43	Shun	not a elemental
23:35:45	Shun	-.-
23:35:50	Arty	im not ahcing jutsu for non clans &gt;.&gt;
23:35:53	Satasu	u started for scratch =0
23:35:55	Arty	water sharks = water
23:36:09	Arty	kisame used it a lot cos he was a shark
23:36:16	Arty	bu other people can use it als
23:36:23	Shun	aww man
23:36:33	Shun	ill ppl copy kisame
23:36:35	Shun	then
23:36:44	Shun	i dont see the point to have capacity
23:36:46	Shun	&#39;-&#39;
23:36:57	Arty	capacity = higher stam and chakra
23:37:05	Satasu	hmm wat else can i do on this demo lol
23:37:16	Arty	dunno lol xD
23:37:22	Arty	i have skill descriptions is
23:37:30	Shun	OUCH
23:37:35	Shun	i just got killed
23:37:54	Shun	lol
23:37:56	Satasu	you should add a war event where your village fight tailed beast
23:38:00	Shun	hmm
23:38:17	Arty	na its kinder gay O.o
23:38:19	Shun	dang
23:38:23	Shun	lol
23:38:27	Shun	NOOOOOOOOO
23:38:28	Arty	rofl prison is fuked O.o
23:38:42	Shun	FUCK OFF
23:38:44	Shun	T-T
23:39:51	Shun	so
23:39:56	Shun	show us fire jutsus
23:40:00	Shun	plox
23:40:15	Arty	nothing new there really i just redid the fire system
23:40:23	Arty	u now get burned instead of stunned
23:40:28	Shun	lol
23:40:46	Shun	it remenber me of pokemon
23:40:54	Shun	burn stun
23:41:02	Shun	that stuff
23:41:03	Shun	LOL
23:41:10	Arty	nigga u weak!
23:41:14	Satasu	summon me plz
23:41:44	Shun	COOL
23:41:46	Shun	im dead
23:41:48	Shun	:(
23:42:05	Shun	arty
23:42:10	Shun	whats ur real name?
23:42:20	Arty	Arty is my nickname in real life
23:42:24	Arty	O.o
23:42:27	Shun	oh
23:42:35	Arty	^.^
23:42:47	Shun	arty are u racist?
23:42:56	Arty	dont think so
23:43:17	Satasu	lol?
23:43:26	Shun	just asking to see if u gonna ban me
23:43:27	Arty	TROLOLOL
23:43:31	Shun	im african
23:43:35	Arty	my water clone sacrificed itself
23:43:53	Arty	o ye i have tai lock on here as well
23:43:56	Arty	lol
23:44:00	Arty	idc wat race u are
23:44:02	Arty	rofl
23:44:08	Shun	im a sayajin
23:44:16	Arty	ehh? rofl
23:44:24	Shun	kidding
23:44:24	Shun	p
23:44:31	Shun	im just brazilian
23:44:32	Shun	:(
23:44:35	Arty	lol
23:44:43	Arty	i live in the UK ^.^
23:44:47	Shun	oh
23:44:49	Shun	cool
23:44:57	Satasu	pedobear
23:45:02	Shun	lol
23:45:19	Shun	summon plz
23:45:25	Arty	&gt;.&gt;
23:46:01	Satasu	hmmmm now wat?? summon a monster for us to fight XD
23:46:09	Shun	he can
23:46:32	Shun	KIK
23:46:34	Shun	lol
23:46:48	Shun	STOP FUCKING KILLING ME
23:46:59	Shun	REVIVE
23:47:54	Shun	hmm...
23:49:32	Arty	who wants to fight hashirama O.o
23:49:43	Shun	me
23:50:05	Shun	WOW
23:50:21	Shun	STOP HELPING HE]
23:50:23	Shun	U BITCH
23:50:27	Shun	help me
23:50:28	Shun	T-T
23:50:36	Arty	trololol
23:50:41	Arty	u said O.o me
23:50:59	Shun	LOOOOL
23:51:09	Arty	u getting bitch slapped ^.^
23:51:23	Satasu	give us a tailed beast XD
23:51:29	Shun	YES
23:51:31	Shun	give me nibi
23:51:33	Shun	plz
23:51:38	Shun	and summon me
23:51:43	Satasu	lol 5 tailes plz
23:51:43	Shun	AND DESTROY HASHIRAMA
23:51:48	Arty	i havent coded in bijuu yet
23:51:54	Shun	Okay :(
23:51:56	Satasu	&gt;_&gt;
23:52:00	Shun	at least summon 
23:52:23	Satasu	lol whos Hashirama Senju
23:52:36	Arty	hes my edo tensai
23:52:42	Shun	HE WONT DIE
23:52:43	Satasu	lmao
23:53:16	Arty	hashirama raping rofl
23:53:29	Shun	LOL
23:53:34	Shun	sorry bro :(
23:53:37	Satasu	summon the nd hokage
23:53:45	Shun	hokages dead
23:53:47	Satasu	2nd
23:53:47	Arty	lol hes less strong
23:53:52	Arty	but u will struggle
23:53:54	Satasu	lol oh
23:54:00	Shun	LO
23:54:03	Shun	pwned
23:54:39	Shun	arty
23:54:46	Shun	what clan ill have edo tensei?
23:54:46	Arty	mhm
23:54:54	Arty	its my summons lol
23:54:58	Shun	^but
23:55:00	Arty	it wont be a clan
23:55:03	Arty	shit is OP
23:55:04	Satasu	lol
23:55:05	Shun	Okay :(
23:55:14	Arty	im kabutomaru O.o
23:55:16	Satasu	whos else can u summon?
23:55:25	Arty	only those two and sasori
23:55:33	Shun	aaah
23:55:36	Shun	sasori is noob
23:55:40	Arty	rofl
23:55:47	Satasu	hmmm u have any pein jutsu
23:55:56	Arty	nope not adding pein
23:56:06	Satasu	summon me
23:56:09	Shun	....................................
23:56:14	Shun	lol
23:56:17	Shun	why arty?
23:56:25	Arty	rofl
23:56:31	Arty	cos pain aint a clan
23:56:37	Shun	buuuuuuuut
23:56:47	Arty	this game is supposed to be balanced not shitty revised
23:56:50	Shun	there ill be anyway to get rinnegan and its skills?
23:56:56	Shun	like
23:56:56	Arty	nope
23:56:59	Shun	dang bro
23:57:00	Arty	unless u donate
23:57:07	Shun	like this u ruin the game T-T
23:57:10	Arty	i will add donation stuff
23:57:12	Shun	lol
23:57:15	Arty	it wont be op
23:57:16	Arty	?
23:57:21	Shun	the problem of the servers
23:57:23	Shun	is
23:57:26	Shun	the donation
23:57:28	Satasu	when will the game be done?
23:57:33	Arty	not really
23:57:38	Shun	yeah really
23:57:43	Arty	i aint adding op jutsu for danations
23:57:46	Arty	donations
23:57:54	Shun	summon.......
23:58:07	Arty	donations will include levels, jutsu in game etc, etc
23:58:12	Shun	see
23:58:14	Arty	i dunno wen the game will be done
23:58:19	Shun	the donation ruins all server
23:58:24	Shun	no exception
23:58:27	Arty	i need money?
23:58:32	Arty	for shell
23:58:36	Shun	no u dont
23:58:39	Shun	XD
23:58:43	Arty	i aint spending my own moeny on it
23:59:01	Arty	u still dont understand how life is o.o
23:59:19	Satasu	hmm i need to get the source to a goa game
23:59:21	Arty	money keeps games running and makes gameplay better
23:59:34	Shun	summon
