19:03:32	Arty	my game is mainly bug free as well :3
19:07:41	Rain	still an amazing game
19:07:47	Arty	yep xD
19:07:48	Rain	no bugs? :O
19:07:57	Arty	from what i know
19:07:58	Arty	nope
19:08:28	Rain	if i buy it, can you help me work on it?
19:08:35	Rain	cause without u its pointless
19:08:43	Arty	if im around
19:08:48	Arty	im hardly ever on o.o
19:08:53	Rain	oh yeah lol
19:08:57	Rain	hmm
19:09:14	Rain	lets see how much i can spare this week
19:09:31	Arty	kk :3
19:10:05	Rain	120?
19:10:26	Arty	180 O.o
19:10:37	Rain	i do got a family ya know ._.
19:10:42	Arty	ye xD
19:10:44	Arty	i know :£
19:10:52	Arty	i was trying to deal o.o
19:10:55	Arty	&gt;;O
19:11:06	Arty	ok then :£
19:11:28	Rain	ok whats your paypal?
19:12:40	Arty	spongeking@hotmail.co.uk
19:12:51	Rain	sponge...king?
19:12:59	Rain	lol
19:13:27	Arty	ye
19:13:28	Arty	..
19:13:36	Arty	its my old email &gt;;o
19:13:50	Arty	which is my only paypal :3
19:14:17	Rain	lol ok
19:14:26	Rain	here we go
19:14:35	Arty	kk xD
19:14:39	Arty	i need to upload it
19:14:40	Arty	o.o
19:14:43	Arty	hold
19:14:52	Rain	go go ill have the money in
19:14:58	Arty	kk
