02:35:01	Gai	Gai	the jutsu
02:35:09	Gai	Gai	actualy does my techs?
02:35:34	Arty	Arty	xD
02:36:15	Arty	Arty	there we go :3
02:37:23	Gai	Gai	lol cant wait to see it
02:41:43	Gai	Gai	lol my bad aboutt that
02:45:24	Gai	Gai	that jutsu
02:45:28	Gai	Gai	rape
02:47:33	Gai	Gai	i have
02:47:37	Gai	Gai	Whirldwind
02:47:44	Gai	Gai	gate 1 lol
02:47:55	Arty	Arty	the chanceds of him using a jutsu is low
02:48:02	Arty	Arty	to reduce opness of npc
02:48:14	Arty	Arty	if u press f it occasianlly uses a jutsu
02:48:26	Gai	Gai	that jutsu gonna be skill tree&gt;
02:48:30	Arty	Arty	ye
02:48:33	Arty	Arty	it aint op
02:48:37	Arty	Arty	:3
02:49:06	Gai	Gai	Ayumi@!
02:49:28	Gai	Gai	can i have lcl 100
02:49:59	Gai	Gai	only ayumi ayumi wears that pink hair
02:50:10	Ayumi	Ayumi	I know lol.
02:50:18	Arty	Arty	did u use to gfx me? O.o
02:50:44	Arty	Arty	ye i forgot to mention if other people inrange it attacks them :3
02:51:09	Gai	Gai	lol imma buy jutsus now
02:51:14	Arty	Arty	rofl
02:51:27	Arty	Arty	ima show ayumi a kl earth move :£
02:51:32	Gai	Gai	summon hashirama
02:51:35	Arty	Arty	raiden die ! again pweez :£
02:51:39	Gai	Gai	i&#39;d fuck him up
02:51:45	Arty	Arty	kk get ready for him then
02:51:51	Arty	Arty	after i showed her this :£
02:52:36	Gai	Gai	O.o
02:52:38	Gai	Gai	Fucked
02:52:40	Arty	Arty	how kl is that :3
02:54:02	Gai	Gai	u added the swords?
02:54:08	Arty	Arty	of course ;)
02:54:12	Arty	Arty	those swords are lush
02:54:15	Gai	Gai	gimme z sword
02:54:21	Arty	Arty	i dont have it in yet :£
02:54:26	Gai	Gai	which ones u do
02:55:07	Gai	Gai	tthat nigga on my ass
02:55:13	Gai	Gai	glued*
02:55:34	Gai	Gai	which swords are in?&gt;
02:55:35	Arty	Arty	i know its why its op :3
02:55:39	Arty	Arty	none atm
02:56:00	Gai	Gai	should send me host files
02:56:13	Arty	Arty	not yet i dont need to host it yet
02:56:36	Arty	Arty	by hashirama :3
02:58:55	Gai	Gai	money?
02:59:08	Arty	Arty	lol its not ment to be played yet :3
02:59:21	Gai	Gai	k
02:59:44	Arty	Arty	that move has two affects
02:59:45	Gai	Gai	hmm messed up
02:59:50	Arty	Arty	not really O.o
02:59:52	Gai	Gai	my 
02:59:55	Gai	Gai	Build
02:59:56	Arty	Arty	it has two affects :£
02:59:59	Gai	Gai	Respec?
03:01:42	Gai	Gai	can i get one respec
03:02:02	Gai	Gai	imma be the 
03:02:05	Gai	Gai	Black 
03:02:09	Gai	Gai	Bruceleee
03:02:15	Arty	Arty	lol
03:02:17	Gai	Gai	When its officialy up
03:02:51	Gai	Gai	awsome
04:20:30	Gai	Gai	lol
16:02:09	Arty	Arty	how da fuk did u join &gt;.&gt;
