02:03:20	Arty	hi :P
02:06:45	Gai	awsome
02:06:51	Arty	thx
02:06:58	Arty	hows the interface? O.o
02:07:12	Arty	shit took me 5 hours to get it right &gt;.&gt;
02:07:26	Arty	also apart from golem all rock techs are done
02:07:30	Gai	a lil bnit laggy though
02:07:41	Arty	im not lagging O.o
02:07:48	Gai	i am
02:07:50	Arty	so im guessing its my connection
02:08:12	Arty	my rsc is 11mb which is extremly low :3
02:08:22	Arty	so its my connection :3
02:08:44	Arty	i got new jutsu as well O.o
02:08:54	Arty	ok hold on :P
02:08:55	Gai	your gonna add more stuff
02:09:00	Arty	of course lol
02:09:00	Gai	to skill tree?
02:09:04	Arty	this shit aiint finished yet
02:09:06	Arty	ye
02:09:07	Arty	rofl
02:09:12	Arty	i do the skill tree
02:09:16	Arty	the very last thing
02:09:22	Arty	wen everything is added
02:09:48	Gai	fuck respec me
02:10:19	Arty	need to make a verb for it &gt;.&lt;
02:10:32	Arty	w8 its there already xD
02:10:45	Gai	lol
02:11:00	Gai	ayumi on
02:11:04	Gai	you talked to her?
02:11:33	Arty	dont enter rofl :£
02:12:08	Gai	i invited her
02:12:24	Gai	im becoming
02:12:26	Gai	Tai
02:12:54	Arty	rofl kk :3
02:13:09	Arty	time to show u the new movse
02:13:12	Arty	moves
02:13:17	Gai	k
02:14:12	Gai	nice
02:14:17	Arty	thx xD
02:14:22	Arty	thats the crappest one though O.o
02:14:24	Arty	^
02:14:25	Arty	rofl
02:14:26	Gai	lol
02:14:37	Gai	it can be avoided moving out the way
02:14:46	Arty	yep
02:14:47	Arty	that
02:14:49	Arty	move
02:14:53	Arty	i made it to lock on
02:15:02	Gai	lol kawa catch?&gt;
02:15:03	Arty	if ur in range within like 2 secs
02:15:07	Arty	it will hit u
02:15:10	Arty	no
02:15:17	Arty	ok
02:15:18	Gai	hmm
02:15:28	Gai	the force is op
02:15:29	Arty	run around and wen i use that move run away from me
02:15:46	Arty	reasdy?
02:16:16	Arty	run away rofl wen im doing that xD
02:16:18	Gai	fuck hold on again i lagged spiked
02:16:22	Arty	that move can be avoided :3
02:16:29	Arty	reset delay
02:16:41	Gai	never had to ,how?
02:16:43	Gai	lol
02:16:50	Arty	go to
02:16:53	Arty	press f1
02:16:56	Arty	then go to commands
02:17:06	Arty	and type in .configure delay 0
02:17:10	Arty	.configure delay 0
02:17:23	Gai	done
02:17:32	Arty	is it lagging?
02:17:38	Gai	yeah
02:17:46	Gai	a lil though
02:17:47	Arty	its my connection then -_-
02:18:06	Arty	theres nothing wrong with the source O.o and im getting no runtime errors
02:18:18	Gai	go
02:18:30	Arty	see
02:18:34	Arty	lol i missed u xD
02:18:36	Gai	hmm
02:18:42	Arty	three more
02:18:43	Gai	op but balanced
02:19:09	Arty	hold lemme get chakra
02:19:11	Gai	you should do light weight
02:19:16	Gai	Jutsu
02:19:22	Gai	making others or yourself
02:19:25	Arty	its crap and op lol :3 its stupid xd
02:19:26	Gai	Faster
02:19:35	Gai	ha
02:19:42	Arty	anyway my game has tai slow down
02:20:22	Gai	that drain was nice
02:20:28	Gai	cant move and interrupt
02:20:28	Arty	the earth move jiroubou used 
02:20:33	Arty	i kow :)
02:20:40	Arty	i liked that move ^.^
02:20:44	Arty	and two more
02:20:51	Gai	people downloading resources?
02:20:57	Gai	on deomon
02:21:05	Arty	nope its my connection xD
02:21:13	Arty	can u host lag free?
02:21:16	Gai	no but people logging in lol
02:21:18	Gai	yeah
02:21:20	Arty	no
02:21:21	Gai	pretty much
02:21:26	Arty	i made my game invisible
02:21:41	Arty	i dont know how someone logged on rofl
02:21:43	Gai	I dont host on xp
02:21:50	Gai	I invited
02:21:54	Gai	some people
02:21:56	Gai	ayumi
02:22:00	Arty	i have windows 7 xD
02:22:03	Gai	and my iconning friend
02:22:09	Gai	i got the tripple play shit
02:22:13	Arty	this game is far from complete though xD
02:22:23	Gai	at this stage if ppl
02:22:29	Gai	are down to play gekido
02:22:42	Arty	my game&gt;gekito
02:22:43	Gai	or  hmm what other game that lacks shit
02:22:50	Arty	gates
02:22:52	Arty	revised
02:22:56	Gai	and ppl still dick ride it
02:23:03	Arty	i know rofl
02:23:08	Gai	Lol i just 
02:23:12	Arty	alright for this last move im have to kill u :3
02:23:13	Gai	read one of the gfxs
02:23:17	Gai	gfor revise
02:23:22	Gai	this what he said
02:23:29	Gai	I douta am trying my best
02:23:34	Gai	to keep this game alive
02:23:39	Gai	and make it the best out there
02:23:56	Arty	LOL
02:24:08	Gai	faill...
02:24:29	Gai	I don&#39;t even see
02:24:35	Gai	why he&#39;s still on byond
02:24:37	Arty	LOL
02:24:44	Gai	Most hated person
02:24:44	Arty	who douta?
02:24:47	Gai	yeah
02:24:51	Arty	true ^.^
02:24:58	Gai	Everyone kknows he;s a fat fuck
02:25:03	Gai	A lier
02:25:05	Arty	revised gonna go to 0 wen my game is released for real :)
02:25:11	Gai	Lol ye!
02:25:29	Gai	wtf w. ppl having unlimited reborn now
02:25:40	Arty	how lol? O.o
02:25:41	Gai	I saw another guy w. it
02:25:49	Gai	well a nub hosting it
02:25:51	Gai	BR
02:26:01	Arty	lol i may of used unlimited on som aspects but i only used some stuff
02:26:14	Gai	some stuff were a must
02:26:22	Gai	we gotta add music to this game too
02:26:39	Gai	Cause 
02:26:46	Gai	Gates plays too much trash
02:26:55	Gai	( by trash the anime soundtrack
02:27:28	Gai	I can convert Music  from youtube into Mp3 formats
02:27:50	Arty	pay music causes serious lag
02:28:02	Arty	playing*
02:28:03	Gai	yeah i guess
02:28:10	Gai	can you give me
02:28:13	Gai	lvl 100
02:28:16	Arty	u have to download resources for it
02:28:29	Arty	i need ur corpse :3
02:28:39	Gai	for what &gt;.&gt;
02:28:46	Gai	edo tensai?
02:28:52	Arty	no earth style move
02:28:58	Arty	this is my fav move &lt;3
02:29:05	Gai	that
02:29:10	Gai	from the movie
02:34:17	Arty	ok again i need ur corpse rofl
02:35:26	Arty	wat techs O.o
02:35:30	Arty	hell ye
02:35:31	Arty	rofl
02:36:19	Arty	xD
02:36:37	Arty	btw if ur looking for new jutsu i havent added them to the tree yet cos im only testiing O.o
02:39:31	Arty	ur corpse gone &gt;;O
02:39:37	Arty	nigga u get bak here :
02:41:55	Arty	now die quickly :3
02:42:05	Arty	come out :3
02:45:49	Arty	i know :3
02:46:00	Arty	he didnt use any moves cos u dont have any &gt;.&lt;
02:47:43	Arty	thats one jutsu O.o
02:49:00	Ayumi	O.o
02:49:12	Arty	hey xD
02:49:14	Arty	rofl
02:49:23	Ayumi	Hello.
02:49:28	Arty	u wont see any new jutsu on the skill tree cos i add that last O.
02:50:01	Arty	only element left to finish is wind
02:53:24	Arty	o ye i forgot to say that to make ur corpse attack u have to press A
03:02:06	Arty	relog
03:02:57	Gai	awsome and balanced
03:03:08	Gai	If i was to be a  rock user
03:03:22	Gai	i would not use the corpse to kill just to buy me time
03:03:24	Gai	as a decoy
03:03:58	Gai	Im blacker than black
03:04:44	Gai	2 mins
03:04:53	Gai	to give a challenge
03:05:01	Gai	and can summone only 1 at a time
03:05:17	Gai	ofc
03:05:56	Gai	naaa
03:05:59	Gai	2 mins
03:06:13	Gai	cause its gonna mostly be used well imma use it
03:06:16	Gai	is for that
03:06:23	Gai	to buy time to regen con
03:08:08	Arty	o ye if u want to know the damage of stamina ur get hit by just toggle combat
03:08:15	Arty	^ another new addition
03:08:20	Arty	now to try ffa
03:10:39	Gai	fuck
03:10:47	Gai	did my build wrong again
03:10:50	Gai	w.e 
03:12:40	Gai	wheres everyone?
03:12:45	Gai	you guys?
03:15:33	Gai	ayumi
03:15:36	Gai	accept
03:17:03	Gai	..
03:17:21	Gai	i accepted lol
03:17:27	Arty	accept !
03:17:34	Arty	man &gt;.&lt;
03:18:42	Arty	gai
03:18:48	Gai	?
03:18:53	Arty	send me challenge
03:20:02	Arty	got u rofl
03:20:06	Gai	tai overlly nerfed
03:20:45	Arty	nobody will be using them accept me and i nerfed the tai from unlimited there they were overly op
03:21:08	Gai	hashirama and tobi wack 
03:21:13	Gai	U know whats op
03:21:18	Gai	itachi edo tensai
03:21:28	Arty	ROFL
03:21:31	Arty	true :3
03:21:42	Gai	if that was created
03:21:44	Gai	Omfg
03:21:51	Gai	Amataratsu holocaust
03:21:54	Arty	send me an invite for a diff arena
03:22:07	Arty	not the normal one
03:22:11	Gai	i did
03:22:15	Gai	destroyer island
03:22:20	Arty	i got nothing &gt;.&lt;
03:22:38	Arty	send again
03:23:29	Gai	yeah sent ahgain
03:24:53	Gai	u got it?
03:24:58	Arty	nope &gt;.&lt;
03:25:46	Gai	the challenge
03:25:54	Gai	for other places dont work
03:27:19	Arty	i know :£
03:27:22	Arty	im trying to fix it
03:27:57	Arty	well u have one win cos of htat &gt;.&lt;
03:28:07	Gai	wheres ayumi
03:28:21	Gai	i wanna own her again
03:28:24	Arty	lol
03:28:28	Arty	dunno :3
03:29:23	Gai	she likes sneak attacking people&gt;.&gt;
03:30:32	Arty	lol
03:31:19	Gai	ayumi where are you&gt;
03:31:41	Gai	you should open ichiraku 
03:31:52	Gai	To buy ramen as a health thing
03:35:16	Arty	but gonna spam it though O.o
03:36:22	Gai	limit it
03:36:28	Gai	like buy 3 bowls
03:36:36	Gai	the maximum
03:36:41	Arty	maybe :3
03:36:55	Gai	lol
03:37:06	Gai	and so ppl wont use it all in one shot
03:37:09	Gai	do a c/d 
03:37:16	Arty	did u get my invite?
03:37:23	Arty	well challenge
03:37:24	Gai	and make it say &#34;Your stomach is aching&#34;
03:37:35	Gai	naa
03:37:38	Arty	&gt;.&lt;
03:38:59	Arty	i think i fixed it O.o
03:39:06	Arty	anything else thats fuked :3
03:39:15	Arty	try out all the verbs up abov
03:39:18	Arty	above*
03:40:51	Arty	ima rehost to see if challenge works :£
03:41:11	Arty	just bookmark this byond address :3 i keep the hosting on the same port
04:20:35	Gai	arty
04:52:21	Gai	arty
04:55:08	Gai	lol finaly woke up
04:55:10	Arty	? O.o im trying to fix the arena
04:56:11	Gai	bish&gt;.M
04:57:23	Gai	that shushin
04:57:25	Gai	saved him
04:57:29	Arty	owned :3
04:57:37	Gai	he not even that Op on unlimited lol
04:57:40	Arty	hashirama &gt; everyone else
04:58:01	Arty	unlimited he had 800 of every stat and stamina lika boss &gt;.&lt;
04:58:10	Gai	but he was able
04:58:13	Gai	to be koed
04:58:39	Arty	no he wasnt O.o
04:58:53	Arty	using gates on npc never works cos they shunshin
16:00:28	Snuu	hello hello
16:02:20	Arty	how the hell did u get here?
16:02:30	Snuu	king
16:02:49	Arty	it aint released yet O.o its far from finished lol
16:03:04	Snuu	king told me yall need an iconner
16:03:11	Arty	ye i do 
16:03:24	Snuu	ya he sent me for ya XD
16:03:36	Arty	can see how goo du are ? :L
16:03:37	Snuu	i like it so far
16:03:45	Arty	thx xD
16:03:58	Snuu	my msn is darthblader14@hotmail.com
16:04:04	Arty	kk
16:04:15	Snuu	if ur on an ultima send me the link
16:04:38	Arty	send u request
16:04:44	Arty	im never on ultima :3
16:04:45	Snuu	key is tobi uchiha
16:05:05	Arty	added u on both :3
16:05:22	Snuu	okie dokie wer in buisness XD
16:05:29	Snuu	i was shopping thx -_-
16:05:35	Arty	lol :3
16:06:07	Arty	all the elements have been finished :3
16:06:13	Snuu	ok
16:06:29	Arty	10 water,9 earth,7 wind,8 lightning,8 fire
16:06:32	Snuu	i wana make a jutsu for all the non-clans so they have some type of skill to
16:06:50	Arty	elements are non clan o.o
16:07:00	Snuu	i know but for like zabuza clans
16:07:08	Snuu	hidden mist assasination
16:07:14	Arty	there non clans there supposed to have no jutsu
16:07:16	Snuu	battles get a tank jutsu
16:07:26	Arty	its a reason why they get boosts O.o
16:07:46	Snuu	well ok
16:07:59	Snuu	ill get on msn
16:08:07	Arty	kk :3
16:08:40	Snuu	i do everything cept coding XD
16:08:47	Snuu	so if u want mapping let me know
16:08:48	Arty	i do everything :3
16:08:59	Arty	depends how goo du are at mapping
16:09:05	Arty	ill show u my new cha :3
16:09:11	Snuu	ok
16:10:49	Snuu	this is cool
16:11:04	Arty	thats even cooler :3
16:11:19	Snuu	lol
16:11:37	Arty	i wanna see if challenge arena works
16:11:43	Arty	accept my challenge :3
16:13:02	Arty	need to fix teleporting &gt;.&lt;
16:13:15	Snuu	XD
16:17:02	Snuu	do u plan on adding mangekyou?
16:17:20	Arty	lol its already in
16:17:26	Snuu	oo
16:17:30	Arty	u do know i have added a lot of never be before seen jutsu
16:17:30	Snuu	nice
16:17:36	Arty	i add them to tree 
16:17:40	Arty	at the last bit
16:17:45	Snuu	ok
16:17:48	Arty	one day before game is beta release :£
16:17:58	Snuu	ya i didnt get the request wats ur msn?
16:18:09	Arty	spongeking@hotmail.co.uk
16:18:26	Arty	atm theres prob around 20 new never before seen in any other rip jutsu :3
16:18:44	Snuu	haha
16:19:05	Snuu	i wana go orochi clan XD
16:20:34	Snuu	so
16:21:19	Snuu	u should make a way for a story mission for all the traits 
16:21:34	Snuu	and they all get ther own specific trait wepon or clothes or w/e
16:22:22	Arty	O.o
16:22:29	Arty	thats only for the non clan
16:22:38	Arty	i havent really started on clans :3
16:22:40	Arty	rofl
16:23:02	Snuu	and for missing ninja ther should be npcs like the mist hunters that track and fight them if ther in a town
16:23:06	Arty	still gotta add new weapons, a new genjutsu,gates and lotus
16:23:13	Snuu	thats the point to be missing XD
16:23:19	Arty	isnt that wat gaurds do?
16:23:25	Snuu	no
16:23:33	Arty	that will piss people off :3
16:23:36	Snuu	mist hunters actually go and kill them
16:23:48	Snuu	then they should go missing if ther not ready
16:23:51	Arty	but the players kill them for bounty?
16:24:02	Snuu	ya they can
16:24:10	Snuu	like a kakuzu type player
16:24:36	Arty	no anyone will kill be for bounty O.o its theres a bounty list
16:24:52	Snuu	and u should make it so genjutsu isnt kawa able cuz its all in the mind
16:25:32	Snuu	and like a lvl 3 genjutsu only uchihas or geniuses can do for actual dmg
16:25:46	Arty	that will make the game unbalanced
16:26:00	Snuu	no?
16:26:03	Arty	genjutsu will be op == more people spamming it
16:26:09	Snuu	mangekyou is unblaanced -_-
16:26:14	Arty	not on my game
16:26:22	Snuu	mk
16:26:31	Arty	everything in this game apart from my hokage summons are balanced
16:27:02	Snuu	so making a orochi clan would certainly be unbalanced O_O
16:27:03	Arty	susanoo = op but susanoo = auto kill yourself
16:27:19	Arty	im not making oro clan lol those edo tensais are for me
16:27:34	Snuu	thats lame -_-
16:27:39	Arty	not really
16:27:46	Arty	i aint adding op moves
16:28:06	Arty	and im not adding all 5 vills cos that will mean like two vills will be empty
16:28:12	Arty	i know how to make a game O.o
16:28:30	Arty	5 vills = unbalanced and not equally distributed
16:28:40	Snuu	ya
16:28:42	Snuu	true
16:28:45	Arty	3 vills and 3 factions with a limit - balanced
16:29:17	Snuu	u should make a turn based system to for dodging jutsu or things like that
16:29:24	Snuu	make pvp mroe epic
16:29:28	Arty	wat u mean?
16:29:38	Snuu	like say
16:30:06	Snuu	chidori spear for instance
16:30:25	Arty	mhm
16:30:30	Snuu	chidori spear is coming at u and u want to eather dodges or use a jutsu to lets say beam clash it
16:30:36	Snuu	like rasengan and chidori
16:31:02	Arty	i can have a go O.o
16:31:06	Snuu	makes this game noob proof if u think about it
16:31:14	Arty	mhm
16:31:18	Snuu	a lil bit more exciting for players
16:31:29	Arty	i can have a go xD
16:31:40	Snuu	so even a genin vs the leader of akatsuki can still have an epic go
16:32:11	Arty	only thing is it will be hard and i dunno if it can be done
16:32:24	Snuu	sure it can
16:32:40	Snuu	u gota go further and beyond on here 
16:32:47	Snuu	if u want this to be more then just a rip
16:32:54	Arty	the problem is O&gt;o
16:33:00	Arty	the way the jutsus are coded :£
16:33:35	Snuu	i know but u can make a delay for the finishing touch wen the jutsu hits maybe
16:34:05	Arty	delay?
16:34:32	Snuu	ya like u know how u can make a lag for a second then turn the lag off
16:34:42	Snuu	.configure delay 0-999999999
16:35:22	Snuu	but its only a tick lag for the player and not the server
16:36:10	Snuu	or u can just make a beam clash type thing insted
16:36:55	Snuu	like lets say a player has earth armor on but other player used the prison on them so ther both earth
16:37:12	Snuu	wich means the player could break out
16:37:48	Arty	mhm 
16:37:55	Arty	i can try :3
16:38:17	Arty	ok
16:38:29	Snuu	ok if u succeed u just got urself a new iconner
16:38:33	Snuu	:D
16:38:34	Arty	im see if the challenge verb works and other things
16:38:37	Arty	lol &gt;.&lt;
16:38:46	Arty	join in like two mins
16:47:09	Arty	brb need to eat :3
16:56:49	Snuu	mk
17:19:58	Arty	sorry im just adding a special bar
17:20:26	Snuu	ok
17:32:28	Snuu	im working on a bleach game tho :D
17:34:09	Arty	are u? o.o
17:34:51	Snuu	ya
17:35:13	Snuu	im doing like up to arrancars cuz i dont like the series after
17:36:56	Arty	kl :P
17:37:09	Snuu	if u wana help id appreciate it :D
