23:51:07	Hakemaru	o_0
23:51:11	Hakemaru	this is yours?
23:51:14	Arty	mhm
23:51:15	Arty	:3
23:51:24	Arty	from goa source ^.^
23:51:26	Hakemaru	u and kats have the same fucking thing
23:51:39	Arty	i used his turfs for pavement :3
23:51:41	Hakemaru	and the buildings from naruto Evo
23:51:51	Arty	i go those :£ and i editted them
23:51:55	Hakemaru	lol this is mavs source &gt;.&gt;
23:52:00	Arty	no it aint &gt;.&gt;
23:52:02	Hakemaru	lol
23:52:07	Arty	mav has none of this shit
23:52:07	Hakemaru	u took his numbering
23:52:11	Arty	mhm
23:52:18	Hakemaru	send me mavs new source ?
23:52:18	Arty	it was decently coded
23:52:22	Arty	no -_-
23:52:26	Hakemaru	plzzzzzzzzz
23:52:36	Arty	only thing i got of mav is the number system and his front lotus
23:52:45	Hakemaru	&gt;.&gt;
23:52:47	Arty	i stole a lot of his icons though O.O
23:52:54	Hakemaru	thats why i want it XD
23:52:58	Arty	lo
23:53:04	Arty	watch
23:53:23	Hakemaru	where are the jutsu for minato clan
23:53:32	Arty	i havent added them to skill tree
23:53:35	Arty	add that last
23:53:40	Hakemaru	&gt;.&gt;
23:53:40	Arty	so i can have a neat layout
23:53:44	Hakemaru	i wante to try them
23:53:51	Arty	-_- im thinking of removing it
23:53:55	Hakemaru	:|
23:53:59	Arty	and adding inuzuka instead
23:54:04	Hakemaru	-_-
23:54:06	Hakemaru	OR!
23:54:11	Hakemaru	you can make more clan slots
23:54:21	Arty	the gfx will need to be redone
23:54:28	Hakemaru	not really -_-
23:54:29	Arty	i cant gfx for shit
23:54:39	Hakemaru	u just make more spaces and place them places
23:54:49	Hakemaru	UNINTENTIONAL RHYME
23:54:52	Arty	i can just put them underneath?
23:55:09	Arty	theres a tone of new jutsu
23:55:18	Arty	i think 45 new jutsu coded in already
23:55:19	Hakemaru	who made the macro bar for you ?
23:55:24	Arty	my friend
23:55:33	Hakemaru	ive been trying to get someone to do that for me since GOA source was released -_-
23:55:43	Arty	rofl
23:55:49	Arty	my bar is nice :£
23:55:53	Arty	its killerbee
23:55:55	Arty	wit swords
23:56:10	Hakemaru	i sent a suggestion xD
23:56:23	Hakemaru	yo
23:56:28	Arty	rofl
23:56:30	Arty	i got it :£
23:56:32	Hakemaru	can u send me mavs new source plzzzz
23:56:35	Arty	add wat O.o
23:56:38	Arty	i cant 
23:56:41	Hakemaru	the jutsu u coded XD
23:56:43	Hakemaru	hy not -_-
23:56:47	Hakemaru	i want the skill descro
23:56:49	Hakemaru	p
23:56:52	Arty	rofl
23:56:55	Arty	that aint mavs
23:56:55	Hakemaru	Skill Description
23:56:58	Arty	i made that
23:57:02	Hakemaru	o_0
23:57:07	Hakemaru	send me it XD
23:57:08	Arty	mav aint that
23:57:13	Arty	no -_--
23:57:21	Arty	my rip only one to have it O.o
23:57:43	Arty	trololol
23:57:48	Hakemaru	no
23:57:57	Arty	who else has it?
23:58:00	Hakemaru	Naruto Unlimited (newest i seen) had it
23:58:07	Hakemaru	and that was like 2 months ago
23:58:23	Arty	that game is over done to the shit level
23:58:27	Hakemaru	im thinking of making a Naruto game 
23:58:33	Arty	seriosuly u gotta make ur own account? !!!!
23:58:38	Hakemaru	huh?
23:58:40	Arty	wen u have a byond one
23:58:43	Arty	unlimited
23:58:44	Hakemaru	oh i like that XD
23:58:48	Arty	why?
23:58:55	Hakemaru	so any of your accounts can use your character
23:58:56	Arty	its time consuming and pointless
23:59:08	Hakemaru	and guests dont have to register on byond and can play without downloading
23:59:13	Arty	then why not have it like officials?
23:59:24	Hakemaru	already explained it XD
23:59:29	Hakemaru	-_-
23:59:33	Arty	not really guests are code banned in source O.o
