00:00:08	Kanji Genpou	someone fight me lol
00:00:09	Uchiha Shun	kanji
00:00:13	Uchiha Shun	whats ur clan?
00:00:15	Yuki Verto	I get the same thing
00:00:16	Kanji Genpou	dust
00:00:39	Uchiha Kairu	Lol
00:00:47	Uchiha Kairu	Meet somewhere and fight then?
00:00:53	Yuki Verto	I&#39;m at cha dojo
00:00:58	Uchiha Kairu	K
00:01:22	Uchiha Kairu	Arty
00:01:23	Kanji Genpou	ill bbl
00:01:29	Uchiha Kairu	Your arena is bugged
00:01:54	Hyuuga Arty	how come?
00:02:01	Uchiha Kairu	We cant arena
00:02:03	Uchiha Kairu	Thats how
00:02:06	Uchiha Kairu	O.o
00:02:16	Atto	i was gunna heal but what ever
00:02:28	Hyuuga Arty	man &gt;.&lt; kk :3
00:03:26	Hyuuga Arty	ill fix arena
00:05:03	Uchiha Shisui	art
00:05:54	Hyuuga Arty	mhm
00:06:01	Uchiha Shisui	ultaim now?
00:06:30	Hyuuga Arty	kk O&gt;O
00:07:35	Uchiha Kairu	Arty
00:07:51	Hyuuga Arty	?
00:07:54	Uchiha Kairu	After tsukiyomi the person it is used on loses there jutsu I belive
00:08:01	Uchiha Kairu	SHIT
00:08:08	Uchiha Kairu	Hidden mist jutswu
00:08:14	Uchiha Kairu	Cant see xD
00:08:15	Yuki Verto	:P
00:09:35	Hyuuga Arty	?
00:09:58	Atto	it was my kamehameha
00:10:18	Atto	rly
00:10:21	Atto	wanna fight?
00:11:02	Uchiha Shun	not now
00:11:06	Uchiha Shun	gotta get passives
00:11:12	Uchiha Shun	and skills
00:11:16	Uchiha Shun	and same way
00:11:22	Uchiha Shun	u just beggined
00:12:22	Uchiha Shun	haha
00:12:24	Uchiha Shun	nice stardom
00:12:31	Atto	bs
00:12:41	Uchiha Stardom	 You took 8732.16 Stamina damage from Atto!

00:12:43	Uchiha Stardom	bs
00:12:53	Atto	ye no shit
00:12:54	Uchiha Stardom	i was on skill tree wast even fighting 
00:13:56	Atto	u wanna fair fight?
00:14:02	Yuki Verto	.
00:14:07	Uchiha Stardom	still doin jutsu and stuff after 
00:14:16	Uchiha Stardom	i  had to click jutsu to kill XD
00:14:45	Uchiha Stardom	they will come back
00:14:49	Uchiha Stardom	w/s
00:16:19	Uchiha Shun	Lol
00:17:50	Atto	done?
00:18:22	Hyuuga Arty	ima go :3 i will take server down in 30 mins or so need to sleep :3
00:18:23	Uchiha Stardom	hmm
00:18:30	Uchiha Stardom	wait
00:18:33	Uchiha Shun	aww man :(
00:18:36	Uchiha Stardom	leme fight ato
00:18:39	Hyuuga Arty	in 30 mins
00:18:43	Hyuuga Arty	not now
00:19:21	Uchiha Stardom	You have gained +1 village kills! (1)
00:19:51	Uchiha Shun	accept man
00:20:06	Uchiha Shun	atto
00:20:10	Uchiha Shun	inv me to battle
00:20:28	Uchiha Stardom	You took 7622 Stamina damage from Atto!
You took 7622 Stamina damage from Atto!

00:20:33	Uchiha Stardom	wtf lol
00:20:42	Uchiha Stardom	i was goin hosp i had wounds
00:21:38	Uchiha Stardom	aki kinda op 
00:21:50	Uchiha Stardom	howd u do 70 wounds
00:21:57	Uchiha Stardom	i mean 2 7k atks
00:22:12	Atto	bs
00:22:43	Uchiha Shun	ATTO
00:22:46	Atto	didnt woek
00:22:47	Uchiha Shun	inv me arena
00:22:48	Uchiha Shun	plz
00:23:03	Uchiha Stardom	atto u admin ?
00:23:37	Uchiha Stardom	atto u admin ?
00:23:43	Uchiha Stardom	ifso sumon me
00:26:43	Ganta	Levels?
00:27:50	Atto	fucken over wounded
00:27:55	Atto	b4 u attacked
00:28:01	Uchiha Stardom	&lt;3
00:29:06	Uchiha Stardom	pills give u high wounds ?
00:29:26	Uchiha Stardom	come dojo 
00:29:44	Atto	get raped
00:31:17	Ganta	Can I get levels pls?
00:32:08	Kanji Genpou	iiiiimmm back lol
00:32:47	Atto	wanna know y its not OP
00:32:56	Atto	cuz this aint revenge of the fallen
00:33:15	Atto	desert graveyard should  1h it KILL
00:33:18	Atto	nope
00:33:20	Atto	3k
00:34:11	Atto	lag
00:36:23	Hoshimaru	arty
00:37:20	Atto	OMG i abosultly HAte GEN
00:37:22	Atto	FUCK
00:37:37	Atto	cant do jutsus
00:37:44	Uchiha Stardom	its even 
00:37:47	Atto	cant break
00:37:50	Atto	dddasd
00:37:50	Atto	d
00:37:51	Atto	dd
00:37:51	Atto	d
00:37:52	Atto	dd
00:37:52	Atto	d
00:37:59	Uchiha Stardom	ur justu way to op anyway 
00:38:20	Atto	fuck it
00:38:27	Atto	ALL uchihas are GEN fuckers
00:38:36	Atto	not 1
00:38:49	Uchiha Stardom	i have no int in my build uchihas use gen what do u expect 
00:38:59	Uchiha Stardom	its clan jutsu id kakashi were here id be that 
00:39:15	Uchiha Stardom	and u can do 11 k with a low cd move no complainin 
00:41:58	Atto	Uchiha Stardom: Susanoo!
Uchiha Stardom has got 31100 Susanoo defence!
00:42:19	Uchiha Stardom	thats a lie
00:42:32	Uchiha Stardom	my life went down like normal
00:44:35	Uchiha Stardom	might make a cap 
00:44:57	Uchiha Stardom	im off for now seeya
00:45:27	Atto	Gen = rage quit fuck your cooldowns
00:46:09	Uchiha Danzou	level D=
