20:21:18	Hyuuga Arty	O.O
20:23:58	Hyuuga Arty	O.O
20:35:30	Hyuuga Arty	O.O
20:35:57	Uchiha FGsmoke	sup
20:36:02	Hyuuga Arty	hi :4
20:36:04	Hyuuga Arty	:£
20:36:16	Hyuuga Arty	is this better than revenge of the fallen ? O.O
20:36:36	Hyuuga Arty	some nigga came on to try and rip my icons -_- i banned his ass
20:36:41	Uchiha FGsmoke	yeah
20:36:51	Uchiha FGsmoke	lol and its way better
20:37:27	Hyuuga Arty	xD
20:37:29	Hyuuga Arty	kk :£
20:37:35	Hyuuga Arty	sorry its lonely :(
20:37:40	Hyuuga Arty	i dont spam invite people
20:37:49	Hyuuga Arty	and im trying to get a shell
20:37:51	Uchiha FGsmoke	i dont mind more space for me to train
20:37:57	Hyuuga Arty	lol xD
20:38:01	Uchiha FGsmoke	i thought u got one?
20:38:05	Hyuuga Arty	nope &gt;.&lt;
20:38:11	Hyuuga Arty	im trying to get donations
20:38:15	Hyuuga Arty	:3
20:38:29	Hyuuga Arty	costs like 20 pound for an nfo one ^_6
20:38:45	Uchiha FGsmoke	dang i would donate but im broke
20:39:03	Hyuuga Arty	dw :3, if u can then its good :P
20:39:07	Hyuuga Arty	^_^
20:39:14	Hyuuga Arty	but im sure someone will eventually :3
20:39:23	Uchiha FGsmoke	yeah i wouldnt worry
20:39:46	Hyuuga Arty	:p
20:39:53	Hyuuga Arty	who hsots revenge of the fallen?
20:39:56	Hyuuga Arty	hosts*
20:40:23	Uchiha FGsmoke	umm i think guy name gudo?
20:40:30	Hyuuga Arty	lol xD
20:40:36	Uchiha FGsmoke	im  not sure tho
20:40:38	Hyuuga Arty	hes a dick 
20:40:40	Hyuuga Arty	:3
20:40:50	Hyuuga Arty	like every other goa game
20:40:55	Hyuuga Arty	owner*
20:41:05	Uchiha FGsmoke	lol they do be trippin
20:41:12	Hyuuga Arty	lol true dat ^_^
20:42:00	Hyuuga Arty	are u lagging? O.o
20:42:10	Uchiha FGsmoke	a little bit, 
20:42:17	Uchiha FGsmoke	im building still so i cant tell tho
20:42:20	Hyuuga Arty	lol kk xD my hosting sucks really bad
20:43:32	Uchiha FGsmoke	lol itll get better with a shell
20:44:53	Hyuuga Arty	i know :3
20:44:57	Hyuuga Arty	44.99
20:45:01	Hyuuga Arty	for a two core shell
20:45:07	Hyuuga Arty	:3 on nfo server
20:45:18	Hyuuga Arty	specially made for games O.O
20:45:30	Hyuuga Arty	i need 44.99 -_- per month to keep it running
20:46:06	Uchiha FGsmoke	dang is expensive for a game
20:46:11	Hyuuga Arty	i have the money in my bank no problem but i dont particularly want to waste money on that :3
20:46:14	Hyuuga Arty	i know
20:46:20	Hyuuga Arty	one core is 29.99
20:46:24	Uchiha FGsmoke	yeah i understand
20:46:26	Hyuuga Arty	15 pound cheaper
20:46:48	Uchiha FGsmoke	wait didnt this game go up like 2 or 3 days ago and the shell ?
20:47:14	Hyuuga Arty	it had a shell 2 days ago
20:47:19	Hyuuga Arty	but the owner of it
20:47:22	Hyuuga Arty	like vanished
20:47:23	Hyuuga Arty	rofl
20:47:24	Hyuuga Arty	xD
20:47:35	Uchiha FGsmoke	lol i thought u were owner?
20:47:44	Hyuuga Arty	lol the owner of the shell
20:47:45	Hyuuga Arty	:3
20:47:47	Hyuuga Arty	xD
20:48:00	Uchiha FGsmoke	ooooh lol
20:48:20	Uchiha Shisui	sup
20:49:30	Uchiha FGsmoke	do u need ranks for skills?
20:50:48	Hyuuga Arty	nopr
20:51:00	Hyuuga Arty	hi :P
20:51:20	Hyuuga Arty	there are no rankings on any skill what so ever
20:51:25	Hyuuga Arty	fan the game as well :£
20:51:34	Hyuuga Arty	click the hub button ^_^
20:51:55	Uchiha Shisui	wait
20:52:03	Uchiha FGsmoke	lol im already fan
20:52:03	Uchiha Shisui	i was gona rm D:
20:52:09	Hyuuga Arty	rm? O.o
20:53:22	Uchiha FGsmoke	u wanna be like shisui?
20:53:25	Uchiha FGsmoke	ol
20:53:34	Uchiha Shisui	ye XD
20:53:42	Uchiha FGsmoke	lol i feel u he cool
20:53:42	Uchiha Shisui	btw
20:53:53	Uchiha Shisui	u want my iconning services?
20:56:42	Hyuuga Arty	na
20:56:48	Hyuuga Arty	i dont need an iconner :3
20:56:55	Hyuuga Arty	unless ur exceotionally good
20:57:00	Hyuuga Arty	exceptionally*
20:57:08	Uchiha Shisui	&lt;---------
20:57:19	Hyuuga Arty	show me ? xD
20:57:21	Uchiha Shisui	im tobi uchiha ive been iconning since 07
20:57:38	Uchiha FGsmoke	hey arty
20:57:42	Hyuuga Arty	show me some of ur work
20:57:45	Hyuuga Arty	hi ^_^
20:57:49	Uchiha Shisui	ok msn plz?
20:57:58	Uchiha Shisui	or ultima?
20:58:03	Uchiha FGsmoke	can i be leader of ame? or atleast be in it lol
20:58:47	Hyuuga Arty	msn
20:58:50	Hyuuga Arty	add me
20:58:55	Hyuuga Arty	spongeking@hotmail.co.uk
20:59:09	Hyuuga Arty	when the game gets released ice will host stuff for leaders xD
20:59:17	Hyuuga Arty	atm im trying to get a shell
20:59:21	Uchiha FGsmoke	oooh okay kool =)
20:59:23	Uchiha Shisui	id rather ultima so if for some reason u dont want me as ur pixel artist then u wouldnt have my art
20:59:35	Hyuuga Arty	kk
20:59:51	Uchiha FGsmoke	can u get eternal mangekyo on here?
21:00:25	Hyuuga Arty	yew
21:00:28	Hyuuga Arty	u can ^_^
21:00:36	Uchiha FGsmoke	how i do it?
21:00:37	Hyuuga Arty	100 kills :3
21:00:38	Uchiha FGsmoke	lol
21:00:54	Hyuuga Arty	xD
21:00:58	Uchiha FGsmoke	iight and then it comes? or i have to take someone eyes?
21:01:16	Hyuuga Arty	if u think a clan has something in anime but u dont see it, its mostly likely secret or something
21:01:21	Hyuuga Arty	it auto appears
21:01:32	Uchiha FGsmoke	ok thats cool lol 
21:01:34	Hyuuga Arty	so people dont start complaining about if they get it or not
21:01:41	Hyuuga Arty	i made the system easy
21:01:45	Uchiha FGsmoke	imma be killin leafies
21:01:47	Hyuuga Arty	cos i got tired of people moaning
21:01:55	Hyuuga Arty	lol V.killing lowers ur rank
21:01:56	Hyuuga Arty	^
21:02:05	Hyuuga Arty	read report card ^_^
21:02:37	Uchiha FGsmoke	alot well after i get into another village at least
21:02:53	Uchiha FGsmoke	i wanna be ame lol thats my favorite  village
21:03:00	Uchiha FGsmoke	then the sound
21:03:10	Hyuuga Arty	they dont have bases yet
21:03:14	Hyuuga Arty	reaso
21:03:19	Hyuuga Arty	cba syndrome :2
21:03:20	Hyuuga Arty	^
21:03:21	Uchiha Mizuko	i fux wid u arty thats smart on the ems behalf
21:03:22	Hyuuga Arty	rofl
21:03:32	Hyuuga Arty	fux? xD
21:03:40	Uchiha FGsmoke	lol
21:04:28	Uchiha Mizuko	fuck* lol
21:04:38	Hyuuga Arty	lol x
21:04:43	Uchiha Shisui	O_o
21:04:52	Uchiha Shisui	u join a server yet?
21:05:01	Uchiha Mizuko	do we get lvls
21:05:07	Hyuuga Arty	not yet
21:05:14	Hyuuga Arty	im tryint o get donations for it
21:05:14	Uchiha Mizuko	when/
21:05:20	Uchiha Mizuko	o
21:05:40	Hyuuga Arty	if people donat
21:05:44	Hyuuga Arty	dontate*
21:05:47	Hyuuga Arty	i need 30
21:05:51	Hyuuga Arty	for a one core vps
21:05:53	Uchiha Mizuko	thx n do u still go blind if u use mangekyou
21:05:58	Hyuuga Arty	ye u do
21:06:02	Hyuuga Arty	i added the system
21:06:05	Hyuuga Arty	that if u go blind
21:06:09	Hyuuga Arty	u cant use any of ur mangekyou
21:06:12	Hyuuga Arty	apart from ems
21:06:15	Hyuuga Arty	if u get it
21:06:27	Uchiha Mizuko	so u can go blind and still get ems
21:06:40	Uchiha FGsmoke	if u go blind how do u play lol???
21:06:55	Hyuuga Arty	dont use sharingan?
21:07:07	Hyuuga Arty	system is
21:07:10	Hyuuga Arty	if u blind
21:07:13	Uchiha Shisui	art
21:07:19	Uchiha Shisui	wat happen to my lvl D:
21:07:25	Hyuuga Arty	sharingan tomoe 2,3 and mangekyou is off use
21:07:44	Uchiha Mizuko	oh ok and when u get the 100 kills u get ems n yo skills back?
21:08:16	Uchiha FGsmoke	oooh i thought it was like yo screen be black
21:08:42	Hyuuga Arty	ye
21:08:48	Hyuuga Arty	u get ems
21:08:52	Hyuuga Arty	wen i get 100 kills
21:08:53	Uchiha Mizuko	so if u blind u still have a chance of gettin ems rite
21:08:54	Hyuuga Arty	auto
21:08:56	Uchiha Mizuko	k
21:08:57	Hyuuga Arty	relog when u do
21:09:06	Hyuuga Arty	just in case it randomly bugs but it shouldnt
21:09:12	Uchiha Mizuko	so if u go blind n lose skills they come back with the ems
21:09:33	Uchiha Mizuko	so if u go blind n lose skills they come back with the ems
21:09:35	Uchiha Shisui	:o
21:09:48	Hyuuga Arty	no
21:09:52	Hyuuga Arty	if u get 100 kills
21:09:54	Hyuuga Arty	u get ems
21:09:57	Hyuuga Arty	if u go blind
21:10:08	Hyuuga Arty	u cant use sharinga only ems
21:10:16	Uchiha Mizuko	o so all yo sharingan skills still gonna be gone lol
21:10:18	Hyuuga Arty	otherwise u get black screen with other sharingan
21:10:22	Hyuuga Arty	they dont go
21:10:27	Hyuuga Arty	there just useless :3
21:10:34	Uchiha Mizuko	lol so u lose amaterasu n all dat
21:10:34	Hyuuga Arty	so u gota get 100 kills xD
21:10:39	Hyuuga Arty	u dont lose anything
21:10:44	Hyuuga Arty	u can use amaterasu with ems
21:11:04	Uchiha Mizuko	k
21:11:15	Uchiha Mizuko	i dont abuse my eyes so im not worried
21:11:32	Hyuuga Arty	:P
21:11:34	Uchiha FGsmoke	imma just tomoe
21:11:41	Uchiha Mizuko	^
21:12:18	Uchiha FGsmoke	how much levl points do we need for 1.28e+6?
21:12:34	Uchiha FGsmoke	like 1 mil 280 thou?
21:12:44	Hyuuga Arty	dunno O.O
21:12:49	Hyuuga Arty	lol xD
21:12:58	Uchiha FGsmoke	is gonna take foreever to lvl up lol
21:13:07	Uchiha FGsmoke	ya i be on there
21:13:11	Uchiha FGsmoke	why?
21:13:11	Hyuuga Arty	cap is 150
21:13:17	Hyuuga Arty	thats whhy :3
21:13:33	Uchiha FGsmoke	oooh i think i remember u being just danzo?
21:14:03	Uchiha FGsmoke	and oooh i see
21:14:08	Hyuuga Arty	my danzo &gt; unlimited danzo (gates)
21:14:09	Uchiha Mizuko	jutsu got ranks rite??
21:14:09	Uchiha FGsmoke	what troll mean?
21:14:30	Uchiha FGsmoke	lol ohhh
21:14:44	Uchiha Mizuko	jutsu got ranks rite??

21:14:57	Uchiha FGsmoke	a little
21:15:01	Uchiha Mizuko	kool
21:15:23	Uchiha Mizuko	ya i hate that shit on games
21:15:37	Uchiha FGsmoke	i remember the game before u had the shell before that was like 100%lag this like 25%
21:15:47	Uchiha FGsmoke	so is all good
21:16:02	Hyuuga Arty	lol xD
21:17:27	Uchiha hanzo/danzo	FG
21:17:38	Uchiha FGsmoke	yeah?
21:17:45	Uchiha hanzo/danzo	will you play this,when its fully up w. shell and official
21:17:46	Uchiha hanzo/danzo	?
21:17:52	Uchiha Mizuko	i will
21:17:56	Uchiha FGsmoke	hell yeaH!!!
21:18:02	Uchiha Mizuko	me n fg play all games together
21:18:12	Uchiha Mizuko	no homo shit lol
21:18:17	Uchiha FGsmoke	lol my brother
21:19:52	Uchiha hanzo/danzo	yall want to donate&gt;
21:19:56	Uchiha Shisui	tobi jutsu huh
21:19:58	Uchiha Shisui	:D
21:19:59	Uchiha hanzo/danzo	go on commands
21:20:02	Uchiha hanzo/danzo	and check
21:20:10	Uchiha hanzo/danzo	what you can spend donation points on
21:20:22	Uchiha hanzo/danzo	nothing too Op, yet a lil Op
21:20:29	Uchiha hanzo/danzo	but this aint revise
21:20:41	Uchiha FGsmoke	this already my new favorite game to be honest i just wanna be stronger so i can get more moves
21:20:45	Uchiha Mizuko	im broke ass hell rite now
21:20:59	Uchiha Mizuko	^^
21:21:08	Uchiha hanzo/danzo	lol if we get 30 dollars , we on shell
21:21:12	Uchiha FGsmoke	same here i needa find a job
21:21:29	Uchiha Shisui	izanagi dosent work?
21:22:53	Hyuuga Arty	membership deal is a good package i think ^_^ spent sometime coding it right :3
21:22:54	Uchiha hanzo/danzo	u need to kill uchihas
21:23:00	Uchiha hanzo/danzo	shisui
21:23:10	Uchiha hanzo/danzo	when u kill em u gain eyes
21:23:19	Uchiha hanzo/danzo	then u use izanagi
21:24:18	Uchiha FGsmoke	6
21:25:21	Uchiha FGsmoke	how can i redeem myself from v kill?
21:25:51	Uchiha FGsmoke	like is there a way to make it so its like it never happends?
21:26:00	Hyuuga Arty	nope
21:26:02	Hyuuga Arty	:3
21:26:06	Uchiha FGsmoke	dang
21:26:06	Hyuuga Arty	that would be unfair O.O
21:26:11	Hyuuga Arty	new donation !
21:26:13	Uchiha FGsmoke	true
21:26:16	Hyuuga Arty	remove 5 v.kills!
21:26:20	Hyuuga Arty	remove 10 v.kills
21:26:21	Hyuuga Arty	xD
21:26:23	Hyuuga Arty	brilliant
21:26:24	Uchiha hanzo/danzo	Lmfaooo
21:26:25	Hyuuga Arty	:£
21:26:32	Hyuuga Arty	i think im kl :£
21:26:35	Uchiha FGsmoke	lol is kawa in same place
21:30:55	Hyuuga Arty	programmed the new donation :3
21:31:02	Hyuuga Arty	removing village kills ^_^
21:32:11	Hyuuga Arty	ehh guys ima put server down for 1 min
21:32:13	Hyuuga Arty	update
21:32:14	Hyuuga Arty	and
21:32:21	Hyuuga Arty	and fix the runtime error
21:32:23	Uchiha FGsmoke	wait dont do yet
21:32:27	Hyuuga Arty	the game just produces
21:32:27	Uchiha FGsmoke	wait like 10 mins
21:32:29	Uchiha FGsmoke	lol
21:32:30	Hyuuga Arty	why? o.o
21:32:38	Uchiha Mizuko	1 sec
21:32:50	Uchiha FGsmoke	im just getting used to game iion wanna stop lol
21:32:51	Uchiha Mizuko	let my apply stats real quick
21:33:02	Hyuuga Arty	kk
21:33:06	Hyuuga Arty	server reboot in
21:33:08	Hyuuga Arty	5
21:34:33	Hyuuga Arty	shut down
21:34:39	Hyuuga Arty	has to go down now O.o
21:34:41	Hyuuga Arty	sorry
21:34:44	Hyuuga Arty	1 minute -_-
21:34:57	Uchiha FGsmoke	ok
21:50:04	Uchiha Kinzxtg	arty
21:50:09	Uchiha Kinzxtg	you there?
21:52:17	Hyuuga Arty	ye
21:52:34	Uchiha FGsmoke	hey =) im back hahahaha
21:53:43	Hyuuga Arty	wb ^_^
21:54:00	Uchiha Mizuko	thx 
21:54:43	Uchiha Kinzxtg	arty is me
21:54:51	Uchiha Kinzxtg	&lt;.&lt; cyph
21:56:32	Akimichi Atto	sorry arty for what ever may have you thought happend
21:56:42	Hyuuga Arty	dw ^_^ misunderstanding :3
21:56:52	Akimichi Atto	:3
21:57:39	Akimichi Atto	so is the the real server?
21:57:44	Hyuuga Arty	nope
21:57:49	Hyuuga Arty	trying to raise donations
21:58:02	Akimichi Atto	how much does a shell cost
21:58:06	Hyuuga Arty	30
21:58:10	Hyuuga Arty	for a one core
21:58:13	Hyuuga Arty	45 for a two core
22:04:37	Akimichi Atto	can i get levels
22:04:39	Akimichi Atto	?
22:06:56	Akimichi Atto	Rely?
22:07:01	Akimichi Atto	im level 17
22:07:05	Uchiha FGsmoke	lol im strong as fuck
22:07:13	Akimichi Atto	IM level 17
22:07:18	Akimichi Atto	not strong
22:07:20	Uchiha FGsmoke	lol my bad man im just testing
22:07:40	Akimichi Atto	any1 can bs chidori a lvl 17 an put him to 130wnds+
22:07:44	Akimichi Atto	n i have heal
22:07:53	Akimichi Atto	or at least lvls
22:08:06	Akimichi Atto	Kos *wink*
22:10:48	Akimichi Atto	Can iHave Level 100?
22:11:10	Akimichi Atto	hello?
22:11:17	Kanji Genpou	lol
22:11:18	Uchiha Mizuko	where r u
22:11:59	Akimichi Atto	leaf dojo
22:12:02	Akimichi Atto	y
22:12:18	Uchiha Mizuko	stay there
22:13:30	Danzou	mizuko?
22:13:35	Uchiha Mizuko	ya
22:13:48	Danzou	lol checking if u were active
22:13:56	Uchiha Mizuko	o ok lol
22:14:06	Uchiha FGsmoke	we needa get more ppl on here
22:14:17	Uchiha Mizuko	can me n fg be kage
22:14:18	Danzou	na its fine since were not shell
22:14:23	Uchiha FGsmoke	true
22:14:40	Uchiha FGsmoke	when yal get shell am i gonna have to remake my person?
22:14:49	Danzou	i think so
22:15:00	Danzou	this is beta atm
22:15:00	Uchiha FGsmoke	fuck i like my guy i got alota moves
22:15:29	Uchiha Mizuko	so can we be kages then lol
22:18:34	Uchiha Mizuko	can we have tourney for kages or something
22:18:48	Danzou	Arty afk
22:18:50	Danzou	atm
22:18:54	Danzou	he decides that
22:21:24	Uchiha Mizuko	i cant seee
22:27:20	Akimichi Atto	Mizuko u ready?
22:27:24	Uchiha Mizuko	ya
22:27:34	Uchiha Mizuko	come outside dojo
22:28:05	Akimichi Atto	1 sec
22:28:14	Danzou	yall outside leaf dojo?
22:28:17	Uchiha Mizuko	hurry
22:28:36	Uchiha Mizuko	ya
22:29:17	Uchiha Mizuko	stay there hoe
22:29:23	Uchiha Mizuko	ima kill u
22:32:10	Uchiha Mizuko	quit runn
22:34:56	Akimichi Atto	all better
22:35:10	Uchiha Mizuko	lol
22:36:06	Lesy	lvl
22:38:48	Danzou	lagg
22:39:48	Akimichi Atto	lol
22:40:38	Lesy	lvl
22:42:11	Akimichi Atto	ag
22:42:45	Danzou	time for kotomatsukami
22:43:32	Danzou	rape
22:43:43	Akimichi Atto	I hate gen Sooooooooooooooo much
22:43:44	Danzou	i can cast this every 10 years cuz
22:45:19	Akimichi Atto	omg
22:45:25	Akimichi Atto	its still black
22:46:52	Akimichi Atto	bastard gen
22:47:05	Danzou	i used up my gen smh
22:47:12	Danzou	ultimate gen
22:47:33	Hyuuga Arty	who&#39;s lesy?
22:47:40	Hyuuga Arty	whos the game?
22:47:47	Danzou	?
22:48:44	Hyuuga Arty	hows*
22:48:47	Hyuuga Arty	whos lesy?
22:48:52	Danzou	idk
22:49:12	Hyuuga Arty	how is he level 150 O.O
22:49:28	Danzou	i gave it to em
22:49:34	Danzou	you gave mizuko
22:49:40	Danzou	and fg lvl 150
22:49:46	Hyuuga Arty	i gave them 100 O.O
22:50:03	Hyuuga Arty	u can see the level on the online players :3
22:50:05	Danzou	lol it said 150
22:50:21	Danzou	they were realy 150 ask atto
22:50:36	Akimichi Atto	he was
22:50:39	Hyuuga Arty	dw :3
22:50:44	Kanji Genpou	i didnt get 150 :(
22:50:52	Danzou	cant fight in lagg
22:50:59	Akimichi Atto	he was trying to kill me for some reason
22:51:07	Akimichi Atto	but i owns him
22:51:11	Hyuuga Arty	O.O
22:51:15	Danzou	lol i wasnt trying
22:51:20	Akimichi Atto	wait
22:51:21	Danzou	me going slow mo
22:51:26	Akimichi Atto	did u wait his corpses
22:51:51	Danzou	lol atto killed you 3 times, w. corpse soil&#39;s assisstance
22:51:53	Akimichi Atto	no u used em right
22:52:33	Kanji Genpou	everybody got lvl 150 cept me :/
22:52:40	Hyuuga Arty	give him 150 then xD
22:52:47	Akimichi Atto	Exept**
22:53:02	Danzou	kanji this is beta testinfg
22:53:05	Danzou	soo
22:53:09	Kanji Genpou	oh
22:53:17	Danzou	when real official comes out no cap lvl
22:53:26	Kanji Genpou	ok thats cool
22:53:29	Akimichi Atto	lol
22:53:37	Akimichi Atto	thought u were doing sumthin else
22:53:51	Akimichi Atto	Y this no homing
22:54:45	Danzou	LOl i give up i cant fight in these conditions atto
22:56:01	Hyuuga Arty	sorry -_-
22:56:10	Hyuuga Arty	i know my connection sucks badly &gt;.&lt;
22:56:14	Akimichi Atto	yea impossible to fight like that
22:56:26	Hyuuga Arty	its why i need donations :3
22:56:39	Danzou	lol its cool arty
22:57:03	Hyuuga Arty	ehh
22:57:06	Uchiha Kairu	hmmm
22:57:09	Hyuuga Arty	u know gates&#39;s hair?
22:57:18	Hyuuga Arty	ill talk in private O.O
22:58:50	Uchiha Kairu	O.o
22:58:53	Uchiha Kairu	Gawd
22:59:02	Uchiha Kairu	Everyones 100 or +
22:59:10	Hyuuga Arty	cos its beta O.o
22:59:12	Hyuuga Arty	:3
22:59:21	Uchiha Kairu	Oh k
22:59:23	Hyuuga Arty	need donations to get a nfo server :3
22:59:34	Hyuuga Arty	then ill start advertising and shit
23:00:03	Uchiha Kairu	Zet needs levels 2
23:04:06	Uchiha Kairu	Is Sasuke&#39;s Tsuki based off int like Itachi&#39;s?
23:04:15	Hyuuga Arty	mhm
23:05:18	Uchiha Lesy	lvl
23:05:49	Uchiha Lesy	hum auto set
23:06:12	Akimichi Atto	Can i get money
23:08:12	Akimichi Atto	can i have some money?
23:08:43	Akimichi Atto	Hello?
23:09:59	Hyuuga Arty	O.O
23:10:01	Hyuuga Arty	laters :3
23:10:46	Akimichi Atto	money?
23:11:53	Uchiha Kairu	...
23:11:56	Uchiha Kairu	O.o
23:11:57	Kanji Genpou	i like that
23:12:58	Akimichi Atto	can i get like 10k
23:13:52	Akimichi Atto	ty
23:14:21	Kanji Genpou	O.o i want some lol
23:15:22	Uchiha Kairu	Wtf
23:15:28	Uchiha Kairu	O.o
23:17:30	Hyuuga Arty	kk
23:17:30	Akimichi Atto	.
23:21:04	Hyuuga Arty	:3 ^_^
23:22:13	Uchiha Kairu	Wheres the barber shop
23:22:51	Uzumaki Zetetsu	Can I have my levels plox?
23:24:19	Hyuuga Arty	dunno what new to add &gt;.&lt; apart from full screen of hairs and places for akatsuki,ame and sound :3
23:24:59	Uchiha Kairu	I has an idea
23:24:59	Akimichi Atto	are u loking for sugestions?
23:25:23	Hyuuga Arty	ye
23:25:23	Uchiha Kairu	Make it where you dont go invisable with sharingan
23:25:35	Hyuuga Arty	ehH?
23:25:41	Uchiha Kairu	Im invis
23:25:45	Hyuuga Arty	rofl :3
23:25:48	Hyuuga Arty	show me
23:25:49	Uchiha Kairu	And all I see is mah hair
23:25:52	Uchiha Kairu	xD
23:25:56	Uchiha Kairu	Tele to meh
23:25:57	Kanji Genpou	how bout addin jinchurriki
23:26:06	Hyuuga Arty	ur normal to me O.O
23:26:10	Uchiha Kairu	Wtf
23:26:12	Hyuuga Arty	i have got jinchuuriki in
23:26:17	Uchiha Kairu	On my screen im invis
23:26:17	Kanji Genpou	oh
23:26:18	Uchiha Kairu	xD
23:26:19	Akimichi Atto	lemme thing
23:26:21	Hyuuga Arty	rofl
23:26:22	Akimichi Atto	thnk*
23:26:26	Hyuuga Arty	relog :3
23:26:33	Hyuuga Arty	cos ur fine to me xD
23:26:51	Uchiha Kairu	I appear normal when im not in sharingan
23:27:07	Uchiha Kairu	All I see is my hair and a floating Knife
23:27:10	Uchiha Kairu	lol
23:27:40	Hyuuga Arty	lol
23:27:46	Hyuuga Arty	ur appear fine to me :3
23:27:49	Hyuuga Arty	relog
23:27:53	Uchiha Kairu	K
23:28:54	Akimichi Atto	lol u got lucky 
23:29:09	Akimichi Atto	i had 2 pills worth of wounds
23:29:22	Uchiha Kairu	Im normal on my screen but when I use sharingan im invisable xD
23:29:29	Hyuuga Arty	O.O
23:29:38	Uchiha Kairu	I told you everytime I use sharingan
23:29:40	Hyuuga Arty	i dont see anything wrong with coding lol, random
23:29:45	Uchiha Kairu	When you relog you turn normal xD
23:29:57	Uchiha Kairu	Oh well xD
23:30:10	Uchiha Kairu	Can I has money 2 buy clothes pleash
23:30:48	Uchiha Kairu	O.o
23:30:55	Uchiha Kairu	Destroyed konoha outlands
23:30:59	Hyuuga Arty	lol
23:31:02	Hyuuga Arty	well use it
23:31:09	Uchiha Kairu	so gonna fight here xD
23:31:10	Hyuuga Arty	screeny me it
23:31:17	Hyuuga Arty	then i can see what i can do about it :3
23:31:27	Uchiha Kairu	lol its fixed
23:31:33	Uchiha Kairu	You were right 2 relog
23:32:17	Uchiha Kairu	Zet
23:32:25	Uchiha Kairu	Accept my Arena
23:32:35	Uchiha Kairu	Fight meh at konoha outlands
23:34:08	Hyuuga Arty	kk kl :3
23:34:14	Hyuuga Arty	just fixing some runtime errors xD
23:34:15	Uchiha Kairu	Accept
23:34:25	Uchiha Kairu	I wanna see what it looks like
23:34:54	Uchiha Kairu	O.o
23:35:09	Uchiha Shun	hmm
23:35:11	Uchiha Shun	free lvls?
23:35:19	Uchiha Kairu	Right click yourself
23:35:23	Uchiha Shun	lol
23:35:24	Uchiha Kairu	o.o
23:35:25	Uchiha Kairu	xD
23:35:35	Uchiha Kairu	I just leveled someone up
23:36:21	Uchiha Shun	arty u there?xD
23:36:31	Uchiha Kairu	Hes afk
23:36:38	Uchiha Kairu	I told you how to level urself
23:36:45	Uchiha Shun	i know dammit
23:36:45	Hyuuga Arty	mhm
23:36:49	Uchiha Shun	hey arty
23:36:51	Uchiha Shun	^^
23:36:55	Hyuuga Arty	im fixing some runtime errors :3
23:36:58	Hyuuga Arty	hi ^_6
23:37:00	Uchiha Shun	just wanted to say hi to him
23:37:00	Hyuuga Arty	^_^
23:37:05	Uchiha Shun	not ask lvls xD
23:41:58	Hyuuga Arty	someone use sasukes susanoo O.O
23:42:07	Uchiha Kairu	Rokay
23:42:08	Hyuuga Arty	O.O
23:42:39	Uchiha Kairu	Rawr
23:42:43	Uchiha Kairu	Now what
23:43:46	Atto	give dust more justsu
23:43:56	Atto	or nerf the one it gots and 
23:43:59	Uchiha Shun	no
23:44:04	Kanji Genpou	no dont nerf it lol
23:44:07	Uchiha Shun	the one that dust have
23:44:10	Uchiha Shun	is just oped
23:44:13	Atto	add a fly jutsu that boosts stats
23:44:27	Atto	like tsuchi does
23:44:28	Uchiha Shun	thats my idea -.-
23:44:40	Uchiha Shun	to paper,dust and clay fly
23:46:47	Atto	make dust a dust cone jutsu
23:47:26	Atto	nerf the 1 its gots to be like desert graveyard
23:47:32	Atto	d fly and cone
23:48:25	Atto	hmm? sound do able?
23:48:36	Hyuuga Arty	hey?
23:48:43	Kanji Genpou	its dark
23:48:50	Hyuuga Arty	cone is op :3
23:49:06	Atto	well
23:49:17	Atto	the jutsus that are in that are anime or op?
23:49:30	Atto	desert graveyard Gaara killed the rain kid
23:49:31	Hyuuga Arty	i cant make cone weaken dat shit has a blast radius of the island
23:49:50	Uchiha Shun	DANG
23:49:51	Hyuuga Arty	true O.O but u can weaken that
23:49:52	Uchiha Shun	ARTY
23:49:54	Hyuuga Arty	:3
23:49:55	Uchiha Shun	HELP ME
23:49:56	Atto	i doesnt need to
23:49:57	Hyuuga Arty	?
23:50:07	Uchiha Shun	i cant stop controling kanji
23:50:14	Uchiha Shun	its a shisui skill
23:50:16	Hyuuga Arty	wait a sec O.O
23:50:16	Uchiha Shun	help me
23:50:20	Uchiha Shun	hit me 
23:50:21	Atto	make it a edited air bullet
23:50:22	Uchiha Shun	whatever
23:50:29	Atto	at packs a little more punch
23:50:46	Atto	f no target goes boom or what ever
23:50:56	Atto	if targ it homes after them
23:51:01	Atto	?
23:51:12	Hyuuga Arty	u still controlling?
23:51:21	Atto	?
23:51:25	Uchiha Shun	YES
23:51:35	Atto	gen is so anoying
23:51:44	Uchiha Shun	fuck this man
23:52:04	Danzou	arty
23:52:13	Danzou	imma do the stuff later
23:52:16	Danzou	in a bit
23:52:20	Danzou	i gotta do hw
23:52:42	Uchiha Shun	i ill remake
23:53:00	Atto	hmm arty?
23:53:04	Hyuuga Arty	mhm
23:53:10	Uchiha Stardom	^_^
23:53:16	Atto	cone thats like air bullet but a bit better
23:53:21	Hyuuga Arty	hi #6_^
23:53:28	Uchiha Kairu	so when will real version be out arty
23:53:29	Atto	maybe a couple of wound
23:53:39	Uchiha Stardom	was gonna get on earlier but couldnt 
23:53:40	Hyuuga Arty	when i get enough money for the shell :3
23:54:02	Hyuuga Arty	if anyone wants to donate more than welcome ^_^ i know its laggy its why im trying to get a shell
23:54:14	Hyuuga Arty	ill give them the tokens when the really one comes up
23:55:07	Uchiha Shun	summon plz
23:55:18	Uchiha Shun	arty -.-
23:56:11	Hyuuga Arty	use kotoamat on me
23:56:55	Hyuuga Arty	&gt;.&lt;
23:56:56	Uchiha Kairu	Someone arena me
23:57:38	Yuki Verto	Khaeee
23:57:44	Uchiha Kairu	?
23:57:47	Hyuuga Arty	^_^
23:58:10	Yuki Verto	o.o
23:58:15	Uchiha Kairu	Arena me&#39;
23:58:15	Yuki Verto	I accepted...
23:58:40	Uchiha Kairu	...
23:58:47	Yuki Verto	Nothing is happening
23:59:09	Uchiha Kairu	o.o
23:59:25	Uchiha Kairu	You last challenged a player at 0, thats 383 /1. What is dis &lt;--------
23:59:39	Kanji Genpou	anyone wanna fight
23:59:53	Uchiha Kairu	Zet
23:59:58	Uchiha Kairu	send me a challenge
