02:53:28	Akimichi Knowly	:P
02:53:35	Arty	xD
02:58:16	Akimichi Knowly	a
02:58:25	Arty	a
02:58:43	Arty	&lt;font color=red&gt;DEV
03:16:33	Akimichi Knowly	a
03:16:39	Akimichi Knowly	xD
03:17:31	Arty	a
03:17:37	Akimichi Knowly	a
03:18:15	Akimichi Knowly	a
03:18:21	Akimichi Knowly	a
03:21:54	Arty	a
04:27:54	Arty	xD
04:27:57	Arty	^_^
04:47:42	Uchiha Cyphds	f
04:48:57	Uchiha Cyphds	nice
04:49:01	Uchiha Cyphds	let me kill you
04:49:05	Uchiha Cyphds	to take your eye
04:49:14	Uchiha Cyphds	or i auto get it
04:49:19	Uchiha Cyphds	upon killing you?
04:49:52	Uchiha Cyphds	k ur uchiha?
04:50:05	Uchiha Cyphds	k
04:50:24	Uchiha Cyphds	the membership
04:50:30	Uchiha Cyphds	how do i work that
04:50:36	Uchiha Cyphds	how do i know i am a mem
04:50:39	Uchiha Cyphds	i did
04:50:43	Arty	relog
04:50:59	Arty	now talk O.o
04:51:01	Uchiha Cyphds	r
04:51:07	Uchiha Cyphds	r
04:51:16	Arty	mhm ehh
04:51:20	Uchiha Cyphds	let me retry buying iy
04:51:22	Arty	na
04:51:24	Uchiha Cyphds	with a new char
04:51:26	Arty	it should be working
04:51:31	Arty	whats ur rate?
04:51:38	Uchiha Cyphds	1000
04:51:50	Arty	ehh hold on :3
04:52:12	Uchiha Cyphds	as admin i can give skill?
04:52:31	Uchiha Cyphds	the bijuus are sexy ass fuck though
04:52:41	Arty	lol thnx
04:52:48	Uchiha Cyphds	other games like revbise
04:52:48	Arty	need to fix that :3
04:52:51	Uchiha Cyphds	u see gay
04:52:53	Uchiha Cyphds	aurora
04:53:03	Arty	lol :2
04:53:11	Arty	dont use any of the other bijuu
04:53:18	Uchiha Cyphds	why?
04:53:19	Arty	there bugged in this host, i ficed them
04:53:25	Arty	they shut the server down
04:53:32	Arty	i fixed them already
04:53:39	Uchiha Cyphds	i can use em?
04:53:56	Uchiha Cyphds	i see
04:54:03	Uchiha Cyphds	i put in 5002
04:54:21	Uchiha Cyphds	the gui didnt show up
04:55:22	Arty	i fixed ems :3
04:55:29	Arty	leveling and membership
04:57:30	Uchiha Cyphds	k
04:57:34	Uchiha Cyphds	sorry
04:57:37	Uchiha Cyphds	my bro
04:57:39	Uchiha Cyphds	called me
05:01:36	Arty	membership works O.o
05:01:39	Arty	it just
05:01:46	Arty	didnt work wen u brought it :£
05:01:57	Uchiha Cyphds	but its fixed now?
05:02:21	Uchiha Cyphds	fck these misties come from
05:02:39	Arty	i forgot to actually code in the membership stuff in for the stuff
05:02:41	Arty	xD
05:02:45	Arty	its fixed now :£
05:02:47	Uchiha Cyphds	lol
05:02:50	Arty	mangekyou fixed
05:02:53	Arty	bijuu fixed
05:02:54	Uchiha Cyphds	Where these mist guards
05:02:56	Uchiha Cyphds	come from
05:03:03	Arty	random spawns
05:03:31	Arty	x
05:03:48	Uchiha Cyphds	the problem w. the bijuus was
05:03:50	Uchiha Cyphds	that some 
05:03:53	Uchiha Cyphds	of the 
05:03:59	Uchiha Cyphds	guis didnt show
05:04:06	Uchiha Cyphds	when you added for an example 5002
05:04:09	Uchiha Cyphds	?
05:05:40	Uchiha Cyphds	Lol
05:07:03	Ippa	arty can i invite a friend
05:24:21	Ippa	amazing
05:24:26	Ippa	how you work wonders
05:24:29	Ippa	quicklyu
05:25:11	Ippa	WTF
05:28:41	Arty	xd
05:31:42	Ippa	d
05:32:01	Ippa	ed
05:32:28	Ippa	4
05:32:47	Ippa	4
05:36:02	Arty	a
05:36:23	Uchiha Cyph	g
05:36:25	Arty	hold on
05:37:10	Uchiha Cyph	how you get officials jutsus?
05:37:30	Arty	i coded them in myself :3
05:37:40	Uchiha Cyph	but the gui&#39;s
05:37:45	Arty	rip
05:37:49	Uchiha Cyph	lol same icon and everything
05:37:56	Arty	mhm ^_^
05:37:59	Uchiha Cyph	you rsc extract?
05:48:37	Uchiha Cyph	there
05:49:09	Uchiha Cyph	woot ima developer
05:49:14	Arty	lol
05:49:32	Uchiha Cyph	I developed the pngs you see here nub v.v
05:49:41	Uchiha Cyph	lol if a regular player was to ask
05:49:52	Uchiha Cyph	naa too mean
05:49:59	Uchiha Cyph	anyways this game 
05:50:03	Uchiha Cyph	imma keep it cool
05:50:07	Uchiha Cyph	a. ragers
05:50:33	Uchiha Cyph	5
05:50:51	Uchiha Cyph	t
05:50:58	Uchiha Cyph	hmm 
05:51:03	Uchiha Cyph	mem still doesnt work on me
05:51:13	Arty	lol
05:51:18	Arty	-_-
05:51:33	Uchiha Cyph	theres a set lvl verb?
05:51:33	Arty	man lol
05:52:55	Uchiha Cyph	lvls work
05:53:03	Uchiha Cyph	oon donations
05:53:14	Arty	mhm
05:53:18	Arty	good :3
05:54:00	<font color=green>Arty	:3
05:54:04	<font color=green>Arty	&gt;.&lt;
05:54:22	Uchiha Cyph	whats your rate?
05:54:28	<font color=green>Arty	1500
05:54:35	<font color=green>Arty	i got membershi[
05:54:46	Uchiha Cyph	there you go
05:54:55	<font color=green>Arty	did u buy membership?
05:54:56	Uchiha Cyph	You have brought Membership: 1 Month
05:54:58	<font color=green>Arty	ye
05:55:01	Uchiha Cyph	let me relog
05:55:02	<font color=green>Arty	that one fixed
05:55:06	<font color=green>Arty	i just fixed the other one
05:55:15	Uchiha Cyph	f
05:55:32	Uchiha Cyph	i see
05:55:35	Uchiha Cyph	mem 2
05:55:38	Uchiha Cyph	is ooc
05:55:40	Uchiha Cyph	green
05:56:22	Uchiha Cyph	thats you&gt;
05:56:24	Uchiha Cyph	?
05:56:26	Uchiha Cyph	arty
05:56:32	Uchiha Cyph	and crystal production
06:00:54	Akimichi Knowly	ye
06:01:04	Akimichi Knowly	thats the other account O.O
06:01:04	Uchiha Cyph	who you?
06:01:09	Uchiha Cyph	Oh Lmao
06:02:14	Uchiha Cyph	my weak medicine killed you :/
06:02:26	<font color=green>Arty	rofl it was kinder crap xD
06:02:49	Uchiha Cyph	ehh a jinchuiriki corps
06:02:55	<font color=green>Arty	lol
06:02:56	Uchiha Cyph	Doton ressurect
06:03:22	Uchiha Cyph	damn need good resevoir
06:03:27	Uchiha Cyph	to use that tech
06:03:40	Uchiha Cyph	rty&#39;s Corpse(27,0) (Revived)
06:03:55	Uchiha Cyph	*implements , kunai behind his head*
06:04:19	Uchiha Cyph	that bish
06:04:22	Uchiha Cyph	he left
06:04:26	Uchiha Cyph	lol vanish
06:06:54	<font color=green>Arty	rofl
06:07:06	<font color=green>Arty	uchiha is fixed xD
06:07:11	Uchiha Cyph	Knowly should make up
06:07:18	Uchiha Cyph	nice
06:07:18	<font color=green>Arty	make wat?
06:07:28	<font color=green>Arty	a
06:07:36	Uchiha Cyph	Arty bro, im w. you til the end in this game ! (nh_
06:07:44	Uchiha Cyph	and make up for the corpse i lost
06:07:45	<font color=green>Arty	kk thnx :P
06:07:49	<font color=green>Arty	rofl
06:07:56	<font color=green>Arty	i see three npcs O.O
06:08:13	Uchiha Cyph	lol i like when you click on the revived
06:08:15	Uchiha Cyph	corpse
06:08:22	Uchiha Cyph	it says revived
06:08:53	Uchiha Cyph	lol make me
06:08:56	Uchiha Cyph	mem
06:08:59	Uchiha Cyph	in the official
06:09:44	Akimichi Knowly	maybe O.O
06:10:02	Uchiha Cyph	eh
06:10:31	Uchiha Cyph	chakra chaple
06:10:31	<font color=green>Arty	:3
06:10:43	Uchiha Cyph	is
06:10:48	Uchiha Cyph	Con and ref?
06:11:11	Uchiha Cyph	?
06:11:15	Uchiha Cyph	what happened
06:11:32	Uchiha Cyph	that was me sorry
06:11:45	Uchiha Cyph	crap imma get a bad grade
06:12:00	Uchiha Cyph	that should stop v killing
06:12:18	Uchiha Cyph	Lol to get S rank
06:12:21	Uchiha Cyph	they spam kill
06:12:38	Uchiha Cyph	w. a bad grade
06:12:49	Uchiha Cyph	Wood style
06:12:56	Uchiha Cyph	oh
06:12:59	Uchiha Cyph	iron sand?
06:13:19	Uchiha Cyph	unlimited
06:13:22	Uchiha Cyph	&#39;d
06:13:38	Uchiha Cyph	lol
06:13:41	Uchiha Cyph	he got
06:13:47	Uchiha Cyph	iron armor
06:13:51	Uchiha Cyph	shield
06:14:09	Uchiha Cyph	i mean no one&#39;s gonna judge
06:14:20	Uchiha Cyph	if you know they are yours
06:14:24	Uchiha Cyph	&#39;no need to fight it
06:14:45	Uchiha Cyph	this game
06:14:55	Uchiha Cyph	To me is a 9.5/10
06:15:05	Uchiha Cyph	so far!?
06:15:16	Uchiha Cyph	physch its 10/10
06:15:24	Uchiha Cyph	it&#39;s unique from others
06:15:39	Uchiha Cyph	and can go head to head with lao
06:15:48	Uchiha Cyph	not even he has officials icons&gt;.&gt;
06:16:09	Uchiha Cyph	suck my left nut
06:16:20	Uchiha Cyph	you dont know
06:16:25	Uchiha Cyph	how many prejudice
06:16:29	Uchiha Cyph	go on his game lmao
06:16:37	Uchiha Cyph	and he still allows it
06:17:27	Uchiha Cyph	ight this bitch should make up
06:17:52	Uchiha Cyph	good
06:18:02	Uchiha Cyph	your weaK BUT  youll do as a decoy
06:18:25	Uchiha Cyph	regardless the dead persons lvl
06:18:30	Uchiha Cyph	theyll be 500 stam
06:18:31	Uchiha Cyph	?
06:18:56	Uchiha Cyph	that hide likamole
06:18:59	Uchiha Cyph	such a troll
06:19:49	Uchiha Cyph	yes
06:20:02	Uchiha Cyph	raping
06:20:05	Uchiha Cyph	hard
06:20:24	Uchiha Cyph	leave it up
06:25:00	Uchiha Cyph	going to buy some clothes
06:33:05	Uchiha Cyph	only my friend gordon
06:33:18	Uchiha Cyph	and arty is there a possibility of promotion?
06:33:37	Uchiha Cyph	kk
06:33:56	Uchiha Cyph	k
06:34:01	Uchiha Cyph	im the ultimate rank
06:34:08	Uchiha Cyph	when official
06:34:22	Uchiha Cyph	Arty The earth palm op
06:34:43	Uchiha Cyph	it even made me the user
06:34:48	Uchiha Cyph	walk slow
06:35:27	Uchiha Cyph	you should at least squeeze me  give skill
06:35:37	Uchiha Cyph	thats not Op like edit
06:35:56	Uchiha Cyph	besides bijuus ppl who get those its your decision
