22:10:47	Goob	Goob	@.@
22:14:25	Arty	Arty	ima show u all the moves
22:14:33	Arty	Arty	this is my new genjutsu btw
22:27:40	Goob	Goob	&gt;.&gt;
22:28:35	Goob	Goob	my bad XD was on facebook
22:28:43	Goob	Goob	@.@ BOB!!!!
22:30:11	Goob	Goob	wha?
22:30:16	Goob	Goob	makes me move slower
22:30:26	Goob	Goob	not very op? XD
22:30:37	Goob	Goob	i didnt take any damage
22:31:17	Goob	Goob	what?
22:31:34	Bob	Bob	i coded in so u cant use jutsu
22:31:38	Bob	Bob	wen that move is activated
22:31:46	Goob	Goob	oh use it again so i can try
22:31:50	Bob	Bob	u ahve to be 8 tiles from the person for it to work
22:31:54	Bob	Bob	i cant
22:31:58	Bob	Bob	i gotta rehost rofl
22:32:03	Bob	Bob	brb gotta do chores
22:32:03	Goob	Goob	why?
22:32:07	Goob	Goob	kk
22:32:16	Bob	Bob	look around the whole map ^.^
22:33:00	Goob	Goob	kk
22:33:05	Goob	Goob	BOB SHUT UP
