22:05:29	Bob	o.o
22:05:36	Bob	xD
22:10:07	Arty	O.o
22:10:30	Arty	u checked map yet? O.o
22:10:52	Goob	@.@
22:10:55	Arty	rofl
22:10:56	Goob	THIS IS EPIC
22:11:00	Arty	thnx xD
22:11:06	Arty	so u like the map xD
22:11:13	Arty	look around lol
22:11:17	Arty	i changed the whole map
22:11:37	Goob	this is so epic
22:11:41	Arty	thx xD
22:11:53	Arty	u think this game will do well then? O&gt;o
22:12:09	Goob	yes
22:12:14	Arty	kk xD
22:12:18	Goob	we just have to get good advertisment
22:12:24	Bob	yep ^.^
22:12:25	Bob	xd
22:12:29	Bob	bob is ma anme!
22:12:31	Goob	&lt;.&lt; who is bob
22:12:35	Bob	my alt
22:12:39	Bob	:£ i use for tests
22:12:43	Arty	rofl
22:12:53	Goob	jinkuku doesnt have any jutsu&gt;?
22:13:05	Arty	i know i havent added the jutsu to skill tree yet
22:13:09	Arty	there coded in 
22:13:16	Arty	just gotta add teh guis to skill tree
22:13:18	Arty	i do that last
22:13:18	Goob	thats spacetime clan right?
22:13:21	Arty	ye
22:13:30	Arty	jikukak is japanese for space time
22:13:31	Goob	i wanna see what the jutsu look like
22:13:41	Arty	kk
22:13:53	Arty	!
22:14:09	Arty	dont join tournament i need to fix it :3
22:14:55	Goob	madness?
22:14:59	Arty	nope
22:15:01	Arty	illusion
22:15:10	Goob	it look like jutsu on revenge of the fallen
22:15:32	Goob	hit me with another attack
22:15:44	Arty	kk
22:15:51	Arty	cos i have one of there icons
22:16:01	Arty	mine has 50 lines of code for this jutsu
22:16:09	Goob	whyy????
22:16:24	Goob	Entires?
22:16:32	Goob	think you spelled that wrong
22:16:42	Arty	lol 
22:16:44	Arty	rofl
22:16:48	Arty	kk :3
22:17:41	Goob	hit me with another spacetime jutsu
22:18:04	Bob	kk
22:18:15	Arty	hit me
22:18:28	Arty	^.^
22:18:29	Goob	the fack
22:18:33	Arty	space time barrier
22:18:42	Arty	activates once
22:18:46	Goob	if i hit you with a jutsu would that happen?
22:18:48	Arty	if hit within 15secs
22:18:54	Arty	ye
22:19:03	Arty	try
22:19:12	Goob	i have no jutsu .__.
22:19:16	Goob	gimme a jutsu
22:19:22	Arty	buy on
22:20:13	Goob	you watch the new naruto anime?
22:20:19	Arty	yep ^.^
22:20:28	Goob	XD kisame is a real ass nigga
22:20:38	Arty	true xD
22:21:32	Goob	he bit his own tongue off then summoned his own sharks to eat him
22:22:12	Goob	are there gonna be bijuu in this game aswell?
22:22:39	Arty	ye
22:22:41	Arty	of course lol
22:22:48	Arty	i need to code them in
22:22:51	Arty	hold on
22:23:12	Arty	hit me now
22:23:40	Arty	wat u think?
22:23:46	Goob	pretty epic
22:23:53	Arty	ok theres space time migration
22:23:55	Goob	whats the final jutsu for that clan?
22:23:59	Arty	basically kakashis jutsu
22:24:05	Arty	theres
22:24:07	Arty	lemme check
22:24:09	Goob	kamui teleport?
22:24:47	Arty	basically
22:24:52	Arty	tehres hiraishin
22:25:04	Goob	whats that
22:25:50	Goob	what was that O.o
22:26:02	Goob	shunshin???
22:26:04	Arty	hirashin
22:26:07	Arty	spce time
22:26:11	Arty	i can tele to 
22:26:12	Arty	u
22:26:16	Arty	from anywhere on the map
22:26:17	Goob	off screen too?
22:26:19	Arty	ye
22:26:21	Goob	hmm lets test
22:26:27	Goob	go
22:26:28	Arty	elmme stick kunai
22:26:49	Goob	*yawn*
22:26:53	Goob	@.@
22:26:57	Arty	rofl
22:27:12	Arty	now the most op space time jutsu
22:27:19	Arty	try moving
22:27:38	Arty	try moving!
22:27:46	Arty	&gt;.&lt;
22:27:53	Arty	now
22:28:04	Arty	move!
22:29:50	Arty	move
22:29:58	Arty	move!
22:30:00	Arty	see
22:30:05	Arty	space time alterations :3
22:30:14	Arty	245 cd
22:30:18	Arty	space time alteration
22:30:24	Arty	slows down movement
22:30:26	Arty	O.o
22:30:45	Arty	ima stop the person from doing jutsu then!
22:30:51	Arty	nigga u amde ti more op!
22:33:48	Goob	when are you gonna add iwa and kumo
22:34:09	Goob	yea and the map doesnt match
22:35:53	Goob	LOLOL THE MAP DOESNT MATCH
22:44:08	Bob	wats u mean doesnt match? O.o
22:44:18	Arty	O.o
22:44:33	Arty	im not adding iwa or kumo
22:44:42	Arty	those villages unbalance the game
22:45:05	Goob	ROAR
22:45:05	Arty	there will be a lot of kumo and konoha and nothing in any other vills
22:45:13	Arty	lol wat u mean doesnt match? O.o
22:45:21	Goob	ok
22:45:30	Goob	you see the path above cha
22:45:31	Arty	its simple to fix
22:45:37	Arty	ye
22:45:41	Goob	you go north of cha and there is no path XD
22:46:15	Arty	TROLOLLOLOLOLOLOLOLOLOL
22:46:18	Arty	kk thnx xD
22:46:20	Goob	LOLOLOLOOOOOLOLOLOLO
22:46:22	Arty	u really helped me there
22:46:43	Bob	i was trying to find the path that is wrong
22:48:50	Goob	how do i make a new file inside of an environment
22:49:01	Arty	click new file
22:49:22	Goob	i know but in the environment when i go to click &#34;New&#34; its grey and wont let me click it
22:50:03	Bob	wat u mean?
22:50:20	Goob	hmm
22:50:24	Goob	cant explain
22:50:34	Goob	nvm
22:50:36	Goob	got it
22:50:39	Bob	rofl kk xd
22:50:43	Bob	ok thats fixed O.o
22:51:56	Bob	WOOOOO arena is fixed O.o
22:52:14	Goob	nice
22:52:24	Arty	BRB test out the moves O.o
22:52:28	Arty	ima have a shower
22:52:37	Arty	u ssen the new skill description ooption? xD
22:52:45	Arty	i only coded them for element jutsu so far
22:53:35	Goob	yea i
22:53:41	Goob	im happy its there
22:53:46	Arty	lol xD, thnx :P
22:53:50	Arty	its like officials
22:54:01	Arty	i thought people would like knowning wat there moves do
22:54:07	Arty	damage etc
22:54:15	Arty	brb ^.^
22:54:40	Goob	kk
23:26:49	Goob	...
23:44:34	Arty	O.o
23:44:37	Arty	brb
23:44:53	Arty	im close this server and rehost in 15mins ^.^
