20:39:46	Minus	Minus	
20:45:14	Uchiha Sasuke	Uchiha Sasuke	tem mt estilo de cabelo
21:44:09	Azin	Azin	wheres arty 
21:55:10	Azin	Azin	:I
21:55:36	Azin	Azin	entra minus seu lixo
21:55:45	Minus	Minus	olha quem fala
21:55:49	Minus	Minus	e vc que ta no chao ai
21:55:59	Azin	Azin	shit no chakra
21:56:07	Azin	Azin	se tu entrar tu fica mais tempo no chao ainda
21:56:12	Azin	Azin	bate recorde mundial
21:56:14	Minus	Minus	que fraco kkk
21:56:20	Minus	Minus	te mato de boa
21:56:20	Azin	Azin	sem chakra
21:56:22	Azin	Azin	.-.
21:56:24	Azin	Azin	noob
21:56:28	Azin	Azin	vo comprar uma sword
21:57:09	Azin	Azin	ok now im rdy
22:00:30	Azin	Azin	kkk
22:00:35	Azin	Azin	ficar sem chakra e um cu
22:01:17	Azin	Azin	kkkk
22:01:19	Azin	Azin	mata ai
22:01:29	Azin	Azin	gf
22:01:42	Minus	Minus	esse cla e um lixo
22:01:47	Azin	Azin	qual samurai?
22:01:50	Minus	Minus	s
22:01:53	Azin	Azin	+/-
22:02:05	Azin	Azin	quer saber um bom clan?
22:02:06	Minus	Minus	espada drena seu chakra
22:02:09	Azin	Azin	LOL
22:02:12	Azin	Azin	wtf?
22:02:17	Azin	Azin	isso e bug
22:02:30	Minus	Minus	vo pegar gaara
22:02:33	Azin	Azin	kkk
22:03:07	Azin	Azin	accept
22:03:09	Azin	Azin	&gt;&gt;&lt;
22:06:46	Azin	Azin	WAKE UP VERTO
