23:06:04	team 7	Naruto	Naruto	take a B rank mission
23:06:43	team 7	Naruto	Naruto	your mission copy it
23:07:15	team 7	Olgenson	Olgenson	Your job is to Escort Izanami who you can find at Kawa no Kuni, to Ishi no Kuni. 
23:07:24	team 7	Naruto	Naruto	k come
23:08:18	team 7	Naruto	Naruto	you map
23:09:19	team 7	Naruto	Naruto	follow your map
23:09:54	team 7	Naruto	Naruto	click then space
23:10:30	team 7	Naruto	Naruto	go back
23:10:40	team 7	Naruto	Naruto	get him
23:10:58	team 7	Naruto	Naruto	olg
23:11:10	team 7	Naruto	Naruto	to pass a mission
23:11:16	team 7	Naruto	Naruto	come follow me
23:11:26	team 7	Naruto	Naruto	get him first
23:11:34	team 7	Olgenson	Olgenson	damn hes not coming
23:11:36	team 7	Naruto	Naruto	space
23:11:47	team 7	Naruto	Naruto	right click then space
23:12:56	team 7	Naruto	Naruto	its the only way to get money bro
23:13:07	team 7	Naruto	Naruto	olg
23:17:42	team 7	Naruto	Naruto	keep going
23:18:39	team 7	Naruto	Naruto	get him
23:20:03	team 7	Naruto	Naruto	get him olg
23:20:35	team 7	Naruto	Naruto	there
23:20:59	team 7	Naruto	Naruto	you pass mission
23:21:03	team 7	Olgenson	Olgenson	now what
23:21:06	team 7	Naruto	Naruto	lets go train
23:21:25	team 7	Naruto	Naruto	until we know we can all ways be the strongest
23:28:13	team 7	Olgenson	Olgenson	what the
23:30:33	team 7	Naruto	Naruto	i knew it
23:30:42	team 7	Naruto	Naruto	your the real one lol
23:31:12	team 7	Olgenson	Olgenson	lol we kiled eachother lol
23:31:20	team 7	Naruto	Naruto	i know
23:31:57	team 7	Naruto	Naruto	wow lol
23:32:00	team 7	Olgenson	Olgenson	O_O
23:32:08	team 7	Naruto	Naruto	nice
23:34:26	team 7	Olgenson	Naruto	so olg
23:34:32	team 7	Olgenson	Naruto	were am i
23:34:36	team 7	Olgenson	Naruto	who am i
23:34:48	team 7	Olgenson	Olgenson	wtf
23:34:50	team 7	Olgenson	Naruto	find it out
23:34:57	team 7	Olgenson	Naruto	lol
23:35:04	team 7	Olgenson	Naruto	wow
23:35:07	team 7	Olgenson	Olgenson	O_O im scared now
23:35:24	team 7	Naruto	Naruto	lol
23:35:26	team 7	Olgenson	Olgenson	it was you lol
23:35:31	team 7	Naruto	Naruto	yep
23:35:39	team 7	Naruto	Naruto	i&#39;m so good
23:35:39	team 7	Olgenson	Olgenson	damn lol you got me
23:36:13	team 7	Naruto	Naruto	yep
23:36:52	team 7	Naruto	Naruto	lol
23:36:58	team 7	Olgenson	Olgenson	hehe
23:37:05	team 7	Naruto	Naruto	olg u should invite 
23:37:20	team 7	Olgenson	Olgenson	invite?
23:37:26	team 7	Naruto	Naruto	people
23:37:31	team 7	Naruto	Naruto	like me
23:39:12	team 7	Naruto	Naruto	kill me
23:40:36	team 7	Naruto	Naruto	come
23:51:31	team 7	Olgenson	Olgenson	you stuck here for ahile
