01:35:43	Arty	!
01:35:53	Uchiha hanzo/danzo	lol
01:37:41	Arty	inuzuka fixed :3
01:37:56	Uchiha hanzo/danzo	^
01:38:08	Uchiha hanzo/danzo	i like this puppy
01:38:34	Arty	nigga i stole ur dog!
01:38:44	Uchiha hanzo/danzo	???
01:38:53	Uchiha hanzo/danzo	df you can do that with near by dogs?
01:39:00	Arty	no
01:39:06	Arty	it just looks like i stole it :3
01:39:09	Uchiha hanzo/danzo	lol epic troll 
01:39:17	Uchiha hanzo/danzo	if you couldve done that
01:39:18	Arty	i summoned mine as soon as ur&#39;s left xD
01:39:21	Arty	rofl
01:39:30	Uchiha hanzo/danzo	own someone with their own dog
01:40:01	Uchiha hanzo/danzo	this is
01:40:06	Uchiha hanzo/danzo	real hydro
01:40:14	Arty	lol :£
01:40:19	Uchiha hanzo/danzo	top trying to spam this you noob!
01:40:22	Arty	keep pressing space ^_6
01:40:24	Uchiha hanzo/danzo	i like
01:40:30	Arty	lol
01:40:53	Arty	trolled
01:40:54	Arty	:3
01:44:13	Uchiha hanzo/danzo	winshuriken
01:44:19	Uchiha hanzo/danzo	has no gui in skill list
01:51:49	Arty	doesnt it? O.o
01:51:51	Arty	kk
01:51:57	Uchiha hanzo/danzo	and
01:51:59	Arty	find some more bugs :3
01:52:01	Uchiha hanzo/danzo	susanoo
01:52:03	Arty	?
01:52:05	Uchiha hanzo/danzo	it  has
01:52:11	Uchiha hanzo/danzo	for ssasuke
01:52:14	Uchiha hanzo/danzo	the same prob
01:52:20	Uchiha hanzo/danzo	that inuzuka had
01:52:23	Arty	kk ^_^
01:52:52	Uchiha hanzo/danzo	i dont think
01:52:57	Uchiha hanzo/danzo	dust any damge
01:55:10	Arty	lol show me
01:56:04	Uchiha hanzo/danzo	u saw?
01:56:26	Arty	nope
01:56:29	Arty	do it again :3
01:56:37	Arty	TROLOL :3
01:56:41	Arty	it does do damage
01:56:49	Uchiha hanzo/danzo	has no cd
01:56:50	Arty	pretty balanced damage tbh ^_^
01:56:53	Arty	O.O
01:57:07	Uchiha hanzo/danzo	Dust Release: Detachment of the Primitive World Technique (Cubical Variant) can not be used currently: Cooldown Time (1 seconds)
01:57:11	Uchiha hanzo/danzo	ROLF
01:57:57	Arty	Dust Release: Detachment of the Primitive World Technique (Cubical Variant) can not be used currently: Cooldown Time (76 seconds)
01:58:06	Arty	for me it has a cd O.O
01:58:09	Uchiha hanzo/danzo	for me
01:58:16	Uchiha hanzo/danzo	it ddoesnt
01:58:21	Uchiha hanzo/danzo	tv?
01:58:23	Arty	ye
01:58:32	Uchiha hanzo/danzo	same numbers
01:58:53	Arty	pass?
01:59:10	Uchiha hanzo/danzo	8322
02:00:03	Arty	lol wtf :3
02:06:24	Arty	i think i did decent coding for the save O.O
02:06:39	Arty	i put the person in the new faction
02:06:43	Arty	in a sav file
02:06:49	Uchiha hanzo/danzo	nice
02:06:51	Arty	wen they come back that save file opens
02:07:01	Uchiha hanzo/danzo	I cant get over
02:07:01	Arty	and puts that person back into the faction
02:07:03	Uchiha hanzo/danzo	the
02:07:08	Uchiha hanzo/danzo	gfx on skill tree
02:07:20	Arty	lol :3 i did that surprisingle :3
02:07:30	Uchiha hanzo/danzo	lmao
02:07:55	Arty	run around
02:08:03	Arty	u got mist on?
02:08:09	Uchiha hanzo/danzo	no
02:08:16	Arty	rofl i must be dreaming
02:08:20	Arty	then activate mist
02:09:14	Uchiha hanzo/danzo	lol i used it
02:09:23	Arty	rofl :£
02:09:37	Uchiha hanzo/danzo	The hidden mist&#39;s effect is active for 53 seconds
02:09:41	Arty	shall i make the see through more opaque?
02:09:45	Arty	run around
02:09:59	Uchiha hanzo/danzo	huh
02:10:04	Arty	run around O&gt;o
02:10:10	Uchiha hanzo/danzo	wb it
02:10:43	Arty	mist only activates wen u run around
02:10:52	Uchiha hanzo/danzo	ooooh
02:11:10	Uchiha hanzo/danzo	it work?
02:11:11	Arty	ye
02:11:20	Arty	u have to keep runnin around
02:11:27	Uchiha hanzo/danzo	or else?\
02:11:55	Uchiha hanzo/danzo	it;;ll go away quicker
02:11:57	Uchiha hanzo/danzo	?
02:13:22	Arty	ehh?
02:13:32	Uchiha hanzo/danzo	what happens
02:13:37	Uchiha hanzo/danzo	if i dont keep running?
02:13:38	Arty	no it only activates on the person if u run close to him
02:13:46	Uchiha hanzo/danzo	Oh
02:14:20	Uchiha hanzo/danzo	v.v
02:14:25	Uchiha hanzo/danzo	wheres this shell
02:14:45	Arty	guy is still offline :3
02:15:40	Uchiha hanzo/danzo	i cant host past 20 ppl
02:17:10	Arty	lol i know :3
02:17:21	Arty	the serveer went down to fix
02:17:32	Arty	the password issue
02:17:45	Arty	he went offline and i dont know whats going on O.O
02:17:48	Uchiha hanzo/danzo	is it fixed?
02:17:53	Arty	dunno O.o
02:18:33	Uchiha hanzo/danzo	been 2 hours
02:18:36	Uchiha hanzo/danzo	lol
02:29:38	Arty	i know :3
02:30:19	Uchiha hanzo/danzo	blahh
02:30:24	Uchiha hanzo/danzo	lol tired
02:38:47	Uchiha hanzo/danzo	afk
02:46:06	Arty	:3
02:46:28	Arty	^)^
02:47:13	Arty	talk!
02:56:50	Arty	lol
