20:35:58	Hyuuga Arty	Hyuuga Arty	test xD
20:48:16	Uchiha Shisui	Uchiha Shisui	watsup
20:52:24	Uchiha Shisui	Uchiha Shisui	do this agin ima rm into a collector
21:01:49	Uchiha Shisui	Uchiha Shisui	wat happen to my 100 :(
21:03:08	Uchiha Shisui	Uchiha Shisui	hey could i get that 100 agin :)
21:04:29	Uchiha Shisui	Uchiha Shisui	D:
21:07:10	Uchiha Shisui	Uchiha Shisui	hey&#39;
21:17:24	Uchiha hanzo/danzo	Uchiha hanzo/danzo	FG
22:08:33	Akimichi Atto	Akimichi Atto	arty can i have levels
22:12:29	Akimichi Atto	Akimichi Atto	cyph 
22:12:37	Akimichi Atto	Akimichi Atto	cam i gimme lvls
22:12:42	Akimichi Atto	Akimichi Atto	i think arty is afk
22:13:21	Akimichi Atto	Akimichi Atto	some guy BS chidori me, i was lvl 17 and he thinks he is super beast now
22:13:35	Danzou	Danzou	mizuko
22:23:11	Danzou	Danzou	lol
22:23:13	Akimichi Atto	Akimichi Atto	who is Mizuko
22:23:15	Danzou	Danzou	i pixelled
22:23:15	Akimichi Atto	Akimichi Atto	?
22:23:20	Danzou	Danzou	danzou arm
22:23:22	Danzou	Danzou	and idk
22:23:27	Akimichi Atto	Akimichi Atto	how is he 150
22:23:34	Akimichi Atto	Akimichi Atto	he realy wants to fight me
22:23:50	Danzou	Danzou	i think arty gaave it to them
22:23:50	Akimichi Atto	Akimichi Atto	he&#39;ll own me
22:24:01	Danzou	Danzou	go
22:24:04	Akimichi Atto	Akimichi Atto	can get 150  :#
22:24:10	Akimichi Atto	Akimichi Atto	;3*
22:24:10	Danzou	Danzou	look at your lvl
22:24:16	Akimichi Atto	Akimichi Atto	oh ty
22:24:34	Danzou	Danzou	shoe him the prowess of the akamichi!
22:24:46	Akimichi Atto	Akimichi Atto	i will
22:24:51	Danzou	Danzou	they are camping outside dojo
22:24:55	Danzou	Danzou	wanna kill em?
22:25:07	Danzou	Danzou	imma kill Fg
22:25:10	Danzou	Danzou	for izanagi
22:25:10	Akimichi Atto	Akimichi Atto	sure 1 sec tho
22:25:22	Akimichi Atto	Akimichi Atto	extra points now
22:27:46	Akimichi Atto	Akimichi Atto	lets do this
22:28:06	Danzou	Danzou	hold on
22:29:21	Akimichi Atto	Akimichi Atto	look at that
22:29:24	Akimichi Atto	Akimichi Atto	0k stam
22:29:26	Akimichi Atto	Akimichi Atto	20*
22:29:58	Danzou	Danzou	your badly injured let me patch u up
22:34:44	Akimichi Atto	Akimichi Atto	i cant see my jutsus
22:38:09	Akimichi Atto	Akimichi Atto	that y
22:38:14	Akimichi Atto	Akimichi Atto	i had delay 4
22:47:51	Akimichi Atto	Akimichi Atto	dmg?
22:50:29	Akimichi Atto	Akimichi Atto	he was
22:53:04	Kanji Genpou	Kanji Genpou	thx
23:01:23	Uchiha Kairu	Uchiha Kairu	You already gave me points but ty
23:17:28	Kanji Genpou	Kanji Genpou	thx
23:18:58	Uchiha Kairu	Uchiha Kairu	zet
23:19:17	Uchiha Kairu	Uchiha Kairu	Why don you ask for your levels ? xD
23:22:04	Uzumaki Zetetsu	Uchiha Kairu	Wheres the barber shop?
23:22:33	Uzumaki Zetetsu	Uchiha Kairu	?
23:22:35	Uzumaki Zetetsu	Uzumaki Zetetsu	(Huh?
23:22:45	Uchiha Kairu	Uchiha Kairu	Why don you ask for your levels
23:23:03	Uchiha Kairu	Uchiha Kairu	Lol
23:23:13	Uchiha Kairu	Uchiha Kairu	When I use sharingan im invisable
23:23:23	Uchiha Kairu	Uchiha Kairu	Lol
23:23:38	Uzumaki Zetetsu	Uzumaki Zetetsu	Thanks.
23:24:52	Uchiha Kairu	Uchiha Kairu	Ummm
23:25:07	Uzumaki Zetetsu	Uzumaki Zetetsu	Now what shall my build be...
23:28:51	Uchiha Lesy	Uchiha Lesy	hi
23:29:22	Hyuuga Arty	Hyuuga Arty	fixed?
23:30:10	Uchiha Lesy	Uchiha Lesy	danzo
23:30:13	Uchiha Lesy	Uchiha Lesy	danzou
23:30:20	Danzou	Danzou	?
23:30:36	Uchiha Lesy	Uchiha Lesy	show me collector jutsus?
23:30:51	Uchiha Lesy	Uchiha Lesy	??
23:31:04	Uchiha Lesy	Uchiha Lesy	danzou jutsus
23:31:09	Uchiha Lesy	Uchiha Lesy	pls?
23:31:23	Uchiha Lesy	Uchiha Lesy	?
23:32:12	Uchiha Lesy	Uchiha Lesy	danzou
23:32:57	Uchiha Lesy	Uchiha Lesy	danzou!
23:35:07	Uchiha Lesy	Uchiha Lesy	danzou!!!!!!!!!!!!!!!!!!!!!
23:36:41	Uchiha Shun	Uchiha Shun	i know &#39;-&#39;
23:37:37	Uchiha Shun	Uchiha Shun	hey there
23:37:38	Uchiha Shun	Uchiha Shun	wtf
23:37:45	Uchiha Shun	Uchiha Shun	i can just give all the lvls i want to me?
23:37:54	Uchiha Kairu	Uchiha Kairu	Duh
23:37:55	Uchiha Shun	Uchiha Shun	or is u giving to me?
23:37:59	Uchiha Kairu	Uchiha Kairu	Thats what I said
23:38:07	Uchiha Kairu	Uchiha Kairu	there
23:38:08	Uchiha Kairu	Uchiha Kairu	xD
23:38:13	Uchiha Shun	Uchiha Shun	man
23:38:17	Hyuuga Arty	Hyuuga Arty	ehh? O.O
23:38:19	Uchiha Kairu	Uchiha Kairu	Your lvl 1500
23:38:23	Uchiha Shun	Uchiha Shun	wtf
23:38:23	Uchiha Kairu	Uchiha Kairu	150*
23:38:25	Uchiha Shun	Uchiha Shun	1500^?
23:38:26	Uchiha Kairu	Uchiha Kairu	xD
23:38:29	Uchiha Shun	Uchiha Shun	LOLOLOLO
23:38:32	Uchiha Shun	Uchiha Shun	xD
23:38:41	Uchiha Shun	Uchiha Shun	getting some skills
23:38:43	Uchiha Shun	Uchiha Shun	afk
23:38:54	Uchiha Kairu	Uchiha Kairu	ARty
23:39:00	Uchiha Lesy	Uchiha Lesy	danzou
23:39:11	Hyuuga Arty	Hyuuga Arty	?
23:39:15	Uchiha Kairu	Uchiha Kairu	Does sasuke&#39;s sus shoots arrows
23:39:22	Hyuuga Arty	Hyuuga Arty	nope
23:39:28	Hyuuga Arty	Hyuuga Arty	i cant add that O.o
23:39:30	Uchiha Kairu	Uchiha Kairu	Awww xD
23:39:30	Hyuuga Arty	Hyuuga Arty	unless
23:39:36	Hyuuga Arty	Hyuuga Arty	i cant an ionner
23:39:47	Hyuuga Arty	Hyuuga Arty	to make me an animated susanoo
23:39:48	Uchiha Lesy	Uchiha Lesy	hi
23:39:48	Uchiha Kairu	Uchiha Kairu	Lol
23:39:49	Hyuuga Arty	Hyuuga Arty	:3
23:39:52	Hyuuga Arty	Hyuuga Arty	^_^
23:39:55	Uchiha Lesy	Uchiha Lesy	friends?
23:40:11	Uchiha Kairu	Uchiha Kairu	I wanna try this damn amat out xD
23:40:15	Atto	Atto	not quite there bud
23:40:19	Uchiha Kairu	Uchiha Kairu	But saving it for arena
23:40:24	Uchiha Kairu	Uchiha Kairu	And this Tsukiyomi
23:40:44	Uchiha Lesy	Uchiha Lesy	pls
23:40:48	Uchiha Kairu	Uchiha Kairu	My eyes see all
23:40:56	Uchiha Shun	Uchiha Shun	what ur mangekyo man?
23:41:00	Kanji Genpou	Kanji Genpou	anyone wanna fight?
23:41:05	Uchiha Shun	Uchiha Shun	sasuke,itachi?
23:41:20	Hyuuga Arty	Hyuuga Arty	u two can fight? :3
23:41:28	Uchiha Shun	Uchiha Shun	wait a lil -.-
23:42:20	Uchiha Shun	Uchiha Shun	naaah &#39;-&#39;
23:42:20	Kanji Genpou	Kanji Genpou	O.o
23:42:40	Uchiha Shun	Uchiha Shun	it lets u basically invinsible
23:42:47	Uchiha Shun	Uchiha Shun	but
23:42:49	Kanji Genpou	Kanji Genpou	lol i still wanna fight tho
23:42:51	Uchiha Shun	Uchiha Shun	not more 
23:42:51	Hyuuga Arty	Hyuuga Arty	gives u a shield
23:42:52	Uchiha Shun	Uchiha Shun	&#39;-&#39;
23:43:00	Hyuuga Arty	Hyuuga Arty	u have shield points
23:43:01	Uchiha Shun	Uchiha Shun	just a shield
23:43:12	Uchiha Shun	Uchiha Shun	i still prefer my genjutsus 
23:43:13	Hyuuga Arty	Hyuuga Arty	see
23:43:14	Uchiha Shun	Uchiha Shun	-.-
23:43:23	Hyuuga Arty	Hyuuga Arty	use sasukes gen on me
23:43:41	Uchiha Kairu	Uchiha Kairu	Did it catch you?
23:43:44	Hyuuga Arty	Hyuuga Arty	mhm
23:43:58	Kanji Genpou	Kanji Genpou	yeah that too
23:43:59	Uchiha Kairu	Uchiha Kairu	Arty
23:44:06	Uchiha Kairu	Uchiha Kairu	Did the gen catch you?
23:44:13	Hyuuga Arty	Hyuuga Arty	ye
23:44:19	Uchiha Kairu	Uchiha Kairu	What it look like
23:44:44	Kanji Genpou	Kanji Genpou	whoa
23:44:46	Uchiha Kairu	Uchiha Kairu	Wanted to see amat
23:44:50	Uchiha Shun	Uchiha Shun	lol
23:45:07	Atto	Atto	can i haz chuunin
23:45:20	Danzou	Danzou	brb
23:45:26	Danzou	Danzou	i have to do some stuff
23:45:30	Danzou	Danzou	for the new haits
23:45:32	Danzou	Danzou	hairs
23:46:24	Uchiha Kairu	Uchiha Kairu	Dnt you die on meh
23:47:59	Kanji Genpou	Kanji Genpou	O.o
23:48:04	Kanji Genpou	Kanji Genpou	O.o
23:48:29	Hyuuga Arty	Hyuuga Arty	loll O.O
23:51:16	Uchiha Shun	Uchiha Shun	ya
23:56:09	Uchiha Shun	Uchiha Shun	tnx
23:56:20	Uchiha Shun	Uchiha Shun	i remaked &#39;-&#39;
23:56:46	Uchiha Shun	Uchiha Shun	now im not a collector,im pure blood
