00:00:59	Atto	Atto	i hate that
00:01:13	Atto	Atto	who started air bullet to be a set damage?
00:01:47	Uchiha Shun	Uchiha Shun	bitch
00:01:50	Uchiha Shun	Uchiha Shun	im gettin skills
00:02:07	Atto	Atto	i was gunna heal
00:02:58	Uchiha Kairu	Uchiha Kairu	Fear my eyez
00:03:39	Uchiha Kairu	Uchiha Kairu	Hard to see what number my marcros are
00:03:41	Yuki Verto	Yuki Verto	Bring et
00:04:16	Uchiha Kairu	Uchiha Kairu	Look into my eyes
00:04:20	Uchiha Kairu	Uchiha Kairu	See fear
00:05:09	Yuki Verto	Yuki Verto	OP
00:05:14	Yuki Verto	Yuki Verto	Can&#39;t do anything at all
00:05:18	Uchiha Kairu	Uchiha Kairu	Whats the genjutsu like?
00:05:22	Yuki Verto	Yuki Verto	Pure black screen
00:05:28	Uchiha Kairu	Uchiha Kairu	xD
00:05:41	Uchiha Kairu	Uchiha Kairu	Thats how it should be lol
00:05:47	Yuki Verto	Yuki Verto	Wow still black screened even still
00:05:52	Uchiha Kairu	Uchiha Kairu	press D
00:05:57	Yuki Verto	Yuki Verto	Can&#39;t move either &gt;.&gt;
00:05:58	Uchiha Kairu	Uchiha Kairu	maybe itll stop
00:06:01	Uchiha Kairu	Uchiha Kairu	xD
00:06:07	Uchiha Kairu	Uchiha Kairu	thats gen for you
00:06:08	Yuki Verto	Yuki Verto	Great lost all my jutsus
00:06:42	Uchiha Kairu	Uchiha Kairu	Found a bug then
00:08:24	Yuki Verto	Yuki Verto	Dats right
00:08:37	Uchiha Kairu	Uchiha Kairu	xD
00:08:46	Uchiha Kairu	Uchiha Kairu	Each time I come near you a fog
00:09:44	Uchiha Shun	Uchiha Shun	ASSHOLE
00:10:05	Uchiha Kairu	Uchiha Kairu	Still in mist
00:10:08	Uchiha Kairu	Uchiha Kairu	Damn 
00:11:23	Uchiha Kairu	Uchiha Kairu	:P
00:11:29	Uchiha Kairu	Uchiha Kairu	Susano&#39;o
00:12:10	Yuki Verto	Yuki Verto	You bugged me
00:12:31	Yuki Verto	Yuki Verto	There we go.
00:13:26	Uchiha Kairu	Uchiha Kairu	Lol
00:13:32	Uchiha Kairu	Uchiha Kairu	mirro
00:13:40	Yuki Verto	Yuki Verto	Took so long
00:14:00	Yuki Verto	Yuki Verto	Test
00:14:32	Yuki Verto	Yuki Verto	Macros gone now...
00:14:43	Uchiha Kairu	Uchiha Kairu	Wait
00:14:55	Uchiha Kairu	Uchiha Kairu	Are they back?
00:15:01	Yuki Verto	Yuki Verto	No...
00:15:15	Uchiha Kairu	Uchiha Kairu	K wont use tsuki again then on you
00:15:22	Yuki Verto	Yuki Verto	Can&#39;t even use jutsu.
00:15:27	Uchiha Stardom	Uchiha Stardom	he wil get them back
00:15:34	Uchiha Kairu	Uchiha Kairu	Oh
00:15:35	Uchiha Stardom	Uchiha Stardom	he is still under tsuki effect 
00:15:39	Uchiha Kairu	Uchiha Kairu	K
00:15:46	Uchiha Kairu	Uchiha Kairu	Its like hidden mist jutsu
00:16:02	Uchiha Kairu	Uchiha Kairu	itll wear off ova time
00:16:12	Yuki Verto	Yuki Verto	A lot longer than Mist &gt;.&gt;
00:16:19	Uchiha Kairu	Uchiha Kairu	Actually
00:16:25	Uchiha Kairu	Uchiha Kairu	Did you see what mist did
00:16:31	Yuki Verto	Yuki Verto	Nope, I look normal.
00:16:32	Uchiha Kairu	Uchiha Kairu	Even when I reloged it stayed
00:16:34	Uchiha Kairu	Uchiha Kairu	O.o
00:16:38	Yuki Verto	Yuki Verto	It stays for 65 secs only
00:16:45	Yuki Verto	Yuki Verto	Its been at least 3 mins...
00:17:10	Uchiha Stardom	Uchiha Stardom	verto predd d 
00:17:17	Uchiha Stardom	Uchiha Stardom	see if that woorks
00:17:23	Yuki Verto	Yuki Verto	They&#39;re finally back.
00:29:44	Uchiha Stardom	Uchiha Stardom	omg realy ?
00:32:08	Uchiha Stardom	Uchiha Stardom	susano not op;d :D
00:32:55	Uchiha Stardom	Uchiha Stardom	cuz it shoudl be 
00:33:00	Uchiha Stardom	Uchiha Stardom	You took 10771.6 Stamina damage from Atto!

00:33:06	Uchiha Stardom	Uchiha Stardom	thats way to op
00:33:26	Uchiha Stardom	Uchiha Stardom	no it did 1 k 
00:33:30	Uchiha Stardom	Uchiha Stardom	10 k *
00:33:45	Uchiha Stardom	Uchiha Stardom	wtf man 
00:33:47	Uchiha Stardom	Uchiha Stardom	11 k 
00:34:00	Uchiha Stardom	Uchiha Stardom	that jutsu needs massive nerf 
00:34:14	Uchiha Stardom	Uchiha Stardom	u did 2 ko with it in under a min 
00:45:58	Uchiha Danzou	Uchiha Danzou	level pls x.x
